2022-09-09T12:58:53.367Z - info: Website generation started at 8:58:49 pm
2022-09-09T12:59:10.300Z - info: Building assets...
2022-09-09T12:59:23.026Z - info: Assets built
2022-09-09T12:59:23.027Z - info: Generating pages...
2022-09-09T12:59:45.044Z - debug:  
2022-09-09T12:59:45.078Z - debug:  
2022-09-09T12:59:45.220Z - debug:  
2022-09-09T12:59:45.235Z - debug:  
2022-09-09T12:59:49.251Z - debug:  
2022-09-09T12:59:49.252Z - debug:  
2022-09-09T12:59:49.253Z - debug:  
2022-09-09T12:59:49.254Z - debug:  
2022-09-09T12:59:49.254Z - debug:  
2022-09-09T12:59:49.255Z - debug:  
2022-09-09T12:59:49.256Z - debug:  
2022-09-09T12:59:49.256Z - debug:  
2022-09-09T13:03:25.762Z - debug:  
2022-09-09T13:03:50.521Z - debug:  
2022-09-09T13:03:50.537Z - debug:  
2022-09-09T13:04:02.208Z - info: Pages built
2022-09-09T13:04:03.852Z - info: Site data built
2022-09-09T13:04:03.852Z - info: Website generation complete! Total build time: 314.548s
2022-09-09T13:04:03.852Z - info: Build success!
2022-09-09T13:07:35.594Z - info: The website has been deployed at: https://nus-cs2103-ay2223s1.github.io/website
2022-09-09T13:32:05.771Z - info: Website generation started at 9:31:58 pm
2022-09-09T13:32:21.110Z - info: Building assets...
2022-09-09T13:32:33.309Z - info: Assets built
2022-09-09T13:32:33.311Z - info: Generating pages...
2022-09-09T13:32:52.512Z - debug:  
2022-09-09T13:32:52.513Z - debug:  
2022-09-09T13:32:52.514Z - debug:  
2022-09-09T13:32:52.515Z - debug:  
2022-09-09T13:32:52.517Z - debug:  
2022-09-09T13:32:52.518Z - debug:  
2022-09-09T13:32:52.519Z - debug:  
2022-09-09T13:32:52.520Z - debug:  
2022-09-09T13:32:52.521Z - debug:  
2022-09-09T13:32:53.741Z - debug:  
2022-09-09T13:32:53.769Z - debug:  
2022-09-09T13:32:53.785Z - debug:  
2022-09-09T13:35:02.539Z - debug:  
2022-09-09T13:35:15.167Z - debug:  
2022-09-09T13:35:15.168Z - debug:  
2022-09-09T13:35:20.265Z - info: Pages built
2022-09-09T13:35:21.637Z - info: Site data built
2022-09-09T13:35:21.637Z - info: Website generation complete! Total build time: 202.881s
2022-09-09T13:35:21.637Z - info: Build success!
2022-09-09T13:43:01.148Z - info: The website has been deployed at: https://nus-tic4001-ay2223s1.github.io/website
