2022-07-31T17:08:56.996Z - info: Website generation (lazy) started at 1:08:54 am
2022-07-31T17:09:06.130Z - info: Building assets...
2022-07-31T17:09:12.861Z - info: Assets built
2022-07-31T17:09:12.862Z - info: Generating landing page...
2022-07-31T17:09:14.880Z - info: Landing page built, other pages will be built as you navigate to them!
2022-07-31T17:09:15.821Z - info: Site data built
2022-07-31T17:09:15.822Z - info: Website generation (lazy) complete! Total build time: 21.585s
2022-07-31T17:09:16.751Z - info: Serving "C:\repos\nus-cs2103\cs2103-website-base\_site" at http://127.0.0.1:8080
2022-07-31T17:09:16.751Z - info: Press CTRL+C to stop ...
2022-07-31T17:11:01.074Z - info: [1:11:01 am] Reload for file change: C:\repos\nus-cs2103\cs2103-website-base\admin\index-tic2002-fragment.md
2022-07-31T17:11:01.074Z - info: Synchronizing opened pages list before reload
2022-07-31T17:11:01.074Z - info: Current opened pages, from most-to-least recent:
2022-07-31T17:11:01.075Z - info: 1. index
2022-07-31T17:11:02.091Z - info: Rebuilding 1 pages
2022-07-31T17:11:03.453Z - info: Site data built
2022-07-31T17:11:03.453Z - info: Pages rebuilt
2022-07-31T17:11:03.453Z - info: Website regeneration complete! Total build time: 1.364s
2022-07-31T17:11:43.866Z - info: [1:11:43 am] Reload for file change: C:\repos\nus-cs2103\cs2103-website-base\admin\index-tic2002-fragment.md
2022-07-31T17:11:43.867Z - info: Synchronizing opened pages list before reload
2022-07-31T17:11:43.867Z - info: Current opened pages, from most-to-least recent:
2022-07-31T17:11:43.867Z - info: 1. index
2022-07-31T17:11:44.878Z - info: Rebuilding 1 pages
2022-07-31T17:11:46.181Z - info: Site data built
2022-07-31T17:11:46.182Z - info: Pages rebuilt
2022-07-31T17:11:46.182Z - info: Website regeneration complete! Total build time: 1.306s
2022-07-31T17:12:25.299Z - info: [1:12:25 am] Reload for file change: C:\repos\nus-cs2103\cs2103-website-base\admin\index-tic2002-fragment.md
2022-07-31T17:12:25.300Z - info: Synchronizing opened pages list before reload
2022-07-31T17:12:25.300Z - info: Current opened pages, from most-to-least recent:
2022-07-31T17:12:25.300Z - info: 1. index
2022-07-31T17:12:26.315Z - info: Rebuilding 1 pages
2022-07-31T17:12:27.625Z - info: Site data built
2022-07-31T17:12:27.625Z - info: Pages rebuilt
2022-07-31T17:12:27.625Z - info: Website regeneration complete! Total build time: 1.311s
2022-07-31T17:13:24.596Z - info: [1:13:24 am] Reload for file change: C:\repos\nus-cs2103\cs2103-website-base\admin\index-tic2002-fragment.md
2022-07-31T17:13:24.596Z - info: Synchronizing opened pages list before reload
2022-07-31T17:13:24.596Z - info: Current opened pages, from most-to-least recent:
2022-07-31T17:13:24.596Z - info: 1. index
2022-07-31T17:13:25.609Z - info: Rebuilding 1 pages
2022-07-31T17:13:26.948Z - info: Site data built
2022-07-31T17:13:26.948Z - info: Pages rebuilt
2022-07-31T17:13:26.948Z - info: Website regeneration complete! Total build time: 1.34s
2022-07-31T17:13:47.406Z - info: [1:13:47 am] Reload for file change: C:\repos\nus-cs2103\cs2103-website-base\admin\index-tic2002-fragment.md
2022-07-31T17:13:47.406Z - info: Synchronizing opened pages list before reload
2022-07-31T17:13:47.407Z - info: Current opened pages, from most-to-least recent:
2022-07-31T17:13:47.407Z - info: 1. index
2022-07-31T17:13:48.429Z - info: Rebuilding 1 pages
2022-07-31T17:13:49.694Z - info: Site data built
2022-07-31T17:13:49.695Z - info: Pages rebuilt
2022-07-31T17:13:49.695Z - info: Website regeneration complete! Total build time: 1.266s
2022-07-31T17:13:58.276Z - info: [1:13:58 am] Reload for file change: C:\repos\nus-cs2103\cs2103-website-base\admin\index-tic2002-fragment.md
2022-07-31T17:13:58.276Z - info: Synchronizing opened pages list before reload
2022-07-31T17:13:58.276Z - info: Current opened pages, from most-to-least recent:
2022-07-31T17:13:58.276Z - info: 1. index
2022-07-31T17:13:59.290Z - info: Rebuilding 1 pages
2022-07-31T17:14:00.361Z - info: Site data built
2022-07-31T17:14:00.362Z - info: Pages rebuilt
2022-07-31T17:14:00.362Z - info: Website regeneration complete! Total build time: 1.072s
2022-07-31T17:15:08.658Z - info: [1:15:08 am] Reload for file change: C:\repos\nus-cs2103\cs2103-website-base\admin\index-tic2002-fragment.md
2022-07-31T17:15:08.658Z - info: Synchronizing opened pages list before reload
2022-07-31T17:15:08.658Z - info: Current opened pages, from most-to-least recent:
2022-07-31T17:15:08.659Z - info: 1. index
2022-07-31T17:15:09.666Z - info: Rebuilding 1 pages
2022-07-31T17:15:10.959Z - info: Site data built
2022-07-31T17:15:10.960Z - info: Pages rebuilt
2022-07-31T17:15:10.960Z - info: Website regeneration complete! Total build time: 1.296s
2022-07-31T17:15:27.710Z - info: [1:15:27 am] Reload for file change: C:\repos\nus-cs2103\cs2103-website-base\admin\index-tic2002-fragment.md
2022-07-31T17:15:27.710Z - info: Synchronizing opened pages list before reload
2022-07-31T17:15:27.710Z - info: Current opened pages, from most-to-least recent:
2022-07-31T17:15:27.710Z - info: 1. index
2022-07-31T17:15:28.732Z - info: Rebuilding 1 pages
2022-07-31T17:15:30.113Z - info: Site data built
2022-07-31T17:15:30.113Z - info: Pages rebuilt
2022-07-31T17:15:30.113Z - info: Website regeneration complete! Total build time: 1.383s
2022-07-31T17:18:34.352Z - info: Building C:\repos\nus-cs2103\cs2103-website-base\se-book-adapted\index as some of its dependencies were changed since the last visit
2022-07-31T17:18:34.666Z - info: Site data built
2022-07-31T17:18:34.666Z - info: Lazy website regeneration complete! Total build time: 0.315s
2022-07-31T17:19:14.713Z - info: Building C:\repos\nus-cs2103\cs2103-website-base\schedule\week1\index as some of its dependencies were changed since the last visit
2022-07-31T17:19:15.414Z - info: Site data built
2022-07-31T17:19:15.415Z - info: Lazy website regeneration complete! Total build time: 0.703s
2022-07-31T17:19:39.997Z - info: Building C:\repos\nus-cs2103\cs2103-website-base\schedule\week1\topics as some of its dependencies were changed since the last visit
2022-07-31T17:19:41.683Z - info: Site data built
2022-07-31T17:19:41.683Z - info: Lazy website regeneration complete! Total build time: 1.686s
2022-07-31T17:22:56.373Z - info: Building C:\repos\nus-cs2103\cs2103-website-base\schedule\week1\admin as some of its dependencies were changed since the last visit
2022-07-31T17:22:57.192Z - info: Site data built
2022-07-31T17:22:57.193Z - info: Lazy website regeneration complete! Total build time: 0.819s
2022-07-31T17:26:00.005Z - info: Website generation started at 1:25:58 am
2022-07-31T17:26:09.760Z - info: Building assets...
2022-07-31T17:26:15.831Z - info: Assets built
2022-07-31T17:26:15.831Z - info: Generating pages...
2022-07-31T17:26:30.597Z - debug:  
2022-07-31T17:26:30.598Z - debug:  
2022-07-31T17:26:30.598Z - debug:  
2022-07-31T17:26:30.599Z - debug:  
2022-07-31T17:26:30.599Z - debug:  
2022-07-31T17:26:30.599Z - debug:  
2022-07-31T17:26:30.600Z - debug:  
2022-07-31T17:26:30.664Z - debug:  
2022-07-31T17:26:30.665Z - debug:  
2022-07-31T17:26:30.718Z - debug:  
2022-07-31T17:26:30.956Z - debug:  
2022-07-31T17:27:04.540Z - debug:  
2022-07-31T17:27:56.909Z - info: Pages built
2022-07-31T17:27:57.853Z - info: Site data built
2022-07-31T17:27:57.853Z - info: Website generation complete! Total build time: 119.011s
2022-07-31T17:27:57.853Z - info: Build success!
2022-07-31T17:29:50.396Z - info: The website has been deployed at: https://nus-tic2002-ay2223s1.github.io/website
