2022-11-10T17:36:09.364Z - info: Website generation (lazy) started at 1:36:00 am
2022-11-10T17:36:25.889Z - info: Building assets...
2022-11-10T17:36:34.574Z - info: Assets built
2022-11-10T17:36:34.575Z - info: Generating landing page...
2022-11-10T17:36:36.207Z - info: Landing page built, other pages will be built as you navigate to them!
2022-11-10T17:36:37.673Z - info: Site data built
2022-11-10T17:36:37.673Z - info: Website generation (lazy) complete! Total build time: 37.597s
2022-11-10T17:36:38.823Z - info: Serving "C:\repos\nus-cs2103\cs2103-website-base\_site" at http://127.0.0.1:8080
2022-11-10T17:36:38.824Z - info: Press CTRL+C to stop ...
2022-11-10T17:37:32.634Z - info: Building C:\repos\nus-cs2103\cs2103-website-base\admin\exams as some of its dependencies were changed since the last visit
2022-11-10T17:37:34.787Z - info: Site data built
2022-11-10T17:37:34.788Z - info: Lazy website regeneration complete! Total build time: 2.155s
2022-11-10T17:39:09.476Z - info: [1:39:09 am] Reload for file change: C:\repos\nus-cs2103\cs2103-website-base\admin\exams.md
2022-11-10T17:39:09.477Z - info: Synchronizing opened pages list before reload
2022-11-10T17:39:09.477Z - info: Current opened pages, from most-to-least recent:
2022-11-10T17:39:09.478Z - info: 1. admin/exams
2022-11-10T17:39:10.494Z - info: Rebuilding 1 pages
2022-11-10T17:39:10.840Z - info: Site data built
2022-11-10T17:39:10.840Z - info: Pages rebuilt
2022-11-10T17:39:10.841Z - info: Website regeneration complete! Total build time: 0.348s
2022-11-10T17:40:12.950Z - info: [1:40:12 am] Reload for file change: C:\repos\nus-cs2103\cs2103-website-base\admin\exams.md
2022-11-10T17:40:12.951Z - info: Synchronizing opened pages list before reload
2022-11-10T17:40:12.951Z - info: Current opened pages, from most-to-least recent:
2022-11-10T17:40:12.951Z - info: 1. admin/exams
2022-11-10T17:40:13.960Z - info: Rebuilding 1 pages
2022-11-10T17:40:14.249Z - info: Site data built
2022-11-10T17:40:14.249Z - info: Pages rebuilt
2022-11-10T17:40:14.249Z - info: Website regeneration complete! Total build time: 0.29s
2022-11-10T17:42:51.501Z - info: [1:42:51 am] Reload for file change: C:\repos\nus-cs2103\cs2103-website-base\admin\exams.md
2022-11-10T17:42:51.502Z - info: Synchronizing opened pages list before reload
2022-11-10T17:42:51.502Z - info: Current opened pages, from most-to-least recent:
2022-11-10T17:42:51.502Z - info: 1. admin/exams
2022-11-10T17:42:52.507Z - info: Rebuilding 1 pages
2022-11-10T17:42:52.773Z - info: Site data built
2022-11-10T17:42:52.773Z - info: Pages rebuilt
2022-11-10T17:42:52.773Z - info: Website regeneration complete! Total build time: 0.267s
2022-11-10T17:44:16.775Z - info: [1:44:16 am] Reload for file change: C:\repos\nus-cs2103\cs2103-website-base\admin\exams.md
2022-11-10T17:44:16.775Z - info: Synchronizing opened pages list before reload
2022-11-10T17:44:16.776Z - info: Current opened pages, from most-to-least recent:
2022-11-10T17:44:16.776Z - info: 1. admin/exams
2022-11-10T17:44:17.788Z - info: Rebuilding 1 pages
2022-11-10T17:44:18.151Z - info: Site data built
2022-11-10T17:44:18.151Z - info: Pages rebuilt
2022-11-10T17:44:18.152Z - info: Website regeneration complete! Total build time: 0.365s
2022-11-10T17:44:23.895Z - info: [1:44:23 am] Reload for file change: C:\repos\nus-cs2103\cs2103-website-base\admin\exams.md
2022-11-10T17:44:23.895Z - info: Synchronizing opened pages list before reload
2022-11-10T17:44:23.895Z - info: Current opened pages, from most-to-least recent:
2022-11-10T17:44:23.896Z - info: 1. admin/exams
2022-11-10T17:44:24.912Z - info: Rebuilding 1 pages
2022-11-10T17:44:25.147Z - info: Site data built
2022-11-10T17:44:25.147Z - info: Pages rebuilt
2022-11-10T17:44:25.147Z - info: Website regeneration complete! Total build time: 0.236s
2022-11-10T17:45:23.164Z - info: [1:45:23 am] Reload for file change: C:\repos\nus-cs2103\cs2103-website-base\admin\exams.md
2022-11-10T17:45:23.164Z - info: Synchronizing opened pages list before reload
2022-11-10T17:45:23.165Z - info: Current opened pages, from most-to-least recent:
2022-11-10T17:45:23.165Z - info: 1. admin/exams
2022-11-10T17:45:24.177Z - info: Rebuilding 1 pages
2022-11-10T17:45:24.482Z - info: Site data built
2022-11-10T17:45:24.482Z - info: Pages rebuilt
2022-11-10T17:45:24.483Z - info: Website regeneration complete! Total build time: 0.305s
2022-11-10T17:47:33.748Z - info: [1:47:33 am] Reload for file change: C:\repos\nus-cs2103\cs2103-website-base\admin\exams.md
2022-11-10T17:47:33.748Z - info: Synchronizing opened pages list before reload
2022-11-10T17:47:33.748Z - info: Current opened pages, from most-to-least recent:
2022-11-10T17:47:33.749Z - info: 1. admin/exams
2022-11-10T17:47:34.765Z - info: Rebuilding 1 pages
2022-11-10T17:47:35.078Z - info: Site data built
2022-11-10T17:47:35.078Z - info: Pages rebuilt
2022-11-10T17:47:35.078Z - info: Website regeneration complete! Total build time: 0.314s
2022-11-10T17:47:55.133Z - info: [1:47:55 am] Reload for file change: C:\repos\nus-cs2103\cs2103-website-base\admin\exams.md
2022-11-10T17:47:55.133Z - info: Synchronizing opened pages list before reload
2022-11-10T17:47:55.133Z - info: Current opened pages, from most-to-least recent:
2022-11-10T17:47:55.133Z - info: 1. admin/exams
2022-11-10T17:47:56.149Z - info: Rebuilding 1 pages
2022-11-10T17:47:56.383Z - info: Site data built
2022-11-10T17:47:56.383Z - info: Pages rebuilt
2022-11-10T17:47:56.383Z - info: Website regeneration complete! Total build time: 0.234s
2022-11-10T17:48:30.157Z - info: [1:48:30 am] Reload for file change: C:\repos\nus-cs2103\cs2103-website-base\admin\exams.md
2022-11-10T17:48:30.158Z - info: Synchronizing opened pages list before reload
2022-11-10T17:48:30.158Z - info: Current opened pages, from most-to-least recent:
2022-11-10T17:48:30.158Z - info: 1. admin/exams
2022-11-10T17:48:31.173Z - info: Rebuilding 1 pages
2022-11-10T17:48:31.496Z - info: Site data built
2022-11-10T17:48:31.496Z - info: Pages rebuilt
2022-11-10T17:48:31.496Z - info: Website regeneration complete! Total build time: 0.324s
2022-11-10T17:51:27.005Z - info: [1:51:27 am] Reload for file change: C:\repos\nus-cs2103\cs2103-website-base\admin\exams-f2f.md
2022-11-10T17:51:27.006Z - info: Synchronizing opened pages list before reload
2022-11-10T17:51:27.006Z - info: Current opened pages, from most-to-least recent:
2022-11-10T17:51:27.006Z - info: 1. admin/exams
2022-11-10T17:51:28.014Z - info: Rebuilding 1 pages
2022-11-10T17:51:28.295Z - info: Site data built
2022-11-10T17:51:28.295Z - info: Pages rebuilt
2022-11-10T17:51:28.295Z - info: Website regeneration complete! Total build time: 0.282s
2022-11-10T17:56:50.290Z - info: [1:56:50 am] Reload for file change: C:\repos\nus-cs2103\cs2103-website-base\admin\exams.md
2022-11-10T17:56:50.290Z - info: Synchronizing opened pages list before reload
2022-11-10T17:56:50.290Z - info: Current opened pages, from most-to-least recent:
2022-11-10T17:56:50.290Z - info: 1. admin/exams
2022-11-10T17:56:51.308Z - info: Rebuilding 1 pages
2022-11-10T17:56:51.556Z - info: Site data built
2022-11-10T17:56:51.556Z - info: Pages rebuilt
2022-11-10T17:56:51.557Z - info: Website regeneration complete! Total build time: 0.249s
2022-11-10T18:00:52.018Z - info: [2:00:52 am] Reload for file change: C:\repos\nus-cs2103\cs2103-website-base\admin\exams.md
2022-11-10T18:00:52.018Z - info: Synchronizing opened pages list before reload
2022-11-10T18:00:52.019Z - info: Current opened pages, from most-to-least recent:
2022-11-10T18:00:52.019Z - info: 1. admin/exams
2022-11-10T18:00:53.024Z - info: Rebuilding 1 pages
2022-11-10T18:00:53.238Z - info: Site data built
2022-11-10T18:00:53.238Z - info: Pages rebuilt
2022-11-10T18:00:53.238Z - info: Website regeneration complete! Total build time: 0.215s
2022-11-10T18:01:30.281Z - info: [2:01:30 am] Reload for file change: C:\repos\nus-cs2103\cs2103-website-base\admin\exams.md
2022-11-10T18:01:30.281Z - info: Synchronizing opened pages list before reload
2022-11-10T18:01:30.281Z - info: Current opened pages, from most-to-least recent:
2022-11-10T18:01:30.281Z - info: 1. admin/exams
2022-11-10T18:01:31.295Z - info: Rebuilding 1 pages
2022-11-10T18:01:31.486Z - info: Site data built
2022-11-10T18:01:31.486Z - info: Pages rebuilt
2022-11-10T18:01:31.486Z - info: Website regeneration complete! Total build time: 0.192s
2022-11-10T18:02:01.379Z - info: [2:02:01 am] Reload for file change: C:\repos\nus-cs2103\cs2103-website-base\admin\exams.md
2022-11-10T18:02:01.379Z - info: Synchronizing opened pages list before reload
2022-11-10T18:02:01.380Z - info: Current opened pages, from most-to-least recent:
2022-11-10T18:02:01.380Z - info: 1. admin/exams
2022-11-10T18:02:02.392Z - info: Rebuilding 1 pages
2022-11-10T18:02:02.647Z - info: Site data built
2022-11-10T18:02:02.648Z - info: Pages rebuilt
2022-11-10T18:02:02.648Z - info: Website regeneration complete! Total build time: 0.256s
2022-11-10T18:03:37.829Z - info: [2:03:37 am] Reload for file change: C:\repos\nus-cs2103\cs2103-website-base\admin\exams.md
2022-11-10T18:03:37.829Z - info: Synchronizing opened pages list before reload
2022-11-10T18:03:37.829Z - info: Current opened pages, from most-to-least recent:
2022-11-10T18:03:37.829Z - info: 1. admin/exams
2022-11-10T18:03:38.837Z - info: Rebuilding 1 pages
2022-11-10T18:03:39.103Z - info: Site data built
2022-11-10T18:03:39.103Z - info: Pages rebuilt
2022-11-10T18:03:39.103Z - info: Website regeneration complete! Total build time: 0.267s
2022-11-10T18:05:30.570Z - info: Website generation started at 2:05:28 am
2022-11-10T18:05:45.036Z - info: Building assets...
2022-11-10T18:05:53.822Z - info: Assets built
2022-11-10T18:05:53.823Z - info: Generating pages...
2022-11-10T18:06:07.364Z - debug:  
2022-11-10T18:06:09.771Z - debug:  
2022-11-10T18:06:09.812Z - debug:  
2022-11-10T18:06:09.813Z - debug:  
2022-11-10T18:06:09.813Z - debug:  
2022-11-10T18:06:09.813Z - debug:  
2022-11-10T18:06:09.824Z - debug:  
2022-11-10T18:06:09.824Z - debug:  
2022-11-10T18:06:09.825Z - debug:  
2022-11-10T18:06:09.825Z - debug:  
2022-11-10T18:06:09.825Z - debug:  
2022-11-10T18:06:09.825Z - debug:  
2022-11-10T18:08:27.592Z - debug:  
2022-11-10T18:08:43.226Z - debug:  
2022-11-10T18:08:43.226Z - debug:  
2022-11-10T18:08:54.257Z - info: Pages built
2022-11-10T18:08:55.639Z - info: Site data built
2022-11-10T18:08:55.639Z - info: Website generation complete! Total build time: 207.59s
2022-11-10T18:08:55.639Z - info: Build success!
2022-11-10T18:11:21.016Z - info: The website has been deployed at: https://nus-cs2103-ay2223s1.github.io/website
