2022-08-05T11:41:25.706Z - info: Website generation (lazy) started at 7:41:24 pm
2022-08-05T11:41:33.832Z - info: Building assets...
2022-08-05T11:41:41.009Z - info: Assets built
2022-08-05T11:41:41.010Z - info: Generating landing page...
2022-08-05T11:41:41.700Z - info: Landing page built, other pages will be built as you navigate to them!
2022-08-05T11:41:42.669Z - info: Site data built
2022-08-05T11:41:42.669Z - info: Website generation (lazy) complete! Total build time: 18.502s
2022-08-05T11:41:43.417Z - info: Serving "C:\repos\nus-cs2103\cs2103-website-base\_site" at http://127.0.0.1:8080
2022-08-05T11:41:43.417Z - info: Press CTRL+C to stop ...
2022-08-05T11:42:34.627Z - info: Building C:\repos\nus-cs2103\cs2103-website-base\se-book-adapted\index as some of its dependencies were changed since the last visit
2022-08-05T11:42:35.013Z - info: Site data built
2022-08-05T11:42:35.014Z - info: Lazy website regeneration complete! Total build time: 0.388s
2022-08-05T11:49:32.407Z - info: Building C:\repos\nus-cs2103\cs2103-website-base\se-book-adapted\print as some of its dependencies were changed since the last visit
2022-08-05T11:49:41.428Z - debug:  
2022-08-05T11:49:41.489Z - debug:  
2022-08-05T11:49:41.489Z - debug:  
2022-08-05T11:49:41.489Z - debug:  
2022-08-05T11:49:41.490Z - debug:  
2022-08-05T11:49:41.490Z - debug:  
2022-08-05T11:49:41.540Z - debug:  
2022-08-05T11:49:43.265Z - debug:  
2022-08-05T11:49:43.265Z - debug:  
2022-08-05T11:49:43.265Z - debug:  
2022-08-05T11:49:43.265Z - debug:  
2022-08-05T11:49:43.265Z - debug:  
2022-08-05T11:49:43.634Z - info: Site data built
2022-08-05T11:49:43.635Z - info: Lazy website regeneration complete! Total build time: 11.228s
2022-08-05T12:00:04.772Z - info: [8:00:04 pm] Reload for file change: C:\repos\nus-cs2103\cs2103-website-base\book\softwareEngineering\introduction\prosAndCons\text.md
2022-08-05T12:00:04.773Z - info: Synchronizing opened pages list before reload
2022-08-05T12:00:04.773Z - info: Current opened pages, from most-to-least recent:
2022-08-05T12:00:04.774Z - info: 1. se-book-adapted/print
2022-08-05T12:00:04.774Z - info: 2. se-book-adapted/index
2022-08-05T12:00:05.789Z - info: Rebuilding 1 pages
2022-08-05T12:00:14.692Z - info: Building C:\repos\nus-cs2103\cs2103-website-base\se-book-adapted\chapters\softwareEngineering as some of its dependencies were changed since the last visit
2022-08-05T12:00:14.799Z - debug:  
2022-08-05T12:00:14.801Z - debug:  
2022-08-05T12:00:14.803Z - debug:  
2022-08-05T12:00:14.803Z - debug:  
2022-08-05T12:00:14.803Z - debug:  
2022-08-05T12:00:14.805Z - debug:  
2022-08-05T12:00:14.805Z - debug:  
2022-08-05T12:00:14.807Z - debug:  
2022-08-05T12:00:14.807Z - debug:  
2022-08-05T12:00:14.896Z - debug:  
2022-08-05T12:00:14.907Z - debug:  
2022-08-05T12:00:14.908Z - debug:  
2022-08-05T12:00:14.979Z - info: Site data built
2022-08-05T12:00:14.979Z - info: Lazy website regeneration complete! Total build time: 0.287s
2022-08-05T12:00:15.347Z - info: Site data built
2022-08-05T12:00:15.347Z - info: Pages rebuilt
2022-08-05T12:00:15.348Z - info: Website regeneration complete! Total build time: 9.559s
2022-08-05T12:00:34.889Z - info: [8:00:34 pm] Reload for file change: C:\repos\nus-cs2103\cs2103-website-base\book\softwareEngineering\introduction\prosAndCons\text.md
2022-08-05T12:00:34.889Z - info: Synchronizing opened pages list before reload
2022-08-05T12:00:34.890Z - info: Current opened pages, from most-to-least recent:
2022-08-05T12:00:34.890Z - info: 1. se-book-adapted/chapters/softwareEngineering
2022-08-05T12:00:34.890Z - info: 2. se-book-adapted/print
2022-08-05T12:00:34.890Z - info: 3. se-book-adapted/index
2022-08-05T12:00:35.907Z - info: Rebuilding 2 pages
2022-08-05T12:00:45.283Z - debug:  
2022-08-05T12:00:45.284Z - debug:  
2022-08-05T12:00:45.285Z - debug:  
2022-08-05T12:00:45.287Z - debug:  
2022-08-05T12:00:45.287Z - debug:  
2022-08-05T12:00:45.287Z - debug:  
2022-08-05T12:00:45.290Z - debug:  
2022-08-05T12:00:45.290Z - debug:  
2022-08-05T12:00:45.292Z - debug:  
2022-08-05T12:00:45.302Z - debug:  
2022-08-05T12:00:45.324Z - debug:  
2022-08-05T12:00:45.884Z - debug:  
2022-08-05T12:00:45.961Z - info: Site data built
2022-08-05T12:00:45.961Z - info: Pages rebuilt
2022-08-05T12:00:45.961Z - info: Website regeneration complete! Total build time: 10.056s
2022-08-05T12:05:04.734Z - info: [8:05:04 pm] Reload for file change: C:\repos\nus-cs2103\cs2103-website-base\book\principles\brooksLaw\text.md
2022-08-05T12:05:04.734Z - info: Synchronizing opened pages list before reload
2022-08-05T12:05:04.734Z - info: Current opened pages, from most-to-least recent:
2022-08-05T12:05:04.735Z - info: 1. se-book-adapted/chapters/softwareEngineering
2022-08-05T12:05:04.735Z - info: 2. se-book-adapted/print
2022-08-05T12:05:04.735Z - info: 3. se-book-adapted/index
2022-08-05T12:05:04.746Z - info: [8:05:04 pm] Reload for file change: C:\repos\nus-cs2103\cs2103-website-base\book\principles\liskovSubstitutionPrinciple\text.md
2022-08-05T12:05:04.746Z - info: Synchronizing opened pages list before reload
2022-08-05T12:05:04.746Z - info: Current opened pages, from most-to-least recent:
2022-08-05T12:05:04.746Z - info: 1. se-book-adapted/chapters/softwareEngineering
2022-08-05T12:05:04.746Z - info: 2. se-book-adapted/print
2022-08-05T12:05:04.746Z - info: 3. se-book-adapted/index
2022-08-05T12:05:04.757Z - info: [8:05:04 pm] Reload for file change: C:\repos\nus-cs2103\cs2103-website-base\book\principles\dependencyInversionPrinciple\text.md
2022-08-05T12:05:04.757Z - info: Synchronizing opened pages list before reload
2022-08-05T12:05:04.757Z - info: Current opened pages, from most-to-least recent:
2022-08-05T12:05:04.757Z - info: 1. se-book-adapted/chapters/softwareEngineering
2022-08-05T12:05:04.757Z - info: 2. se-book-adapted/print
2022-08-05T12:05:04.758Z - info: 3. se-book-adapted/index
2022-08-05T12:05:04.769Z - info: [8:05:04 pm] Reload for file change: C:\repos\nus-cs2103\cs2103-website-base\book\errorHandling\exceptions\what\text.md
2022-08-05T12:05:04.769Z - info: Synchronizing opened pages list before reload
2022-08-05T12:05:04.769Z - info: Current opened pages, from most-to-least recent:
2022-08-05T12:05:04.769Z - info: 1. se-book-adapted/chapters/softwareEngineering
2022-08-05T12:05:04.769Z - info: 2. se-book-adapted/print
2022-08-05T12:05:04.770Z - info: 3. se-book-adapted/index
2022-08-05T12:05:04.779Z - info: [8:05:04 pm] Reload for file change: C:\repos\nus-cs2103\cs2103-website-base\book\principles\interfaceSegregationPrinciple\text.md
2022-08-05T12:05:04.780Z - info: Synchronizing opened pages list before reload
2022-08-05T12:05:04.780Z - info: Current opened pages, from most-to-least recent:
2022-08-05T12:05:04.780Z - info: 1. se-book-adapted/chapters/softwareEngineering
2022-08-05T12:05:04.780Z - info: 2. se-book-adapted/print
2022-08-05T12:05:04.780Z - info: 3. se-book-adapted/index
2022-08-05T12:05:04.791Z - info: [8:05:04 pm] Reload for file change: C:\repos\nus-cs2103\cs2103-website-base\book\gatheringRequirements\brainstorming\text.md
2022-08-05T12:05:04.791Z - info: Synchronizing opened pages list before reload
2022-08-05T12:05:04.791Z - info: Current opened pages, from most-to-least recent:
2022-08-05T12:05:04.792Z - info: 1. se-book-adapted/chapters/softwareEngineering
2022-08-05T12:05:04.792Z - info: 2. se-book-adapted/print
2022-08-05T12:05:04.792Z - info: 3. se-book-adapted/index
2022-08-05T12:05:04.804Z - info: [8:05:04 pm] Reload for file change: C:\repos\nus-cs2103\cs2103-website-base\book\oop\inheritance\dynamicAndStaticBinding\text.md
2022-08-05T12:05:04.804Z - info: Synchronizing opened pages list before reload
2022-08-05T12:05:04.804Z - info: Current opened pages, from most-to-least recent:
2022-08-05T12:05:04.804Z - info: 1. se-book-adapted/chapters/softwareEngineering
2022-08-05T12:05:04.804Z - info: 2. se-book-adapted/print
2022-08-05T12:05:04.804Z - info: 3. se-book-adapted/index
2022-08-05T12:05:04.816Z - info: [8:05:04 pm] Reload for file change: C:\repos\nus-cs2103\cs2103-website-base\book\designPatterns\introduction\what\text.md
2022-08-05T12:05:04.816Z - info: Synchronizing opened pages list before reload
2022-08-05T12:05:04.816Z - info: Current opened pages, from most-to-least recent:
2022-08-05T12:05:04.816Z - info: 1. se-book-adapted/chapters/softwareEngineering
2022-08-05T12:05:04.816Z - info: 2. se-book-adapted/print
2022-08-05T12:05:04.816Z - info: 3. se-book-adapted/index
2022-08-05T12:05:04.828Z - info: [8:05:04 pm] Reload for file change: C:\repos\nus-cs2103\cs2103-website-base\book\principles\dryPrinciple\text.md
2022-08-05T12:05:04.828Z - info: Synchronizing opened pages list before reload
2022-08-05T12:05:04.828Z - info: Current opened pages, from most-to-least recent:
2022-08-05T12:05:04.828Z - info: 1. se-book-adapted/chapters/softwareEngineering
2022-08-05T12:05:04.829Z - info: 2. se-book-adapted/print
2022-08-05T12:05:04.829Z - info: 3. se-book-adapted/index
2022-08-05T12:05:04.840Z - info: [8:05:04 pm] Reload for file change: C:\repos\nus-cs2103\cs2103-website-base\book\principles\openClosedPrinciple\text.md
2022-08-05T12:05:04.840Z - info: Synchronizing opened pages list before reload
2022-08-05T12:05:04.840Z - info: Current opened pages, from most-to-least recent:
2022-08-05T12:05:04.841Z - info: 1. se-book-adapted/chapters/softwareEngineering
2022-08-05T12:05:04.841Z - info: 2. se-book-adapted/print
2022-08-05T12:05:04.841Z - info: 3. se-book-adapted/index
2022-08-05T12:05:04.854Z - info: [8:05:04 pm] Reload for file change: C:\repos\nus-cs2103\cs2103-website-base\book\oop\inheritance\abstractClasses\text.md
2022-08-05T12:05:04.854Z - info: Synchronizing opened pages list before reload
2022-08-05T12:05:04.854Z - info: Current opened pages, from most-to-least recent:
2022-08-05T12:05:04.854Z - info: 1. se-book-adapted/chapters/softwareEngineering
2022-08-05T12:05:04.854Z - info: 2. se-book-adapted/print
2022-08-05T12:05:04.854Z - info: 3. se-book-adapted/index
2022-08-05T12:05:04.865Z - info: [8:05:04 pm] Reload for file change: C:\repos\nus-cs2103\cs2103-website-base\book\gatheringRequirements\prototyping\text.md
2022-08-05T12:05:04.865Z - info: Synchronizing opened pages list before reload
2022-08-05T12:05:04.865Z - info: Current opened pages, from most-to-least recent:
2022-08-05T12:05:04.865Z - info: 1. se-book-adapted/chapters/softwareEngineering
2022-08-05T12:05:04.865Z - info: 2. se-book-adapted/print
2022-08-05T12:05:04.865Z - info: 3. se-book-adapted/index
2022-08-05T12:05:04.877Z - info: [8:05:04 pm] Reload for file change: C:\repos\nus-cs2103\cs2103-website-base\book\oop\inheritance\overloading\text.md
2022-08-05T12:05:04.877Z - info: Synchronizing opened pages list before reload
2022-08-05T12:05:04.877Z - info: Current opened pages, from most-to-least recent:
2022-08-05T12:05:04.877Z - info: 1. se-book-adapted/chapters/softwareEngineering
2022-08-05T12:05:04.877Z - info: 2. se-book-adapted/print
2022-08-05T12:05:04.877Z - info: 3. se-book-adapted/index
2022-08-05T12:05:04.894Z - info: [8:05:04 pm] Reload for file change: C:\repos\nus-cs2103\cs2103-website-base\book\design\introduction\what\text.md
2022-08-05T12:05:04.894Z - info: Synchronizing opened pages list before reload
2022-08-05T12:05:04.894Z - info: Current opened pages, from most-to-least recent:
2022-08-05T12:05:04.894Z - info: 1. se-book-adapted/chapters/softwareEngineering
2022-08-05T12:05:04.895Z - info: 2. se-book-adapted/print
2022-08-05T12:05:04.895Z - info: 3. se-book-adapted/index
2022-08-05T12:05:04.902Z - info: [8:05:04 pm] Reload for file change: C:\repos\nus-cs2103\cs2103-website-base\book\designFundamentals\abstraction\what\text.md
2022-08-05T12:05:04.902Z - info: Synchronizing opened pages list before reload
2022-08-05T12:05:04.902Z - info: Current opened pages, from most-to-least recent:
2022-08-05T12:05:04.902Z - info: 1. se-book-adapted/chapters/softwareEngineering
2022-08-05T12:05:04.902Z - info: 2. se-book-adapted/print
2022-08-05T12:05:04.903Z - info: 3. se-book-adapted/index
2022-08-05T12:05:04.913Z - info: [8:05:04 pm] Reload for file change: C:\repos\nus-cs2103\cs2103-website-base\book\softwareEngineering\introduction\prosAndCons\text.md
2022-08-05T12:05:04.913Z - info: Synchronizing opened pages list before reload
2022-08-05T12:05:04.913Z - info: Current opened pages, from most-to-least recent:
2022-08-05T12:05:04.913Z - info: 1. se-book-adapted/chapters/softwareEngineering
2022-08-05T12:05:04.913Z - info: 2. se-book-adapted/print
2022-08-05T12:05:04.913Z - info: 3. se-book-adapted/index
2022-08-05T12:05:04.931Z - info: [8:05:04 pm] Reload for file change: C:\repos\nus-cs2103\cs2103-website-base\book\oop\polymorphism\what\text.md
2022-08-05T12:05:04.932Z - info: Synchronizing opened pages list before reload
2022-08-05T12:05:04.932Z - info: Current opened pages, from most-to-least recent:
2022-08-05T12:05:04.932Z - info: 1. se-book-adapted/chapters/softwareEngineering
2022-08-05T12:05:04.932Z - info: 2. se-book-adapted/print
2022-08-05T12:05:04.932Z - info: 3. se-book-adapted/index
2022-08-05T12:05:04.946Z - info: [8:05:04 pm] Reload for file change: C:\repos\nus-cs2103\cs2103-website-base\book\gitAndGithub\commit\text.md
2022-08-05T12:05:04.946Z - info: Synchronizing opened pages list before reload
2022-08-05T12:05:04.946Z - info: Current opened pages, from most-to-least recent:
2022-08-05T12:05:04.946Z - info: 1. se-book-adapted/chapters/softwareEngineering
2022-08-05T12:05:04.946Z - info: 2. se-book-adapted/print
2022-08-05T12:05:04.946Z - info: 3. se-book-adapted/index
2022-08-05T12:05:04.958Z - info: [8:05:04 pm] Reload for file change: C:\repos\nus-cs2103\cs2103-website-base\book\principles\lawOfDemeter\text.md
2022-08-05T12:05:04.958Z - info: Synchronizing opened pages list before reload
2022-08-05T12:05:04.958Z - info: Current opened pages, from most-to-least recent:
2022-08-05T12:05:04.959Z - info: 1. se-book-adapted/chapters/softwareEngineering
2022-08-05T12:05:04.959Z - info: 2. se-book-adapted/print
2022-08-05T12:05:04.959Z - info: 3. se-book-adapted/index
2022-08-05T12:05:05.740Z - info: Assets built
2022-08-05T12:05:05.756Z - info: Rebuilding 2 pages
2022-08-05T12:05:17.189Z - debug:  
2022-08-05T12:05:17.189Z - debug:  
2022-08-05T12:05:17.190Z - debug:  
2022-08-05T12:05:17.190Z - debug:  
2022-08-05T12:05:17.190Z - debug:  
2022-08-05T12:05:17.192Z - debug:  
2022-08-05T12:05:17.192Z - debug:  
2022-08-05T12:05:17.192Z - debug:  
2022-08-05T12:05:17.194Z - debug:  
2022-08-05T12:05:17.195Z - debug:  
2022-08-05T12:05:17.224Z - debug:  
2022-08-05T12:05:17.346Z - debug:  
2022-08-05T12:05:17.821Z - info: Site data built
2022-08-05T12:05:17.822Z - info: Pages rebuilt
2022-08-05T12:05:17.822Z - info: Website regeneration complete! Total build time: 12.067s
2022-08-05T12:10:26.264Z - info: [8:10:26 pm] Reload for file change: C:\repos\nus-cs2103\cs2103-website-base\book\requirements\introduction\text.md
2022-08-05T12:10:26.264Z - info: Synchronizing opened pages list before reload
2022-08-05T12:10:26.264Z - info: Current opened pages, from most-to-least recent:
2022-08-05T12:10:26.264Z - info: 1. se-book-adapted/chapters/softwareEngineering
2022-08-05T12:10:26.264Z - info: 2. se-book-adapted/print
2022-08-05T12:10:26.264Z - info: 3. se-book-adapted/index
2022-08-05T12:10:26.282Z - info: [8:10:26 pm] Reload for file change: C:\repos\nus-cs2103\cs2103-website-base\book\revisionControl\what\text.md
2022-08-05T12:10:26.283Z - info: Synchronizing opened pages list before reload
2022-08-05T12:10:26.283Z - info: Current opened pages, from most-to-least recent:
2022-08-05T12:10:26.283Z - info: 1. se-book-adapted/chapters/softwareEngineering
2022-08-05T12:10:26.283Z - info: 2. se-book-adapted/print
2022-08-05T12:10:26.283Z - info: 3. se-book-adapted/index
2022-08-05T12:10:26.297Z - info: [8:10:26 pm] Reload for file change: C:\repos\nus-cs2103\cs2103-website-base\book\specifyingRequirements\featureList\what\text.md
2022-08-05T12:10:26.297Z - info: Synchronizing opened pages list before reload
2022-08-05T12:10:26.297Z - info: Current opened pages, from most-to-least recent:
2022-08-05T12:10:26.298Z - info: 1. se-book-adapted/chapters/softwareEngineering
2022-08-05T12:10:26.298Z - info: 2. se-book-adapted/print
2022-08-05T12:10:26.298Z - info: 3. se-book-adapted/index
2022-08-05T12:10:26.312Z - info: [8:10:26 pm] Reload for file change: C:\repos\nus-cs2103\cs2103-website-base\book\qualityAssurance\codeReviews\what\text.md
2022-08-05T12:10:26.312Z - info: Synchronizing opened pages list before reload
2022-08-05T12:10:26.312Z - info: Current opened pages, from most-to-least recent:
2022-08-05T12:10:26.312Z - info: 1. se-book-adapted/chapters/softwareEngineering
2022-08-05T12:10:26.312Z - info: 2. se-book-adapted/print
2022-08-05T12:10:26.312Z - info: 3. se-book-adapted/index
2022-08-05T12:10:26.329Z - info: [8:10:26 pm] Reload for file change: C:\repos\nus-cs2103\cs2103-website-base\book\qualityAssurance\staticAnalysis\what\text.md
2022-08-05T12:10:26.329Z - info: Synchronizing opened pages list before reload
2022-08-05T12:10:26.329Z - info: Current opened pages, from most-to-least recent:
2022-08-05T12:10:26.329Z - info: 1. se-book-adapted/chapters/softwareEngineering
2022-08-05T12:10:26.329Z - info: 2. se-book-adapted/print
2022-08-05T12:10:26.329Z - info: 3. se-book-adapted/index
2022-08-05T12:10:26.343Z - info: [8:10:26 pm] Reload for file change: C:\repos\nus-cs2103\cs2103-website-base\book\revisionControl\repositories\text.md
2022-08-05T12:10:26.343Z - info: Synchronizing opened pages list before reload
2022-08-05T12:10:26.344Z - info: Current opened pages, from most-to-least recent:
2022-08-05T12:10:26.344Z - info: 1. se-book-adapted/chapters/softwareEngineering
2022-08-05T12:10:26.344Z - info: 2. se-book-adapted/print
2022-08-05T12:10:26.344Z - info: 3. se-book-adapted/index
2022-08-05T12:10:26.364Z - info: [8:10:26 pm] Reload for file change: C:\repos\nus-cs2103\cs2103-website-base\book\testing\testingTypes\unitTesting\stubs\text.md
2022-08-05T12:10:26.364Z - info: Synchronizing opened pages list before reload
2022-08-05T12:10:26.364Z - info: Current opened pages, from most-to-least recent:
2022-08-05T12:10:26.365Z - info: 1. se-book-adapted/chapters/softwareEngineering
2022-08-05T12:10:26.365Z - info: 2. se-book-adapted/print
2022-08-05T12:10:26.365Z - info: 3. se-book-adapted/index
2022-08-05T12:10:26.375Z - info: [8:10:26 pm] Reload for file change: C:\repos\nus-cs2103\cs2103-website-base\book\principles\separationOfConcernsPrinciple\text.md
2022-08-05T12:10:26.375Z - info: Synchronizing opened pages list before reload
2022-08-05T12:10:26.375Z - info: Current opened pages, from most-to-least recent:
2022-08-05T12:10:26.375Z - info: 1. se-book-adapted/chapters/softwareEngineering
2022-08-05T12:10:26.376Z - info: 2. se-book-adapted/print
2022-08-05T12:10:26.376Z - info: 3. se-book-adapted/index
2022-08-05T12:10:26.395Z - info: [8:10:26 pm] Reload for file change: C:\repos\nus-cs2103\cs2103-website-base\book\processModels\more\cmmi\text.md
2022-08-05T12:10:26.395Z - info: Synchronizing opened pages list before reload
2022-08-05T12:10:26.395Z - info: Current opened pages, from most-to-least recent:
2022-08-05T12:10:26.395Z - info: 1. se-book-adapted/chapters/softwareEngineering
2022-08-05T12:10:26.395Z - info: 2. se-book-adapted/print
2022-08-05T12:10:26.395Z - info: 3. se-book-adapted/index
2022-08-05T12:10:26.409Z - info: [8:10:26 pm] Reload for file change: C:\repos\nus-cs2103\cs2103-website-base\book\specifyingRequirements\userStories\introduction\text.md
2022-08-05T12:10:26.409Z - info: Synchronizing opened pages list before reload
2022-08-05T12:10:26.409Z - info: Current opened pages, from most-to-least recent:
2022-08-05T12:10:26.409Z - info: 1. se-book-adapted/chapters/softwareEngineering
2022-08-05T12:10:26.409Z - info: 2. se-book-adapted/print
2022-08-05T12:10:26.409Z - info: 3. se-book-adapted/index
2022-08-05T12:10:26.430Z - info: [8:10:26 pm] Reload for file change: C:\repos\nus-cs2103\cs2103-website-base\book\testing\introduction\what\text.md
2022-08-05T12:10:26.430Z - info: Synchronizing opened pages list before reload
2022-08-05T12:10:26.430Z - info: Current opened pages, from most-to-least recent:
2022-08-05T12:10:26.430Z - info: 1. se-book-adapted/chapters/softwareEngineering
2022-08-05T12:10:26.430Z - info: 2. se-book-adapted/print
2022-08-05T12:10:26.431Z - info: 3. se-book-adapted/index
2022-08-05T12:10:26.443Z - info: [8:10:26 pm] Reload for file change: C:\repos\nus-cs2103\cs2103-website-base\book\testing\testingTypes\systemTesting\what\text.md
2022-08-05T12:10:26.443Z - info: Synchronizing opened pages list before reload
2022-08-05T12:10:26.443Z - info: Current opened pages, from most-to-least recent:
2022-08-05T12:10:26.443Z - info: 1. se-book-adapted/chapters/softwareEngineering
2022-08-05T12:10:26.444Z - info: 2. se-book-adapted/print
2022-08-05T12:10:26.444Z - info: 3. se-book-adapted/index
2022-08-05T12:10:26.458Z - info: [8:10:26 pm] Reload for file change: C:\repos\nus-cs2103\cs2103-website-base\book\gitAndGithub\commit\text.md
2022-08-05T12:10:26.459Z - info: Synchronizing opened pages list before reload
2022-08-05T12:10:26.459Z - info: Current opened pages, from most-to-least recent:
2022-08-05T12:10:26.459Z - info: 1. se-book-adapted/chapters/softwareEngineering
2022-08-05T12:10:26.459Z - info: 2. se-book-adapted/print
2022-08-05T12:10:26.459Z - info: 3. se-book-adapted/index
2022-08-05T12:10:26.473Z - info: [8:10:26 pm] Reload for file change: C:\repos\nus-cs2103\cs2103-website-base\book\specifyingRequirements\useCases\identifying\text.md
2022-08-05T12:10:26.473Z - info: Synchronizing opened pages list before reload
2022-08-05T12:10:26.473Z - info: Current opened pages, from most-to-least recent:
2022-08-05T12:10:26.473Z - info: 1. se-book-adapted/chapters/softwareEngineering
2022-08-05T12:10:26.473Z - info: 2. se-book-adapted/print
2022-08-05T12:10:26.473Z - info: 3. se-book-adapted/index
2022-08-05T12:10:26.489Z - info: [8:10:26 pm] Reload for file change: C:\repos\nus-cs2103\cs2103-website-base\book\projectPlanning\pertCharts\text.md
2022-08-05T12:10:26.489Z - info: Synchronizing opened pages list before reload
2022-08-05T12:10:26.489Z - info: Current opened pages, from most-to-least recent:
2022-08-05T12:10:26.489Z - info: 1. se-book-adapted/chapters/softwareEngineering
2022-08-05T12:10:26.489Z - info: 2. se-book-adapted/print
2022-08-05T12:10:26.489Z - info: 3. se-book-adapted/index
2022-08-05T12:10:26.504Z - info: [8:10:26 pm] Reload for file change: C:\repos\nus-cs2103\cs2103-website-base\book\principles\yagniPrinciple\text.md
2022-08-05T12:10:26.504Z - info: Synchronizing opened pages list before reload
2022-08-05T12:10:26.504Z - info: Current opened pages, from most-to-least recent:
2022-08-05T12:10:26.505Z - info: 1. se-book-adapted/chapters/softwareEngineering
2022-08-05T12:10:26.505Z - info: 2. se-book-adapted/print
2022-08-05T12:10:26.505Z - info: 3. se-book-adapted/index
2022-08-05T12:10:26.521Z - info: [8:10:26 pm] Reload for file change: C:\repos\nus-cs2103\cs2103-website-base\book\errorHandling\exceptions\what\text.md
2022-08-05T12:10:26.521Z - info: Synchronizing opened pages list before reload
2022-08-05T12:10:26.521Z - info: Current opened pages, from most-to-least recent:
2022-08-05T12:10:26.521Z - info: 1. se-book-adapted/chapters/softwareEngineering
2022-08-05T12:10:26.522Z - info: 2. se-book-adapted/print
2022-08-05T12:10:26.522Z - info: 3. se-book-adapted/index
2022-08-05T12:10:26.536Z - info: [8:10:26 pm] Reload for file change: C:\repos\nus-cs2103\cs2103-website-base\book\oop\inheritance\dynamicAndStaticBinding\text.md
2022-08-05T12:10:26.536Z - info: Synchronizing opened pages list before reload
2022-08-05T12:10:26.536Z - info: Current opened pages, from most-to-least recent:
2022-08-05T12:10:26.536Z - info: 1. se-book-adapted/chapters/softwareEngineering
2022-08-05T12:10:26.536Z - info: 2. se-book-adapted/print
2022-08-05T12:10:26.536Z - info: 3. se-book-adapted/index
2022-08-05T12:10:26.550Z - info: [8:10:26 pm] Reload for file change: C:\repos\nus-cs2103\cs2103-website-base\book\principles\brooksLaw\text.md
2022-08-05T12:10:26.550Z - info: Synchronizing opened pages list before reload
2022-08-05T12:10:26.551Z - info: Current opened pages, from most-to-least recent:
2022-08-05T12:10:26.551Z - info: 1. se-book-adapted/chapters/softwareEngineering
2022-08-05T12:10:26.551Z - info: 2. se-book-adapted/print
2022-08-05T12:10:26.551Z - info: 3. se-book-adapted/index
2022-08-05T12:10:26.566Z - info: [8:10:26 pm] Reload for file change: C:\repos\nus-cs2103\cs2103-website-base\book\principles\singleResponsibilityPrinciple\text.md
2022-08-05T12:10:26.567Z - info: Synchronizing opened pages list before reload
2022-08-05T12:10:26.567Z - info: Current opened pages, from most-to-least recent:
2022-08-05T12:10:26.567Z - info: 1. se-book-adapted/chapters/softwareEngineering
2022-08-05T12:10:26.567Z - info: 2. se-book-adapted/print
2022-08-05T12:10:26.567Z - info: 3. se-book-adapted/index
2022-08-05T12:10:26.590Z - info: [8:10:26 pm] Reload for file change: C:\repos\nus-cs2103\cs2103-website-base\book\gatheringRequirements\prototyping\text.md
2022-08-05T12:10:26.591Z - info: Synchronizing opened pages list before reload
2022-08-05T12:10:26.591Z - info: Current opened pages, from most-to-least recent:
2022-08-05T12:10:26.591Z - info: 1. se-book-adapted/chapters/softwareEngineering
2022-08-05T12:10:26.591Z - info: 2. se-book-adapted/print
2022-08-05T12:10:26.591Z - info: 3. se-book-adapted/index
2022-08-05T12:10:26.608Z - info: [8:10:26 pm] Reload for file change: C:\repos\nus-cs2103\cs2103-website-base\book\testCaseDesign\equivalencePartitions\what\text.md
2022-08-05T12:10:26.609Z - info: Synchronizing opened pages list before reload
2022-08-05T12:10:26.609Z - info: Current opened pages, from most-to-least recent:
2022-08-05T12:10:26.609Z - info: 1. se-book-adapted/chapters/softwareEngineering
2022-08-05T12:10:26.609Z - info: 2. se-book-adapted/print
2022-08-05T12:10:26.609Z - info: 3. se-book-adapted/index
2022-08-05T12:10:26.630Z - info: [8:10:26 pm] Reload for file change: C:\repos\nus-cs2103\cs2103-website-base\book\softwareEngineering\introduction\prosAndCons\text.md
2022-08-05T12:10:26.630Z - info: Synchronizing opened pages list before reload
2022-08-05T12:10:26.630Z - info: Current opened pages, from most-to-least recent:
2022-08-05T12:10:26.630Z - info: 1. se-book-adapted/chapters/softwareEngineering
2022-08-05T12:10:26.630Z - info: 2. se-book-adapted/print
2022-08-05T12:10:26.630Z - info: 3. se-book-adapted/index
2022-08-05T12:10:26.650Z - info: [8:10:26 pm] Reload for file change: C:\repos\nus-cs2103\cs2103-website-base\book\testing\testingTypes\acceptanceTesting\what\text.md
2022-08-05T12:10:26.650Z - info: Synchronizing opened pages list before reload
2022-08-05T12:10:26.650Z - info: Current opened pages, from most-to-least recent:
2022-08-05T12:10:26.650Z - info: 1. se-book-adapted/chapters/softwareEngineering
2022-08-05T12:10:26.650Z - info: 2. se-book-adapted/print
2022-08-05T12:10:26.650Z - info: 3. se-book-adapted/index
2022-08-05T12:10:26.669Z - info: [8:10:26 pm] Reload for file change: C:\repos\nus-cs2103\cs2103-website-base\book\testing\testingTypes\unitTesting\what\text.md
2022-08-05T12:10:26.669Z - info: Synchronizing opened pages list before reload
2022-08-05T12:10:26.669Z - info: Current opened pages, from most-to-least recent:
2022-08-05T12:10:26.669Z - info: 1. se-book-adapted/chapters/softwareEngineering
2022-08-05T12:10:26.669Z - info: 2. se-book-adapted/print
2022-08-05T12:10:26.669Z - info: 3. se-book-adapted/index
2022-08-05T12:10:26.683Z - info: [8:10:26 pm] Reload for file change: C:\repos\nus-cs2103\cs2103-website-base\book\specifyingRequirements\glossary\what\text.md
2022-08-05T12:10:26.683Z - info: Synchronizing opened pages list before reload
2022-08-05T12:10:26.683Z - info: Current opened pages, from most-to-least recent:
2022-08-05T12:10:26.683Z - info: 1. se-book-adapted/chapters/softwareEngineering
2022-08-05T12:10:26.684Z - info: 2. se-book-adapted/print
2022-08-05T12:10:26.684Z - info: 3. se-book-adapted/index
2022-08-05T12:10:26.696Z - info: [8:10:26 pm] Reload for file change: C:\repos\nus-cs2103\cs2103-website-base\book\specifyingRequirements\useCases\introduction\text.md
2022-08-05T12:10:26.697Z - info: Synchronizing opened pages list before reload
2022-08-05T12:10:26.697Z - info: Current opened pages, from most-to-least recent:
2022-08-05T12:10:26.697Z - info: 1. se-book-adapted/chapters/softwareEngineering
2022-08-05T12:10:26.697Z - info: 2. se-book-adapted/print
2022-08-05T12:10:26.697Z - info: 3. se-book-adapted/index
2022-08-05T12:10:27.273Z - info: Rebuilding 2 pages
2022-08-05T12:10:27.681Z - info: Assets built
2022-08-05T12:10:38.223Z - debug:  
2022-08-05T12:10:38.227Z - debug:  
2022-08-05T12:10:38.329Z - debug:  
2022-08-05T12:10:42.963Z - debug:  
2022-08-05T12:10:42.964Z - debug:  
2022-08-05T12:10:42.964Z - debug:  
2022-08-05T12:10:42.967Z - debug:  
2022-08-05T12:10:42.968Z - debug:  
2022-08-05T12:10:42.970Z - debug:  
2022-08-05T12:10:42.970Z - debug:  
2022-08-05T12:10:42.970Z - debug:  
2022-08-05T12:10:42.970Z - debug:  
2022-08-05T12:10:43.791Z - info: Site data built
2022-08-05T12:10:43.792Z - info: Pages rebuilt
2022-08-05T12:10:43.792Z - info: Website regeneration complete! Total build time: 16.521s
2022-08-05T12:20:17.101Z - info: [8:20:17 pm] Reload for file change: C:\repos\nus-cs2103\cs2103-website-base\css\main.css
2022-08-05T12:20:17.101Z - info: Synchronizing opened pages list before reload
2022-08-05T12:20:17.101Z - info: Current opened pages, from most-to-least recent:
2022-08-05T12:20:17.101Z - info: 1. se-book-adapted/chapters/softwareEngineering
2022-08-05T12:20:17.101Z - info: 2. se-book-adapted/print
2022-08-05T12:20:18.129Z - info: Assets built
2022-08-05T12:27:44.452Z - info: [8:27:44 pm] Reload for file change: C:\repos\nus-cs2103\cs2103-website-base\css\main.css
2022-08-05T12:27:44.452Z - info: Synchronizing opened pages list before reload
2022-08-05T12:27:44.452Z - info: Current opened pages, from most-to-least recent:
2022-08-05T12:27:44.452Z - info: 1. se-book-adapted/print
2022-08-05T12:27:44.452Z - info: 2. se-book-adapted/chapters/softwareEngineering
2022-08-05T12:27:45.471Z - info: Assets built
2022-08-05T12:28:50.520Z - info: [8:28:50 pm] Reload for file change: C:\repos\nus-cs2103\cs2103-website-base\css\main.css
2022-08-05T12:28:50.520Z - info: Synchronizing opened pages list before reload
2022-08-05T12:28:50.520Z - info: Current opened pages, from most-to-least recent:
2022-08-05T12:28:50.521Z - info: 1. se-book-adapted/print
2022-08-05T12:28:50.521Z - info: 2. se-book-adapted/chapters/softwareEngineering
2022-08-05T12:28:51.541Z - info: Assets built
2022-08-05T12:29:38.290Z - info: [8:29:38 pm] Reload for file change: C:\repos\nus-cs2103\cs2103-website-base\book\designPatterns\facade\what\text.md
2022-08-05T12:29:38.290Z - info: Synchronizing opened pages list before reload
2022-08-05T12:29:38.290Z - info: Current opened pages, from most-to-least recent:
2022-08-05T12:29:38.290Z - info: 1. se-book-adapted/print
2022-08-05T12:29:38.291Z - info: 2. se-book-adapted/chapters/softwareEngineering
2022-08-05T12:29:39.297Z - info: Rebuilding 1 pages
2022-08-05T12:29:47.118Z - debug:  
2022-08-05T12:29:47.119Z - debug:  
2022-08-05T12:29:47.119Z - debug:  
2022-08-05T12:29:47.119Z - debug:  
2022-08-05T12:29:47.119Z - debug:  
2022-08-05T12:29:47.119Z - debug:  
2022-08-05T12:29:47.121Z - debug:  
2022-08-05T12:29:47.123Z - debug:  
2022-08-05T12:29:47.371Z - debug:  
2022-08-05T12:29:47.419Z - debug:  
2022-08-05T12:29:47.437Z - debug:  
2022-08-05T12:29:47.440Z - debug:  
2022-08-05T12:29:47.452Z - info: Site data built
2022-08-05T12:29:47.452Z - info: Pages rebuilt
2022-08-05T12:29:47.452Z - info: Website regeneration complete! Total build time: 8.156s
2022-08-05T12:37:09.358Z - info: [8:37:09 pm] Reload for file change: C:\repos\nus-cs2103\cs2103-website-base\css\main.css
2022-08-05T12:37:09.358Z - info: Synchronizing opened pages list before reload
2022-08-05T12:37:09.358Z - info: Current opened pages, from most-to-least recent:
2022-08-05T12:37:09.358Z - info: 1. se-book-adapted/print
2022-08-05T12:37:09.358Z - info: 2. se-book-adapted/chapters/softwareEngineering
2022-08-05T12:37:10.375Z - info: Assets built
2022-08-05T12:46:36.549Z - info: [8:46:36 pm] Reload for file change: C:\repos\nus-cs2103\cs2103-website-base\css\main.css
2022-08-05T12:46:36.549Z - info: Synchronizing opened pages list before reload
2022-08-05T12:46:36.549Z - info: Current opened pages, from most-to-least recent:
2022-08-05T12:46:36.549Z - info: 1. se-book-adapted/print
2022-08-05T12:46:36.549Z - info: 2. se-book-adapted/chapters/softwareEngineering
2022-08-05T12:46:37.562Z - info: Assets built
2022-08-05T12:49:25.854Z - info: [8:49:25 pm] Reload for file change: C:\repos\nus-cs2103\cs2103-website-base\css\main.css
2022-08-05T12:49:25.854Z - info: Synchronizing opened pages list before reload
2022-08-05T12:49:25.854Z - info: Current opened pages, from most-to-least recent:
2022-08-05T12:49:25.854Z - info: 1. se-book-adapted/print
2022-08-05T12:49:25.854Z - info: 2. se-book-adapted/chapters/softwareEngineering
2022-08-05T12:49:26.882Z - info: Assets built
2022-08-05T13:24:25.717Z - info: [9:24:25 pm] Reload for file change: C:\repos\nus-cs2103\cs2103-website-base\book\designPatterns\facade\what\text.md
2022-08-05T13:24:25.717Z - info: Synchronizing opened pages list before reload
2022-08-05T13:24:25.717Z - info: Current opened pages, from most-to-least recent:
2022-08-05T13:24:25.717Z - info: 1. se-book-adapted/print
2022-08-05T13:24:25.717Z - info: 2. se-book-adapted/chapters/softwareEngineering
2022-08-05T13:24:25.727Z - info: [9:24:25 pm] Reload for file change: C:\repos\nus-cs2103\cs2103-website-base\css\main.css
2022-08-05T13:24:25.727Z - info: Synchronizing opened pages list before reload
2022-08-05T13:24:25.728Z - info: Current opened pages, from most-to-least recent:
2022-08-05T13:24:25.728Z - info: 1. se-book-adapted/print
2022-08-05T13:24:25.728Z - info: 2. se-book-adapted/chapters/softwareEngineering
2022-08-05T13:24:26.721Z - info: Rebuilding 1 pages
2022-08-05T13:24:35.976Z - debug:  
2022-08-05T13:24:35.980Z - debug:  
2022-08-05T13:24:35.980Z - debug:  
2022-08-05T13:24:35.980Z - debug:  
2022-08-05T13:24:35.980Z - debug:  
2022-08-05T13:24:35.980Z - debug:  
2022-08-05T13:24:36.069Z - debug:  
2022-08-05T13:24:36.751Z - debug:  
2022-08-05T13:24:36.754Z - debug:  
2022-08-05T13:24:36.754Z - debug:  
2022-08-05T13:24:36.754Z - debug:  
2022-08-05T13:24:36.813Z - info: Assets built
2022-08-05T13:24:37.100Z - debug:  
2022-08-05T13:24:37.185Z - info: Site data built
2022-08-05T13:24:37.185Z - info: Pages rebuilt
2022-08-05T13:24:37.185Z - info: Website regeneration complete! Total build time: 10.465s
2022-08-05T13:25:28.759Z - info: [9:25:28 pm] Reload for file change: C:\repos\nus-cs2103\cs2103-website-base\css\main.css
2022-08-05T13:25:28.759Z - info: Synchronizing opened pages list before reload
2022-08-05T13:25:28.760Z - info: Current opened pages, from most-to-least recent:
2022-08-05T13:25:28.760Z - info: 1. se-book-adapted/print
2022-08-05T13:25:28.760Z - info: 2. se-book-adapted/chapters/softwareEngineering
2022-08-05T13:25:29.784Z - info: Assets built
2022-08-05T13:25:36.362Z - info: Building C:\repos\nus-cs2103\cs2103-website-base\se-book-adapted\chapters\gitAndGithub as some of its dependencies were changed since the last visit
2022-08-05T13:25:37.010Z - info: Site data built
2022-08-05T13:25:37.010Z - info: Lazy website regeneration complete! Total build time: 0.649s
2022-08-05T13:26:25.998Z - info: [9:26:25 pm] Reload for file change: C:\repos\nus-cs2103\cs2103-website-base\css\main.css
2022-08-05T13:26:25.998Z - info: Synchronizing opened pages list before reload
2022-08-05T13:26:25.998Z - info: Current opened pages, from most-to-least recent:
2022-08-05T13:26:25.998Z - info: 1. se-book-adapted/chapters/gitAndGithub
2022-08-05T13:26:25.998Z - info: 2. se-book-adapted/print
2022-08-05T13:26:27.048Z - info: Assets built
2022-08-05T13:26:47.806Z - info: [9:26:47 pm] Reload for file change: C:\repos\nus-cs2103\cs2103-website-base\css\main.css
2022-08-05T13:26:47.806Z - info: Synchronizing opened pages list before reload
2022-08-05T13:26:47.806Z - info: Current opened pages, from most-to-least recent:
2022-08-05T13:26:47.806Z - info: 1. se-book-adapted/chapters/gitAndGithub
2022-08-05T13:26:47.806Z - info: 2. se-book-adapted/print
2022-08-05T13:26:48.824Z - info: Assets built
2022-08-05T13:27:02.335Z - info: [9:27:02 pm] Reload for file change: C:\repos\nus-cs2103\cs2103-website-base\css\main.css
2022-08-05T13:27:02.336Z - info: Synchronizing opened pages list before reload
2022-08-05T13:27:02.336Z - info: Current opened pages, from most-to-least recent:
2022-08-05T13:27:02.336Z - info: 1. se-book-adapted/chapters/gitAndGithub
2022-08-05T13:27:02.336Z - info: 2. se-book-adapted/print
2022-08-05T13:27:03.347Z - info: Assets built
2022-08-05T13:27:12.158Z - info: [9:27:12 pm] Reload for file change: C:\repos\nus-cs2103\cs2103-website-base\css\main.css
2022-08-05T13:27:12.158Z - info: Synchronizing opened pages list before reload
2022-08-05T13:27:12.158Z - info: Current opened pages, from most-to-least recent:
2022-08-05T13:27:12.158Z - info: 1. se-book-adapted/chapters/gitAndGithub
2022-08-05T13:27:12.158Z - info: 2. se-book-adapted/print
2022-08-05T13:27:13.178Z - info: Assets built
2022-08-05T13:27:23.520Z - info: [9:27:23 pm] Reload for file change: C:\repos\nus-cs2103\cs2103-website-base\css\main.css
2022-08-05T13:27:23.520Z - info: Synchronizing opened pages list before reload
2022-08-05T13:27:23.520Z - info: Current opened pages, from most-to-least recent:
2022-08-05T13:27:23.521Z - info: 1. se-book-adapted/chapters/gitAndGithub
2022-08-05T13:27:23.521Z - info: 2. se-book-adapted/print
2022-08-05T13:27:24.537Z - info: Assets built
2022-08-05T13:27:44.549Z - info: [9:27:44 pm] Reload for file change: C:\repos\nus-cs2103\cs2103-website-base\css\main.css
2022-08-05T13:27:44.549Z - info: Synchronizing opened pages list before reload
2022-08-05T13:27:44.549Z - info: Current opened pages, from most-to-least recent:
2022-08-05T13:27:44.549Z - info: 1. se-book-adapted/chapters/gitAndGithub
2022-08-05T13:27:44.549Z - info: 2. se-book-adapted/print
2022-08-05T13:27:45.585Z - info: Assets built
2022-08-05T13:28:33.328Z - info: [9:28:33 pm] Reload for file change: C:\repos\nus-cs2103\cs2103-website-base\css\main.css
2022-08-05T13:28:33.328Z - info: Synchronizing opened pages list before reload
2022-08-05T13:28:33.328Z - info: Current opened pages, from most-to-least recent:
2022-08-05T13:28:33.328Z - info: 1. se-book-adapted/chapters/gitAndGithub
2022-08-05T13:28:33.328Z - info: 2. se-book-adapted/print
2022-08-05T13:28:34.358Z - info: Assets built
2022-08-05T13:29:13.011Z - info: [9:29:13 pm] Reload for file change: C:\repos\nus-cs2103\cs2103-website-base\css\main.css
2022-08-05T13:29:13.012Z - info: Synchronizing opened pages list before reload
2022-08-05T13:29:13.012Z - info: Current opened pages, from most-to-least recent:
2022-08-05T13:29:13.012Z - info: 1. se-book-adapted/chapters/gitAndGithub
2022-08-05T13:29:13.012Z - info: 2. se-book-adapted/print
2022-08-05T13:29:14.029Z - info: Assets built
2022-08-05T13:33:11.050Z - info: [9:33:11 pm] Reload for file change: C:\repos\nus-cs2103\cs2103-website-base\css\main.css
2022-08-05T13:33:11.050Z - info: Synchronizing opened pages list before reload
2022-08-05T13:33:11.050Z - info: Current opened pages, from most-to-least recent:
2022-08-05T13:33:11.050Z - info: 1. se-book-adapted/print
2022-08-05T13:33:11.050Z - info: 2. se-book-adapted/chapters/gitAndGithub
2022-08-05T13:33:12.080Z - info: Assets built
2022-08-05T13:33:43.310Z - info: [9:33:43 pm] Reload for file change: C:\repos\nus-cs2103\cs2103-website-base\css\main.css
2022-08-05T13:33:43.310Z - info: Synchronizing opened pages list before reload
2022-08-05T13:33:43.311Z - info: Current opened pages, from most-to-least recent:
2022-08-05T13:33:43.311Z - info: 1. se-book-adapted/print
2022-08-05T13:33:43.311Z - info: 2. se-book-adapted/chapters/gitAndGithub
2022-08-05T13:33:44.335Z - info: Assets built
2022-08-05T13:34:58.070Z - info: [9:34:58 pm] Reload for file change: C:\repos\nus-cs2103\cs2103-website-base\css\main.css
2022-08-05T13:34:58.071Z - info: Synchronizing opened pages list before reload
2022-08-05T13:34:58.071Z - info: Current opened pages, from most-to-least recent:
2022-08-05T13:34:58.071Z - info: 1. se-book-adapted/print
2022-08-05T13:34:58.071Z - info: 2. se-book-adapted/chapters/gitAndGithub
2022-08-05T13:34:59.104Z - info: Assets built
2022-08-05T13:36:03.197Z - info: [9:36:03 pm] Reload for file change: C:\repos\nus-cs2103\cs2103-website-base\css\main.css
2022-08-05T13:36:03.197Z - info: Synchronizing opened pages list before reload
2022-08-05T13:36:03.197Z - info: Current opened pages, from most-to-least recent:
2022-08-05T13:36:03.197Z - info: 1. se-book-adapted/print
2022-08-05T13:36:03.197Z - info: 2. se-book-adapted/chapters/gitAndGithub
2022-08-05T13:36:04.223Z - info: Assets built
2022-08-05T13:36:30.908Z - info: [9:36:30 pm] Reload for file change: C:\repos\nus-cs2103\cs2103-website-base\css\main.css
2022-08-05T13:36:30.908Z - info: Synchronizing opened pages list before reload
2022-08-05T13:36:30.908Z - info: Current opened pages, from most-to-least recent:
2022-08-05T13:36:30.908Z - info: 1. se-book-adapted/print
2022-08-05T13:36:30.909Z - info: 2. se-book-adapted/chapters/gitAndGithub
2022-08-05T13:36:31.926Z - info: Assets built
2022-08-05T13:41:53.274Z - info: [9:41:53 pm] Reload for file change: C:\repos\nus-cs2103\cs2103-website-base\css\main.css
2022-08-05T13:41:53.274Z - info: Synchronizing opened pages list before reload
2022-08-05T13:41:53.274Z - info: Current opened pages, from most-to-least recent:
2022-08-05T13:41:53.274Z - info: 1. se-book-adapted/chapters/gitAndGithub
2022-08-05T13:41:53.274Z - info: 2. se-book-adapted/print
2022-08-05T13:41:54.289Z - info: Assets built
2022-08-05T13:43:06.542Z - info: Website generation started at 9:43:05 pm
2022-08-05T13:43:20.489Z - info: Building assets...
2022-08-05T13:43:29.335Z - info: Assets built
2022-08-05T13:43:29.336Z - info: Generating pages...
2022-08-05T13:43:40.132Z - debug:  
2022-08-05T13:43:40.185Z - debug:  
2022-08-05T13:43:43.364Z - debug:  
2022-08-05T13:43:43.365Z - debug:  
2022-08-05T13:43:43.365Z - debug:  
2022-08-05T13:43:43.365Z - debug:  
2022-08-05T13:43:43.365Z - debug:  
2022-08-05T13:43:43.365Z - debug:  
2022-08-05T13:43:43.366Z - debug:  
2022-08-05T13:43:43.366Z - debug:  
2022-08-05T13:43:43.366Z - debug:  
2022-08-05T13:43:43.366Z - debug:  
2022-08-05T13:45:37.938Z - debug:  
2022-08-05T13:45:50.032Z - debug:  
2022-08-05T13:45:50.092Z - debug:  
2022-08-05T13:45:54.926Z - info: Pages built
2022-08-05T13:45:55.820Z - info: Site data built
2022-08-05T13:45:55.820Z - info: Website generation complete! Total build time: 170.432s
2022-08-05T13:45:55.820Z - info: Build success!
2022-08-05T13:50:29.010Z - info: The website has been deployed at: https://nus-cs2103-ay2223s1.github.io/website
2022-08-05T14:09:23.600Z - info: Website generation (lazy) started at 10:09:21 pm
2022-08-05T14:09:31.004Z - info: Building assets...
2022-08-05T14:09:36.800Z - info: Assets built
2022-08-05T14:09:36.800Z - info: Generating landing page...
2022-08-05T14:09:37.339Z - info: Landing page built, other pages will be built as you navigate to them!
2022-08-05T14:09:38.023Z - info: Site data built
2022-08-05T14:09:38.023Z - info: Website generation (lazy) complete! Total build time: 16.597s
2022-08-05T14:09:38.758Z - info: Serving "C:\repos\nus-cs2103\cs2103-website-base\_site" at http://127.0.0.1:8080
2022-08-05T14:09:38.759Z - info: Press CTRL+C to stop ...
2022-08-05T14:11:05.298Z - info: Building C:\repos\nus-cs2103\cs2103-website-base\se-book-adapted\print as some of its dependencies were changed since the last visit
2022-08-05T14:11:13.228Z - debug:  
2022-08-05T14:11:13.247Z - debug:  
2022-08-05T14:11:13.264Z - debug:  
2022-08-05T14:11:15.804Z - debug:  
2022-08-05T14:11:15.805Z - debug:  
2022-08-05T14:11:15.805Z - debug:  
2022-08-05T14:11:15.806Z - debug:  
2022-08-05T14:11:15.807Z - debug:  
2022-08-05T14:11:15.807Z - debug:  
2022-08-05T14:11:15.807Z - debug:  
2022-08-05T14:11:15.808Z - debug:  
2022-08-05T14:11:15.808Z - debug:  
2022-08-05T14:11:16.167Z - info: Site data built
2022-08-05T14:11:16.167Z - info: Lazy website regeneration complete! Total build time: 10.871s
2022-08-05T14:14:28.448Z - info: [10:14:28 pm] Reload for file change: C:\repos\nus-cs2103\cs2103-website-base\css\main.css
2022-08-05T14:14:28.448Z - info: Synchronizing opened pages list before reload
2022-08-05T14:14:28.448Z - info: Current opened pages, from most-to-least recent:
2022-08-05T14:14:28.449Z - info: 1. se-book-adapted/print
2022-08-05T14:14:28.449Z - info: 2. index
2022-08-05T14:14:29.476Z - info: Assets built
2022-08-05T14:14:38.069Z - info: Building C:\repos\nus-cs2103\cs2103-website-base\se-book-adapted\index as some of its dependencies were changed since the last visit
2022-08-05T14:14:38.349Z - info: Site data built
2022-08-05T14:14:38.349Z - info: Lazy website regeneration complete! Total build time: 0.282s
2022-08-05T14:14:43.799Z - info: Building C:\repos\nus-cs2103\cs2103-website-base\se-book-adapted\chapters-printable\softwareEngineering-printable as some of its dependencies were changed since the last visit
2022-08-05T14:14:44.032Z - info: Site data built
2022-08-05T14:14:44.032Z - info: Lazy website regeneration complete! Total build time: 0.233s
2022-08-05T14:15:38.105Z - info: [10:15:38 pm] Reload for file change: C:\repos\nus-cs2103\cs2103-website-base\css\main.css
2022-08-05T14:15:38.105Z - info: Synchronizing opened pages list before reload
2022-08-05T14:15:38.105Z - info: Current opened pages, from most-to-least recent:
2022-08-05T14:15:38.105Z - info: 1. se-book-adapted/chapters-printable/softwareEngineering-printable
2022-08-05T14:15:38.106Z - info: 2. index
2022-08-05T14:15:39.132Z - info: Assets built
2022-08-05T14:17:19.090Z - info: [10:17:19 pm] Reload for file change: C:\repos\nus-cs2103\cs2103-website-base\css\main.css
2022-08-05T14:17:19.090Z - info: Synchronizing opened pages list before reload
2022-08-05T14:17:19.091Z - info: Current opened pages, from most-to-least recent:
2022-08-05T14:17:19.091Z - info: 1. se-book-adapted/chapters-printable/softwareEngineering-printable
2022-08-05T14:17:19.091Z - info: 2. index
2022-08-05T14:17:20.108Z - info: Assets built
2022-08-05T14:17:35.376Z - info: Building C:\repos\nus-cs2103\cs2103-website-base\se-book-adapted\chapters\gitAndGithub as some of its dependencies were changed since the last visit
2022-08-05T14:17:36.116Z - info: Site data built
2022-08-05T14:17:36.117Z - info: Lazy website regeneration complete! Total build time: 0.74s
2022-08-05T14:18:20.333Z - info: Website generation started at 10:18:19 pm
2022-08-05T14:18:30.643Z - info: Building assets...
2022-08-05T14:18:37.715Z - info: Assets built
2022-08-05T14:18:37.716Z - info: Generating pages...
2022-08-05T14:18:49.734Z - debug:  
2022-08-05T14:18:49.735Z - debug:  
2022-08-05T14:18:49.737Z - debug:  
2022-08-05T14:18:53.585Z - debug:  
2022-08-05T14:18:53.585Z - debug:  
2022-08-05T14:18:53.585Z - debug:  
2022-08-05T14:18:53.585Z - debug:  
2022-08-05T14:18:53.586Z - debug:  
2022-08-05T14:18:53.586Z - debug:  
2022-08-05T14:18:53.586Z - debug:  
2022-08-05T14:18:53.586Z - debug:  
2022-08-05T14:18:53.586Z - debug:  
2022-08-05T14:21:03.415Z - debug:  
2022-08-05T14:21:18.218Z - debug:  
2022-08-05T14:21:18.218Z - debug:  
2022-08-05T14:21:23.932Z - info: Pages built
2022-08-05T14:21:24.812Z - info: Site data built
2022-08-05T14:21:24.813Z - info: Website generation complete! Total build time: 185.659s
2022-08-05T14:21:24.813Z - info: Build success!
2022-08-05T14:23:11.897Z - info: The website has been deployed at: https://nus-cs2103-ay2223s1.github.io/website
2022-08-05T14:43:11.458Z - info: Website generation (lazy) started at 10:43:09 pm
2022-08-05T14:43:19.081Z - info: Building assets...
2022-08-05T14:43:24.954Z - info: Assets built
2022-08-05T14:43:24.954Z - info: Generating landing page...
2022-08-05T14:43:25.537Z - info: Landing page built, other pages will be built as you navigate to them!
2022-08-05T14:43:26.267Z - info: Site data built
2022-08-05T14:43:26.267Z - info: Website generation (lazy) complete! Total build time: 17.031s
2022-08-05T14:43:27.055Z - info: Serving "C:\repos\nus-cs2103\cs2103-website-base\_site" at http://127.0.0.1:8080
2022-08-05T14:43:27.056Z - info: Press CTRL+C to stop ...
2022-08-05T14:44:15.771Z - info: [10:44:15 pm] Reload for file change: C:\repos\nus-cs2103\cs2103-website-base\css\main.css
2022-08-05T14:44:15.773Z - info: Synchronizing opened pages list before reload
2022-08-05T14:44:15.773Z - info: Current opened pages, from most-to-least recent:
2022-08-05T14:44:15.773Z - info: 1. index
2022-08-05T14:44:16.820Z - info: Assets built
2022-08-05T14:44:40.811Z - info: Website generation started at 10:44:39 pm
2022-08-05T14:44:48.567Z - info: Building assets...
2022-08-05T14:44:53.453Z - info: Assets built
2022-08-05T14:44:53.454Z - info: Generating pages...
2022-08-05T14:45:02.911Z - debug:  
2022-08-05T14:45:02.915Z - debug:  
2022-08-05T14:45:02.987Z - debug:  
2022-08-05T14:45:06.428Z - debug:  
2022-08-05T14:45:06.428Z - debug:  
2022-08-05T14:45:06.428Z - debug:  
2022-08-05T14:45:06.429Z - debug:  
2022-08-05T14:45:06.429Z - debug:  
2022-08-05T14:45:06.429Z - debug:  
2022-08-05T14:45:06.429Z - debug:  
2022-08-05T14:45:06.429Z - debug:  
2022-08-05T14:45:06.430Z - debug:  
2022-08-05T14:47:02.469Z - debug:  
2022-08-05T14:47:16.490Z - debug:  
2022-08-05T14:47:16.583Z - debug:  
2022-08-05T14:47:22.135Z - info: Pages built
2022-08-05T14:47:23.147Z - info: Site data built
2022-08-05T14:47:23.148Z - info: Website generation complete! Total build time: 163.221s
2022-08-05T14:47:23.148Z - info: Build success!
2022-08-05T14:49:26.403Z - info: The website has been deployed at: https://nus-cs2103-ay2223s1.github.io/website
2022-08-05T15:37:45.398Z - info: Website generation (lazy) started at 11:37:43 pm
2022-08-05T15:37:52.860Z - info: Building assets...
2022-08-05T15:37:58.528Z - info: Assets built
2022-08-05T15:37:58.529Z - info: Generating landing page...
2022-08-05T15:37:59.092Z - info: Landing page built, other pages will be built as you navigate to them!
2022-08-05T15:37:59.782Z - info: Site data built
2022-08-05T15:37:59.783Z - info: Website generation (lazy) complete! Total build time: 16.549s
2022-08-05T15:38:00.515Z - info: Serving "C:\repos\nus-cs2103\cs2103-website-base\_site" at http://127.0.0.1:8080
2022-08-05T15:38:00.515Z - info: Press CTRL+C to stop ...
2022-08-05T15:38:37.248Z - info: Building C:\repos\nus-cs2103\cs2103-website-base\se-book-adapted\index as some of its dependencies were changed since the last visit
2022-08-05T15:38:37.564Z - info: Site data built
2022-08-05T15:38:37.564Z - info: Lazy website regeneration complete! Total build time: 0.318s
2022-08-05T15:38:40.697Z - info: Building C:\repos\nus-cs2103\cs2103-website-base\se-book-adapted\print as some of its dependencies were changed since the last visit
2022-08-05T15:38:49.717Z - debug:  
2022-08-05T15:38:49.738Z - debug:  
2022-08-05T15:38:49.804Z - debug:  
2022-08-05T15:38:52.732Z - debug:  
2022-08-05T15:38:52.733Z - debug:  
2022-08-05T15:38:52.733Z - debug:  
2022-08-05T15:38:52.734Z - debug:  
2022-08-05T15:38:52.735Z - debug:  
2022-08-05T15:38:52.735Z - debug:  
2022-08-05T15:38:52.736Z - debug:  
2022-08-05T15:38:52.736Z - debug:  
2022-08-05T15:38:52.736Z - debug:  
2022-08-05T15:38:53.176Z - info: Site data built
2022-08-05T15:38:53.176Z - info: Lazy website regeneration complete! Total build time: 12.479s
2022-08-05T15:39:16.530Z - info: [11:39:16 pm] Reload for file change: C:\repos\nus-cs2103\cs2103-website-base\book\softwareEngineering\introduction\prosAndCons\text.md
2022-08-05T15:39:16.531Z - info: Synchronizing opened pages list before reload
2022-08-05T15:39:16.531Z - info: Current opened pages, from most-to-least recent:
2022-08-05T15:39:16.532Z - info: 1. se-book-adapted/print
2022-08-05T15:39:16.532Z - info: 2. se-book-adapted/index
2022-08-05T15:39:17.551Z - info: Rebuilding 1 pages
2022-08-05T15:39:26.819Z - debug:  
2022-08-05T15:39:26.819Z - debug:  
2022-08-05T15:39:26.820Z - debug:  
2022-08-05T15:39:26.820Z - debug:  
2022-08-05T15:39:26.820Z - debug:  
2022-08-05T15:39:26.823Z - debug:  
2022-08-05T15:39:26.825Z - debug:  
2022-08-05T15:39:27.295Z - debug:  
2022-08-05T15:39:27.295Z - debug:  
2022-08-05T15:39:27.295Z - debug:  
2022-08-05T15:39:27.295Z - debug:  
2022-08-05T15:39:27.295Z - debug:  
2022-08-05T15:39:27.355Z - info: Site data built
2022-08-05T15:39:27.356Z - info: Pages rebuilt
2022-08-05T15:39:27.356Z - info: Website regeneration complete! Total build time: 9.807s
2022-08-05T15:40:59.925Z - info: [11:40:59 pm] Reload for file change: C:\repos\nus-cs2103\cs2103-website-base\book\errorHandling\exceptions\what\text.md
2022-08-05T15:40:59.926Z - info: Synchronizing opened pages list before reload
2022-08-05T15:40:59.926Z - info: Current opened pages, from most-to-least recent:
2022-08-05T15:40:59.926Z - info: 1. se-book-adapted/print
2022-08-05T15:40:59.927Z - info: 2. se-book-adapted/index
2022-08-05T15:41:00.945Z - info: Rebuilding 1 pages
2022-08-05T15:41:12.113Z - debug:  
2022-08-05T15:41:12.113Z - debug:  
2022-08-05T15:41:12.113Z - debug:  
2022-08-05T15:41:12.113Z - debug:  
2022-08-05T15:41:12.113Z - debug:  
2022-08-05T15:41:12.116Z - debug:  
2022-08-05T15:41:12.116Z - debug:  
2022-08-05T15:41:12.119Z - debug:  
2022-08-05T15:41:12.119Z - debug:  
2022-08-05T15:41:12.502Z - debug:  
2022-08-05T15:41:12.502Z - debug:  
2022-08-05T15:41:12.502Z - debug:  
2022-08-05T15:41:12.568Z - info: Site data built
2022-08-05T15:41:12.568Z - info: Pages rebuilt
2022-08-05T15:41:12.568Z - info: Website regeneration complete! Total build time: 11.624s
2022-08-05T15:45:51.744Z - info: [11:45:51 pm] Reload for file change: C:\repos\nus-cs2103\cs2103-website-base\book\requirements\introduction\text.md
2022-08-05T15:45:51.744Z - info: Synchronizing opened pages list before reload
2022-08-05T15:45:51.745Z - info: Current opened pages, from most-to-least recent:
2022-08-05T15:45:51.745Z - info: 1. se-book-adapted/print
2022-08-05T15:45:51.745Z - info: 2. se-book-adapted/index
2022-08-05T15:45:51.762Z - info: [11:45:51 pm] Reload for file change: C:\repos\nus-cs2103\cs2103-website-base\book\revisionControl\what\text.md
2022-08-05T15:45:51.762Z - info: Synchronizing opened pages list before reload
2022-08-05T15:45:51.763Z - info: Current opened pages, from most-to-least recent:
2022-08-05T15:45:51.763Z - info: 1. se-book-adapted/print
2022-08-05T15:45:51.763Z - info: 2. se-book-adapted/index
2022-08-05T15:45:51.776Z - info: [11:45:51 pm] Reload for file change: C:\repos\nus-cs2103\cs2103-website-base\book\specifyingRequirements\featureList\what\text.md
2022-08-05T15:45:51.776Z - info: Synchronizing opened pages list before reload
2022-08-05T15:45:51.776Z - info: Current opened pages, from most-to-least recent:
2022-08-05T15:45:51.776Z - info: 1. se-book-adapted/print
2022-08-05T15:45:51.776Z - info: 2. se-book-adapted/index
2022-08-05T15:45:51.788Z - info: [11:45:51 pm] Reload for file change: C:\repos\nus-cs2103\cs2103-website-base\book\principles\liskovSubstitutionPrinciple\text.md
2022-08-05T15:45:51.788Z - info: Synchronizing opened pages list before reload
2022-08-05T15:45:51.789Z - info: Current opened pages, from most-to-least recent:
2022-08-05T15:45:51.789Z - info: 1. se-book-adapted/print
2022-08-05T15:45:51.790Z - info: 2. se-book-adapted/index
2022-08-05T15:45:51.802Z - info: [11:45:51 pm] Reload for file change: C:\repos\nus-cs2103\cs2103-website-base\book\qualityAssurance\codeReviews\what\text.md
2022-08-05T15:45:51.803Z - info: Synchronizing opened pages list before reload
2022-08-05T15:45:51.803Z - info: Current opened pages, from most-to-least recent:
2022-08-05T15:45:51.803Z - info: 1. se-book-adapted/print
2022-08-05T15:45:51.803Z - info: 2. se-book-adapted/index
2022-08-05T15:45:51.818Z - info: [11:45:51 pm] Reload for file change: C:\repos\nus-cs2103\cs2103-website-base\book\principles\interfaceSegregationPrinciple\text.md
2022-08-05T15:45:51.818Z - info: Synchronizing opened pages list before reload
2022-08-05T15:45:51.818Z - info: Current opened pages, from most-to-least recent:
2022-08-05T15:45:51.818Z - info: 1. se-book-adapted/print
2022-08-05T15:45:51.818Z - info: 2. se-book-adapted/index
2022-08-05T15:45:51.831Z - info: [11:45:51 pm] Reload for file change: C:\repos\nus-cs2103\cs2103-website-base\book\qualityAssurance\staticAnalysis\what\text.md
2022-08-05T15:45:51.831Z - info: Synchronizing opened pages list before reload
2022-08-05T15:45:51.831Z - info: Current opened pages, from most-to-least recent:
2022-08-05T15:45:51.831Z - info: 1. se-book-adapted/print
2022-08-05T15:45:51.831Z - info: 2. se-book-adapted/index
2022-08-05T15:45:51.843Z - info: [11:45:51 pm] Reload for file change: C:\repos\nus-cs2103\cs2103-website-base\book\revisionControl\repositories\text.md
2022-08-05T15:45:51.843Z - info: Synchronizing opened pages list before reload
2022-08-05T15:45:51.844Z - info: Current opened pages, from most-to-least recent:
2022-08-05T15:45:51.844Z - info: 1. se-book-adapted/print
2022-08-05T15:45:51.844Z - info: 2. se-book-adapted/index
2022-08-05T15:45:51.862Z - info: [11:45:51 pm] Reload for file change: C:\repos\nus-cs2103\cs2103-website-base\book\testing\testingTypes\unitTesting\stubs\text.md
2022-08-05T15:45:51.863Z - info: Synchronizing opened pages list before reload
2022-08-05T15:45:51.863Z - info: Current opened pages, from most-to-least recent:
2022-08-05T15:45:51.863Z - info: 1. se-book-adapted/print
2022-08-05T15:45:51.864Z - info: 2. se-book-adapted/index
2022-08-05T15:45:51.878Z - info: [11:45:51 pm] Reload for file change: C:\repos\nus-cs2103\cs2103-website-base\book\principles\separationOfConcernsPrinciple\text.md
2022-08-05T15:45:51.879Z - info: Synchronizing opened pages list before reload
2022-08-05T15:45:51.879Z - info: Current opened pages, from most-to-least recent:
2022-08-05T15:45:51.879Z - info: 1. se-book-adapted/print
2022-08-05T15:45:51.879Z - info: 2. se-book-adapted/index
2022-08-05T15:45:51.895Z - info: [11:45:51 pm] Reload for file change: C:\repos\nus-cs2103\cs2103-website-base\book\principles\dependencyInversionPrinciple\text.md
2022-08-05T15:45:51.895Z - info: Synchronizing opened pages list before reload
2022-08-05T15:45:51.896Z - info: Current opened pages, from most-to-least recent:
2022-08-05T15:45:51.896Z - info: 1. se-book-adapted/print
2022-08-05T15:45:51.896Z - info: 2. se-book-adapted/index
2022-08-05T15:45:51.910Z - info: [11:45:51 pm] Reload for file change: C:\repos\nus-cs2103\cs2103-website-base\book\oop\inheritance\overloading\text.md
2022-08-05T15:45:51.910Z - info: Synchronizing opened pages list before reload
2022-08-05T15:45:51.910Z - info: Current opened pages, from most-to-least recent:
2022-08-05T15:45:51.910Z - info: 1. se-book-adapted/print
2022-08-05T15:45:51.911Z - info: 2. se-book-adapted/index
2022-08-05T15:45:51.927Z - info: [11:45:51 pm] Reload for file change: C:\repos\nus-cs2103\cs2103-website-base\book\designFundamentals\abstraction\what\text.md
2022-08-05T15:45:51.927Z - info: Synchronizing opened pages list before reload
2022-08-05T15:45:51.927Z - info: Current opened pages, from most-to-least recent:
2022-08-05T15:45:51.927Z - info: 1. se-book-adapted/print
2022-08-05T15:45:51.927Z - info: 2. se-book-adapted/index
2022-08-05T15:45:51.938Z - info: [11:45:51 pm] Reload for file change: C:\repos\nus-cs2103\cs2103-website-base\book\specifyingRequirements\userStories\introduction\text.md
2022-08-05T15:45:51.938Z - info: Synchronizing opened pages list before reload
2022-08-05T15:45:51.938Z - info: Current opened pages, from most-to-least recent:
2022-08-05T15:45:51.938Z - info: 1. se-book-adapted/print
2022-08-05T15:45:51.939Z - info: 2. se-book-adapted/index
2022-08-05T15:45:51.956Z - info: [11:45:51 pm] Reload for file change: C:\repos\nus-cs2103\cs2103-website-base\book\projectDuke\text.md
2022-08-05T15:45:51.956Z - info: Synchronizing opened pages list before reload
2022-08-05T15:45:51.956Z - info: Current opened pages, from most-to-least recent:
2022-08-05T15:45:51.956Z - info: 1. se-book-adapted/print
2022-08-05T15:45:51.956Z - info: 2. se-book-adapted/index
2022-08-05T15:45:51.976Z - info: [11:45:51 pm] Reload for file change: C:\repos\nus-cs2103\cs2103-website-base\book\testing\introduction\what\text.md
2022-08-05T15:45:51.976Z - info: Synchronizing opened pages list before reload
2022-08-05T15:45:51.976Z - info: Current opened pages, from most-to-least recent:
2022-08-05T15:45:51.976Z - info: 1. se-book-adapted/print
2022-08-05T15:45:51.976Z - info: 2. se-book-adapted/index
2022-08-05T15:45:51.992Z - info: [11:45:51 pm] Reload for file change: C:\repos\nus-cs2103\cs2103-website-base\book\testing\testingTypes\systemTesting\what\text.md
2022-08-05T15:45:51.992Z - info: Synchronizing opened pages list before reload
2022-08-05T15:45:51.992Z - info: Current opened pages, from most-to-least recent:
2022-08-05T15:45:51.992Z - info: 1. se-book-adapted/print
2022-08-05T15:45:51.992Z - info: 2. se-book-adapted/index
2022-08-05T15:45:52.007Z - info: [11:45:52 pm] Reload for file change: C:\repos\nus-cs2103\cs2103-website-base\book\oop\polymorphism\what\text.md
2022-08-05T15:45:52.008Z - info: Synchronizing opened pages list before reload
2022-08-05T15:45:52.008Z - info: Current opened pages, from most-to-least recent:
2022-08-05T15:45:52.008Z - info: 1. se-book-adapted/print
2022-08-05T15:45:52.008Z - info: 2. se-book-adapted/index
2022-08-05T15:45:52.018Z - info: [11:45:52 pm] Reload for file change: C:\repos\nus-cs2103\cs2103-website-base\book\gitAndGithub\commit\text.md
2022-08-05T15:45:52.018Z - info: Synchronizing opened pages list before reload
2022-08-05T15:45:52.018Z - info: Current opened pages, from most-to-least recent:
2022-08-05T15:45:52.018Z - info: 1. se-book-adapted/print
2022-08-05T15:45:52.018Z - info: 2. se-book-adapted/index
2022-08-05T15:45:52.035Z - info: [11:45:52 pm] Reload for file change: C:\repos\nus-cs2103\cs2103-website-base\book\principles\lawOfDemeter\text.md
2022-08-05T15:45:52.036Z - info: Synchronizing opened pages list before reload
2022-08-05T15:45:52.036Z - info: Current opened pages, from most-to-least recent:
2022-08-05T15:45:52.036Z - info: 1. se-book-adapted/print
2022-08-05T15:45:52.036Z - info: 2. se-book-adapted/index
2022-08-05T15:45:52.048Z - info: [11:45:52 pm] Reload for file change: C:\repos\nus-cs2103\cs2103-website-base\book\specifyingRequirements\useCases\identifying\text.md
2022-08-05T15:45:52.049Z - info: Synchronizing opened pages list before reload
2022-08-05T15:45:52.049Z - info: Current opened pages, from most-to-least recent:
2022-08-05T15:45:52.049Z - info: 1. se-book-adapted/print
2022-08-05T15:45:52.049Z - info: 2. se-book-adapted/index
2022-08-05T15:45:52.053Z - info: [11:45:52 pm] Reload for file change: C:\repos\nus-cs2103\cs2103-website-base\book\principles\yagniPrinciple\text.md
2022-08-05T15:45:52.053Z - info: Synchronizing opened pages list before reload
2022-08-05T15:45:52.053Z - info: Current opened pages, from most-to-least recent:
2022-08-05T15:45:52.053Z - info: 1. se-book-adapted/print
2022-08-05T15:45:52.053Z - info: 2. se-book-adapted/index
2022-08-05T15:45:52.069Z - info: [11:45:52 pm] Reload for file change: C:\repos\nus-cs2103\cs2103-website-base\book\gatheringRequirements\brainstorming\text.md
2022-08-05T15:45:52.070Z - info: Synchronizing opened pages list before reload
2022-08-05T15:45:52.070Z - info: Current opened pages, from most-to-least recent:
2022-08-05T15:45:52.070Z - info: 1. se-book-adapted/print
2022-08-05T15:45:52.070Z - info: 2. se-book-adapted/index
2022-08-05T15:45:52.089Z - info: [11:45:52 pm] Reload for file change: C:\repos\nus-cs2103\cs2103-website-base\book\oop\inheritance\dynamicAndStaticBinding\text.md
2022-08-05T15:45:52.089Z - info: Synchronizing opened pages list before reload
2022-08-05T15:45:52.089Z - info: Current opened pages, from most-to-least recent:
2022-08-05T15:45:52.089Z - info: 1. se-book-adapted/print
2022-08-05T15:45:52.089Z - info: 2. se-book-adapted/index
2022-08-05T15:45:52.104Z - info: [11:45:52 pm] Reload for file change: C:\repos\nus-cs2103\cs2103-website-base\book\designPatterns\introduction\what\text.md
2022-08-05T15:45:52.104Z - info: Synchronizing opened pages list before reload
2022-08-05T15:45:52.104Z - info: Current opened pages, from most-to-least recent:
2022-08-05T15:45:52.105Z - info: 1. se-book-adapted/print
2022-08-05T15:45:52.105Z - info: 2. se-book-adapted/index
2022-08-05T15:45:52.114Z - info: [11:45:52 pm] Reload for file change: C:\repos\nus-cs2103\cs2103-website-base\book\principles\openClosedPrinciple\text.md
2022-08-05T15:45:52.114Z - info: Synchronizing opened pages list before reload
2022-08-05T15:45:52.114Z - info: Current opened pages, from most-to-least recent:
2022-08-05T15:45:52.114Z - info: 1. se-book-adapted/print
2022-08-05T15:45:52.114Z - info: 2. se-book-adapted/index
2022-08-05T15:45:52.127Z - info: [11:45:52 pm] Reload for file change: C:\repos\nus-cs2103\cs2103-website-base\book\principles\brooksLaw\text.md
2022-08-05T15:45:52.127Z - info: Synchronizing opened pages list before reload
2022-08-05T15:45:52.127Z - info: Current opened pages, from most-to-least recent:
2022-08-05T15:45:52.127Z - info: 1. se-book-adapted/print
2022-08-05T15:45:52.127Z - info: 2. se-book-adapted/index
2022-08-05T15:45:52.142Z - info: [11:45:52 pm] Reload for file change: C:\repos\nus-cs2103\cs2103-website-base\book\principles\singleResponsibilityPrinciple\text.md
2022-08-05T15:45:52.142Z - info: Synchronizing opened pages list before reload
2022-08-05T15:45:52.142Z - info: Current opened pages, from most-to-least recent:
2022-08-05T15:45:52.143Z - info: 1. se-book-adapted/print
2022-08-05T15:45:52.143Z - info: 2. se-book-adapted/index
2022-08-05T15:45:52.155Z - info: [11:45:52 pm] Reload for file change: C:\repos\nus-cs2103\cs2103-website-base\book\oop\inheritance\abstractClasses\text.md
2022-08-05T15:45:52.155Z - info: Synchronizing opened pages list before reload
2022-08-05T15:45:52.155Z - info: Current opened pages, from most-to-least recent:
2022-08-05T15:45:52.155Z - info: 1. se-book-adapted/print
2022-08-05T15:45:52.155Z - info: 2. se-book-adapted/index
2022-08-05T15:45:52.164Z - info: [11:45:52 pm] Reload for file change: C:\repos\nus-cs2103\cs2103-website-base\book\principles\dryPrinciple\text.md
2022-08-05T15:45:52.164Z - info: Synchronizing opened pages list before reload
2022-08-05T15:45:52.164Z - info: Current opened pages, from most-to-least recent:
2022-08-05T15:45:52.165Z - info: 1. se-book-adapted/print
2022-08-05T15:45:52.165Z - info: 2. se-book-adapted/index
2022-08-05T15:45:52.178Z - info: [11:45:52 pm] Reload for file change: C:\repos\nus-cs2103\cs2103-website-base\book\gatheringRequirements\prototyping\text.md
2022-08-05T15:45:52.178Z - info: Synchronizing opened pages list before reload
2022-08-05T15:45:52.178Z - info: Current opened pages, from most-to-least recent:
2022-08-05T15:45:52.178Z - info: 1. se-book-adapted/print
2022-08-05T15:45:52.178Z - info: 2. se-book-adapted/index
2022-08-05T15:45:52.192Z - info: [11:45:52 pm] Reload for file change: C:\repos\nus-cs2103\cs2103-website-base\book\testCaseDesign\equivalencePartitions\what\text.md
2022-08-05T15:45:52.192Z - info: Synchronizing opened pages list before reload
2022-08-05T15:45:52.192Z - info: Current opened pages, from most-to-least recent:
2022-08-05T15:45:52.192Z - info: 1. se-book-adapted/print
2022-08-05T15:45:52.193Z - info: 2. se-book-adapted/index
2022-08-05T15:45:52.203Z - info: [11:45:52 pm] Reload for file change: C:\repos\nus-cs2103\cs2103-website-base\book\testing\testingTypes\acceptanceTesting\what\text.md
2022-08-05T15:45:52.203Z - info: Synchronizing opened pages list before reload
2022-08-05T15:45:52.203Z - info: Current opened pages, from most-to-least recent:
2022-08-05T15:45:52.204Z - info: 1. se-book-adapted/print
2022-08-05T15:45:52.204Z - info: 2. se-book-adapted/index
2022-08-05T15:45:52.218Z - info: [11:45:52 pm] Reload for file change: C:\repos\nus-cs2103\cs2103-website-base\book\testing\testingTypes\unitTesting\what\text.md
2022-08-05T15:45:52.218Z - info: Synchronizing opened pages list before reload
2022-08-05T15:45:52.218Z - info: Current opened pages, from most-to-least recent:
2022-08-05T15:45:52.218Z - info: 1. se-book-adapted/print
2022-08-05T15:45:52.219Z - info: 2. se-book-adapted/index
2022-08-05T15:45:52.231Z - info: [11:45:52 pm] Reload for file change: C:\repos\nus-cs2103\cs2103-website-base\book\specifyingRequirements\glossary\what\text.md
2022-08-05T15:45:52.231Z - info: Synchronizing opened pages list before reload
2022-08-05T15:45:52.231Z - info: Current opened pages, from most-to-least recent:
2022-08-05T15:45:52.231Z - info: 1. se-book-adapted/print
2022-08-05T15:45:52.231Z - info: 2. se-book-adapted/index
2022-08-05T15:45:52.242Z - info: [11:45:52 pm] Reload for file change: C:\repos\nus-cs2103\cs2103-website-base\book\specifyingRequirements\useCases\introduction\text.md
2022-08-05T15:45:52.242Z - info: Synchronizing opened pages list before reload
2022-08-05T15:45:52.242Z - info: Current opened pages, from most-to-least recent:
2022-08-05T15:45:52.242Z - info: 1. se-book-adapted/print
2022-08-05T15:45:52.242Z - info: 2. se-book-adapted/index
2022-08-05T15:45:52.758Z - info: Rebuilding 1 pages
2022-08-05T15:46:02.508Z - info: Assets built
2022-08-05T15:46:08.726Z - debug:  
2022-08-05T15:46:08.740Z - debug:  
2022-08-05T15:46:08.741Z - debug:  
2022-08-05T15:46:09.023Z - debug:  
2022-08-05T15:46:09.023Z - debug:  
2022-08-05T15:46:09.028Z - debug:  
2022-08-05T15:46:09.028Z - debug:  
2022-08-05T15:46:11.570Z - debug:  
2022-08-05T15:46:11.570Z - debug:  
2022-08-05T15:46:11.570Z - debug:  
2022-08-05T15:46:11.571Z - debug:  
2022-08-05T15:46:11.571Z - debug:  
2022-08-05T15:46:12.174Z - info: Site data built
2022-08-05T15:46:12.174Z - info: Pages rebuilt
2022-08-05T15:46:12.175Z - info: Website regeneration complete! Total build time: 19.42s
2022-08-05T15:46:52.623Z - info: [11:46:52 pm] Reload for file change: C:\repos\nus-cs2103\cs2103-website-base\book\projectDuke\text.md
2022-08-05T15:46:52.623Z - info: Synchronizing opened pages list before reload
2022-08-05T15:46:52.624Z - info: Current opened pages, from most-to-least recent:
2022-08-05T15:46:52.624Z - info: 1. se-book-adapted/print
2022-08-05T15:46:52.624Z - info: 2. se-book-adapted/index
2022-08-05T15:46:53.640Z - info: Assets built
2022-08-05T15:47:05.155Z - info: [11:47:05 pm] Reload for file change: C:\repos\nus-cs2103\cs2103-website-base\book\projectDuke\text.md
2022-08-05T15:47:05.155Z - info: Synchronizing opened pages list before reload
2022-08-05T15:47:05.155Z - info: Current opened pages, from most-to-least recent:
2022-08-05T15:47:05.155Z - info: 1. se-book-adapted/print
2022-08-05T15:47:05.155Z - info: 2. se-book-adapted/index
2022-08-05T15:47:06.162Z - info: Assets built
2022-08-05T15:56:07.150Z - info: Website generation started at 11:56:05 pm
2022-08-05T15:56:17.523Z - info: Building assets...
2022-08-05T15:56:24.775Z - info: Assets built
2022-08-05T15:56:24.776Z - info: Generating pages...
2022-08-05T15:56:35.923Z - debug:  
2022-08-05T15:56:35.924Z - debug:  
2022-08-05T15:56:35.969Z - debug:  
2022-08-05T15:56:40.108Z - debug:  
2022-08-05T15:56:40.108Z - debug:  
2022-08-05T15:56:40.108Z - debug:  
2022-08-05T15:56:40.108Z - debug:  
2022-08-05T15:56:40.108Z - debug:  
2022-08-05T15:56:40.109Z - debug:  
2022-08-05T15:56:40.109Z - debug:  
2022-08-05T15:56:40.109Z - debug:  
2022-08-05T15:56:40.109Z - debug:  
2022-08-05T15:58:45.995Z - debug:  
2022-08-05T15:59:00.496Z - debug:  
2022-08-05T15:59:00.604Z - debug:  
2022-08-05T15:59:06.539Z - info: Pages built
2022-08-05T15:59:07.569Z - info: Site data built
2022-08-05T15:59:07.570Z - info: Website generation complete! Total build time: 181.765s
2022-08-05T15:59:07.570Z - info: Build success!
