2022-10-30T10:08:29.548Z - info: Website generation (lazy) started at 6:08:23 pm
2022-10-30T10:08:43.978Z - info: Building assets...
2022-10-30T10:08:53.317Z - info: Assets built
2022-10-30T10:08:53.318Z - info: Generating landing page...
2022-10-30T10:08:54.573Z - info: Landing page built, other pages will be built as you navigate to them!
2022-10-30T10:08:55.795Z - info: Site data built
2022-10-30T10:08:55.796Z - info: Website generation (lazy) complete! Total build time: 32.672s
2022-10-30T10:08:56.834Z - info: Serving "C:\repos\nus-cs2103\cs2103-website-base\_site" at http://127.0.0.1:8080
2022-10-30T10:08:56.835Z - info: Press CTRL+C to stop ...
2022-10-30T10:08:59.738Z - info: [6:08:59 pm] Reload for file change: C:\repos\nus-cs2103\cs2103-website-base\admin\tp-tasks-fragment.md
2022-10-30T10:08:59.739Z - info: Synchronizing opened pages list before reload
2022-10-30T10:08:59.739Z - info: No pages are currently opened
2022-10-30T10:09:01.128Z - info: No pages needed to be rebuilt
2022-10-30T10:09:09.389Z - info: Building C:\repos\nus-cs2103\cs2103-website-base\schedule\week12\project as some of its dependencies were changed since the last visit
2022-10-30T10:09:29.774Z - info: Site data built
2022-10-30T10:09:29.775Z - info: Lazy website regeneration complete! Total build time: 20.386s
2022-10-30T10:11:13.852Z - info: [6:11:13 pm] Reload for file change: C:\repos\nus-cs2103\cs2103-website-base\admin\tp-tasks-fragment.md
2022-10-30T10:11:13.853Z - info: Synchronizing opened pages list before reload
2022-10-30T10:11:13.853Z - info: Current opened pages, from most-to-least recent:
2022-10-30T10:11:13.854Z - info: 1. schedule/week12/project
2022-10-30T10:11:14.873Z - info: Rebuilding 1 pages
2022-10-30T10:11:18.544Z - info: Site data built
2022-10-30T10:11:18.545Z - info: Pages rebuilt
2022-10-30T10:11:18.545Z - info: Website regeneration complete! Total build time: 3.673s
2022-10-30T10:12:33.485Z - info: [6:12:33 pm] Reload for file change: C:\repos\nus-cs2103\cs2103-website-base\admin\tp-tasks-fragment.md
2022-10-30T10:12:33.486Z - info: Synchronizing opened pages list before reload
2022-10-30T10:12:33.486Z - info: Current opened pages, from most-to-least recent:
2022-10-30T10:12:33.487Z - info: 1. schedule/week12/project
2022-10-30T10:12:34.505Z - info: Rebuilding 1 pages
2022-10-30T10:12:37.716Z - info: Site data built
2022-10-30T10:12:37.717Z - info: Pages rebuilt
2022-10-30T10:12:37.717Z - info: Website regeneration complete! Total build time: 3.213s
2022-10-30T10:13:38.232Z - info: [6:13:38 pm] Reload for file change: C:\repos\nus-cs2103\cs2103-website-base\admin\tp-tasks-fragment.md
2022-10-30T10:13:38.233Z - info: Synchronizing opened pages list before reload
2022-10-30T10:13:38.233Z - info: Current opened pages, from most-to-least recent:
2022-10-30T10:13:38.234Z - info: 1. schedule/week12/project
2022-10-30T10:13:39.240Z - info: Rebuilding 1 pages
2022-10-30T10:13:42.413Z - info: Site data built
2022-10-30T10:13:42.413Z - info: Pages rebuilt
2022-10-30T10:13:42.413Z - info: Website regeneration complete! Total build time: 3.174s
2022-10-30T10:13:55.718Z - info: [6:13:55 pm] Reload for file change: C:\repos\nus-cs2103\cs2103-website-base\admin\tp-tasks-fragment.md
2022-10-30T10:13:55.718Z - info: Synchronizing opened pages list before reload
2022-10-30T10:13:55.718Z - info: Current opened pages, from most-to-least recent:
2022-10-30T10:13:55.718Z - info: 1. schedule/week12/project
2022-10-30T10:13:56.735Z - info: Rebuilding 1 pages
2022-10-30T10:13:59.057Z - info: Site data built
2022-10-30T10:13:59.057Z - info: Pages rebuilt
2022-10-30T10:13:59.057Z - info: Website regeneration complete! Total build time: 2.323s
2022-10-30T10:15:40.460Z - info: [6:15:40 pm] Reload for file change: C:\repos\nus-cs2103\cs2103-website-base\admin\tp-tasks-fragment.md
2022-10-30T10:15:40.461Z - info: Synchronizing opened pages list before reload
2022-10-30T10:15:40.461Z - info: Current opened pages, from most-to-least recent:
2022-10-30T10:15:40.461Z - info: 1. schedule/week12/project
2022-10-30T10:15:41.476Z - info: Rebuilding 1 pages
2022-10-30T10:15:44.810Z - info: Site data built
2022-10-30T10:15:44.811Z - info: Pages rebuilt
2022-10-30T10:15:44.811Z - info: Website regeneration complete! Total build time: 3.336s
2022-10-30T10:16:04.095Z - info: [6:16:04 pm] Reload for file change: C:\repos\nus-cs2103\cs2103-website-base\admin\tp-tasks-fragment.md
2022-10-30T10:16:04.096Z - info: Synchronizing opened pages list before reload
2022-10-30T10:16:04.096Z - info: Current opened pages, from most-to-least recent:
2022-10-30T10:16:04.097Z - info: 1. schedule/week12/project
2022-10-30T10:16:05.121Z - info: Rebuilding 1 pages
2022-10-30T10:16:08.115Z - info: Site data built
2022-10-30T10:16:08.116Z - info: Pages rebuilt
2022-10-30T10:16:08.116Z - info: Website regeneration complete! Total build time: 2.996s
2022-10-30T10:17:37.462Z - info: [6:17:37 pm] Reload for file change: C:\repos\nus-cs2103\cs2103-website-base\admin\tp-tasks-fragment.md
2022-10-30T10:17:37.462Z - info: Synchronizing opened pages list before reload
2022-10-30T10:17:37.462Z - info: Current opened pages, from most-to-least recent:
2022-10-30T10:17:37.463Z - info: 1. schedule/week12/project
2022-10-30T10:17:38.485Z - info: Rebuilding 1 pages
2022-10-30T10:17:41.583Z - info: Site data built
2022-10-30T10:17:41.584Z - info: Pages rebuilt
2022-10-30T10:17:41.584Z - info: Website regeneration complete! Total build time: 3.1s
2022-10-30T10:19:27.660Z - info: [6:19:27 pm] Reload for file change: C:\repos\nus-cs2103\cs2103-website-base\admin\tp-tasks-fragment.md
2022-10-30T10:19:27.660Z - info: Synchronizing opened pages list before reload
2022-10-30T10:19:27.661Z - info: Current opened pages, from most-to-least recent:
2022-10-30T10:19:27.661Z - info: 1. schedule/week12/project
2022-10-30T10:19:28.678Z - info: Rebuilding 1 pages
2022-10-30T10:19:31.704Z - info: Site data built
2022-10-30T10:19:31.704Z - info: Pages rebuilt
2022-10-30T10:19:31.705Z - info: Website regeneration complete! Total build time: 3.027s
2022-10-30T10:20:52.761Z - info: Website generation started at 6:20:50 pm
2022-10-30T10:21:05.091Z - info: Building assets...
2022-10-30T10:21:13.902Z - info: Assets built
2022-10-30T10:21:13.903Z - info: Generating pages...
2022-10-30T10:21:30.682Z - debug:  
2022-10-30T10:21:30.683Z - debug:  
2022-10-30T10:21:30.683Z - debug:  
2022-10-30T10:21:30.683Z - debug:  
2022-10-30T10:21:30.684Z - debug:  
2022-10-30T10:21:30.702Z - debug:  
2022-10-30T10:21:30.703Z - debug:  
2022-10-30T10:21:30.703Z - debug:  
2022-10-30T10:21:30.703Z - debug:  
2022-10-30T10:21:30.703Z - debug:  
2022-10-30T10:21:30.704Z - debug:  
2022-10-30T10:21:30.704Z - debug:  
2022-10-30T10:23:51.988Z - debug:  
2022-10-30T10:24:07.256Z - debug:  
2022-10-30T10:24:07.262Z - debug:  
2022-10-30T10:28:17.973Z - info: Website generation started at 6:28:12 pm
2022-10-30T10:28:29.787Z - info: Building assets...
2022-10-30T10:28:38.143Z - info: Assets built
2022-10-30T10:28:38.144Z - info: Generating pages...
2022-10-30T10:28:51.588Z - debug:  
2022-10-30T10:28:51.724Z - debug:  
2022-10-30T10:28:51.725Z - debug:  
2022-10-30T10:28:54.000Z - debug:  
2022-10-30T10:28:54.000Z - debug:  
2022-10-30T10:28:54.001Z - debug:  
2022-10-30T10:28:54.002Z - debug:  
2022-10-30T10:28:54.002Z - debug:  
2022-10-30T10:28:54.002Z - debug:  
2022-10-30T10:28:54.003Z - debug:  
2022-10-30T10:28:54.003Z - debug:  
2022-10-30T10:28:54.003Z - debug:  
2022-10-30T10:30:54.934Z - debug:  
2022-10-30T10:31:07.849Z - debug:  
2022-10-30T10:31:07.854Z - debug:  
2022-10-30T10:31:16.683Z - info: Pages built
2022-10-30T10:31:17.736Z - info: Site data built
2022-10-30T10:31:17.737Z - info: Website generation complete! Total build time: 185.079s
2022-10-30T10:31:17.737Z - info: Build success!
2022-10-30T10:33:09.786Z - info: The website has been deployed at: https://nus-cs2103-ay2223s1.github.io/website
2022-10-30T10:45:10.956Z - info: Website generation started at 6:45:05 pm
2022-10-30T10:45:23.954Z - info: Building assets...
2022-10-30T10:45:32.602Z - info: Assets built
2022-10-30T10:45:32.603Z - info: Generating pages...
2022-10-30T10:45:48.584Z - debug:  
2022-10-30T10:45:48.585Z - debug:  
2022-10-30T10:45:48.585Z - debug:  
2022-10-30T10:45:48.586Z - debug:  
2022-10-30T10:45:48.586Z - debug:  
2022-10-30T10:45:48.586Z - debug:  
2022-10-30T10:45:48.587Z - debug:  
2022-10-30T10:45:48.587Z - debug:  
2022-10-30T10:45:48.587Z - debug:  
2022-10-30T10:45:48.588Z - debug:  
2022-10-30T10:45:48.588Z - debug:  
2022-10-30T10:45:48.588Z - debug:  
2022-10-30T10:48:25.522Z - debug:  
2022-10-30T10:48:42.618Z - debug:  
2022-10-30T10:48:42.620Z - debug:  
2022-10-30T10:48:54.886Z - info: Pages built
2022-10-30T10:48:56.389Z - info: Site data built
2022-10-30T10:48:56.389Z - info: Website generation complete! Total build time: 231.016s
2022-10-30T10:48:56.390Z - info: Build success!
2022-10-30T10:51:46.093Z - info: The website has been deployed at: https://nus-cs2103-ay2223s1.github.io/website
