2022-09-19T17:37:17.939Z - info: Website generation (lazy) started at 1:37:11 am
2022-09-19T17:37:40.239Z - info: Building assets...
2022-09-19T17:37:52.460Z - info: Assets built
2022-09-19T17:37:52.460Z - info: Generating landing page...
2022-09-19T17:37:54.247Z - info: Landing page built, other pages will be built as you navigate to them!
2022-09-19T17:37:56.056Z - info: Site data built
2022-09-19T17:37:56.056Z - info: Website generation (lazy) complete! Total build time: 44.735s
2022-09-19T17:37:57.194Z - info: Serving "C:\repos\nus-cs2103\cs2103-website-base\_site" at http://127.0.0.1:8080
2022-09-19T17:37:57.194Z - info: Press CTRL+C to stop ...
2022-09-19T17:38:13.672Z - info: Building C:\repos\nus-cs2103\cs2103-website-base\schedule\week7\project as some of its dependencies were changed since the last visit
2022-09-19T17:38:33.407Z - info: Site data built
2022-09-19T17:38:33.408Z - info: Lazy website regeneration complete! Total build time: 19.737s
2022-09-19T17:39:36.479Z - info: Building C:\repos\nus-cs2103\cs2103-website-base\schedule\week7\topics as some of its dependencies were changed since the last visit
2022-09-19T17:39:39.498Z - info: Site data built
2022-09-19T17:39:39.499Z - info: Lazy website regeneration complete! Total build time: 3.02s
2022-09-19T17:39:40.484Z - info: Building C:\repos\nus-cs2103\cs2103-website-base\schedule\week7\topics as some of its dependencies were changed since the last visit
2022-09-19T17:39:42.320Z - info: Site data built
2022-09-19T17:39:42.321Z - info: Lazy website regeneration complete! Total build time: 1.837s
2022-09-19T17:41:27.575Z - info: [1:41:27 am] Reload for file change: C:\repos\nus-cs2103\cs2103-website-base\book\gitAndGithub\forkingWorkflow\text.md
2022-09-19T17:41:27.576Z - info: Synchronizing opened pages list before reload
2022-09-19T17:41:27.576Z - info: Current opened pages, from most-to-least recent:
2022-09-19T17:41:27.577Z - info: 1. schedule/week7/topics
2022-09-19T17:41:27.604Z - info: [1:41:27 am] Reload for file change: C:\repos\nus-cs2103\cs2103-website-base\admin\appendixE-gitHub.md
2022-09-19T17:41:27.604Z - info: Synchronizing opened pages list before reload
2022-09-19T17:41:27.605Z - info: Current opened pages, from most-to-least recent:
2022-09-19T17:41:27.605Z - info: 1. schedule/week7/topics
2022-09-19T17:41:28.595Z - info: Rebuilding 1 pages
2022-09-19T17:41:53.719Z - info: Website generation started at 1:41:51 am
2022-09-19T17:42:04.669Z - info: Building assets...
2022-09-19T17:42:11.948Z - info: Assets built
2022-09-19T17:42:11.949Z - info: Generating pages...
2022-09-19T17:42:23.602Z - debug:  
2022-09-19T17:42:23.694Z - debug:  
2022-09-19T17:42:23.707Z - debug:  
2022-09-19T17:42:25.942Z - debug:  
2022-09-19T17:42:25.943Z - debug:  
2022-09-19T17:42:25.943Z - debug:  
2022-09-19T17:42:25.943Z - debug:  
2022-09-19T17:42:25.943Z - debug:  
2022-09-19T17:42:25.943Z - debug:  
2022-09-19T17:42:25.944Z - debug:  
2022-09-19T17:42:25.944Z - debug:  
2022-09-19T17:42:25.944Z - debug:  
2022-09-19T17:44:25.127Z - debug:  
2022-09-19T17:44:37.430Z - debug:  
2022-09-19T17:44:37.430Z - debug:  
2022-09-19T17:44:46.554Z - info: Pages built
2022-09-19T17:44:47.623Z - info: Site data built
2022-09-19T17:44:47.623Z - info: Website generation complete! Total build time: 175.713s
2022-09-19T17:44:47.624Z - info: Build success!
2022-09-19T17:47:00.711Z - info: The website has been deployed at: https://nus-cs2103-ay2223s1.github.io/website
