2022-09-22T15:02:22.607Z - info: Website generation (lazy) started at 11:02:14 pm
2022-09-22T15:02:38.195Z - info: Building assets...
2022-09-22T15:02:47.205Z - info: Assets built
2022-09-22T15:02:47.206Z - info: Generating landing page...
2022-09-22T15:02:49.447Z - info: Landing page built, other pages will be built as you navigate to them!
2022-09-22T15:02:50.986Z - info: Site data built
2022-09-22T15:02:50.986Z - info: Website generation (lazy) complete! Total build time: 36.658s
2022-09-22T15:02:52.136Z - info: Serving "C:\repos\nus-cs2103\cs2103-website-base\_site" at http://127.0.0.1:8080
2022-09-22T15:02:52.136Z - info: Press CTRL+C to stop ...
2022-09-22T15:04:29.871Z - info: [11:04:29 pm] Reload for file add: C:\repos\nus-cs2103\cs2103-website-base\admin\overview-for-teachers.md
2022-09-22T15:04:29.871Z - info: Synchronizing opened pages list before reload
2022-09-22T15:04:29.872Z - info: Current opened pages, from most-to-least recent:
2022-09-22T15:04:29.872Z - info: 1. index
2022-09-22T15:04:37.515Z - info: Pages or site config modified, updating pages...
2022-09-22T15:04:43.789Z - info: Building C:\repos\nus-cs2103\cs2103-website-base\index as some of its dependencies were changed since the last visit
2022-09-22T15:04:45.068Z - info: Site data built
2022-09-22T15:04:45.069Z - info: Lazy website regeneration complete! Total build time: 1.279s
2022-09-22T15:05:06.889Z - info: [11:05:06 pm] Reload for file change: C:\repos\nus-cs2103\cs2103-website-base\admin\overview-for-teachers.md
2022-09-22T15:05:06.890Z - info: Synchronizing opened pages list before reload
2022-09-22T15:05:06.891Z - info: Current opened pages, from most-to-least recent:
2022-09-22T15:05:06.891Z - info: 1. index
2022-09-22T15:05:07.907Z - info: Assets built
2022-09-22T15:05:26.789Z - info: Building C:\repos\nus-cs2103\cs2103-website-base\admin\overview-for-teachers as some of its dependencies were changed since the last visit
2022-09-22T15:05:27.387Z - info: Site data built
2022-09-22T15:05:27.387Z - info: Lazy website regeneration complete! Total build time: 0.598s
2022-09-22T15:05:28.250Z - info: Building C:\repos\nus-cs2103\cs2103-website-base\admin\overview-for-teachers as some of its dependencies were changed since the last visit
2022-09-22T15:05:28.318Z - info: Site data built
2022-09-22T15:05:28.319Z - info: Lazy website regeneration complete! Total build time: 0.07s
2022-09-22T15:05:56.074Z - info: [11:05:56 pm] Reload for file change: C:\repos\nus-cs2103\cs2103-website-base\admin\overview-for-teachers.md
2022-09-22T15:05:56.074Z - info: Synchronizing opened pages list before reload
2022-09-22T15:05:56.075Z - info: Current opened pages, from most-to-least recent:
2022-09-22T15:05:56.075Z - info: 1. admin/overview-for-teachers
2022-09-22T15:05:57.083Z - info: Rebuilding 1 pages
2022-09-22T15:05:57.146Z - info: Site data built
2022-09-22T15:05:57.146Z - info: Pages rebuilt
2022-09-22T15:05:57.147Z - info: Website regeneration complete! Total build time: 0.065s
2022-09-22T15:09:05.576Z - info: [11:09:05 pm] Reload for file change: C:\repos\nus-cs2103\cs2103-website-base\admin\overview-for-teachers.md
2022-09-22T15:09:05.577Z - info: Synchronizing opened pages list before reload
2022-09-22T15:09:05.577Z - info: Current opened pages, from most-to-least recent:
2022-09-22T15:09:05.577Z - info: 1. admin/overview-for-teachers
2022-09-22T15:09:06.586Z - info: Rebuilding 1 pages
2022-09-22T15:09:06.649Z - info: Site data built
2022-09-22T15:09:06.649Z - info: Pages rebuilt
2022-09-22T15:09:06.650Z - info: Website regeneration complete! Total build time: 0.064s
2022-09-22T15:12:27.459Z - info: [11:12:27 pm] Reload for file change: C:\repos\nus-cs2103\cs2103-website-base\admin\overview-for-teachers.md
2022-09-22T15:12:27.459Z - info: Synchronizing opened pages list before reload
2022-09-22T15:12:27.459Z - info: Current opened pages, from most-to-least recent:
2022-09-22T15:12:27.459Z - info: 1. admin/overview-for-teachers
2022-09-22T15:12:28.463Z - info: Rebuilding 1 pages
2022-09-22T15:12:28.508Z - info: Site data built
2022-09-22T15:12:28.508Z - info: Pages rebuilt
2022-09-22T15:12:28.508Z - info: Website regeneration complete! Total build time: 0.046s
2022-09-22T15:21:19.205Z - info: [11:21:19 pm] Reload for file change: C:\repos\nus-cs2103\cs2103-website-base\admin\overview-for-teachers.md
2022-09-22T15:21:19.206Z - info: Synchronizing opened pages list before reload
2022-09-22T15:21:19.206Z - info: Current opened pages, from most-to-least recent:
2022-09-22T15:21:19.206Z - info: 1. admin/overview-for-teachers
2022-09-22T15:21:20.229Z - info: Rebuilding 1 pages
2022-09-22T15:21:20.324Z - info: Site data built
2022-09-22T15:21:20.324Z - info: Pages rebuilt
2022-09-22T15:21:20.324Z - info: Website regeneration complete! Total build time: 0.096s
2022-09-22T15:22:37.583Z - info: [11:22:37 pm] Reload for file change: C:\repos\nus-cs2103\cs2103-website-base\admin\overview-for-teachers.md
2022-09-22T15:22:37.584Z - info: Synchronizing opened pages list before reload
2022-09-22T15:22:37.584Z - info: Current opened pages, from most-to-least recent:
2022-09-22T15:22:37.584Z - info: 1. admin/overview-for-teachers
2022-09-22T15:22:38.591Z - info: Rebuilding 1 pages
2022-09-22T15:22:38.656Z - info: Site data built
2022-09-22T15:22:38.656Z - info: Pages rebuilt
2022-09-22T15:22:38.657Z - info: Website regeneration complete! Total build time: 0.066s
2022-09-22T15:24:09.532Z - info: [11:24:09 pm] Reload for file change: C:\repos\nus-cs2103\cs2103-website-base\admin\overview-for-teachers.md
2022-09-22T15:24:09.533Z - info: Synchronizing opened pages list before reload
2022-09-22T15:24:09.533Z - info: Current opened pages, from most-to-least recent:
2022-09-22T15:24:09.533Z - info: 1. admin/overview-for-teachers
2022-09-22T15:24:10.552Z - info: Rebuilding 1 pages
2022-09-22T15:24:10.627Z - info: Site data built
2022-09-22T15:24:10.627Z - info: Pages rebuilt
2022-09-22T15:24:10.627Z - info: Website regeneration complete! Total build time: 0.075s
2022-09-22T15:28:30.312Z - info: [11:28:30 pm] Reload for file change: C:\repos\nus-cs2103\cs2103-website-base\admin\overview-for-teachers.md
2022-09-22T15:28:30.312Z - info: Synchronizing opened pages list before reload
2022-09-22T15:28:30.312Z - info: Current opened pages, from most-to-least recent:
2022-09-22T15:28:30.313Z - info: 1. admin/overview-for-teachers
2022-09-22T15:28:31.325Z - info: Rebuilding 1 pages
2022-09-22T15:28:31.387Z - info: Site data built
2022-09-22T15:28:31.387Z - info: Pages rebuilt
2022-09-22T15:28:31.387Z - info: Website regeneration complete! Total build time: 0.063s
2022-09-22T15:28:58.087Z - info: [11:28:58 pm] Reload for file change: C:\repos\nus-cs2103\cs2103-website-base\admin\overview-for-teachers.md
2022-09-22T15:28:58.087Z - info: Synchronizing opened pages list before reload
2022-09-22T15:28:58.088Z - info: Current opened pages, from most-to-least recent:
2022-09-22T15:28:58.088Z - info: 1. admin/overview-for-teachers
2022-09-22T15:28:59.103Z - info: Rebuilding 1 pages
2022-09-22T15:28:59.153Z - info: Site data built
2022-09-22T15:28:59.154Z - info: Pages rebuilt
2022-09-22T15:28:59.154Z - info: Website regeneration complete! Total build time: 0.052s
2022-09-22T15:44:52.954Z - info: [11:44:52 pm] Reload for file change: C:\repos\nus-cs2103\cs2103-website-base\admin\overview-for-teachers.md
2022-09-22T15:44:52.954Z - info: Synchronizing opened pages list before reload
2022-09-22T15:44:52.955Z - info: Current opened pages, from most-to-least recent:
2022-09-22T15:44:52.955Z - info: 1. admin/overview-for-teachers
2022-09-22T15:44:53.968Z - info: Rebuilding 1 pages
2022-09-22T15:44:54.045Z - info: Site data built
2022-09-22T15:44:54.046Z - info: Pages rebuilt
2022-09-22T15:44:54.046Z - info: Website regeneration complete! Total build time: 0.079s
