2022-11-13T17:34:37.516Z - info: Website generation (lazy) started at 1:34:33 am
2022-11-13T17:34:47.303Z - info: Building assets...
2022-11-13T17:34:53.851Z - info: Assets built
2022-11-13T17:34:53.852Z - info: Generating landing page...
2022-11-13T17:34:54.619Z - info: Landing page built, other pages will be built as you navigate to them!
2022-11-13T17:34:55.600Z - info: Site data built
2022-11-13T17:34:55.600Z - info: Website generation (lazy) complete! Total build time: 21.997s
2022-11-13T17:34:57.378Z - info: Serving "C:\repos\nus-cs2103\cs2103-website-base\_site" at http://127.0.0.1:59921
2022-11-13T17:34:57.379Z - info: Press CTRL+C to stop ...
2022-11-13T17:35:21.492Z - info: [1:35:21 am] Reload for file change: C:\repos\nus-cs2103\cs2103-website-base\_module-TIC2002\textbookTopics-fragment.md
2022-11-13T17:35:21.492Z - info: Synchronizing opened pages list before reload
2022-11-13T17:35:21.492Z - info: Current opened pages, from most-to-least recent:
2022-11-13T17:35:21.493Z - info: 1. index
2022-11-13T17:35:22.578Z - info: Rebuilding 1 pages
2022-11-13T17:35:22.965Z - info: Site data built
2022-11-13T17:35:22.966Z - info: Pages rebuilt
2022-11-13T17:35:22.966Z - info: Website regeneration complete! Total build time: 0.391s
2022-11-13T17:35:25.292Z - info: Building C:\repos\nus-cs2103\cs2103-website-base\se-book-adapted\index as some of its dependencies were changed since the last visit
2022-11-13T17:35:25.538Z - info: Site data built
2022-11-13T17:35:25.539Z - info: Lazy website regeneration complete! Total build time: 0.248s
2022-11-13T17:35:28.865Z - info: Building C:\repos\nus-cs2103\cs2103-website-base\se-book-adapted\print as some of its dependencies were changed since the last visit
2022-11-13T17:35:39.555Z - debug:  
2022-11-13T17:35:39.556Z - debug:  
2022-11-13T17:35:39.617Z - debug:  
2022-11-13T17:35:39.665Z - debug:  
2022-11-13T17:35:39.967Z - debug:  
2022-11-13T17:35:41.430Z - debug:  
2022-11-13T17:35:41.431Z - debug:  
2022-11-13T17:35:41.431Z - debug:  
2022-11-13T17:35:41.431Z - debug:  
2022-11-13T17:35:41.431Z - debug:  
2022-11-13T17:35:41.431Z - debug:  
2022-11-13T17:35:42.009Z - info: Site data built
2022-11-13T17:35:42.009Z - info: Lazy website regeneration complete! Total build time: 13.144s
2022-11-14T05:42:19.908Z - info: Website generation (lazy) started at 1:42:18 pm
2022-11-14T05:42:32.089Z - info: Building assets...
2022-11-14T05:42:39.627Z - info: Assets built
2022-11-14T05:42:39.628Z - info: Generating landing page...
2022-11-14T05:42:40.917Z - info: Landing page built, other pages will be built as you navigate to them!
2022-11-14T05:42:41.978Z - info: Site data built
2022-11-14T05:42:41.979Z - info: Website generation (lazy) complete! Total build time: 23.896s
2022-11-14T05:42:42.894Z - info: Serving "C:\repos\nus-cs2103\cs2103-website-base\_site" at http://127.0.0.1:8080
2022-11-14T05:42:42.895Z - info: Press CTRL+C to stop ...
2022-11-14T05:45:43.806Z - info: [1:45:43 pm] Reload for file change: C:\repos\nus-cs2103\cs2103-website-base\admin\exams.md
2022-11-14T05:45:43.806Z - info: Synchronizing opened pages list before reload
2022-11-14T05:45:43.807Z - info: Current opened pages, from most-to-least recent:
2022-11-14T05:45:43.807Z - info: 1. index
2022-11-14T05:45:44.820Z - info: Assets built
2022-11-14T05:47:20.270Z - info: [1:47:20 pm] Reload for file change: C:\repos\nus-cs2103\cs2103-website-base\admin\exams.md
2022-11-14T05:47:20.270Z - info: Synchronizing opened pages list before reload
2022-11-14T05:47:20.270Z - info: Current opened pages, from most-to-least recent:
2022-11-14T05:47:20.271Z - info: 1. index
2022-11-14T05:47:21.281Z - info: Assets built
2022-11-14T05:47:26.418Z - info: Building C:\repos\nus-cs2103\cs2103-website-base\admin\exams as some of its dependencies were changed since the last visit
2022-11-14T05:47:27.181Z - info: Site data built
2022-11-14T05:47:27.182Z - info: Lazy website regeneration complete! Total build time: 0.765s
2022-11-14T05:47:41.407Z - info: [1:47:41 pm] Reload for file change: C:\repos\nus-cs2103\cs2103-website-base\admin\exams.md
2022-11-14T05:47:41.408Z - info: Synchronizing opened pages list before reload
2022-11-14T05:47:41.408Z - info: Current opened pages, from most-to-least recent:
2022-11-14T05:47:41.408Z - info: 1. admin/exams
2022-11-14T05:47:42.414Z - info: Rebuilding 1 pages
2022-11-14T05:47:42.670Z - info: Site data built
2022-11-14T05:47:42.670Z - info: Pages rebuilt
2022-11-14T05:47:42.670Z - info: Website regeneration complete! Total build time: 0.257s
2022-11-14T05:48:35.308Z - info: [1:48:35 pm] Reload for file change: C:\repos\nus-cs2103\cs2103-website-base\admin\exams.md
2022-11-14T05:48:35.308Z - info: Synchronizing opened pages list before reload
2022-11-14T05:48:35.308Z - info: Current opened pages, from most-to-least recent:
2022-11-14T05:48:35.308Z - info: 1. admin/exams
2022-11-14T05:48:36.326Z - info: Rebuilding 1 pages
2022-11-14T05:48:36.709Z - info: Site data built
2022-11-14T05:48:36.709Z - info: Pages rebuilt
2022-11-14T05:48:36.709Z - info: Website regeneration complete! Total build time: 0.384s
2022-11-14T05:49:33.503Z - info: [1:49:33 pm] Reload for file change: C:\repos\nus-cs2103\cs2103-website-base\admin\exams-f2f.md
2022-11-14T05:49:33.504Z - info: Synchronizing opened pages list before reload
2022-11-14T05:49:33.504Z - info: Current opened pages, from most-to-least recent:
2022-11-14T05:49:33.504Z - info: 1. admin/exams
2022-11-14T05:49:34.524Z - info: Assets built
2022-11-14T05:49:56.321Z - info: [1:49:56 pm] Reload for file change: C:\repos\nus-cs2103\cs2103-website-base\admin\exams.md
2022-11-14T05:49:56.322Z - info: Synchronizing opened pages list before reload
2022-11-14T05:49:56.322Z - info: Current opened pages, from most-to-least recent:
2022-11-14T05:49:56.322Z - info: 1. admin/exams
2022-11-14T05:49:57.333Z - info: Rebuilding 1 pages
2022-11-14T05:49:57.611Z - info: Site data built
2022-11-14T05:49:57.611Z - info: Pages rebuilt
2022-11-14T05:49:57.611Z - info: Website regeneration complete! Total build time: 0.279s
2022-11-14T05:50:26.660Z - info: Website generation started at 1:50:24 pm
2022-11-14T05:50:42.525Z - info: Building assets...
2022-11-14T05:50:51.793Z - info: Assets built
2022-11-14T05:50:51.794Z - info: Generating pages...
2022-11-14T05:51:13.277Z - debug:  
2022-11-14T05:51:13.278Z - debug:  
2022-11-14T05:51:13.278Z - debug:  
2022-11-14T05:51:13.278Z - debug:  
2022-11-14T05:51:13.279Z - debug:  
2022-11-14T05:51:13.279Z - debug:  
2022-11-14T05:51:13.279Z - debug:  
2022-11-14T05:51:13.279Z - debug:  
2022-11-14T05:51:13.280Z - debug:  
2022-11-14T05:51:13.280Z - debug:  
2022-11-14T05:51:13.280Z - debug:  
2022-11-14T05:51:13.281Z - debug:  
2022-11-14T05:53:26.323Z - debug:  
2022-11-14T05:53:40.442Z - debug:  
2022-11-14T05:53:41.670Z - debug:  
2022-11-14T05:53:49.906Z - info: Pages built
2022-11-14T05:53:51.126Z - info: Site data built
2022-11-14T05:53:51.127Z - info: Website generation complete! Total build time: 206.588s
2022-11-14T05:53:51.127Z - info: Build success!
2022-11-14T05:56:27.695Z - info: The website has been deployed at: https://nus-cs2103-ay2223s1.github.io/website
2022-11-14T14:57:59.711Z - info: Website generation (lazy) started at 10:57:54 pm
2022-11-14T14:58:10.789Z - info: Building assets...
2022-11-14T14:58:19.133Z - info: Assets built
2022-11-14T14:58:19.133Z - info: Generating landing page...
2022-11-14T14:58:20.467Z - info: Landing page built, other pages will be built as you navigate to them!
2022-11-14T14:58:21.980Z - info: Site data built
2022-11-14T14:58:21.980Z - info: Website generation (lazy) complete! Total build time: 27.815s
2022-11-14T14:58:24.874Z - info: Serving "C:\repos\nus-cs2103\cs2103-website-base\_site" at http://127.0.0.1:53993
2022-11-14T14:58:24.874Z - info: Press CTRL+C to stop ...
2022-11-14T15:00:34.300Z - info: Building C:\repos\nus-cs2103\cs2103-website-base\se-book-adapted\index as some of its dependencies were changed since the last visit
2022-11-14T15:00:34.987Z - info: Site data built
2022-11-14T15:00:34.987Z - info: Lazy website regeneration complete! Total build time: 0.69s
2022-11-14T15:00:42.158Z - info: Building C:\repos\nus-cs2103\cs2103-website-base\se-book-adapted\chapters\uml as some of its dependencies were changed since the last visit
2022-11-14T15:00:52.257Z - info: Site data built
2022-11-14T15:00:52.258Z - info: Lazy website regeneration complete! Total build time: 10.099s
2022-11-14T15:00:54.981Z - debug:  
2022-11-14T15:00:55.256Z - debug:  
2022-11-14T15:00:56.440Z - debug:  
2022-11-14T15:00:56.557Z - debug:  
2022-11-14T15:00:58.083Z - debug:  
2022-11-14T15:00:58.283Z - debug:  
2022-11-14T15:00:58.382Z - debug:  
2022-11-14T15:00:58.480Z - debug:  
2022-11-14T15:00:58.599Z - debug:  
2022-11-14T15:00:58.814Z - debug:  
2022-11-14T15:04:23.391Z - info: Website generation started at 11:04:20 pm
2022-11-14T15:04:41.110Z - info: Building assets...
