2022-11-04T18:16:09.465Z - info: Website generation (lazy) started at 2:16:02 am
2022-11-04T18:16:25.938Z - info: Building assets...
2022-11-04T18:16:36.032Z - info: Assets built
2022-11-04T18:16:36.033Z - info: Generating landing page...
2022-11-04T18:16:37.630Z - info: Landing page built, other pages will be built as you navigate to them!
2022-11-04T18:16:38.788Z - info: Site data built
2022-11-04T18:16:38.788Z - info: Website generation (lazy) complete! Total build time: 36.487s
2022-11-04T18:16:39.870Z - info: Serving "C:\repos\nus-cs2103\cs2103-website-base\_site" at http://127.0.0.1:8080
2022-11-04T18:16:39.871Z - info: Press CTRL+C to stop ...
2022-11-04T18:16:42.473Z - info: [2:16:42 am] Reload for file change: C:\repos\nus-cs2103\cs2103-website-base\admin\tp-pe-fragment.md
2022-11-04T18:16:42.473Z - info: Synchronizing opened pages list before reload
2022-11-04T18:16:42.474Z - info: No pages are currently opened
2022-11-04T18:16:44.712Z - info: Assets built
2022-11-04T18:17:08.820Z - info: [2:17:08 am] Reload for file change: C:\repos\nus-cs2103\cs2103-website-base\admin\tp-pe-fragment.md
2022-11-04T18:17:08.820Z - info: Synchronizing opened pages list before reload
2022-11-04T18:17:08.820Z - info: Current opened pages, from most-to-least recent:
2022-11-04T18:17:08.821Z - info: 1. index
2022-11-04T18:17:09.832Z - info: Assets built
2022-11-04T18:17:47.579Z - info: Building C:\repos\nus-cs2103\cs2103-website-base\schedule\week13\project as some of its dependencies were changed since the last visit
2022-11-04T18:17:50.476Z - info: Site data built
2022-11-04T18:17:50.476Z - info: Lazy website regeneration complete! Total build time: 2.897s
2022-11-04T18:18:34.644Z - info: [2:18:34 am] Reload for file change: C:\repos\nus-cs2103\cs2103-website-base\admin\tp-pe-fragment.md
2022-11-04T18:18:34.645Z - info: Synchronizing opened pages list before reload
2022-11-04T18:18:34.645Z - info: Current opened pages, from most-to-least recent:
2022-11-04T18:18:34.646Z - info: 1. schedule/week13/project
2022-11-04T18:18:35.661Z - info: Rebuilding 1 pages
2022-11-04T18:18:37.819Z - info: Building C:\repos\nus-cs2103\cs2103-website-base\admin\index as some of its dependencies were changed since the last visit
2022-11-04T18:18:38.280Z - info: Site data built
2022-11-04T18:18:38.281Z - info: Pages rebuilt
2022-11-04T18:18:38.281Z - info: Website regeneration complete! Total build time: 2.621s
2022-11-04T18:18:38.303Z - info: Site data built
2022-11-04T18:18:38.303Z - info: Lazy website regeneration complete! Total build time: 0.484s
2022-11-04T18:18:47.255Z - info: Building C:\repos\nus-cs2103\cs2103-website-base\admin\tp-pe as some of its dependencies were changed since the last visit
2022-11-04T18:18:48.949Z - info: Site data built
2022-11-04T18:18:48.949Z - info: Lazy website regeneration complete! Total build time: 1.695s
2022-11-04T18:19:26.034Z - info: [2:19:26 am] Reload for file change: C:\repos\nus-cs2103\cs2103-website-base\admin\tp-pe-fragment.md
2022-11-04T18:19:26.034Z - info: Synchronizing opened pages list before reload
2022-11-04T18:19:26.035Z - info: Current opened pages, from most-to-least recent:
2022-11-04T18:19:26.035Z - info: 1. admin/tp-pe
2022-11-04T18:19:27.040Z - info: Rebuilding 1 pages
2022-11-04T18:19:29.048Z - info: Site data built
2022-11-04T18:19:29.048Z - info: Pages rebuilt
2022-11-04T18:19:29.048Z - info: Website regeneration complete! Total build time: 2.008s
2022-11-04T18:21:35.241Z - info: [2:21:35 am] Reload for file change: C:\repos\nus-cs2103\cs2103-website-base\admin\tp-pe-fragment.md
2022-11-04T18:21:35.241Z - info: Synchronizing opened pages list before reload
2022-11-04T18:21:35.242Z - info: Current opened pages, from most-to-least recent:
2022-11-04T18:21:35.242Z - info: 1. admin/tp-pe
2022-11-04T18:21:36.260Z - info: Rebuilding 1 pages
2022-11-04T18:21:38.430Z - info: Site data built
2022-11-04T18:21:38.431Z - info: Pages rebuilt
2022-11-04T18:21:38.431Z - info: Website regeneration complete! Total build time: 2.172s
2022-11-04T18:24:02.143Z - info: [2:24:02 am] Reload for file change: C:\repos\nus-cs2103\cs2103-website-base\admin\tp-pe-fragment.md
2022-11-04T18:24:02.144Z - info: Synchronizing opened pages list before reload
2022-11-04T18:24:02.144Z - info: Current opened pages, from most-to-least recent:
2022-11-04T18:24:02.145Z - info: 1. admin/tp-pe
2022-11-04T18:24:03.153Z - info: Rebuilding 1 pages
2022-11-04T18:24:04.972Z - info: Site data built
2022-11-04T18:24:04.973Z - info: Pages rebuilt
2022-11-04T18:24:04.973Z - info: Website regeneration complete! Total build time: 1.821s
2022-11-04T18:25:14.486Z - info: [2:25:14 am] Reload for file change: C:\repos\nus-cs2103\cs2103-website-base\admin\tp-pe-fragment.md
2022-11-04T18:25:14.487Z - info: Synchronizing opened pages list before reload
2022-11-04T18:25:14.487Z - info: Current opened pages, from most-to-least recent:
2022-11-04T18:25:14.487Z - info: 1. admin/tp-pe
2022-11-04T18:25:15.492Z - info: Rebuilding 1 pages
2022-11-04T18:25:17.351Z - info: Site data built
2022-11-04T18:25:17.351Z - info: Pages rebuilt
2022-11-04T18:25:17.351Z - info: Website regeneration complete! Total build time: 1.859s
2022-11-04T18:25:46.219Z - info: [2:25:46 am] Reload for file change: C:\repos\nus-cs2103\cs2103-website-base\admin\tp-pe-fragment.md
2022-11-04T18:25:46.219Z - info: Synchronizing opened pages list before reload
2022-11-04T18:25:46.220Z - info: Current opened pages, from most-to-least recent:
2022-11-04T18:25:46.220Z - info: 1. admin/tp-pe
2022-11-04T18:25:47.231Z - info: Rebuilding 1 pages
2022-11-04T18:25:48.978Z - info: Site data built
2022-11-04T18:25:48.978Z - info: Pages rebuilt
2022-11-04T18:25:48.979Z - info: Website regeneration complete! Total build time: 1.748s
2022-11-04T18:26:00.651Z - info: [2:26:00 am] Reload for file change: C:\repos\nus-cs2103\cs2103-website-base\admin\tp-pe-fragment.md
2022-11-04T18:26:00.651Z - info: Synchronizing opened pages list before reload
2022-11-04T18:26:00.651Z - info: Current opened pages, from most-to-least recent:
2022-11-04T18:26:00.652Z - info: 1. admin/tp-pe
2022-11-04T18:26:01.661Z - info: Rebuilding 1 pages
2022-11-04T18:26:03.065Z - info: Site data built
2022-11-04T18:26:03.065Z - info: Pages rebuilt
2022-11-04T18:26:03.065Z - info: Website regeneration complete! Total build time: 1.404s
2022-11-04T18:31:26.431Z - info: [2:31:26 am] Reload for file change: C:\repos\nus-cs2103\cs2103-website-base\admin\tp-pe-fragment.md
2022-11-04T18:31:26.431Z - info: Synchronizing opened pages list before reload
2022-11-04T18:31:26.431Z - info: Current opened pages, from most-to-least recent:
2022-11-04T18:31:26.432Z - info: 1. admin/tp-pe
2022-11-04T18:31:27.441Z - info: Rebuilding 1 pages
2022-11-04T18:31:29.156Z - info: Site data built
2022-11-04T18:31:29.157Z - info: Pages rebuilt
2022-11-04T18:31:29.157Z - info: Website regeneration complete! Total build time: 1.716s
2022-11-04T18:31:47.224Z - info: [2:31:47 am] Reload for file change: C:\repos\nus-cs2103\cs2103-website-base\admin\tp-pe-fragment.md
2022-11-04T18:31:47.225Z - info: Synchronizing opened pages list before reload
2022-11-04T18:31:47.225Z - info: Current opened pages, from most-to-least recent:
2022-11-04T18:31:47.226Z - info: 1. admin/tp-pe
2022-11-04T18:31:48.242Z - info: Rebuilding 1 pages
2022-11-04T18:31:49.932Z - info: Site data built
2022-11-04T18:31:49.932Z - info: Pages rebuilt
2022-11-04T18:31:49.932Z - info: Website regeneration complete! Total build time: 1.69s
2022-11-04T18:33:55.505Z - info: [2:33:55 am] Reload for file change: C:\repos\nus-cs2103\cs2103-website-base\admin\tp-pe-fragment.md
2022-11-04T18:33:55.506Z - info: Synchronizing opened pages list before reload
2022-11-04T18:33:55.506Z - info: Current opened pages, from most-to-least recent:
2022-11-04T18:33:55.506Z - info: 1. admin/tp-pe
2022-11-04T18:33:56.528Z - info: Rebuilding 1 pages
2022-11-04T18:34:00.096Z - info: Site data built
2022-11-04T18:34:00.097Z - info: Pages rebuilt
2022-11-04T18:34:00.097Z - info: Website regeneration complete! Total build time: 3.571s
2022-11-04T18:34:13.565Z - info: [2:34:13 am] Reload for file change: C:\repos\nus-cs2103\cs2103-website-base\admin\tp-pe-fragment.md
2022-11-04T18:34:13.566Z - info: Synchronizing opened pages list before reload
2022-11-04T18:34:13.566Z - info: Current opened pages, from most-to-least recent:
2022-11-04T18:34:13.567Z - info: 1. admin/tp-pe
2022-11-04T18:34:14.604Z - info: Rebuilding 1 pages
2022-11-04T18:34:19.543Z - info: Site data built
2022-11-04T18:34:19.544Z - info: Pages rebuilt
2022-11-04T18:34:19.544Z - info: Website regeneration complete! Total build time: 4.942s
2022-11-04T18:36:31.849Z - info: [2:36:31 am] Reload for file change: C:\repos\nus-cs2103\cs2103-website-base\admin\tp-tasks-fragment.md
2022-11-04T18:36:31.850Z - info: Synchronizing opened pages list before reload
2022-11-04T18:36:31.851Z - info: Current opened pages, from most-to-least recent:
2022-11-04T18:36:31.851Z - info: 1. admin/tp-pe
2022-11-04T18:36:32.880Z - info: Rebuilding 1 pages
2022-11-04T18:36:41.234Z - info: Site data built
2022-11-04T18:36:41.235Z - info: Pages rebuilt
2022-11-04T18:36:41.236Z - info: Website regeneration complete! Total build time: 8.364s
2022-11-04T18:36:45.002Z - info: Building C:\repos\nus-cs2103\cs2103-website-base\schedule\week13\project as some of its dependencies were changed since the last visit
2022-11-04T18:36:54.853Z - info: Site data built
2022-11-04T18:36:54.854Z - info: Lazy website regeneration complete! Total build time: 9.851s
2022-11-04T18:37:27.033Z - info: [2:37:27 am] Reload for file change: C:\repos\nus-cs2103\cs2103-website-base\admin\tp-tasks-fragment.md
2022-11-04T18:37:27.033Z - info: Synchronizing opened pages list before reload
2022-11-04T18:37:27.033Z - info: Current opened pages, from most-to-least recent:
2022-11-04T18:37:27.033Z - info: 1. schedule/week13/project
2022-11-04T18:37:28.050Z - info: Rebuilding 1 pages
2022-11-04T18:37:32.524Z - info: Site data built
2022-11-04T18:37:32.524Z - info: Pages rebuilt
2022-11-04T18:37:32.525Z - info: Website regeneration complete! Total build time: 4.476s
2022-11-04T18:39:29.239Z - info: Website generation started at 2:39:24 am
2022-11-04T18:39:54.587Z - info: Building assets...
2022-11-04T18:40:12.495Z - info: Assets built
2022-11-04T18:40:12.497Z - info: Generating pages...
2022-11-04T18:40:40.836Z - debug:  
2022-11-04T18:40:41.713Z - debug:  
2022-11-04T18:40:41.716Z - debug:  
2022-11-04T18:40:41.850Z - debug:  
2022-11-04T18:40:54.462Z - debug:  
2022-11-04T18:40:54.464Z - debug:  
2022-11-04T18:40:54.466Z - debug:  
2022-11-04T18:40:54.467Z - debug:  
2022-11-04T18:40:54.468Z - debug:  
2022-11-04T18:40:54.470Z - debug:  
2022-11-04T18:40:54.471Z - debug:  
2022-11-04T18:40:54.471Z - debug:  
2022-11-04T18:45:12.426Z - debug:  
2022-11-04T18:45:32.152Z - debug:  
2022-11-04T18:45:32.153Z - debug:  
2022-11-04T18:45:45.828Z - info: Pages built
2022-11-04T18:45:47.659Z - info: Site data built
2022-11-04T18:45:47.659Z - info: Website generation complete! Total build time: 383.146s
2022-11-04T18:45:47.659Z - info: Build success!
2022-11-04T18:58:42.192Z - info: The website has been deployed at: https://nus-cs2103-ay2223s1.github.io/website
2022-11-05T12:50:58.821Z - info: Website generation started at 8:50:51 pm
2022-11-05T12:51:11.854Z - info: Building assets...
2022-11-05T12:51:21.432Z - info: Assets built
2022-11-05T12:51:21.433Z - info: Generating pages...
2022-11-05T12:51:35.971Z - debug:  
2022-11-05T12:51:36.096Z - debug:  
2022-11-05T12:51:36.097Z - debug:  
2022-11-05T12:51:39.783Z - debug:  
2022-11-05T12:51:39.783Z - debug:  
2022-11-05T12:51:39.784Z - debug:  
2022-11-05T12:51:39.784Z - debug:  
2022-11-05T12:51:39.785Z - debug:  
2022-11-05T12:51:39.785Z - debug:  
2022-11-05T12:51:39.785Z - debug:  
2022-11-05T12:51:39.785Z - debug:  
2022-11-05T12:51:39.786Z - debug:  
2022-11-05T12:54:02.601Z - debug:  
2022-11-05T12:54:18.860Z - debug:  
2022-11-05T12:54:18.860Z - debug:  
2022-11-05T12:54:29.915Z - info: Pages built
2022-11-05T12:54:31.336Z - info: Site data built
2022-11-05T12:54:31.337Z - info: Website generation complete! Total build time: 220.228s
2022-11-05T12:54:31.337Z - info: Build success!
2022-11-05T12:56:51.813Z - info: The website has been deployed at: https://nus-cs2103-ay2223s1.github.io/website
2022-11-05T13:22:03.859Z - info: Website generation (lazy) started at 9:21:56 pm
2022-11-05T13:22:19.762Z - info: Building assets...
2022-11-05T13:22:29.528Z - info: Assets built
2022-11-05T13:22:29.529Z - info: Generating landing page...
2022-11-05T13:22:30.743Z - info: Landing page built, other pages will be built as you navigate to them!
2022-11-05T13:22:32.175Z - info: Site data built
2022-11-05T13:22:32.176Z - info: Website generation (lazy) complete! Total build time: 35.74s
2022-11-05T13:22:33.381Z - info: Serving "C:\repos\nus-cs2103\cs2103-website-base\_site" at http://127.0.0.1:8080
2022-11-05T13:22:33.381Z - info: Press CTRL+C to stop ...
2022-11-05T13:24:02.158Z - info: Building C:\repos\nus-cs2103\cs2103-website-base\schedule\week13\index as some of its dependencies were changed since the last visit
2022-11-05T13:24:03.106Z - info: Site data built
2022-11-05T13:24:03.106Z - info: Lazy website regeneration complete! Total build time: 0.95s
2022-11-05T13:24:13.132Z - info: Building C:\repos\nus-cs2103\cs2103-website-base\schedule\week12\topics as some of its dependencies were changed since the last visit
2022-11-05T13:24:16.320Z - info: Site data built
2022-11-05T13:24:16.320Z - info: Lazy website regeneration complete! Total build time: 3.188s
2022-11-05T13:26:02.496Z - info: Website generation started at 9:26:00 pm
2022-11-05T13:26:14.691Z - info: Building assets...
