2022-09-24T16:00:22.530Z - info: [12:00:22 am] Reload for file change: C:\repos\nus-cs2103\cs2103-website-base\admin\overview-for-teachers.md
2022-09-24T16:00:22.549Z - info: Synchronizing opened pages list before reload
2022-09-24T16:00:22.549Z - info: Current opened pages, from most-to-least recent:
2022-09-24T16:00:22.550Z - info: 1. admin/overview-for-teachers
2022-09-24T16:00:23.562Z - info: Rebuilding 1 pages
2022-09-24T16:00:23.805Z - info: Site data built
2022-09-24T16:00:23.805Z - info: Pages rebuilt
2022-09-24T16:00:23.806Z - info: Website regeneration complete! Total build time: 0.244s
2022-09-24T16:01:12.135Z - info: [12:01:12 am] Reload for file change: C:\repos\nus-cs2103\cs2103-website-base\admin\overview-for-teachers.md
2022-09-24T16:01:12.135Z - info: Synchronizing opened pages list before reload
2022-09-24T16:01:12.135Z - info: Current opened pages, from most-to-least recent:
2022-09-24T16:01:12.135Z - info: 1. admin/overview-for-teachers
2022-09-24T16:01:13.156Z - info: Rebuilding 1 pages
2022-09-24T16:01:13.374Z - info: Site data built
2022-09-24T16:01:13.374Z - info: Pages rebuilt
2022-09-24T16:01:13.374Z - info: Website regeneration complete! Total build time: 0.22s
2022-09-24T16:02:49.956Z - info: [12:02:49 am] Reload for file change: C:\repos\nus-cs2103\cs2103-website-base\admin\overview-for-teachers.md
2022-09-24T16:02:49.956Z - info: Synchronizing opened pages list before reload
2022-09-24T16:02:49.956Z - info: Current opened pages, from most-to-least recent:
2022-09-24T16:02:49.956Z - info: 1. admin/overview-for-teachers
2022-09-24T16:02:50.969Z - info: Rebuilding 1 pages
2022-09-24T16:02:51.152Z - info: Site data built
2022-09-24T16:02:51.152Z - info: Pages rebuilt
2022-09-24T16:02:51.153Z - info: Website regeneration complete! Total build time: 0.184s
2022-09-24T16:09:11.658Z - info: [12:09:11 am] Reload for file change: C:\repos\nus-cs2103\cs2103-website-base\admin\overview-for-teachers.md
2022-09-24T16:09:11.658Z - info: Synchronizing opened pages list before reload
2022-09-24T16:09:11.658Z - info: Current opened pages, from most-to-least recent:
2022-09-24T16:09:11.658Z - info: 1. admin/overview-for-teachers
2022-09-24T16:09:12.668Z - info: Rebuilding 1 pages
2022-09-24T16:09:12.971Z - info: Site data built
2022-09-24T16:09:12.971Z - info: Pages rebuilt
2022-09-24T16:09:12.971Z - info: Website regeneration complete! Total build time: 0.303s
2022-09-24T16:10:04.491Z - info: [12:10:04 am] Reload for file change: C:\repos\nus-cs2103\cs2103-website-base\admin\overview-for-teachers.md
2022-09-24T16:10:04.491Z - info: Synchronizing opened pages list before reload
2022-09-24T16:10:04.491Z - info: Current opened pages, from most-to-least recent:
2022-09-24T16:10:04.491Z - info: 1. admin/overview-for-teachers
2022-09-24T16:10:05.508Z - info: Rebuilding 1 pages
2022-09-24T16:10:05.697Z - info: Site data built
2022-09-24T16:10:05.697Z - info: Pages rebuilt
2022-09-24T16:10:05.697Z - info: Website regeneration complete! Total build time: 0.19s
2022-09-24T16:10:16.158Z - info: [12:10:16 am] Reload for file change: C:\repos\nus-cs2103\cs2103-website-base\admin\overview-for-teachers.md
2022-09-24T16:10:16.158Z - info: Synchronizing opened pages list before reload
2022-09-24T16:10:16.159Z - info: Current opened pages, from most-to-least recent:
2022-09-24T16:10:16.159Z - info: 1. admin/overview-for-teachers
2022-09-24T16:10:17.165Z - info: Rebuilding 1 pages
2022-09-24T16:10:17.336Z - info: Site data built
2022-09-24T16:10:17.336Z - info: Pages rebuilt
2022-09-24T16:10:17.336Z - info: Website regeneration complete! Total build time: 0.171s
2022-09-24T16:12:18.827Z - info: [12:12:18 am] Reload for file change: C:\repos\nus-cs2103\cs2103-website-base\admin\overview-for-teachers.md
2022-09-24T16:12:18.828Z - info: Synchronizing opened pages list before reload
2022-09-24T16:12:18.828Z - info: Current opened pages, from most-to-least recent:
2022-09-24T16:12:18.828Z - info: 1. admin/overview-for-teachers
2022-09-24T16:12:19.848Z - info: Rebuilding 1 pages
2022-09-24T16:12:20.074Z - info: Site data built
2022-09-24T16:12:20.075Z - info: Pages rebuilt
2022-09-24T16:12:20.075Z - info: Website regeneration complete! Total build time: 0.227s
2022-09-24T16:15:15.719Z - info: [12:15:15 am] Reload for file change: C:\repos\nus-cs2103\cs2103-website-base\admin\overview-for-teachers.md
2022-09-24T16:15:15.719Z - info: Synchronizing opened pages list before reload
2022-09-24T16:15:15.719Z - info: Current opened pages, from most-to-least recent:
2022-09-24T16:15:15.720Z - info: 1. admin/overview-for-teachers
2022-09-24T16:15:16.741Z - info: Rebuilding 1 pages
2022-09-24T16:15:16.961Z - info: Site data built
2022-09-24T16:15:16.961Z - info: Pages rebuilt
2022-09-24T16:15:16.961Z - info: Website regeneration complete! Total build time: 0.221s
2022-09-24T16:15:28.514Z - info: Building C:\repos\nus-cs2103\cs2103-website-base\admin\ip-grading as some of its dependencies were changed since the last visit
2022-09-24T16:15:28.890Z - info: Site data built
2022-09-24T16:15:28.891Z - info: Lazy website regeneration complete! Total build time: 0.377s
2022-09-24T16:15:52.843Z - info: [12:15:52 am] Reload for file change: C:\repos\nus-cs2103\cs2103-website-base\admin\overview-for-teachers.md
2022-09-24T16:15:52.843Z - info: Synchronizing opened pages list before reload
2022-09-24T16:15:52.843Z - info: Current opened pages, from most-to-least recent:
2022-09-24T16:15:52.843Z - info: 1. admin/ip-grading
2022-09-24T16:15:53.866Z - info: No pages needed to be rebuilt
2022-09-24T16:19:22.783Z - info: [12:19:22 am] Reload for file change: C:\repos\nus-cs2103\cs2103-website-base\admin\overview-for-teachers.md
2022-09-24T16:19:22.784Z - info: Synchronizing opened pages list before reload
2022-09-24T16:19:22.784Z - info: Current opened pages, from most-to-least recent:
2022-09-24T16:19:22.784Z - info: 1. admin/overview-for-teachers
2022-09-24T16:19:23.790Z - info: Rebuilding 1 pages
2022-09-24T16:19:23.993Z - info: Site data built
2022-09-24T16:19:23.993Z - info: Pages rebuilt
2022-09-24T16:19:23.994Z - info: Website regeneration complete! Total build time: 0.205s
2022-09-24T16:19:34.002Z - info: [12:19:34 am] Reload for file change: C:\repos\nus-cs2103\cs2103-website-base\admin\overview-for-teachers.md
2022-09-24T16:19:34.002Z - info: Synchronizing opened pages list before reload
2022-09-24T16:19:34.002Z - info: Current opened pages, from most-to-least recent:
2022-09-24T16:19:34.002Z - info: 1. admin/tp-grading
2022-09-24T16:19:35.012Z - info: No pages needed to be rebuilt
2022-09-24T16:19:45.948Z - info: Building C:\repos\nus-cs2103\cs2103-website-base\admin\overview-for-teachers as some of its dependencies were changed since the last visit
2022-09-24T16:19:46.154Z - info: Site data built
2022-09-24T16:19:46.154Z - info: Lazy website regeneration complete! Total build time: 0.206s
2022-09-24T16:20:03.469Z - info: [12:20:03 am] Reload for file change: C:\repos\nus-cs2103\cs2103-website-base\admin\overview-for-teachers.md
2022-09-24T16:20:03.469Z - info: Synchronizing opened pages list before reload
2022-09-24T16:20:03.469Z - info: Current opened pages, from most-to-least recent:
2022-09-24T16:20:03.469Z - info: 1. admin/tp-grading
2022-09-24T16:20:03.469Z - info: 2. admin/overview-for-teachers
2022-09-24T16:20:04.478Z - info: Rebuilding 1 pages
2022-09-24T16:20:04.653Z - info: Site data built
2022-09-24T16:20:04.653Z - info: Pages rebuilt
2022-09-24T16:20:04.653Z - info: Website regeneration complete! Total build time: 0.177s
2022-09-24T16:21:08.998Z - info: [12:21:08 am] Reload for file change: C:\repos\nus-cs2103\cs2103-website-base\admin\overview-for-teachers.md
2022-09-24T16:21:08.998Z - info: Synchronizing opened pages list before reload
2022-09-24T16:21:08.998Z - info: Current opened pages, from most-to-least recent:
2022-09-24T16:21:08.998Z - info: 1. admin/overview-for-teachers
2022-09-24T16:21:10.006Z - info: Rebuilding 1 pages
2022-09-24T16:21:10.303Z - info: Site data built
2022-09-24T16:21:10.303Z - info: Pages rebuilt
2022-09-24T16:21:10.304Z - info: Website regeneration complete! Total build time: 0.299s
2022-09-24T17:03:56.462Z - info: Website generation started at 1:03:52 am
2022-09-24T17:04:12.889Z - info: Building assets...
2022-09-24T17:04:25.706Z - info: Assets built
2022-09-24T17:04:25.707Z - info: Generating pages...
2022-09-24T17:04:46.090Z - debug:  
2022-09-24T17:04:46.092Z - debug:  
2022-09-24T17:04:46.102Z - debug:  
2022-09-24T17:04:46.104Z - debug:  
2022-09-24T17:04:46.105Z - debug:  
2022-09-24T17:04:46.127Z - debug:  
2022-09-24T17:04:46.128Z - debug:  
2022-09-24T17:04:49.680Z - debug:  
2022-09-24T17:04:49.719Z - debug:  
2022-09-24T17:04:49.731Z - debug:  
2022-09-24T17:04:49.734Z - debug:  
2022-09-24T17:04:49.734Z - debug:  
2022-09-24T17:07:20.172Z - debug:  
2022-09-24T17:07:38.238Z - debug:  
2022-09-24T17:07:38.239Z - debug:  
2022-09-24T17:07:50.366Z - info: Pages built
2022-09-24T17:07:51.937Z - info: Site data built
2022-09-24T17:07:51.937Z - info: Website generation complete! Total build time: 239.399s
2022-09-24T17:07:51.937Z - info: Build success!
2022-09-24T17:10:59.856Z - info: The website has been deployed at: https://nus-cs2103-ay2223s1.github.io/website
2022-09-24T17:34:05.125Z - info: Website generation (lazy) started at 1:33:57 am
2022-09-24T17:34:19.484Z - info: Building assets...
2022-09-24T17:34:30.254Z - info: Assets built
2022-09-24T17:34:30.255Z - info: Generating landing page...
2022-09-24T17:34:31.269Z - info: Landing page built, other pages will be built as you navigate to them!
2022-09-24T17:34:32.798Z - info: Site data built
2022-09-24T17:34:32.799Z - info: Website generation (lazy) complete! Total build time: 34.971s
2022-09-24T17:34:34.073Z - info: Serving "C:\repos\nus-cs2103\cs2103-website-base\_site" at http://127.0.0.1:8080
2022-09-24T17:34:34.073Z - info: Press CTRL+C to stop ...
2022-09-24T17:42:01.068Z - info: [1:42:01 am] Reload for file change: C:\repos\nus-cs2103\cs2103-website-base\_module-TIC2002\mid-semester-survey-results.md
2022-09-24T17:42:01.069Z - info: Synchronizing opened pages list before reload
2022-09-24T17:42:01.069Z - info: Current opened pages, from most-to-least recent:
2022-09-24T17:42:01.070Z - info: 1. index
2022-09-24T17:42:02.079Z - info: Assets built
2022-09-24T17:42:12.193Z - info: Building C:\repos\nus-cs2103\cs2103-website-base\admin\mid-semester-survey-results as some of its dependencies were changed since the last visit
2022-09-24T17:42:12.666Z - info: Site data built
2022-09-24T17:42:12.667Z - info: Lazy website regeneration complete! Total build time: 0.474s
2022-09-24T17:42:57.003Z - info: [1:42:57 am] Reload for file change: C:\repos\nus-cs2103\cs2103-website-base\_module-TIC2002\mid-semester-survey-results.md
2022-09-24T17:42:57.003Z - info: Synchronizing opened pages list before reload
2022-09-24T17:42:57.003Z - info: Current opened pages, from most-to-least recent:
2022-09-24T17:42:57.004Z - info: 1. admin/mid-semester-survey-results
2022-09-24T17:42:58.020Z - info: Rebuilding 1 pages
2022-09-24T17:42:58.161Z - info: Site data built
2022-09-24T17:42:58.161Z - info: Pages rebuilt
2022-09-24T17:42:58.161Z - info: Website regeneration complete! Total build time: 0.142s
2022-09-24T17:44:27.076Z - info: [1:44:27 am] Reload for file change: C:\repos\nus-cs2103\cs2103-website-base\_module-TIC2002\mid-semester-survey-results.md
2022-09-24T17:44:27.076Z - info: Synchronizing opened pages list before reload
2022-09-24T17:44:27.076Z - info: Current opened pages, from most-to-least recent:
2022-09-24T17:44:27.076Z - info: 1. admin/mid-semester-survey-results
2022-09-24T17:44:28.095Z - info: Rebuilding 1 pages
2022-09-24T17:44:28.250Z - info: Site data built
2022-09-24T17:44:28.250Z - info: Pages rebuilt
2022-09-24T17:44:28.250Z - info: Website regeneration complete! Total build time: 0.156s
2022-09-24T17:45:35.103Z - info: [1:45:35 am] Reload for file change: C:\repos\nus-cs2103\cs2103-website-base\_module-TIC2002\mid-semester-survey-results.md
2022-09-24T17:45:35.103Z - info: Synchronizing opened pages list before reload
2022-09-24T17:45:35.103Z - info: Current opened pages, from most-to-least recent:
2022-09-24T17:45:35.103Z - info: 1. admin/mid-semester-survey-results
2022-09-24T17:45:36.115Z - info: Rebuilding 1 pages
2022-09-24T17:45:36.252Z - info: Site data built
2022-09-24T17:45:36.252Z - info: Pages rebuilt
2022-09-24T17:45:36.253Z - info: Website regeneration complete! Total build time: 0.138s
2022-09-24T17:46:45.922Z - info: [1:46:45 am] Reload for file change: C:\repos\nus-cs2103\cs2103-website-base\_module-TIC2002\mid-semester-survey-results.md
2022-09-24T17:46:45.922Z - info: Synchronizing opened pages list before reload
2022-09-24T17:46:45.922Z - info: Current opened pages, from most-to-least recent:
2022-09-24T17:46:45.922Z - info: 1. admin/mid-semester-survey-results
2022-09-24T17:46:46.927Z - info: Rebuilding 1 pages
2022-09-24T17:46:47.068Z - info: Site data built
2022-09-24T17:46:47.068Z - info: Pages rebuilt
2022-09-24T17:46:47.068Z - info: Website regeneration complete! Total build time: 0.141s
2022-09-24T17:47:19.543Z - info: [1:47:19 am] Reload for file change: C:\repos\nus-cs2103\cs2103-website-base\_module-TIC2002\mid-semester-survey-results.md
2022-09-24T17:47:19.543Z - info: Synchronizing opened pages list before reload
2022-09-24T17:47:19.543Z - info: Current opened pages, from most-to-least recent:
2022-09-24T17:47:19.543Z - info: 1. admin/mid-semester-survey-results
2022-09-24T17:47:20.557Z - info: Rebuilding 1 pages
2022-09-24T17:47:20.700Z - info: Site data built
2022-09-24T17:47:20.700Z - info: Pages rebuilt
2022-09-24T17:47:20.700Z - info: Website regeneration complete! Total build time: 0.144s
2022-09-24T17:51:59.708Z - info: [1:51:59 am] Reload for file change: C:\repos\nus-cs2103\cs2103-website-base\_module-TIC2002\mid-semester-survey-results.md
2022-09-24T17:51:59.708Z - info: Synchronizing opened pages list before reload
2022-09-24T17:51:59.709Z - info: Current opened pages, from most-to-least recent:
2022-09-24T17:51:59.709Z - info: 1. admin/mid-semester-survey-results
2022-09-24T17:52:00.712Z - info: Rebuilding 1 pages
2022-09-24T17:52:00.847Z - info: Site data built
2022-09-24T17:52:00.847Z - info: Pages rebuilt
2022-09-24T17:52:00.847Z - info: Website regeneration complete! Total build time: 0.136s
2022-09-24T17:53:09.165Z - info: [1:53:09 am] Reload for file change: C:\repos\nus-cs2103\cs2103-website-base\_module-TIC2002\mid-semester-survey-results.md
2022-09-24T17:53:09.165Z - info: Synchronizing opened pages list before reload
2022-09-24T17:53:09.165Z - info: Current opened pages, from most-to-least recent:
2022-09-24T17:53:09.165Z - info: 1. admin/mid-semester-survey-results
2022-09-24T17:53:10.178Z - info: Rebuilding 1 pages
2022-09-24T17:53:10.326Z - info: Site data built
2022-09-24T17:53:10.326Z - info: Pages rebuilt
2022-09-24T17:53:10.326Z - info: Website regeneration complete! Total build time: 0.149s
2022-09-24T17:53:57.499Z - info: [1:53:57 am] Reload for file change: C:\repos\nus-cs2103\cs2103-website-base\_module-TIC2002\mid-semester-survey-results.md
2022-09-24T17:53:57.500Z - info: Synchronizing opened pages list before reload
2022-09-24T17:53:57.500Z - info: Current opened pages, from most-to-least recent:
2022-09-24T17:53:57.500Z - info: 1. admin/mid-semester-survey-results
2022-09-24T17:53:58.516Z - info: Rebuilding 1 pages
2022-09-24T17:53:58.633Z - info: Site data built
2022-09-24T17:53:58.633Z - info: Pages rebuilt
2022-09-24T17:53:58.633Z - info: Website regeneration complete! Total build time: 0.117s
2022-09-24T17:59:30.762Z - info: [1:59:30 am] Reload for file change: C:\repos\nus-cs2103\cs2103-website-base\_module-TIC2002\mid-semester-survey-results.md
2022-09-24T17:59:30.762Z - info: Synchronizing opened pages list before reload
2022-09-24T17:59:30.763Z - info: Current opened pages, from most-to-least recent:
2022-09-24T17:59:30.763Z - info: 1. admin/mid-semester-survey-results
2022-09-24T17:59:31.768Z - info: Rebuilding 1 pages
2022-09-24T17:59:31.899Z - info: Site data built
2022-09-24T17:59:31.899Z - info: Pages rebuilt
2022-09-24T17:59:31.899Z - info: Website regeneration complete! Total build time: 0.131s
2022-09-24T18:00:39.627Z - info: [2:00:39 am] Reload for file change: C:\repos\nus-cs2103\cs2103-website-base\_module-TIC2002\mid-semester-survey-results.md
2022-09-24T18:00:39.627Z - info: Synchronizing opened pages list before reload
2022-09-24T18:00:39.627Z - info: Current opened pages, from most-to-least recent:
2022-09-24T18:00:39.627Z - info: 1. admin/mid-semester-survey-results
2022-09-24T18:00:40.628Z - info: Rebuilding 1 pages
2022-09-24T18:00:40.739Z - info: Site data built
2022-09-24T18:00:40.739Z - info: Pages rebuilt
2022-09-24T18:00:40.740Z - info: Website regeneration complete! Total build time: 0.112s
2022-09-24T18:12:09.414Z - info: Website generation started at 2:12:07 am
2022-09-24T18:12:21.390Z - info: Building assets...
