2022-09-02T17:14:18.722Z - info: Website generation started at 1:14:16 am
2022-09-02T17:14:31.615Z - info: Building assets...
2022-09-02T17:14:39.853Z - info: Assets built
2022-09-02T17:14:39.854Z - info: Generating pages...
2022-09-02T17:14:53.036Z - debug:  
2022-09-02T17:14:56.680Z - debug:  
2022-09-02T17:14:56.681Z - debug:  
2022-09-02T17:14:56.707Z - debug:  
2022-09-02T17:14:56.707Z - debug:  
2022-09-02T17:14:56.708Z - debug:  
2022-09-02T17:14:56.708Z - debug:  
2022-09-02T17:14:56.709Z - debug:  
2022-09-02T17:14:56.709Z - debug:  
2022-09-02T17:14:56.710Z - debug:  
2022-09-02T17:14:56.710Z - debug:  
2022-09-02T17:14:56.710Z - debug:  
2022-09-02T17:16:59.732Z - debug:  
2022-09-02T17:17:09.798Z - debug:  
2022-09-02T17:17:09.955Z - debug:  
2022-09-02T17:17:14.138Z - info: Pages built
2022-09-02T17:17:15.535Z - info: Site data built
2022-09-02T17:17:15.535Z - info: Website generation complete! Total build time: 178.856s
2022-09-02T17:17:15.535Z - info: Build success!
2022-09-02T17:19:41.523Z - info: The website has been deployed at: https://nus-tic4001-ay2223s1.github.io/website
2022-09-02T17:57:16.271Z - info: Website generation (lazy) started at 1:57:07 am
2022-09-02T17:57:34.376Z - info: Building assets...
2022-09-02T17:57:47.107Z - info: Assets built
2022-09-02T17:57:47.108Z - info: Generating landing page...
2022-09-02T17:57:49.360Z - info: Landing page built, other pages will be built as you navigate to them!
2022-09-02T17:57:51.010Z - info: Site data built
2022-09-02T17:57:51.011Z - info: Website generation (lazy) complete! Total build time: 43.982s
2022-09-02T17:57:52.377Z - info: Serving "C:\repos\nus-cs2103\cs2103-website-base\_site" at http://127.0.0.1:8080
2022-09-02T17:57:52.379Z - info: Press CTRL+C to stop ...
2022-09-02T17:58:23.724Z - info: [1:58:23 am] Reload for file change: C:\repos\nus-cs2103\cs2103-website-base\book\codeQuality\maximiseReadability\basic\avoidMagicNumbers\example-java.md
2022-09-02T17:58:23.725Z - info: Synchronizing opened pages list before reload
2022-09-02T17:58:23.726Z - info: Current opened pages, from most-to-least recent:
2022-09-02T17:58:23.727Z - info: 1. index
2022-09-02T17:58:24.739Z - info: Assets built
2022-09-02T18:04:53.942Z - info: [2:04:53 am] Reload for file change: C:\repos\nus-cs2103\cs2103-website-base\programming\objectReferences\e-swapEnds.md
2022-09-02T18:04:53.943Z - info: Synchronizing opened pages list before reload
2022-09-02T18:04:53.943Z - info: Current opened pages, from most-to-least recent:
2022-09-02T18:04:53.943Z - info: 1. index
2022-09-02T18:04:53.961Z - info: [2:04:53 am] Reload for file change: C:\repos\nus-cs2103\cs2103-website-base\programming\oop-classes\e-createStockItemClass.md
2022-09-02T18:04:53.961Z - info: Synchronizing opened pages list before reload
2022-09-02T18:04:53.961Z - info: Current opened pages, from most-to-least recent:
2022-09-02T18:04:53.961Z - info: 1. index
2022-09-02T18:04:53.981Z - info: [2:04:53 am] Reload for file change: C:\repos\nus-cs2103\cs2103-website-base\book\testCaseDesign\boundaryValueAnalysis\how\text.md
2022-09-02T18:04:53.981Z - info: Synchronizing opened pages list before reload
2022-09-02T18:04:53.981Z - info: Current opened pages, from most-to-least recent:
2022-09-02T18:04:53.982Z - info: 1. index
2022-09-02T18:04:54.003Z - info: [2:04:54 am] Reload for file change: C:\repos\nus-cs2103\cs2103-website-base\book\softwareEngineering\introduction\prosAndCons\text.md
2022-09-02T18:04:54.004Z - info: Synchronizing opened pages list before reload
2022-09-02T18:04:54.005Z - info: Current opened pages, from most-to-least recent:
2022-09-02T18:04:54.007Z - info: 1. index
2022-09-02T18:04:54.034Z - info: [2:04:54 am] Reload for file change: C:\repos\nus-cs2103\cs2103-website-base\book\codeQuality\maximiseReadability\introduction\example-python.md
2022-09-02T18:04:54.034Z - info: Synchronizing opened pages list before reload
2022-09-02T18:04:54.034Z - info: Current opened pages, from most-to-least recent:
2022-09-02T18:04:54.034Z - info: 1. index
2022-09-02T18:04:54.253Z - info: [2:04:54 am] Reload for file change: C:\repos\nus-cs2103\cs2103-website-base\programming\oop-classLevelMembers\e-addClassLevelMembersToSubjectClass.md
2022-09-02T18:04:54.253Z - info: Synchronizing opened pages list before reload
2022-09-02T18:04:54.254Z - info: Current opened pages, from most-to-least recent:
2022-09-02T18:04:54.254Z - info: 1. index
2022-09-02T18:04:54.285Z - info: [2:04:54 am] Reload for file change: C:\repos\nus-cs2103\cs2103-website-base\_module-TEE3201\mid-semester-survey-results.md
2022-09-02T18:04:54.286Z - info: Synchronizing opened pages list before reload
2022-09-02T18:04:54.286Z - info: Current opened pages, from most-to-least recent:
2022-09-02T18:04:54.286Z - info: 1. index
2022-09-02T18:04:54.314Z - info: [2:04:54 am] Reload for file change: C:\repos\nus-cs2103\cs2103-website-base\book\codeQuality\maximiseReadability\basic\avoidMagicNumbers\example-python.md
2022-09-02T18:04:54.314Z - info: Synchronizing opened pages list before reload
2022-09-02T18:04:54.315Z - info: Current opened pages, from most-to-least recent:
2022-09-02T18:04:54.315Z - info: 1. index
2022-09-02T18:04:54.338Z - info: [2:04:54 am] Reload for file change: C:\repos\nus-cs2103\cs2103-website-base\programming\functions-def\text.md
2022-09-02T18:04:54.338Z - info: Synchronizing opened pages list before reload
2022-09-02T18:04:54.338Z - info: Current opened pages, from most-to-least recent:
2022-09-02T18:04:54.338Z - info: 1. index
2022-09-02T18:04:54.356Z - info: [2:04:54 am] Reload for file change: C:\repos\nus-cs2103\cs2103-website-base\book\processModels\exampleProcessModels\unifiedProcess\text.md
2022-09-02T18:04:54.357Z - info: Synchronizing opened pages list before reload
2022-09-02T18:04:54.357Z - info: Current opened pages, from most-to-least recent:
2022-09-02T18:04:54.357Z - info: 1. index
2022-09-02T18:04:54.374Z - info: [2:04:54 am] Reload for file change: C:\repos\nus-cs2103\cs2103-website-base\programming\functions-scope\text.md
2022-09-02T18:04:54.375Z - info: Synchronizing opened pages list before reload
2022-09-02T18:04:54.375Z - info: Current opened pages, from most-to-least recent:
2022-09-02T18:04:54.375Z - info: 1. index
2022-09-02T18:04:54.386Z - info: [2:04:54 am] Reload for file change: C:\repos\nus-cs2103\cs2103-website-base\programming\oop-visibility\e-changeVisibilityOfSchoolClassMembers.md
2022-09-02T18:04:54.387Z - info: Synchronizing opened pages list before reload
2022-09-02T18:04:54.387Z - info: Current opened pages, from most-to-least recent:
2022-09-02T18:04:54.387Z - info: 1. index
2022-09-02T18:04:54.408Z - info: [2:04:54 am] Reload for file change: C:\repos\nus-cs2103\cs2103-website-base\programming\strings-workingWith\e-shortenString.md
2022-09-02T18:04:54.408Z - info: Synchronizing opened pages list before reload
2022-09-02T18:04:54.408Z - info: Current opened pages, from most-to-least recent:
2022-09-02T18:04:54.408Z - info: 1. index
2022-09-02T18:04:54.433Z - info: [2:04:54 am] Reload for file change: C:\repos\nus-cs2103\cs2103-website-base\programming\functions-def\e-hooray.md
2022-09-02T18:04:54.433Z - info: Synchronizing opened pages list before reload
2022-09-02T18:04:54.433Z - info: Current opened pages, from most-to-least recent:
2022-09-02T18:04:54.433Z - info: 1. index
2022-09-02T18:04:54.458Z - info: [2:04:54 am] Reload for file change: C:\repos\nus-cs2103\cs2103-website-base\programming\while\text.md
2022-09-02T18:04:54.458Z - info: Synchronizing opened pages list before reload
2022-09-02T18:04:54.458Z - info: Current opened pages, from most-to-least recent:
2022-09-02T18:04:54.458Z - info: 1. index
2022-09-02T18:04:54.486Z - info: [2:04:54 am] Reload for file change: C:\repos\nus-cs2103\cs2103-website-base\_module-CS2103\mid-semester-survey-results.md
2022-09-02T18:04:54.486Z - info: Synchronizing opened pages list before reload
2022-09-02T18:04:54.486Z - info: Current opened pages, from most-to-least recent:
2022-09-02T18:04:54.486Z - info: 1. index
2022-09-02T18:04:54.513Z - info: [2:04:54 am] Reload for file change: C:\repos\nus-cs2103\cs2103-website-base\book\testCaseDesign\equivalencePartitions\basic\text.md
2022-09-02T18:04:54.513Z - info: Synchronizing opened pages list before reload
2022-09-02T18:04:54.513Z - info: Current opened pages, from most-to-least recent:
2022-09-02T18:04:54.513Z - info: 1. index
2022-09-02T18:04:54.541Z - info: [2:04:54 am] Reload for file change: C:\repos\nus-cs2103\cs2103-website-base\book\refactoring\what\example-consolidate-python.md
2022-09-02T18:04:54.542Z - info: Synchronizing opened pages list before reload
2022-09-02T18:04:54.542Z - info: Current opened pages, from most-to-least recent:
2022-09-02T18:04:54.542Z - info: 1. index
2022-09-02T18:04:54.566Z - info: [2:04:54 am] Reload for file change: C:\repos\nus-cs2103\cs2103-website-base\_module-TIC2002\mid-semester-survey-results.md
2022-09-02T18:04:54.567Z - info: Synchronizing opened pages list before reload
2022-09-02T18:04:54.567Z - info: Current opened pages, from most-to-least recent:
2022-09-02T18:04:54.567Z - info: 1. index
2022-09-02T18:04:54.613Z - info: [2:04:54 am] Reload for file change: C:\repos\nus-cs2103\cs2103-website-base\admin\programmingLanguages.md
2022-09-02T18:04:54.613Z - info: Synchronizing opened pages list before reload
2022-09-02T18:04:54.613Z - info: Current opened pages, from most-to-least recent:
2022-09-02T18:04:54.613Z - info: 1. index
2022-09-02T18:04:54.629Z - info: [2:04:54 am] Reload for file change: C:\repos\nus-cs2103\cs2103-website-base\book\codeQuality\maximiseReadability\introduction\example-java.md
2022-09-02T18:04:54.629Z - info: Synchronizing opened pages list before reload
2022-09-02T18:04:54.629Z - info: Current opened pages, from most-to-least recent:
2022-09-02T18:04:54.629Z - info: 1. index
2022-09-02T18:04:54.649Z - info: [2:04:54 am] Reload for file change: C:\repos\nus-cs2103\cs2103-website-base\programming\for\text.md
2022-09-02T18:04:54.650Z - info: Synchronizing opened pages list before reload
2022-09-02T18:04:54.650Z - info: Current opened pages, from most-to-least recent:
2022-09-02T18:04:54.650Z - info: 1. index
2022-09-02T18:04:54.673Z - info: [2:04:54 am] Reload for file change: C:\repos\nus-cs2103\cs2103-website-base\book\testCaseDesign\summary\exercises\q-essay-dispatchResources.md
2022-09-02T18:04:54.673Z - info: Synchronizing opened pages list before reload
2022-09-02T18:04:54.673Z - info: Current opened pages, from most-to-least recent:
2022-09-02T18:04:54.673Z - info: 1. index
2022-09-02T18:04:54.727Z - info: [2:04:54 am] Reload for file change: C:\repos\nus-cs2103\cs2103-website-base\book\refactoring\what\example-consolidate-java.md
2022-09-02T18:04:54.727Z - info: Synchronizing opened pages list before reload
2022-09-02T18:04:54.727Z - info: Current opened pages, from most-to-least recent:
2022-09-02T18:04:54.727Z - info: 1. index
2022-09-02T18:04:54.800Z - info: [2:04:54 am] Reload for file change: C:\repos\nus-cs2103\cs2103-website-base\programming\while\e-vending-oneCoin.md
2022-09-02T18:04:54.800Z - info: Synchronizing opened pages list before reload
2022-09-02T18:04:54.800Z - info: Current opened pages, from most-to-least recent:
2022-09-02T18:04:54.800Z - info: 1. index
2022-09-02T18:04:54.923Z - info: [2:04:54 am] Reload for file change: C:\repos\nus-cs2103\cs2103-website-base\programming\oop-inheritance\text.md
2022-09-02T18:04:54.924Z - info: Synchronizing opened pages list before reload
2022-09-02T18:04:54.924Z - info: Current opened pages, from most-to-least recent:
2022-09-02T18:04:54.924Z - info: 1. index
2022-09-02T18:04:54.950Z - info: Assets built
2022-09-02T18:05:11.704Z - info: Building C:\repos\nus-cs2103\cs2103-website-base\schedule\week5\topics as some of its dependencies were changed since the last visit
2022-09-02T18:05:15.467Z - info: Site data built
2022-09-02T18:05:15.468Z - info: Lazy website regeneration complete! Total build time: 3.763s
2022-09-02T18:06:36.835Z - info: Website generation started at 2:06:34 am
2022-09-02T18:06:48.491Z - info: Building assets...
2022-09-02T18:06:56.872Z - info: Assets built
2022-09-02T18:06:56.873Z - info: Generating pages...
2022-09-02T18:07:11.460Z - debug:  
2022-09-02T18:07:15.031Z - debug:  
2022-09-02T18:07:15.032Z - debug:  
2022-09-02T18:07:15.032Z - debug:  
2022-09-02T18:07:15.045Z - debug:  
2022-09-02T18:07:15.046Z - debug:  
2022-09-02T18:07:15.046Z - debug:  
2022-09-02T18:07:15.047Z - debug:  
2022-09-02T18:07:15.047Z - debug:  
2022-09-02T18:07:15.047Z - debug:  
2022-09-02T18:07:15.047Z - debug:  
2022-09-02T18:07:15.048Z - debug:  
2022-09-02T18:09:59.900Z - debug:  
2022-09-02T18:10:18.029Z - debug:  
2022-09-02T18:10:18.039Z - debug:  
2022-09-02T18:10:28.080Z - info: Pages built
2022-09-02T18:10:29.683Z - info: Site data built
2022-09-02T18:10:29.683Z - info: Website generation complete! Total build time: 235.162s
2022-09-02T18:10:29.684Z - info: Build success!
2022-09-02T18:13:46.805Z - info: The website has been deployed at: https://nus-cs2103-ay2223s1.github.io/website
