2022-11-08T10:48:33.599Z - info: Website generation (lazy) started at 6:48:24 pm
2022-11-08T10:48:47.556Z - info: Building assets...
2022-11-08T10:48:55.792Z - info: Assets built
2022-11-08T10:48:55.793Z - info: Generating landing page...
2022-11-08T10:48:57.030Z - info: Landing page built, other pages will be built as you navigate to them!
2022-11-08T10:48:58.395Z - info: Site data built
2022-11-08T10:48:58.395Z - info: Website generation (lazy) complete! Total build time: 33.846s
2022-11-08T10:49:00.417Z - info: Serving "C:\repos\nus-cs2103\cs2103-website-base\_site" at http://127.0.0.1:55058
2022-11-08T10:49:00.417Z - info: Press CTRL+C to stop ...
2022-11-08T10:49:17.003Z - info: Building C:\repos\nus-cs2103\cs2103-website-base\admin\index as some of its dependencies were changed since the last visit
2022-11-08T10:49:24.966Z - info: Site data built
2022-11-08T10:49:24.967Z - info: Lazy website regeneration complete! Total build time: 7.965s
2022-11-08T10:51:14.950Z - info: [6:51:14 pm] Reload for file change: C:\repos\nus-cs2103\cs2103-website-base\admin\exams-f2f.md
2022-11-08T10:51:14.951Z - info: Synchronizing opened pages list before reload
2022-11-08T10:51:14.951Z - info: Current opened pages, from most-to-least recent:
2022-11-08T10:51:14.951Z - info: 1. admin/index
2022-11-08T10:51:15.964Z - info: Rebuilding 1 pages
2022-11-08T10:51:17.682Z - info: Site data built
2022-11-08T10:51:17.683Z - info: Pages rebuilt
2022-11-08T10:51:17.683Z - info: Website regeneration complete! Total build time: 1.72s
2022-11-08T10:53:49.178Z - info: [6:53:49 pm] Reload for file change: C:\repos\nus-cs2103\cs2103-website-base\admin\exams-f2f.md
2022-11-08T10:53:49.178Z - info: Synchronizing opened pages list before reload
2022-11-08T10:53:49.179Z - info: Current opened pages, from most-to-least recent:
2022-11-08T10:53:49.179Z - info: 1. admin/index
2022-11-08T10:53:50.191Z - info: Rebuilding 1 pages
2022-11-08T10:53:51.731Z - info: Site data built
2022-11-08T10:53:51.731Z - info: Pages rebuilt
2022-11-08T10:53:51.731Z - info: Website regeneration complete! Total build time: 1.54s
2022-11-08T10:54:36.664Z - info: [6:54:36 pm] Reload for file change: C:\repos\nus-cs2103\cs2103-website-base\admin\exams-f2f.md
2022-11-08T10:54:36.664Z - info: Synchronizing opened pages list before reload
2022-11-08T10:54:36.664Z - info: Current opened pages, from most-to-least recent:
2022-11-08T10:54:36.664Z - info: 1. admin/index
2022-11-08T10:54:37.679Z - info: Rebuilding 1 pages
2022-11-08T10:54:39.351Z - info: Site data built
2022-11-08T10:54:39.352Z - info: Pages rebuilt
2022-11-08T10:54:39.352Z - info: Website regeneration complete! Total build time: 1.675s
2022-11-08T10:55:43.899Z - info: Website generation started at 6:55:42 pm
2022-11-08T10:55:54.076Z - info: Building assets...
