2022-07-31T08:58:08.333Z - info: Website generation started at 4:58:05 pm
2022-07-31T08:58:18.995Z - info: Building assets...
2022-07-31T08:58:25.163Z - info: Assets built
2022-07-31T08:58:25.165Z - info: Generating pages...
2022-07-31T08:58:33.668Z - debug:  
2022-07-31T08:58:33.669Z - debug:  
2022-07-31T08:58:36.540Z - debug:  
2022-07-31T08:58:36.540Z - debug:  
2022-07-31T08:58:36.540Z - debug:  
2022-07-31T08:58:36.541Z - debug:  
2022-07-31T08:58:36.541Z - debug:  
2022-07-31T08:58:36.541Z - debug:  
2022-07-31T08:58:36.541Z - debug:  
2022-07-31T08:58:36.542Z - debug:  
2022-07-31T08:58:36.564Z - debug:  
2022-07-31T08:58:36.620Z - debug:  
2022-07-31T09:00:22.839Z - debug:  
2022-07-31T09:00:34.800Z - debug:  
2022-07-31T09:00:34.801Z - debug:  
2022-07-31T09:00:39.179Z - info: Pages built
2022-07-31T09:00:40.087Z - info: Site data built
2022-07-31T09:00:40.087Z - info: Website generation complete! Total build time: 154.394s
2022-07-31T09:00:40.087Z - info: Build success!
2022-07-31T09:06:23.864Z - info: The website has been deployed at: https://nus-cs2103-ay2223s1.github.io/website
