2022-08-26T12:56:09.022Z - info: Website generation started at 8:55:55 pm
2022-08-26T12:56:34.877Z - info: Building assets...
2022-08-26T12:56:51.437Z - info: Assets built
2022-08-26T12:56:51.438Z - info: Generating pages...
2022-08-26T12:57:22.007Z - debug:  
2022-08-26T12:57:22.009Z - debug:  
2022-08-26T12:57:22.009Z - debug:  
2022-08-26T12:57:22.010Z - debug:  
2022-08-26T12:57:22.011Z - debug:  
2022-08-26T12:57:22.012Z - debug:  
2022-08-26T12:57:22.012Z - debug:  
2022-08-26T12:57:22.274Z - debug:  
2022-08-26T12:57:22.304Z - debug:  
2022-08-26T12:57:22.360Z - debug:  
2022-08-26T12:57:22.611Z - debug:  
2022-08-26T12:57:23.176Z - debug:  
2022-08-26T13:00:55.789Z - debug:  
2022-08-26T13:01:10.281Z - debug:  
2022-08-26T13:01:10.282Z - debug:  
2022-08-26T13:01:15.868Z - info: Pages built
2022-08-26T13:01:17.558Z - info: Site data built
2022-08-26T13:01:17.559Z - info: Website generation complete! Total build time: 321.906s
2022-08-26T13:01:17.559Z - info: Build success!
2022-08-26T13:04:56.858Z - info: The website has been deployed at: https://nus-tic4001-ay2223s1.github.io/website
2022-08-26T13:13:59.009Z - info: Website generation (lazy) started at 9:13:47 pm
2022-08-26T13:14:22.596Z - info: Building assets...
2022-08-26T13:14:36.372Z - info: Assets built
2022-08-26T13:14:36.374Z - info: Generating landing page...
2022-08-26T13:14:38.705Z - info: Landing page built, other pages will be built as you navigate to them!
2022-08-26T13:14:40.394Z - info: Site data built
2022-08-26T13:14:40.395Z - info: Website generation (lazy) complete! Total build time: 52.604s
2022-08-26T13:14:41.862Z - info: Serving "C:\repos\nus-cs2103\cs2103-website-base\_site" at http://127.0.0.1:8080
2022-08-26T13:14:41.862Z - info: Press CTRL+C to stop ...
2022-08-26T13:15:11.186Z - info: Building C:\repos\nus-cs2103\cs2103-website-base\schedule\week3\tutorial as some of its dependencies were changed since the last visit
2022-08-26T13:15:18.831Z - info: Site data built
2022-08-26T13:15:18.832Z - info: Lazy website regeneration complete! Total build time: 7.647s
2022-08-26T13:15:18.848Z - info: Building C:\repos\nus-cs2103\cs2103-website-base\schedule\week3\tutorial as some of its dependencies were changed since the last visit
2022-08-26T13:15:20.836Z - info: Site data built
2022-08-26T13:15:20.838Z - info: Lazy website regeneration complete! Total build time: 1.99s
2022-08-26T13:16:39.819Z - info: Building C:\repos\nus-cs2103\cs2103-website-base\schedule\week4\index as some of its dependencies were changed since the last visit
2022-08-26T13:16:41.538Z - info: Site data built
2022-08-26T13:16:41.539Z - info: Lazy website regeneration complete! Total build time: 1.72s
2022-08-26T13:16:45.757Z - info: Building C:\repos\nus-cs2103\cs2103-website-base\schedule\week4\tutorial as some of its dependencies were changed since the last visit
2022-08-26T13:16:46.193Z - info: Site data built
2022-08-26T13:16:46.194Z - info: Lazy website regeneration complete! Total build time: 0.436s
2022-08-26T13:16:56.247Z - info: Building C:\repos\nus-cs2103\cs2103-website-base\schedule\week4\topics as some of its dependencies were changed since the last visit
2022-08-26T13:17:12.438Z - info: Site data built
2022-08-26T13:17:12.440Z - info: Lazy website regeneration complete! Total build time: 16.192s
2022-08-26T13:17:14.711Z - debug:  
2022-08-26T13:17:14.846Z - debug:  
2022-08-26T13:17:15.484Z - debug:  
2022-08-26T13:17:15.949Z - debug:  
2022-08-26T13:17:16.226Z - debug:  
2022-08-26T13:17:16.555Z - debug:  
2022-08-26T13:17:16.586Z - debug:  
2022-08-26T13:17:16.726Z - debug:  
2022-08-26T13:19:45.066Z - info: [9:19:45 pm] Reload for file change: C:\repos\nus-cs2103\cs2103-website-base\book\modeling\introduction\how\q-essay-explainModelsInClassProject.md
2022-08-26T13:19:45.066Z - info: Synchronizing opened pages list before reload
2022-08-26T13:19:45.067Z - info: Current opened pages, from most-to-least recent:
2022-08-26T13:19:45.067Z - info: 1. schedule/week4/topics
2022-08-26T13:19:46.082Z - info: Rebuilding 1 pages
2022-08-26T13:19:53.606Z - info: Site data built
2022-08-26T13:19:53.607Z - info: Pages rebuilt
2022-08-26T13:19:53.607Z - info: Website regeneration complete! Total build time: 7.526s
2022-08-26T13:19:57.878Z - debug:  
2022-08-26T13:19:59.245Z - debug:  
2022-08-26T13:19:59.883Z - debug:  
2022-08-26T13:20:00.124Z - debug:  
2022-08-26T13:20:00.188Z - debug:  
2022-08-26T13:20:00.616Z - debug:  
2022-08-26T13:20:00.675Z - debug:  
2022-08-26T13:20:00.732Z - debug:  
2022-08-26T13:21:11.587Z - info: [9:21:11 pm] Reload for file change: C:\repos\nus-cs2103\cs2103-website-base\_markbind\variables.md
2022-08-26T13:21:11.588Z - info: Synchronizing opened pages list before reload
2022-08-26T13:21:11.588Z - info: Current opened pages, from most-to-least recent:
2022-08-26T13:21:11.588Z - info: 1. schedule/week4/topics
2022-08-26T13:21:12.756Z - warn: Rebuilding all pages as variables file was changed, or the --force-reload flag was set
2022-08-26T13:21:12.761Z - info: Rebuilding 1 pages
2022-08-26T13:21:18.535Z - info: Site data built
2022-08-26T13:21:18.536Z - info: Pages rebuilt
2022-08-26T13:21:18.536Z - info: Website regeneration complete! Total build time: 5.941s
2022-08-26T13:21:24.867Z - debug:  
2022-08-26T13:21:25.043Z - debug:  
2022-08-26T13:21:25.134Z - debug:  
2022-08-26T13:21:25.500Z - debug:  
2022-08-26T13:21:25.797Z - debug:  
2022-08-26T13:21:25.810Z - debug:  
2022-08-26T13:21:25.858Z - debug:  
2022-08-26T13:21:25.903Z - debug:  
2022-08-26T13:21:52.659Z - info: Website generation started at 9:21:49 pm
2022-08-26T13:22:08.021Z - info: Building assets...
2022-08-26T13:22:18.256Z - info: Assets built
2022-08-26T13:22:18.257Z - info: Generating pages...
2022-08-26T13:22:32.234Z - debug:  
2022-08-26T13:22:32.372Z - debug:  
2022-08-26T13:22:32.374Z - debug:  
2022-08-26T13:22:35.404Z - debug:  
2022-08-26T13:22:35.404Z - debug:  
2022-08-26T13:22:35.404Z - debug:  
2022-08-26T13:22:35.405Z - debug:  
2022-08-26T13:22:35.405Z - debug:  
2022-08-26T13:22:35.405Z - debug:  
2022-08-26T13:22:35.406Z - debug:  
2022-08-26T13:22:35.406Z - debug:  
2022-08-26T13:22:35.406Z - debug:  
2022-08-26T13:25:31.113Z - debug:  
2022-08-26T13:25:49.382Z - debug:  
2022-08-26T13:25:49.386Z - debug:  
2022-08-26T13:25:56.822Z - info: Pages built
2022-08-26T13:25:57.707Z - info: Site data built
2022-08-26T13:25:57.708Z - info: Website generation complete! Total build time: 248.601s
2022-08-26T13:25:57.708Z - info: Build success!
2022-08-26T13:28:13.058Z - info: The website has been deployed at: https://nus-cs2103-ay2223s1.github.io/website
