2022-11-16T09:26:03.516Z - info: Website generation (lazy) started at 5:25:58 pm
2022-11-16T09:26:15.924Z - info: Building assets...
2022-11-16T09:26:25.664Z - info: Assets built
2022-11-16T09:26:25.664Z - info: Generating landing page...
2022-11-16T09:26:26.703Z - info: Landing page built, other pages will be built as you navigate to them!
2022-11-16T09:26:27.876Z - info: Site data built
2022-11-16T09:26:27.876Z - info: Website generation (lazy) complete! Total build time: 29.707s
2022-11-16T09:26:28.768Z - info: Serving "C:\repos\nus-cs2103\cs2103-website-base\_site" at http://127.0.0.1:8080
2022-11-16T09:26:28.768Z - info: Press CTRL+C to stop ...
2022-11-16T09:27:35.752Z - info: Building C:\repos\nus-cs2103\cs2103-website-base\admin\exams as some of its dependencies were changed since the last visit
2022-11-16T09:27:36.388Z - info: Site data built
2022-11-16T09:27:36.389Z - info: Lazy website regeneration complete! Total build time: 0.638s
2022-11-16T09:28:36.616Z - info: [5:28:36 pm] Reload for file change: C:\repos\nus-cs2103\cs2103-website-base\admin\exams.md
2022-11-16T09:28:36.616Z - info: Synchronizing opened pages list before reload
2022-11-16T09:28:36.616Z - info: Current opened pages, from most-to-least recent:
2022-11-16T09:28:36.617Z - info: 1. admin/exams
2022-11-16T09:28:37.628Z - info: Rebuilding 1 pages
2022-11-16T09:28:37.936Z - info: Site data built
2022-11-16T09:28:37.937Z - info: Pages rebuilt
2022-11-16T09:28:37.937Z - info: Website regeneration complete! Total build time: 0.31s
2022-11-16T09:30:14.865Z - info: [5:30:14 pm] Reload for file change: C:\repos\nus-cs2103\cs2103-website-base\admin\exams.md
2022-11-16T09:30:14.866Z - info: Synchronizing opened pages list before reload
2022-11-16T09:30:14.866Z - info: Current opened pages, from most-to-least recent:
2022-11-16T09:30:14.866Z - info: 1. admin/exams
2022-11-16T09:30:15.881Z - info: Rebuilding 1 pages
2022-11-16T09:30:16.081Z - info: Site data built
2022-11-16T09:30:16.081Z - info: Pages rebuilt
2022-11-16T09:30:16.081Z - info: Website regeneration complete! Total build time: 0.201s
2022-11-16T09:30:53.462Z - info: [5:30:53 pm] Reload for file change: C:\repos\nus-cs2103\cs2103-website-base\admin\exams.md
2022-11-16T09:30:53.462Z - info: Synchronizing opened pages list before reload
2022-11-16T09:30:53.462Z - info: Current opened pages, from most-to-least recent:
2022-11-16T09:30:53.462Z - info: 1. admin/exams
2022-11-16T09:30:54.474Z - info: Rebuilding 1 pages
2022-11-16T09:30:54.713Z - info: Site data built
2022-11-16T09:30:54.713Z - info: Pages rebuilt
2022-11-16T09:30:54.713Z - info: Website regeneration complete! Total build time: 0.24s
2022-11-16T09:31:25.749Z - info: [5:31:25 pm] Reload for file change: C:\repos\nus-cs2103\cs2103-website-base\admin\exams.md
2022-11-16T09:31:25.750Z - info: Synchronizing opened pages list before reload
2022-11-16T09:31:25.750Z - info: Current opened pages, from most-to-least recent:
2022-11-16T09:31:25.750Z - info: 1. admin/exams
2022-11-16T09:31:26.766Z - info: Rebuilding 1 pages
2022-11-16T09:31:26.944Z - info: Site data built
2022-11-16T09:31:26.944Z - info: Pages rebuilt
2022-11-16T09:31:26.944Z - info: Website regeneration complete! Total build time: 0.179s
2022-11-16T09:31:43.002Z - info: [5:31:43 pm] Reload for file change: C:\repos\nus-cs2103\cs2103-website-base\admin\exams.md
2022-11-16T09:31:43.002Z - info: Synchronizing opened pages list before reload
2022-11-16T09:31:43.002Z - info: Current opened pages, from most-to-least recent:
2022-11-16T09:31:43.004Z - info: 1. admin/exams
2022-11-16T09:31:44.027Z - info: Rebuilding 1 pages
2022-11-16T09:31:44.199Z - info: Site data built
2022-11-16T09:31:44.199Z - info: Pages rebuilt
2022-11-16T09:31:44.199Z - info: Website regeneration complete! Total build time: 0.173s
2022-11-16T09:33:49.674Z - info: Website generation started at 5:33:48 pm
2022-11-16T09:34:00.659Z - info: Building assets...
2022-11-16T09:34:09.021Z - info: Assets built
2022-11-16T09:34:09.022Z - info: Generating pages...
2022-11-16T09:34:23.785Z - debug:  
2022-11-16T09:34:23.786Z - debug:  
2022-11-16T09:34:23.810Z - debug:  
2022-11-16T09:34:23.832Z - debug:  
2022-11-16T09:34:23.858Z - debug:  
2022-11-16T09:34:27.009Z - debug:  
2022-11-16T09:34:27.009Z - debug:  
2022-11-16T09:34:27.009Z - debug:  
2022-11-16T09:34:27.009Z - debug:  
2022-11-16T09:34:27.009Z - debug:  
2022-11-16T09:34:27.010Z - debug:  
2022-11-16T09:34:27.010Z - debug:  
2022-11-16T09:36:53.511Z - debug:  
2022-11-16T09:37:13.360Z - debug:  
2022-11-16T09:37:13.361Z - debug:  
2022-11-16T09:37:25.213Z - info: Pages built
2022-11-16T09:37:26.444Z - info: Site data built
2022-11-16T09:37:26.445Z - info: Website generation complete! Total build time: 218.307s
2022-11-16T09:37:26.445Z - info: Build success!
2022-11-16T09:39:43.445Z - info: The website has been deployed at: https://nus-cs2103-ay2223s1.github.io/website
