2022-09-11T06:06:37.616Z - info: Website generation (lazy) started at 2:06:31 pm
2022-09-11T06:06:53.972Z - info: Building assets...
2022-09-11T06:07:05.052Z - info: Assets built
2022-09-11T06:07:05.053Z - info: Generating landing page...
2022-09-11T06:07:06.871Z - info: Landing page built, other pages will be built as you navigate to them!
2022-09-11T06:07:08.374Z - info: Site data built
2022-09-11T06:07:08.374Z - info: Website generation (lazy) complete! Total build time: 36.808s
2022-09-11T06:07:09.550Z - info: Serving "C:\repos\nus-cs2103\cs2103-website-base\_site" at http://127.0.0.1:8080
2022-09-11T06:07:09.550Z - info: Press CTRL+C to stop ...
2022-09-11T06:07:29.912Z - info: Building C:\repos\nus-cs2103\cs2103-website-base\schedule\week6\topics as some of its dependencies were changed since the last visit
2022-09-11T06:07:37.056Z - debug:  
2022-09-11T06:07:37.060Z - debug:  
2022-09-11T06:07:38.163Z - info: Site data built
2022-09-11T06:07:38.164Z - info: Lazy website regeneration complete! Total build time: 8.253s
2022-09-11T06:12:09.580Z - info: Website generation started at 2:12:07 pm
2022-09-11T06:12:23.718Z - info: Building assets...
2022-09-11T06:12:33.888Z - info: Assets built
2022-09-11T06:12:33.889Z - info: Generating pages...
2022-09-11T06:12:51.390Z - debug:  
2022-09-11T06:12:55.603Z - debug:  
2022-09-11T06:12:55.603Z - debug:  
2022-09-11T06:12:55.604Z - debug:  
2022-09-11T06:12:55.605Z - debug:  
2022-09-11T06:12:55.606Z - debug:  
2022-09-11T06:12:55.606Z - debug:  
2022-09-11T06:12:55.607Z - debug:  
2022-09-11T06:12:55.607Z - debug:  
2022-09-11T06:12:55.608Z - debug:  
2022-09-11T06:12:55.608Z - debug:  
2022-09-11T06:12:55.608Z - debug:  
2022-09-11T06:15:33.082Z - debug:  
2022-09-11T06:15:52.839Z - debug:  
2022-09-11T06:15:52.840Z - debug:  
2022-09-11T06:16:03.080Z - info: Pages built
2022-09-11T06:16:04.446Z - info: Site data built
2022-09-11T06:16:04.446Z - info: Website generation complete! Total build time: 237.033s
2022-09-11T06:16:04.447Z - info: Build success!
2022-09-11T06:21:20.189Z - info: The website has been deployed at: https://nus-cs2103-ay2223s1.github.io/website
