2022-08-04T11:22:58.330Z - info: Website generation (lazy) started at 7:22:54 pm
2022-08-04T11:23:10.728Z - info: Building assets...
2022-08-04T11:23:18.551Z - info: Assets built
2022-08-04T11:23:18.553Z - info: Generating landing page...
2022-08-04T11:23:19.609Z - info: Landing page built, other pages will be built as you navigate to them!
2022-08-04T11:23:20.920Z - info: Site data built
2022-08-04T11:23:20.920Z - info: Website generation (lazy) complete! Total build time: 26.026s
2022-08-04T11:23:21.948Z - info: Serving "C:\repos\nus-cs2103\cs2103-website-base\_site" at http://127.0.0.1:8080
2022-08-04T11:23:21.948Z - info: Press CTRL+C to stop ...
2022-08-04T11:25:09.102Z - info: Building C:\repos\nus-cs2103\cs2103-website-base\se-book-adapted\index as some of its dependencies were changed since the last visit
2022-08-04T11:25:09.500Z - info: Site data built
2022-08-04T11:25:09.500Z - info: Lazy website regeneration complete! Total build time: 0.4s
2022-08-04T11:25:22.341Z - info: Building C:\repos\nus-cs2103\cs2103-website-base\se-book-adapted\chapters\revisionControl as some of its dependencies were changed since the last visit
2022-08-04T11:25:23.030Z - info: Site data built
2022-08-04T11:25:23.030Z - info: Lazy website regeneration complete! Total build time: 0.689s
2022-08-04T11:25:35.915Z - info: Building C:\repos\nus-cs2103\cs2103-website-base\se-book-adapted\chapters\gitAndGithub as some of its dependencies were changed since the last visit
2022-08-04T11:25:37.119Z - info: Site data built
2022-08-04T11:25:37.119Z - info: Lazy website regeneration complete! Total build time: 1.204s
2022-08-04T11:32:30.433Z - info: [7:32:30 pm] Reload for file change: C:\repos\nus-cs2103\cs2103-website-base\book\gitAndGithub\forkingWorkflow\text.md
2022-08-04T11:32:30.433Z - info: Synchronizing opened pages list before reload
2022-08-04T11:32:30.434Z - info: Current opened pages, from most-to-least recent:
2022-08-04T11:32:30.434Z - info: 1. se-book-adapted/chapters/gitAndGithub
2022-08-04T11:32:31.444Z - info: Rebuilding 1 pages
2022-08-04T11:32:32.287Z - info: Site data built
2022-08-04T11:32:32.288Z - info: Pages rebuilt
2022-08-04T11:32:32.288Z - info: Website regeneration complete! Total build time: 0.845s
2022-08-04T11:32:48.767Z - info: [7:32:48 pm] Reload for file change: C:\repos\nus-cs2103\cs2103-website-base\book\gitAndGithub\forkingWorkflow\text.md
2022-08-04T11:32:48.768Z - info: Synchronizing opened pages list before reload
2022-08-04T11:32:48.768Z - info: Current opened pages, from most-to-least recent:
2022-08-04T11:32:48.768Z - info: 1. se-book-adapted/chapters/gitAndGithub
2022-08-04T11:32:49.780Z - info: Rebuilding 1 pages
2022-08-04T11:32:50.484Z - info: Site data built
2022-08-04T11:32:50.484Z - info: Pages rebuilt
2022-08-04T11:32:50.484Z - info: Website regeneration complete! Total build time: 0.706s
2022-08-04T11:35:06.867Z - info: [7:35:06 pm] Reload for file change: C:\repos\nus-cs2103\cs2103-website-base\book\gitAndGithub\forkingWorkflow\text.md
2022-08-04T11:35:06.868Z - info: Synchronizing opened pages list before reload
2022-08-04T11:35:06.869Z - info: Current opened pages, from most-to-least recent:
2022-08-04T11:35:06.869Z - info: 1. se-book-adapted/chapters/gitAndGithub
2022-08-04T11:35:07.891Z - info: Rebuilding 1 pages
2022-08-04T11:35:08.699Z - info: Site data built
2022-08-04T11:35:08.699Z - info: Pages rebuilt
2022-08-04T11:35:08.700Z - info: Website regeneration complete! Total build time: 0.81s
2022-08-04T11:37:25.294Z - info: [7:37:25 pm] Reload for file change: C:\repos\nus-cs2103\cs2103-website-base\book\gitAndGithub\init\text.md
2022-08-04T11:37:25.294Z - info: Synchronizing opened pages list before reload
2022-08-04T11:37:25.294Z - info: Current opened pages, from most-to-least recent:
2022-08-04T11:37:25.294Z - info: 1. se-book-adapted/chapters/gitAndGithub
2022-08-04T11:37:26.300Z - info: Rebuilding 1 pages
2022-08-04T11:37:26.825Z - info: Site data built
2022-08-04T11:37:26.825Z - info: Pages rebuilt
2022-08-04T11:37:26.825Z - info: Website regeneration complete! Total build time: 0.526s
2022-08-04T11:42:01.980Z - info: [7:42:01 pm] Reload for file change: C:\repos\nus-cs2103\cs2103-website-base\book\gitAndGithub\init\text.md
2022-08-04T11:42:01.981Z - info: Synchronizing opened pages list before reload
2022-08-04T11:42:01.981Z - info: Current opened pages, from most-to-least recent:
2022-08-04T11:42:01.981Z - info: 1. se-book-adapted/chapters/gitAndGithub
2022-08-04T11:42:02.995Z - info: Rebuilding 1 pages
2022-08-04T11:42:03.576Z - info: Site data built
2022-08-04T11:42:03.576Z - info: Pages rebuilt
2022-08-04T11:42:03.576Z - info: Website regeneration complete! Total build time: 0.582s
2022-08-04T11:42:17.450Z - info: [7:42:17 pm] Reload for file change: C:\repos\nus-cs2103\cs2103-website-base\book\gitAndGithub\init\text.md
2022-08-04T11:42:17.450Z - info: Synchronizing opened pages list before reload
2022-08-04T11:42:17.450Z - info: Current opened pages, from most-to-least recent:
2022-08-04T11:42:17.450Z - info: 1. se-book-adapted/chapters/gitAndGithub
2022-08-04T11:42:18.466Z - info: Rebuilding 1 pages
2022-08-04T11:42:19.023Z - info: Site data built
2022-08-04T11:42:19.023Z - info: Pages rebuilt
2022-08-04T11:42:19.023Z - info: Website regeneration complete! Total build time: 0.558s
2022-08-04T11:42:33.421Z - info: [7:42:33 pm] Reload for file change: C:\repos\nus-cs2103\cs2103-website-base\book\gitAndGithub\init\text.md
2022-08-04T11:42:33.422Z - info: Synchronizing opened pages list before reload
2022-08-04T11:42:33.422Z - info: Current opened pages, from most-to-least recent:
2022-08-04T11:42:33.423Z - info: 1. se-book-adapted/chapters/gitAndGithub
2022-08-04T11:42:34.437Z - info: Rebuilding 1 pages
2022-08-04T11:42:35.146Z - info: Site data built
2022-08-04T11:42:35.146Z - info: Pages rebuilt
2022-08-04T11:42:35.146Z - info: Website regeneration complete! Total build time: 0.71s
2022-08-04T11:43:55.452Z - info: [7:43:55 pm] Reload for file change: C:\repos\nus-cs2103\cs2103-website-base\book\gitAndGithub\init\text.md
2022-08-04T11:43:55.452Z - info: Synchronizing opened pages list before reload
2022-08-04T11:43:55.452Z - info: Current opened pages, from most-to-least recent:
2022-08-04T11:43:55.452Z - info: 1. se-book-adapted/chapters/gitAndGithub
2022-08-04T11:43:56.455Z - info: Rebuilding 1 pages
2022-08-04T11:43:57.172Z - info: Site data built
2022-08-04T11:43:57.172Z - info: Pages rebuilt
2022-08-04T11:43:57.172Z - info: Website regeneration complete! Total build time: 0.717s
2022-08-04T11:46:19.988Z - info: [7:46:19 pm] Reload for file change: C:\repos\nus-cs2103\cs2103-website-base\book\gitAndGithub\init\text.md
2022-08-04T11:46:19.988Z - info: Synchronizing opened pages list before reload
2022-08-04T11:46:19.988Z - info: Current opened pages, from most-to-least recent:
2022-08-04T11:46:19.988Z - info: 1. se-book-adapted/chapters/gitAndGithub
2022-08-04T11:46:21.005Z - info: Rebuilding 1 pages
2022-08-04T11:46:21.614Z - info: Site data built
2022-08-04T11:46:21.615Z - info: Pages rebuilt
2022-08-04T11:46:21.615Z - info: Website regeneration complete! Total build time: 0.611s
2022-08-04T11:46:51.050Z - info: [7:46:51 pm] Reload for file change: C:\repos\nus-cs2103\cs2103-website-base\book\gitAndGithub\init\text.md
2022-08-04T11:46:51.051Z - info: Synchronizing opened pages list before reload
2022-08-04T11:46:51.051Z - info: Current opened pages, from most-to-least recent:
2022-08-04T11:46:51.052Z - info: 1. se-book-adapted/chapters/gitAndGithub
2022-08-04T11:46:52.071Z - info: Rebuilding 1 pages
2022-08-04T11:46:52.764Z - info: Site data built
2022-08-04T11:46:52.764Z - info: Pages rebuilt
2022-08-04T11:46:52.764Z - info: Website regeneration complete! Total build time: 0.694s
2022-08-04T11:50:00.114Z - info: [7:50:00 pm] Reload for file change: C:\repos\nus-cs2103\cs2103-website-base\book\gitAndGithub\init\text.md
2022-08-04T11:50:00.114Z - info: Synchronizing opened pages list before reload
2022-08-04T11:50:00.115Z - info: Current opened pages, from most-to-least recent:
2022-08-04T11:50:00.115Z - info: 1. se-book-adapted/chapters/gitAndGithub
2022-08-04T11:50:01.129Z - info: Rebuilding 1 pages
2022-08-04T11:50:01.884Z - info: Site data built
2022-08-04T11:50:01.884Z - info: Pages rebuilt
2022-08-04T11:50:01.884Z - info: Website regeneration complete! Total build time: 0.756s
2022-08-04T11:51:06.832Z - info: [7:51:06 pm] Reload for file change: C:\repos\nus-cs2103\cs2103-website-base\book\gitAndGithub\init\text.md
2022-08-04T11:51:06.832Z - info: Synchronizing opened pages list before reload
2022-08-04T11:51:06.832Z - info: Current opened pages, from most-to-least recent:
2022-08-04T11:51:06.832Z - info: 1. se-book-adapted/chapters/gitAndGithub
2022-08-04T11:51:07.847Z - info: Rebuilding 1 pages
2022-08-04T11:51:08.564Z - info: Site data built
2022-08-04T11:51:08.564Z - info: Pages rebuilt
2022-08-04T11:51:08.564Z - info: Website regeneration complete! Total build time: 0.718s
2022-08-04T11:51:38.919Z - info: [7:51:38 pm] Reload for file change: C:\repos\nus-cs2103\cs2103-website-base\book\gitAndGithub\init\text.md
2022-08-04T11:51:38.920Z - info: Synchronizing opened pages list before reload
2022-08-04T11:51:38.920Z - info: Current opened pages, from most-to-least recent:
2022-08-04T11:51:38.920Z - info: 1. se-book-adapted/chapters/gitAndGithub
2022-08-04T11:51:39.935Z - info: Rebuilding 1 pages
2022-08-04T11:51:40.621Z - info: Site data built
2022-08-04T11:51:40.621Z - info: Pages rebuilt
2022-08-04T11:51:40.621Z - info: Website regeneration complete! Total build time: 0.688s
2022-08-04T11:52:57.647Z - info: [7:52:57 pm] Reload for file change: C:\repos\nus-cs2103\cs2103-website-base\book\gitAndGithub\init\text.md
2022-08-04T11:52:57.647Z - info: Synchronizing opened pages list before reload
2022-08-04T11:52:57.647Z - info: Current opened pages, from most-to-least recent:
2022-08-04T11:52:57.647Z - info: 1. se-book-adapted/chapters/gitAndGithub
2022-08-04T11:52:58.660Z - info: Rebuilding 1 pages
2022-08-04T11:52:59.552Z - info: Site data built
2022-08-04T11:52:59.553Z - info: Pages rebuilt
2022-08-04T11:52:59.553Z - info: Website regeneration complete! Total build time: 0.893s
2022-08-04T11:56:34.242Z - info: Website generation started at 7:56:32 pm
2022-08-04T11:56:44.219Z - info: Building assets...
2022-08-04T11:56:51.880Z - info: Assets built
2022-08-04T11:56:51.881Z - info: Generating pages...
2022-08-04T11:57:06.095Z - debug:  
2022-08-04T11:57:06.096Z - debug:  
2022-08-04T11:57:06.158Z - debug:  
2022-08-04T11:57:10.666Z - debug:  
2022-08-04T11:57:10.667Z - debug:  
2022-08-04T11:57:10.667Z - debug:  
2022-08-04T11:57:10.668Z - debug:  
2022-08-04T11:57:10.668Z - debug:  
2022-08-04T11:57:10.668Z - debug:  
2022-08-04T11:57:10.669Z - debug:  
2022-08-04T11:57:10.669Z - debug:  
2022-08-04T11:57:10.669Z - debug:  
2022-08-04T11:59:20.508Z - debug:  
2022-08-04T11:59:36.056Z - debug:  
2022-08-04T11:59:36.056Z - debug:  
2022-08-04T11:59:42.874Z - info: Pages built
2022-08-04T11:59:43.984Z - info: Site data built
2022-08-04T11:59:43.985Z - info: Website generation complete! Total build time: 191.081s
2022-08-04T11:59:43.985Z - info: Build success!
2022-08-04T12:07:08.226Z - info: The website has been deployed at: https://nus-cs2103-ay2223s1.github.io/website
2022-08-04T12:34:42.798Z - info: Website generation (lazy) started at 8:34:39 pm
2022-08-04T12:34:55.184Z - info: Building assets...
2022-08-04T12:35:02.459Z - info: Assets built
2022-08-04T12:35:02.460Z - info: Generating landing page...
2022-08-04T12:35:03.268Z - info: Landing page built, other pages will be built as you navigate to them!
2022-08-04T12:35:04.341Z - info: Site data built
2022-08-04T12:35:04.342Z - info: Website generation (lazy) complete! Total build time: 24.608s
2022-08-04T12:35:05.362Z - info: Serving "C:\repos\nus-cs2103\cs2103-website-base\_site" at http://127.0.0.1:8080
2022-08-04T12:35:05.362Z - info: Press CTRL+C to stop ...
2022-08-04T12:35:28.464Z - info: Building C:\repos\nus-cs2103\cs2103-website-base\se-book-adapted\index as some of its dependencies were changed since the last visit
2022-08-04T12:35:28.810Z - info: Site data built
2022-08-04T12:35:28.811Z - info: Lazy website regeneration complete! Total build time: 0.348s
2022-08-04T12:35:34.359Z - info: Building C:\repos\nus-cs2103\cs2103-website-base\se-book-adapted\print as some of its dependencies were changed since the last visit
2022-08-04T12:35:47.641Z - debug:  
2022-08-04T12:35:47.744Z - debug:  
2022-08-04T12:35:47.776Z - debug:  
2022-08-04T12:35:48.654Z - debug:  
2022-08-04T12:35:52.136Z - debug:  
2022-08-04T12:35:52.138Z - debug:  
2022-08-04T12:35:52.138Z - debug:  
2022-08-04T12:35:52.138Z - debug:  
2022-08-04T12:35:52.138Z - debug:  
2022-08-04T12:35:52.139Z - debug:  
2022-08-04T12:35:52.139Z - debug:  
2022-08-04T12:35:52.139Z - debug:  
2022-08-04T12:35:52.732Z - info: Site data built
2022-08-04T12:35:52.732Z - info: Lazy website regeneration complete! Total build time: 18.374s
2022-08-04T12:36:46.750Z - info: [8:36:46 pm] Reload for file change: C:\repos\nus-cs2103\cs2103-website-base\css\main.css
2022-08-04T12:36:46.751Z - info: Synchronizing opened pages list before reload
2022-08-04T12:36:46.751Z - info: Current opened pages, from most-to-least recent:
2022-08-04T12:36:46.751Z - info: 1. se-book-adapted/print
2022-08-04T12:36:46.751Z - info: 2. se-book-adapted/index
2022-08-04T12:36:47.792Z - info: Assets built
2022-08-04T12:38:09.449Z - info: Website generation started at 8:38:08 pm
2022-08-04T12:38:17.634Z - info: Building assets...
2022-08-04T12:38:24.241Z - info: Assets built
2022-08-04T12:38:24.242Z - info: Generating pages...
2022-08-04T12:38:34.816Z - debug:  
2022-08-04T12:38:34.819Z - debug:  
2022-08-04T12:38:34.822Z - debug:  
2022-08-04T12:38:37.848Z - debug:  
2022-08-04T12:38:37.849Z - debug:  
2022-08-04T12:38:37.849Z - debug:  
2022-08-04T12:38:37.849Z - debug:  
2022-08-04T12:38:37.850Z - debug:  
2022-08-04T12:38:37.850Z - debug:  
2022-08-04T12:38:37.850Z - debug:  
2022-08-04T12:38:37.850Z - debug:  
2022-08-04T12:38:37.850Z - debug:  
2022-08-04T12:40:24.420Z - debug:  
2022-08-04T12:40:35.992Z - debug:  
2022-08-04T12:40:36.001Z - debug:  
2022-08-04T12:40:40.861Z - info: Pages built
2022-08-04T12:40:41.707Z - info: Site data built
2022-08-04T12:40:41.708Z - info: Website generation complete! Total build time: 153.489s
2022-08-04T12:40:41.708Z - info: Build success!
2022-08-04T12:42:36.709Z - info: The website has been deployed at: https://nus-cs2103-ay2223s1.github.io/website
2022-08-04T12:59:28.581Z - info: Website generation (lazy) started at 8:59:25 pm
2022-08-04T12:59:38.793Z - info: Building assets...
2022-08-04T12:59:45.102Z - info: Assets built
2022-08-04T12:59:45.103Z - info: Generating landing page...
2022-08-04T12:59:45.801Z - info: Landing page built, other pages will be built as you navigate to them!
2022-08-04T12:59:46.681Z - info: Site data built
2022-08-04T12:59:46.681Z - info: Website generation (lazy) complete! Total build time: 20.819s
2022-08-04T12:59:47.624Z - info: Serving "C:\repos\nus-cs2103\cs2103-website-base\_site" at http://127.0.0.1:8080
2022-08-04T12:59:47.624Z - info: Press CTRL+C to stop ...
2022-08-04T12:59:56.513Z - info: Building C:\repos\nus-cs2103\cs2103-website-base\se-book-adapted\print as some of its dependencies were changed since the last visit
2022-08-04T13:00:15.107Z - debug:  
2022-08-04T13:00:15.108Z - debug:  
2022-08-04T13:00:15.108Z - debug:  
2022-08-04T13:00:15.268Z - debug:  
2022-08-04T13:00:15.278Z - debug:  
2022-08-04T13:00:15.317Z - debug:  
2022-08-04T13:00:15.326Z - debug:  
2022-08-04T13:00:15.344Z - debug:  
2022-08-04T13:00:15.349Z - debug:  
2022-08-04T13:00:15.418Z - debug:  
2022-08-04T13:00:15.419Z - debug:  
2022-08-04T13:00:18.187Z - debug:  
2022-08-04T13:00:21.253Z - info: Site data built
2022-08-04T13:00:21.254Z - info: Lazy website regeneration complete! Total build time: 24.742s
2022-08-04T13:00:42.466Z - info: [9:00:42 pm] Reload for file change: C:\repos\nus-cs2103\cs2103-website-base\_markbind\layouts\header.md
2022-08-04T13:00:42.467Z - info: Synchronizing opened pages list before reload
2022-08-04T13:00:42.467Z - info: Current opened pages, from most-to-least recent:
2022-08-04T13:00:42.468Z - info: 1. se-book-adapted/print
2022-08-04T13:00:42.468Z - info: 2. index
2022-08-04T13:00:43.733Z - info: Rebuilding 2 pages
2022-08-04T13:00:51.551Z - debug:  
2022-08-04T13:00:51.599Z - debug:  
2022-08-04T13:00:53.533Z - debug:  
2022-08-04T13:00:54.921Z - debug:  
2022-08-04T13:00:54.922Z - debug:  
2022-08-04T13:00:54.959Z - debug:  
2022-08-04T13:00:55.303Z - debug:  
2022-08-04T13:00:55.497Z - debug:  
2022-08-04T13:00:55.587Z - info: Site data built
2022-08-04T13:00:55.588Z - info: Pages rebuilt
2022-08-04T13:00:55.588Z - info: Website regeneration complete! Total build time: 11.856s
2022-08-04T13:00:55.924Z - debug:  
2022-08-04T13:00:56.018Z - debug:  
2022-08-04T13:00:56.036Z - debug:  
2022-08-04T13:00:56.134Z - debug:  
2022-08-04T13:25:04.995Z - info: Website generation started at 9:25:03 pm
2022-08-04T13:25:14.924Z - info: Building assets...
2022-08-04T13:25:20.948Z - info: Assets built
2022-08-04T13:25:20.949Z - info: Generating pages...
2022-08-04T13:25:30.943Z - debug:  
2022-08-04T13:25:30.944Z - debug:  
2022-08-04T13:25:30.945Z - debug:  
2022-08-04T13:25:34.292Z - debug:  
2022-08-04T13:25:34.292Z - debug:  
2022-08-04T13:25:34.292Z - debug:  
2022-08-04T13:25:34.293Z - debug:  
2022-08-04T13:25:34.293Z - debug:  
2022-08-04T13:25:34.293Z - debug:  
2022-08-04T13:25:34.293Z - debug:  
2022-08-04T13:25:34.294Z - debug:  
2022-08-04T13:25:34.294Z - debug:  
2022-08-04T13:27:24.703Z - debug:  
2022-08-04T13:27:36.143Z - debug:  
2022-08-04T13:27:36.144Z - debug:  
2022-08-04T13:27:41.196Z - info: Pages built
2022-08-04T13:27:42.112Z - info: Site data built
2022-08-04T13:27:42.112Z - info: Website generation complete! Total build time: 158.213s
2022-08-04T13:27:42.113Z - info: Build success!
2022-08-04T13:29:42.031Z - info: The website has been deployed at: https://nus-cs2103-ay2223s1.github.io/website
2022-08-04T14:36:03.369Z - info: Website generation (lazy) started at 10:35:59 pm
2022-08-04T14:36:15.387Z - info: Building assets...
2022-08-04T14:36:23.111Z - info: Assets built
2022-08-04T14:36:23.112Z - info: Generating landing page...
2022-08-04T14:36:24.137Z - info: Landing page built, other pages will be built as you navigate to them!
2022-08-04T14:36:25.292Z - info: Site data built
2022-08-04T14:36:25.294Z - info: Website generation (lazy) complete! Total build time: 25.827s
2022-08-04T14:36:26.363Z - info: Serving "C:\repos\nus-cs2103\cs2103-website-base\_site" at http://127.0.0.1:8080
2022-08-04T14:36:26.363Z - info: Press CTRL+C to stop ...
2022-08-04T14:39:07.930Z - info: Building C:\repos\nus-cs2103\cs2103-website-base\admin\tp-pe as some of its dependencies were changed since the last visit
2022-08-04T14:39:11.155Z - info: Site data built
2022-08-04T14:39:11.156Z - info: Lazy website regeneration complete! Total build time: 3.227s
2022-08-04T14:39:25.619Z - info: Building C:\repos\nus-cs2103\cs2103-website-base\admin\tp-w12 as some of its dependencies were changed since the last visit
2022-08-04T14:39:28.339Z - info: Site data built
2022-08-04T14:39:28.340Z - info: Lazy website regeneration complete! Total build time: 2.721s
2022-08-04T14:40:19.673Z - info: [10:40:19 pm] Reload for file change: C:\repos\nus-cs2103\cs2103-website-base\admin\tp-tasks-fragment.md
2022-08-04T14:40:19.673Z - info: Synchronizing opened pages list before reload
2022-08-04T14:40:19.673Z - info: Current opened pages, from most-to-least recent:
2022-08-04T14:40:19.674Z - info: 1. admin/tp-w12
2022-08-04T14:40:20.691Z - info: Rebuilding 1 pages
2022-08-04T14:40:22.723Z - info: Site data built
2022-08-04T14:40:22.724Z - info: Pages rebuilt
2022-08-04T14:40:22.724Z - info: Website regeneration complete! Total build time: 2.036s
2022-08-04T14:41:02.736Z - info: [10:41:02 pm] Reload for file change: C:\repos\nus-cs2103\cs2103-website-base\admin\tp-tasks-fragment.md
2022-08-04T14:41:02.738Z - info: Synchronizing opened pages list before reload
2022-08-04T14:41:02.738Z - info: Current opened pages, from most-to-least recent:
2022-08-04T14:41:02.739Z - info: 1. admin/tp-w12
2022-08-04T14:41:03.766Z - info: Rebuilding 1 pages
2022-08-04T14:41:05.993Z - info: Site data built
2022-08-04T14:41:05.993Z - info: Pages rebuilt
2022-08-04T14:41:05.993Z - info: Website regeneration complete! Total build time: 2.227s
2022-08-04T14:43:11.760Z - info: Building C:\repos\nus-cs2103\cs2103-website-base\admin\tp-pe as some of its dependencies were changed since the last visit
2022-08-04T14:43:13.081Z - info: Site data built
2022-08-04T14:43:13.082Z - info: Lazy website regeneration complete! Total build time: 1.322s
2022-08-04T14:45:55.236Z - info: [10:45:55 pm] Reload for file change: C:\repos\nus-cs2103\cs2103-website-base\admin\tp-pe-fragment.md
2022-08-04T14:45:55.236Z - info: Synchronizing opened pages list before reload
2022-08-04T14:45:55.237Z - info: Current opened pages, from most-to-least recent:
2022-08-04T14:45:55.237Z - info: 1. admin/tp-pe
2022-08-04T14:45:56.248Z - info: Rebuilding 1 pages
2022-08-04T14:45:57.554Z - info: Site data built
2022-08-04T14:45:57.554Z - info: Pages rebuilt
2022-08-04T14:45:57.555Z - info: Website regeneration complete! Total build time: 1.307s
2022-08-04T14:46:28.442Z - info: [10:46:28 pm] Reload for file change: C:\repos\nus-cs2103\cs2103-website-base\admin\tp-pe-fragment.md
2022-08-04T14:46:28.442Z - info: Synchronizing opened pages list before reload
2022-08-04T14:46:28.443Z - info: Current opened pages, from most-to-least recent:
2022-08-04T14:46:28.443Z - info: 1. admin/tp-pe
2022-08-04T14:46:29.451Z - info: Rebuilding 1 pages
2022-08-04T14:46:30.801Z - info: Site data built
2022-08-04T14:46:30.801Z - info: Pages rebuilt
2022-08-04T14:46:30.801Z - info: Website regeneration complete! Total build time: 1.352s
2022-08-04T14:46:40.445Z - info: [10:46:40 pm] Reload for file change: C:\repos\nus-cs2103\cs2103-website-base\admin\tp-pe-fragment.md
2022-08-04T14:46:40.446Z - info: Synchronizing opened pages list before reload
2022-08-04T14:46:40.446Z - info: Current opened pages, from most-to-least recent:
2022-08-04T14:46:40.446Z - info: 1. admin/tp-pe
2022-08-04T14:46:41.450Z - info: Rebuilding 1 pages
2022-08-04T14:46:42.565Z - info: Site data built
2022-08-04T14:46:42.565Z - info: Pages rebuilt
2022-08-04T14:46:42.565Z - info: Website regeneration complete! Total build time: 1.116s
2022-08-04T14:56:15.531Z - info: [10:56:15 pm] Reload for file change: C:\repos\nus-cs2103\cs2103-website-base\admin\tp-pe-fragment.md
2022-08-04T14:56:15.531Z - info: Synchronizing opened pages list before reload
2022-08-04T14:56:15.531Z - info: Current opened pages, from most-to-least recent:
2022-08-04T14:56:15.531Z - info: 1. admin/tp-pe
2022-08-04T14:56:16.541Z - info: Rebuilding 1 pages
2022-08-04T14:56:17.939Z - info: Site data built
2022-08-04T14:56:17.939Z - info: Pages rebuilt
2022-08-04T14:56:17.939Z - info: Website regeneration complete! Total build time: 1.4s
2022-08-04T15:01:55.748Z - info: [11:01:55 pm] Reload for file change: C:\repos\nus-cs2103\cs2103-website-base\admin\tp-ped-fragment.md
2022-08-04T15:01:55.748Z - info: Synchronizing opened pages list before reload
2022-08-04T15:01:55.748Z - info: Current opened pages, from most-to-least recent:
2022-08-04T15:01:55.748Z - info: 1. admin/tp-pe
2022-08-04T15:01:56.758Z - info: Rebuilding 1 pages
2022-08-04T15:01:58.239Z - info: Site data built
2022-08-04T15:01:58.239Z - info: Pages rebuilt
2022-08-04T15:01:58.239Z - info: Website regeneration complete! Total build time: 1.482s
2022-08-04T15:04:23.195Z - info: [11:04:23 pm] Reload for file change: C:\repos\nus-cs2103\cs2103-website-base\css\main.css
2022-08-04T15:04:23.196Z - info: Synchronizing opened pages list before reload
2022-08-04T15:04:23.196Z - info: Current opened pages, from most-to-least recent:
2022-08-04T15:04:23.196Z - info: 1. admin/tp-pe
2022-08-04T15:04:24.223Z - info: Assets built
2022-08-04T15:04:32.420Z - info: Building C:\repos\nus-cs2103\cs2103-website-base\se-book-adapted\index as some of its dependencies were changed since the last visit
2022-08-04T15:04:32.807Z - info: Site data built
2022-08-04T15:04:32.807Z - info: Lazy website regeneration complete! Total build time: 0.388s
2022-08-04T15:04:52.011Z - info: Building C:\repos\nus-cs2103\cs2103-website-base\se-book-adapted\print as some of its dependencies were changed since the last visit
2022-08-04T15:05:07.727Z - debug:  
2022-08-04T15:05:07.752Z - debug:  
2022-08-04T15:05:07.752Z - debug:  
2022-08-04T15:05:07.753Z - debug:  
2022-08-04T15:05:07.900Z - debug:  
2022-08-04T15:05:08.286Z - debug:  
2022-08-04T15:05:08.290Z - debug:  
2022-08-04T15:05:08.631Z - debug:  
2022-08-04T15:05:10.845Z - debug:  
2022-08-04T15:05:10.845Z - debug:  
2022-08-04T15:05:10.846Z - debug:  
2022-08-04T15:05:10.848Z - debug:  
2022-08-04T15:05:11.365Z - info: Site data built
2022-08-04T15:05:11.365Z - info: Lazy website regeneration complete! Total build time: 19.354s
2022-08-04T15:08:22.734Z - info: Building C:\repos\nus-cs2103\cs2103-website-base\schedule\timeline as some of its dependencies were changed since the last visit
2022-08-04T15:08:28.675Z - info: Site data built
2022-08-04T15:08:28.675Z - info: Lazy website regeneration complete! Total build time: 5.941s
2022-08-04T15:09:44.854Z - info: [11:09:44 pm] Reload for file change: C:\repos\nus-cs2103\cs2103-website-base\css\main.css
2022-08-04T15:09:44.854Z - info: Synchronizing opened pages list before reload
2022-08-04T15:09:44.855Z - info: Current opened pages, from most-to-least recent:
2022-08-04T15:09:44.855Z - info: 1. schedule/timeline
2022-08-04T15:09:44.855Z - info: 2. se-book-adapted/print
2022-08-04T15:09:44.855Z - info: 3. se-book-adapted/index
2022-08-04T15:09:44.855Z - info: 4. admin/tp-pe
2022-08-04T15:09:45.870Z - info: Assets built
2022-08-04T15:12:04.068Z - info: [11:12:04 pm] Reload for file change: C:\repos\nus-cs2103\cs2103-website-base\css\main.css
2022-08-04T15:12:04.068Z - info: Synchronizing opened pages list before reload
2022-08-04T15:12:04.068Z - info: Current opened pages, from most-to-least recent:
2022-08-04T15:12:04.068Z - info: 1. schedule/timeline
2022-08-04T15:12:04.069Z - info: 2. se-book-adapted/print
2022-08-04T15:12:04.069Z - info: 3. se-book-adapted/index
2022-08-04T15:12:04.069Z - info: 4. admin/tp-pe
2022-08-04T15:12:05.107Z - info: Assets built
2022-08-04T15:16:16.588Z - info: [11:16:16 pm] Reload for file change: C:\repos\nus-cs2103\cs2103-website-base\css\main.css
2022-08-04T15:16:16.588Z - info: Synchronizing opened pages list before reload
2022-08-04T15:16:16.588Z - info: Current opened pages, from most-to-least recent:
2022-08-04T15:16:16.588Z - info: 1. se-book-adapted/print
2022-08-04T15:16:16.588Z - info: 2. se-book-adapted/index
2022-08-04T15:16:16.589Z - info: 3. admin/tp-pe
2022-08-04T15:16:17.618Z - info: Assets built
2022-08-04T15:19:58.990Z - info: [11:19:58 pm] Reload for file change: C:\repos\nus-cs2103\cs2103-website-base\css\main.css
2022-08-04T15:19:58.990Z - info: Synchronizing opened pages list before reload
2022-08-04T15:19:58.990Z - info: Current opened pages, from most-to-least recent:
2022-08-04T15:19:58.990Z - info: 1. se-book-adapted/print
2022-08-04T15:19:58.990Z - info: 2. se-book-adapted/index
2022-08-04T15:19:58.990Z - info: 3. admin/tp-pe
2022-08-04T15:20:00.013Z - info: Assets built
2022-08-04T15:21:07.430Z - info: [11:21:07 pm] Reload for file change: C:\repos\nus-cs2103\cs2103-website-base\css\main.css
2022-08-04T15:21:07.430Z - info: Synchronizing opened pages list before reload
2022-08-04T15:21:07.430Z - info: Current opened pages, from most-to-least recent:
2022-08-04T15:21:07.430Z - info: 1. se-book-adapted/print
2022-08-04T15:21:07.431Z - info: 2. se-book-adapted/index
2022-08-04T15:21:07.431Z - info: 3. admin/tp-pe
2022-08-04T15:21:08.451Z - info: Assets built
2022-08-04T15:23:10.941Z - info: [11:23:10 pm] Reload for file change: C:\repos\nus-cs2103\cs2103-website-base\css\main.css
2022-08-04T15:23:10.941Z - info: Synchronizing opened pages list before reload
2022-08-04T15:23:10.942Z - info: Current opened pages, from most-to-least recent:
2022-08-04T15:23:10.942Z - info: 1. se-book-adapted/print
2022-08-04T15:23:10.942Z - info: 2. se-book-adapted/index
2022-08-04T15:23:10.942Z - info: 3. admin/tp-pe
2022-08-04T15:23:11.967Z - info: Assets built
2022-08-04T15:48:42.813Z - info: [11:48:42 pm] Reload for file change: C:\repos\nus-cs2103\cs2103-website-base\css\main.css
2022-08-04T15:48:42.813Z - info: Synchronizing opened pages list before reload
2022-08-04T15:48:42.813Z - info: Current opened pages, from most-to-least recent:
2022-08-04T15:48:42.813Z - info: 1. se-book-adapted/print
2022-08-04T15:48:42.813Z - info: 2. se-book-adapted/index
2022-08-04T15:48:42.813Z - info: 3. admin/tp-pe
2022-08-04T15:48:43.854Z - info: Assets built
2022-08-04T15:52:43.963Z - info: [11:52:43 pm] Reload for file change: C:\repos\nus-cs2103\cs2103-website-base\css\main.css
2022-08-04T15:52:43.963Z - info: Synchronizing opened pages list before reload
2022-08-04T15:52:43.964Z - info: Current opened pages, from most-to-least recent:
2022-08-04T15:52:43.964Z - info: 1. se-book-adapted/print
2022-08-04T15:52:43.964Z - info: 2. se-book-adapted/index
2022-08-04T15:52:43.964Z - info: 3. admin/tp-pe
2022-08-04T15:52:44.993Z - info: Assets built
