2022-11-12T09:09:32.655Z - info: Website generation (lazy) started at 5:09:27 pm
2022-11-12T09:09:43.359Z - info: Building assets...
2022-11-12T09:09:50.597Z - info: Assets built
2022-11-12T09:09:50.598Z - info: Generating landing page...
2022-11-12T09:09:51.578Z - info: Landing page built, other pages will be built as you navigate to them!
2022-11-12T09:09:52.674Z - info: Site data built
2022-11-12T09:09:52.674Z - info: Website generation (lazy) complete! Total build time: 25.623s
2022-11-12T09:09:55.026Z - info: Serving "C:\repos\nus-cs2103\cs2103-website-base\_site" at http://127.0.0.1:53027
2022-11-12T09:09:55.026Z - info: Press CTRL+C to stop ...
2022-11-12T09:10:57.454Z - info: Building C:\repos\nus-cs2103\cs2103-website-base\admin\index as some of its dependencies were changed since the last visit
2022-11-12T09:11:00.537Z - info: Site data built
2022-11-12T09:11:00.538Z - info: Lazy website regeneration complete! Total build time: 3.086s
2022-11-12T09:14:51.841Z - info: [5:14:51 pm] Reload for file change: C:\repos\nus-cs2103\cs2103-website-base\admin\exams-f2f.md
2022-11-12T09:14:51.842Z - info: Synchronizing opened pages list before reload
2022-11-12T09:14:51.843Z - info: Current opened pages, from most-to-least recent:
2022-11-12T09:14:51.843Z - info: 1. admin/index
2022-11-12T09:14:52.864Z - info: Rebuilding 1 pages
2022-11-12T09:14:54.974Z - info: Site data built
2022-11-12T09:14:54.974Z - info: Pages rebuilt
2022-11-12T09:14:54.975Z - info: Website regeneration complete! Total build time: 2.114s
2022-11-12T09:15:29.184Z - info: [5:15:29 pm] Reload for file change: C:\repos\nus-cs2103\cs2103-website-base\admin\exams-f2f.md
2022-11-12T09:15:29.184Z - info: Synchronizing opened pages list before reload
2022-11-12T09:15:29.185Z - info: Current opened pages, from most-to-least recent:
2022-11-12T09:15:29.185Z - info: 1. admin/index
2022-11-12T09:15:30.193Z - info: Rebuilding 1 pages
2022-11-12T09:15:31.949Z - info: Site data built
2022-11-12T09:15:31.950Z - info: Pages rebuilt
2022-11-12T09:15:31.950Z - info: Website regeneration complete! Total build time: 1.759s
2022-11-12T09:15:36.726Z - info: [5:15:36 pm] Reload for file change: C:\repos\nus-cs2103\cs2103-website-base\admin\exams-f2f.md
2022-11-12T09:15:36.727Z - info: Synchronizing opened pages list before reload
2022-11-12T09:15:36.727Z - info: Current opened pages, from most-to-least recent:
2022-11-12T09:15:36.727Z - info: 1. admin/index
2022-11-12T09:15:37.741Z - info: Rebuilding 1 pages
2022-11-12T09:15:39.159Z - info: Site data built
2022-11-12T09:15:39.160Z - info: Pages rebuilt
2022-11-12T09:15:39.160Z - info: Website regeneration complete! Total build time: 1.42s
2022-11-12T09:15:48.161Z - info: [5:15:48 pm] Reload for file change: C:\repos\nus-cs2103\cs2103-website-base\admin\exams-f2f.md
2022-11-12T09:15:48.161Z - info: Synchronizing opened pages list before reload
2022-11-12T09:15:48.162Z - info: Current opened pages, from most-to-least recent:
2022-11-12T09:15:48.162Z - info: 1. admin/index
2022-11-12T09:15:49.181Z - info: Rebuilding 1 pages
2022-11-12T09:15:50.473Z - info: Site data built
2022-11-12T09:15:50.473Z - info: Pages rebuilt
2022-11-12T09:15:50.473Z - info: Website regeneration complete! Total build time: 1.293s
2022-11-12T09:16:26.414Z - info: [5:16:26 pm] Reload for file change: C:\repos\nus-cs2103\cs2103-website-base\admin\exams-f2f.md
2022-11-12T09:16:26.414Z - info: Synchronizing opened pages list before reload
2022-11-12T09:16:26.414Z - info: Current opened pages, from most-to-least recent:
2022-11-12T09:16:26.414Z - info: 1. admin/index
2022-11-12T09:16:27.435Z - info: Rebuilding 1 pages
2022-11-12T09:16:29.141Z - info: Site data built
2022-11-12T09:16:29.141Z - info: Pages rebuilt
2022-11-12T09:16:29.141Z - info: Website regeneration complete! Total build time: 1.706s
2022-11-12T09:17:29.502Z - info: [5:17:29 pm] Reload for file change: C:\repos\nus-cs2103\cs2103-website-base\admin\exams-f2f.md
2022-11-12T09:17:29.502Z - info: Synchronizing opened pages list before reload
2022-11-12T09:17:29.503Z - info: Current opened pages, from most-to-least recent:
2022-11-12T09:17:29.503Z - info: 1. admin/index
2022-11-12T09:17:30.510Z - info: Rebuilding 1 pages
2022-11-12T09:17:31.918Z - info: Site data built
2022-11-12T09:17:31.918Z - info: Pages rebuilt
2022-11-12T09:17:31.919Z - info: Website regeneration complete! Total build time: 1.41s
2022-11-12T09:22:38.110Z - info: [5:22:38 pm] Reload for file add: C:\repos\nus-cs2103\cs2103-website-base\admin\exam-doubts-fragment.md
2022-11-12T09:22:38.110Z - info: Synchronizing opened pages list before reload
2022-11-12T09:22:38.110Z - info: Current opened pages, from most-to-least recent:
2022-11-12T09:22:38.110Z - info: 1. admin/index
2022-11-12T09:22:43.770Z - info: Assets built
2022-11-12T09:24:27.195Z - info: [5:24:27 pm] Reload for file change: C:\repos\nus-cs2103\cs2103-website-base\admin\exams-f2f.md
2022-11-12T09:24:27.195Z - info: Synchronizing opened pages list before reload
2022-11-12T09:24:27.196Z - info: Current opened pages, from most-to-least recent:
2022-11-12T09:24:27.196Z - info: 1. admin/index
2022-11-12T09:24:27.228Z - info: [5:24:27 pm] Reload for file change: C:\repos\nus-cs2103\cs2103-website-base\admin\exams.md
2022-11-12T09:24:27.228Z - info: Synchronizing opened pages list before reload
2022-11-12T09:24:27.228Z - info: Current opened pages, from most-to-least recent:
2022-11-12T09:24:27.228Z - info: 1. admin/index
2022-11-12T09:24:27.247Z - info: [5:24:27 pm] Reload for file change: C:\repos\nus-cs2103\cs2103-website-base\admin\exam-doubts-fragment.md
2022-11-12T09:24:27.248Z - info: Synchronizing opened pages list before reload
2022-11-12T09:24:27.248Z - info: Current opened pages, from most-to-least recent:
2022-11-12T09:24:27.248Z - info: 1. admin/index
2022-11-12T09:24:28.209Z - info: Rebuilding 1 pages
2022-11-12T09:24:29.115Z - error:  Error: No such file: C:\repos\nus-cs2103\cs2103-website-base\admin\exams-doubts-fragment.md
Missing reference in C:\repos\nus-cs2103\cs2103-website-base\admin\exams-f2f.md
    at _getFileExistsNode (C:\Users\dcsdcr\AppData\Roaming\npm\node_modules\markbind-cli\node_modules\@markbind\core\src\html\includePanelProcessor.js:34:19)
    at processInclude (C:\Users\dcsdcr\AppData\Roaming\npm\node_modules\markbind-cli\node_modules\@markbind\core\src\html\includePanelProcessor.js:188:26)
    at NodeProcessor.processNode (C:\Users\dcsdcr\AppData\Roaming\npm\node_modules\markbind-cli\node_modules\@markbind\core\src\html\NodeProcessor.js:176:28)
    at NodeProcessor.traverse (C:\Users\dcsdcr\AppData\Roaming\npm\node_modules\markbind-cli\node_modules\@markbind\core\src\html\NodeProcessor.js:320:24)
    at C:\Users\dcsdcr\AppData\Roaming\npm\node_modules\markbind-cli\node_modules\@markbind\core\src\html\NodeProcessor.js:324:22
    at Array.forEach (<anonymous>)
    at NodeProcessor.traverse (C:\Users\dcsdcr\AppData\Roaming\npm\node_modules\markbind-cli\node_modules\@markbind\core\src\html\NodeProcessor.js:323:27)
    at C:\Users\dcsdcr\AppData\Roaming\npm\node_modules\markbind-cli\node_modules\@markbind\core\src\html\NodeProcessor.js:324:22
    at Array.forEach (<anonymous>)
    at NodeProcessor.traverse (C:\Users\dcsdcr\AppData\Roaming\npm\node_modules\markbind-cli\node_modules\@markbind\core\src\html\NodeProcessor.js:323:27)
    at C:\Users\dcsdcr\AppData\Roaming\npm\node_modules\markbind-cli\node_modules\@markbind\core\src\html\NodeProcessor.js:324:22
    at Array.forEach (<anonymous>)
    at NodeProcessor.traverse (C:\Users\dcsdcr\AppData\Roaming\npm\node_modules\markbind-cli\node_modules\@markbind\core\src\html\NodeProcessor.js:323:27)
    at C:\Users\dcsdcr\AppData\Roaming\npm\node_modules\markbind-cli\node_modules\@markbind\core\src\html\NodeProcessor.js:324:22
    at Array.forEach (<anonymous>)
    at NodeProcessor.traverse (C:\Users\dcsdcr\AppData\Roaming\npm\node_modules\markbind-cli\node_modules\@markbind\core\src\html\NodeProcessor.js:323:27)
2022-11-12T09:24:29.121Z - error:  Error: No such segment '#submitting-feedback' in file: C:\repos\nus-cs2103\cs2103-website-base\admin\exams-f2f.md
Missing reference in C:\repos\nus-cs2103\cs2103-website-base\admin\exams-f2f.md
    at processInclude (C:\Users\dcsdcr\AppData\Roaming\npm\node_modules\markbind-cli\node_modules\@markbind\core\src\html\includePanelProcessor.js:226:23)
    at NodeProcessor.processNode (C:\Users\dcsdcr\AppData\Roaming\npm\node_modules\markbind-cli\node_modules\@markbind\core\src\html\NodeProcessor.js:176:28)
    at NodeProcessor.traverse (C:\Users\dcsdcr\AppData\Roaming\npm\node_modules\markbind-cli\node_modules\@markbind\core\src\html\NodeProcessor.js:320:24)
    at C:\Users\dcsdcr\AppData\Roaming\npm\node_modules\markbind-cli\node_modules\@markbind\core\src\html\NodeProcessor.js:324:22
    at Array.forEach (<anonymous>)
    at NodeProcessor.traverse (C:\Users\dcsdcr\AppData\Roaming\npm\node_modules\markbind-cli\node_modules\@markbind\core\src\html\NodeProcessor.js:323:27)
    at C:\Users\dcsdcr\AppData\Roaming\npm\node_modules\markbind-cli\node_modules\@markbind\core\src\html\NodeProcessor.js:324:22
    at Array.forEach (<anonymous>)
    at NodeProcessor.traverse (C:\Users\dcsdcr\AppData\Roaming\npm\node_modules\markbind-cli\node_modules\@markbind\core\src\html\NodeProcessor.js:323:27)
    at C:\Users\dcsdcr\AppData\Roaming\npm\node_modules\markbind-cli\node_modules\@markbind\core\src\html\NodeProcessor.js:324:22
    at Array.forEach (<anonymous>)
    at NodeProcessor.traverse (C:\Users\dcsdcr\AppData\Roaming\npm\node_modules\markbind-cli\node_modules\@markbind\core\src\html\NodeProcessor.js:323:27)
    at C:\Users\dcsdcr\AppData\Roaming\npm\node_modules\markbind-cli\node_modules\@markbind\core\src\html\NodeProcessor.js:324:22
    at Array.forEach (<anonymous>)
    at NodeProcessor.traverse (C:\Users\dcsdcr\AppData\Roaming\npm\node_modules\markbind-cli\node_modules\@markbind\core\src\html\NodeProcessor.js:323:27)
    at C:\Users\dcsdcr\AppData\Roaming\npm\node_modules\markbind-cli\node_modules\@markbind\core\src\html\NodeProcessor.js:324:22
2022-11-12T09:24:29.585Z - info: Assets built
2022-11-12T09:24:29.680Z - info: Site data built
2022-11-12T09:24:29.681Z - info: Pages rebuilt
2022-11-12T09:24:29.681Z - info: Website regeneration complete! Total build time: 1.473s
2022-11-12T09:25:02.726Z - info: [5:25:02 pm] Reload for file change: C:\repos\nus-cs2103\cs2103-website-base\admin\exams-f2f.md
2022-11-12T09:25:02.726Z - info: Synchronizing opened pages list before reload
2022-11-12T09:25:02.727Z - info: Current opened pages, from most-to-least recent:
2022-11-12T09:25:02.727Z - info: 1. admin/index
2022-11-12T09:25:03.734Z - info: Rebuilding 1 pages
2022-11-12T09:25:04.598Z - error:  Error: No such file: C:\repos\nus-cs2103\cs2103-website-base\admin\exams-doubts-fragment.md
Missing reference in C:\repos\nus-cs2103\cs2103-website-base\admin\exams-f2f.md
    at _getFileExistsNode (C:\Users\dcsdcr\AppData\Roaming\npm\node_modules\markbind-cli\node_modules\@markbind\core\src\html\includePanelProcessor.js:34:19)
    at processInclude (C:\Users\dcsdcr\AppData\Roaming\npm\node_modules\markbind-cli\node_modules\@markbind\core\src\html\includePanelProcessor.js:188:26)
    at NodeProcessor.processNode (C:\Users\dcsdcr\AppData\Roaming\npm\node_modules\markbind-cli\node_modules\@markbind\core\src\html\NodeProcessor.js:176:28)
    at NodeProcessor.traverse (C:\Users\dcsdcr\AppData\Roaming\npm\node_modules\markbind-cli\node_modules\@markbind\core\src\html\NodeProcessor.js:320:24)
    at C:\Users\dcsdcr\AppData\Roaming\npm\node_modules\markbind-cli\node_modules\@markbind\core\src\html\NodeProcessor.js:324:22
    at Array.forEach (<anonymous>)
    at NodeProcessor.traverse (C:\Users\dcsdcr\AppData\Roaming\npm\node_modules\markbind-cli\node_modules\@markbind\core\src\html\NodeProcessor.js:323:27)
    at C:\Users\dcsdcr\AppData\Roaming\npm\node_modules\markbind-cli\node_modules\@markbind\core\src\html\NodeProcessor.js:324:22
    at Array.forEach (<anonymous>)
    at NodeProcessor.traverse (C:\Users\dcsdcr\AppData\Roaming\npm\node_modules\markbind-cli\node_modules\@markbind\core\src\html\NodeProcessor.js:323:27)
    at C:\Users\dcsdcr\AppData\Roaming\npm\node_modules\markbind-cli\node_modules\@markbind\core\src\html\NodeProcessor.js:324:22
    at Array.forEach (<anonymous>)
    at NodeProcessor.traverse (C:\Users\dcsdcr\AppData\Roaming\npm\node_modules\markbind-cli\node_modules\@markbind\core\src\html\NodeProcessor.js:323:27)
    at C:\Users\dcsdcr\AppData\Roaming\npm\node_modules\markbind-cli\node_modules\@markbind\core\src\html\NodeProcessor.js:324:22
    at Array.forEach (<anonymous>)
    at NodeProcessor.traverse (C:\Users\dcsdcr\AppData\Roaming\npm\node_modules\markbind-cli\node_modules\@markbind\core\src\html\NodeProcessor.js:323:27)
2022-11-12T09:25:04.601Z - error:  Error: No such segment '#submitting-feedback' in file: C:\repos\nus-cs2103\cs2103-website-base\admin\exams-f2f.md
Missing reference in C:\repos\nus-cs2103\cs2103-website-base\admin\exams-f2f.md
    at processInclude (C:\Users\dcsdcr\AppData\Roaming\npm\node_modules\markbind-cli\node_modules\@markbind\core\src\html\includePanelProcessor.js:226:23)
    at NodeProcessor.processNode (C:\Users\dcsdcr\AppData\Roaming\npm\node_modules\markbind-cli\node_modules\@markbind\core\src\html\NodeProcessor.js:176:28)
    at NodeProcessor.traverse (C:\Users\dcsdcr\AppData\Roaming\npm\node_modules\markbind-cli\node_modules\@markbind\core\src\html\NodeProcessor.js:320:24)
    at C:\Users\dcsdcr\AppData\Roaming\npm\node_modules\markbind-cli\node_modules\@markbind\core\src\html\NodeProcessor.js:324:22
    at Array.forEach (<anonymous>)
    at NodeProcessor.traverse (C:\Users\dcsdcr\AppData\Roaming\npm\node_modules\markbind-cli\node_modules\@markbind\core\src\html\NodeProcessor.js:323:27)
    at C:\Users\dcsdcr\AppData\Roaming\npm\node_modules\markbind-cli\node_modules\@markbind\core\src\html\NodeProcessor.js:324:22
    at Array.forEach (<anonymous>)
    at NodeProcessor.traverse (C:\Users\dcsdcr\AppData\Roaming\npm\node_modules\markbind-cli\node_modules\@markbind\core\src\html\NodeProcessor.js:323:27)
    at C:\Users\dcsdcr\AppData\Roaming\npm\node_modules\markbind-cli\node_modules\@markbind\core\src\html\NodeProcessor.js:324:22
    at Array.forEach (<anonymous>)
    at NodeProcessor.traverse (C:\Users\dcsdcr\AppData\Roaming\npm\node_modules\markbind-cli\node_modules\@markbind\core\src\html\NodeProcessor.js:323:27)
    at C:\Users\dcsdcr\AppData\Roaming\npm\node_modules\markbind-cli\node_modules\@markbind\core\src\html\NodeProcessor.js:324:22
    at Array.forEach (<anonymous>)
    at NodeProcessor.traverse (C:\Users\dcsdcr\AppData\Roaming\npm\node_modules\markbind-cli\node_modules\@markbind\core\src\html\NodeProcessor.js:323:27)
    at C:\Users\dcsdcr\AppData\Roaming\npm\node_modules\markbind-cli\node_modules\@markbind\core\src\html\NodeProcessor.js:324:22
2022-11-12T09:25:05.150Z - info: Site data built
2022-11-12T09:25:05.150Z - info: Pages rebuilt
2022-11-12T09:25:05.150Z - info: Website regeneration complete! Total build time: 1.417s
2022-11-12T09:25:13.393Z - info: [5:25:13 pm] Reload for file change: C:\repos\nus-cs2103\cs2103-website-base\admin\exams-f2f.md
2022-11-12T09:25:13.394Z - info: Synchronizing opened pages list before reload
2022-11-12T09:25:13.394Z - info: Current opened pages, from most-to-least recent:
2022-11-12T09:25:13.394Z - info: 1. admin/index
2022-11-12T09:25:14.412Z - info: Rebuilding 1 pages
2022-11-12T09:25:15.281Z - error:  Error: No such file: C:\repos\nus-cs2103\cs2103-website-base\admin\exams-doubts-fragment.md
Missing reference in C:\repos\nus-cs2103\cs2103-website-base\admin\exams-f2f.md
    at _getFileExistsNode (C:\Users\dcsdcr\AppData\Roaming\npm\node_modules\markbind-cli\node_modules\@markbind\core\src\html\includePanelProcessor.js:34:19)
    at processInclude (C:\Users\dcsdcr\AppData\Roaming\npm\node_modules\markbind-cli\node_modules\@markbind\core\src\html\includePanelProcessor.js:188:26)
    at NodeProcessor.processNode (C:\Users\dcsdcr\AppData\Roaming\npm\node_modules\markbind-cli\node_modules\@markbind\core\src\html\NodeProcessor.js:176:28)
    at NodeProcessor.traverse (C:\Users\dcsdcr\AppData\Roaming\npm\node_modules\markbind-cli\node_modules\@markbind\core\src\html\NodeProcessor.js:320:24)
    at C:\Users\dcsdcr\AppData\Roaming\npm\node_modules\markbind-cli\node_modules\@markbind\core\src\html\NodeProcessor.js:324:22
    at Array.forEach (<anonymous>)
    at NodeProcessor.traverse (C:\Users\dcsdcr\AppData\Roaming\npm\node_modules\markbind-cli\node_modules\@markbind\core\src\html\NodeProcessor.js:323:27)
    at C:\Users\dcsdcr\AppData\Roaming\npm\node_modules\markbind-cli\node_modules\@markbind\core\src\html\NodeProcessor.js:324:22
    at Array.forEach (<anonymous>)
    at NodeProcessor.traverse (C:\Users\dcsdcr\AppData\Roaming\npm\node_modules\markbind-cli\node_modules\@markbind\core\src\html\NodeProcessor.js:323:27)
    at C:\Users\dcsdcr\AppData\Roaming\npm\node_modules\markbind-cli\node_modules\@markbind\core\src\html\NodeProcessor.js:324:22
    at Array.forEach (<anonymous>)
    at NodeProcessor.traverse (C:\Users\dcsdcr\AppData\Roaming\npm\node_modules\markbind-cli\node_modules\@markbind\core\src\html\NodeProcessor.js:323:27)
    at C:\Users\dcsdcr\AppData\Roaming\npm\node_modules\markbind-cli\node_modules\@markbind\core\src\html\NodeProcessor.js:324:22
    at Array.forEach (<anonymous>)
    at NodeProcessor.traverse (C:\Users\dcsdcr\AppData\Roaming\npm\node_modules\markbind-cli\node_modules\@markbind\core\src\html\NodeProcessor.js:323:27)
2022-11-12T09:25:15.285Z - error:  Error: No such segment '#submitting-feedback' in file: C:\repos\nus-cs2103\cs2103-website-base\admin\exams-f2f.md
Missing reference in C:\repos\nus-cs2103\cs2103-website-base\admin\exams-f2f.md
    at processInclude (C:\Users\dcsdcr\AppData\Roaming\npm\node_modules\markbind-cli\node_modules\@markbind\core\src\html\includePanelProcessor.js:226:23)
    at NodeProcessor.processNode (C:\Users\dcsdcr\AppData\Roaming\npm\node_modules\markbind-cli\node_modules\@markbind\core\src\html\NodeProcessor.js:176:28)
    at NodeProcessor.traverse (C:\Users\dcsdcr\AppData\Roaming\npm\node_modules\markbind-cli\node_modules\@markbind\core\src\html\NodeProcessor.js:320:24)
    at C:\Users\dcsdcr\AppData\Roaming\npm\node_modules\markbind-cli\node_modules\@markbind\core\src\html\NodeProcessor.js:324:22
    at Array.forEach (<anonymous>)
    at NodeProcessor.traverse (C:\Users\dcsdcr\AppData\Roaming\npm\node_modules\markbind-cli\node_modules\@markbind\core\src\html\NodeProcessor.js:323:27)
    at C:\Users\dcsdcr\AppData\Roaming\npm\node_modules\markbind-cli\node_modules\@markbind\core\src\html\NodeProcessor.js:324:22
    at Array.forEach (<anonymous>)
    at NodeProcessor.traverse (C:\Users\dcsdcr\AppData\Roaming\npm\node_modules\markbind-cli\node_modules\@markbind\core\src\html\NodeProcessor.js:323:27)
    at C:\Users\dcsdcr\AppData\Roaming\npm\node_modules\markbind-cli\node_modules\@markbind\core\src\html\NodeProcessor.js:324:22
    at Array.forEach (<anonymous>)
    at NodeProcessor.traverse (C:\Users\dcsdcr\AppData\Roaming\npm\node_modules\markbind-cli\node_modules\@markbind\core\src\html\NodeProcessor.js:323:27)
    at C:\Users\dcsdcr\AppData\Roaming\npm\node_modules\markbind-cli\node_modules\@markbind\core\src\html\NodeProcessor.js:324:22
    at Array.forEach (<anonymous>)
    at NodeProcessor.traverse (C:\Users\dcsdcr\AppData\Roaming\npm\node_modules\markbind-cli\node_modules\@markbind\core\src\html\NodeProcessor.js:323:27)
    at C:\Users\dcsdcr\AppData\Roaming\npm\node_modules\markbind-cli\node_modules\@markbind\core\src\html\NodeProcessor.js:324:22
2022-11-12T09:25:15.848Z - info: Site data built
2022-11-12T09:25:15.848Z - info: Pages rebuilt
2022-11-12T09:25:15.848Z - info: Website regeneration complete! Total build time: 1.437s
2022-11-12T09:25:39.441Z - info: [5:25:39 pm] Reload for file change: C:\repos\nus-cs2103\cs2103-website-base\admin\exams-f2f.md
2022-11-12T09:25:39.442Z - info: Synchronizing opened pages list before reload
2022-11-12T09:25:39.442Z - info: Current opened pages, from most-to-least recent:
2022-11-12T09:25:39.442Z - info: 1. admin/index
2022-11-12T09:25:40.465Z - info: Rebuilding 1 pages
2022-11-12T09:25:41.405Z - error:  Error: No such segment '#submitting-feedback' in file: C:\repos\nus-cs2103\cs2103-website-base\admin\exams-f2f.md
Missing reference in C:\repos\nus-cs2103\cs2103-website-base\admin\exams-f2f.md
    at processInclude (C:\Users\dcsdcr\AppData\Roaming\npm\node_modules\markbind-cli\node_modules\@markbind\core\src\html\includePanelProcessor.js:226:23)
    at NodeProcessor.processNode (C:\Users\dcsdcr\AppData\Roaming\npm\node_modules\markbind-cli\node_modules\@markbind\core\src\html\NodeProcessor.js:176:28)
    at NodeProcessor.traverse (C:\Users\dcsdcr\AppData\Roaming\npm\node_modules\markbind-cli\node_modules\@markbind\core\src\html\NodeProcessor.js:320:24)
    at C:\Users\dcsdcr\AppData\Roaming\npm\node_modules\markbind-cli\node_modules\@markbind\core\src\html\NodeProcessor.js:324:22
    at Array.forEach (<anonymous>)
    at NodeProcessor.traverse (C:\Users\dcsdcr\AppData\Roaming\npm\node_modules\markbind-cli\node_modules\@markbind\core\src\html\NodeProcessor.js:323:27)
    at C:\Users\dcsdcr\AppData\Roaming\npm\node_modules\markbind-cli\node_modules\@markbind\core\src\html\NodeProcessor.js:324:22
    at Array.forEach (<anonymous>)
    at NodeProcessor.traverse (C:\Users\dcsdcr\AppData\Roaming\npm\node_modules\markbind-cli\node_modules\@markbind\core\src\html\NodeProcessor.js:323:27)
    at C:\Users\dcsdcr\AppData\Roaming\npm\node_modules\markbind-cli\node_modules\@markbind\core\src\html\NodeProcessor.js:324:22
    at Array.forEach (<anonymous>)
    at NodeProcessor.traverse (C:\Users\dcsdcr\AppData\Roaming\npm\node_modules\markbind-cli\node_modules\@markbind\core\src\html\NodeProcessor.js:323:27)
    at C:\Users\dcsdcr\AppData\Roaming\npm\node_modules\markbind-cli\node_modules\@markbind\core\src\html\NodeProcessor.js:324:22
    at Array.forEach (<anonymous>)
    at NodeProcessor.traverse (C:\Users\dcsdcr\AppData\Roaming\npm\node_modules\markbind-cli\node_modules\@markbind\core\src\html\NodeProcessor.js:323:27)
    at C:\Users\dcsdcr\AppData\Roaming\npm\node_modules\markbind-cli\node_modules\@markbind\core\src\html\NodeProcessor.js:324:22
2022-11-12T09:25:41.951Z - info: Site data built
2022-11-12T09:25:41.951Z - info: Pages rebuilt
2022-11-12T09:25:41.951Z - info: Website regeneration complete! Total build time: 1.487s
2022-11-12T09:25:55.707Z - info: [5:25:55 pm] Reload for file change: C:\repos\nus-cs2103\cs2103-website-base\admin\exams-f2f.md
2022-11-12T09:25:55.708Z - info: Synchronizing opened pages list before reload
2022-11-12T09:25:55.708Z - info: Current opened pages, from most-to-least recent:
2022-11-12T09:25:55.708Z - info: 1. admin/index
2022-11-12T09:25:56.726Z - info: Rebuilding 1 pages
2022-11-12T09:25:57.433Z - error:  Error: No such segment '#submitting-feedback' in file: C:\repos\nus-cs2103\cs2103-website-base\admin\exams-f2f.md
Missing reference in C:\repos\nus-cs2103\cs2103-website-base\admin\exams-f2f.md
    at processInclude (C:\Users\dcsdcr\AppData\Roaming\npm\node_modules\markbind-cli\node_modules\@markbind\core\src\html\includePanelProcessor.js:226:23)
    at NodeProcessor.processNode (C:\Users\dcsdcr\AppData\Roaming\npm\node_modules\markbind-cli\node_modules\@markbind\core\src\html\NodeProcessor.js:176:28)
    at NodeProcessor.traverse (C:\Users\dcsdcr\AppData\Roaming\npm\node_modules\markbind-cli\node_modules\@markbind\core\src\html\NodeProcessor.js:320:24)
    at C:\Users\dcsdcr\AppData\Roaming\npm\node_modules\markbind-cli\node_modules\@markbind\core\src\html\NodeProcessor.js:324:22
    at Array.forEach (<anonymous>)
    at NodeProcessor.traverse (C:\Users\dcsdcr\AppData\Roaming\npm\node_modules\markbind-cli\node_modules\@markbind\core\src\html\NodeProcessor.js:323:27)
    at C:\Users\dcsdcr\AppData\Roaming\npm\node_modules\markbind-cli\node_modules\@markbind\core\src\html\NodeProcessor.js:324:22
    at Array.forEach (<anonymous>)
    at NodeProcessor.traverse (C:\Users\dcsdcr\AppData\Roaming\npm\node_modules\markbind-cli\node_modules\@markbind\core\src\html\NodeProcessor.js:323:27)
    at C:\Users\dcsdcr\AppData\Roaming\npm\node_modules\markbind-cli\node_modules\@markbind\core\src\html\NodeProcessor.js:324:22
    at Array.forEach (<anonymous>)
    at NodeProcessor.traverse (C:\Users\dcsdcr\AppData\Roaming\npm\node_modules\markbind-cli\node_modules\@markbind\core\src\html\NodeProcessor.js:323:27)
    at C:\Users\dcsdcr\AppData\Roaming\npm\node_modules\markbind-cli\node_modules\@markbind\core\src\html\NodeProcessor.js:324:22
    at Array.forEach (<anonymous>)
    at NodeProcessor.traverse (C:\Users\dcsdcr\AppData\Roaming\npm\node_modules\markbind-cli\node_modules\@markbind\core\src\html\NodeProcessor.js:323:27)
    at C:\Users\dcsdcr\AppData\Roaming\npm\node_modules\markbind-cli\node_modules\@markbind\core\src\html\NodeProcessor.js:324:22
2022-11-12T09:25:57.995Z - info: Site data built
2022-11-12T09:25:57.995Z - info: Pages rebuilt
2022-11-12T09:25:57.995Z - info: Website regeneration complete! Total build time: 1.27s
2022-11-12T09:26:21.991Z - info: [5:26:21 pm] Reload for file change: C:\repos\nus-cs2103\cs2103-website-base\admin\exams-f2f.md
2022-11-12T09:26:21.992Z - info: Synchronizing opened pages list before reload
2022-11-12T09:26:21.992Z - info: Current opened pages, from most-to-least recent:
2022-11-12T09:26:21.992Z - info: 1. admin/index
2022-11-12T09:26:23.010Z - info: Rebuilding 1 pages
2022-11-12T09:26:24.035Z - error:  Error: No such segment '#submitting-feedback' in file: C:\repos\nus-cs2103\cs2103-website-base\admin\exams-f2f.md
Missing reference in C:\repos\nus-cs2103\cs2103-website-base\admin\exams-f2f.md
    at processInclude (C:\Users\dcsdcr\AppData\Roaming\npm\node_modules\markbind-cli\node_modules\@markbind\core\src\html\includePanelProcessor.js:226:23)
    at NodeProcessor.processNode (C:\Users\dcsdcr\AppData\Roaming\npm\node_modules\markbind-cli\node_modules\@markbind\core\src\html\NodeProcessor.js:176:28)
    at NodeProcessor.traverse (C:\Users\dcsdcr\AppData\Roaming\npm\node_modules\markbind-cli\node_modules\@markbind\core\src\html\NodeProcessor.js:320:24)
    at C:\Users\dcsdcr\AppData\Roaming\npm\node_modules\markbind-cli\node_modules\@markbind\core\src\html\NodeProcessor.js:324:22
    at Array.forEach (<anonymous>)
    at NodeProcessor.traverse (C:\Users\dcsdcr\AppData\Roaming\npm\node_modules\markbind-cli\node_modules\@markbind\core\src\html\NodeProcessor.js:323:27)
    at C:\Users\dcsdcr\AppData\Roaming\npm\node_modules\markbind-cli\node_modules\@markbind\core\src\html\NodeProcessor.js:324:22
    at Array.forEach (<anonymous>)
    at NodeProcessor.traverse (C:\Users\dcsdcr\AppData\Roaming\npm\node_modules\markbind-cli\node_modules\@markbind\core\src\html\NodeProcessor.js:323:27)
    at C:\Users\dcsdcr\AppData\Roaming\npm\node_modules\markbind-cli\node_modules\@markbind\core\src\html\NodeProcessor.js:324:22
    at Array.forEach (<anonymous>)
    at NodeProcessor.traverse (C:\Users\dcsdcr\AppData\Roaming\npm\node_modules\markbind-cli\node_modules\@markbind\core\src\html\NodeProcessor.js:323:27)
    at C:\Users\dcsdcr\AppData\Roaming\npm\node_modules\markbind-cli\node_modules\@markbind\core\src\html\NodeProcessor.js:324:22
    at Array.forEach (<anonymous>)
    at NodeProcessor.traverse (C:\Users\dcsdcr\AppData\Roaming\npm\node_modules\markbind-cli\node_modules\@markbind\core\src\html\NodeProcessor.js:323:27)
    at C:\Users\dcsdcr\AppData\Roaming\npm\node_modules\markbind-cli\node_modules\@markbind\core\src\html\NodeProcessor.js:324:22
2022-11-12T09:26:24.635Z - info: Site data built
2022-11-12T09:26:24.635Z - info: Pages rebuilt
2022-11-12T09:26:24.636Z - info: Website regeneration complete! Total build time: 1.627s
2022-11-12T09:27:06.482Z - info: [5:27:06 pm] Reload for file change: C:\repos\nus-cs2103\cs2103-website-base\admin\exam-doubts-fragment.md
2022-11-12T09:27:06.482Z - info: Synchronizing opened pages list before reload
2022-11-12T09:27:06.482Z - info: Current opened pages, from most-to-least recent:
2022-11-12T09:27:06.483Z - info: 1. admin/index
2022-11-12T09:27:07.489Z - info: Rebuilding 1 pages
2022-11-12T09:27:08.381Z - error:  Error: No such segment '#submitting-feedback' in file: C:\repos\nus-cs2103\cs2103-website-base\admin\exams-f2f.md
Missing reference in C:\repos\nus-cs2103\cs2103-website-base\admin\exams-f2f.md
    at processInclude (C:\Users\dcsdcr\AppData\Roaming\npm\node_modules\markbind-cli\node_modules\@markbind\core\src\html\includePanelProcessor.js:226:23)
    at NodeProcessor.processNode (C:\Users\dcsdcr\AppData\Roaming\npm\node_modules\markbind-cli\node_modules\@markbind\core\src\html\NodeProcessor.js:176:28)
    at NodeProcessor.traverse (C:\Users\dcsdcr\AppData\Roaming\npm\node_modules\markbind-cli\node_modules\@markbind\core\src\html\NodeProcessor.js:320:24)
    at C:\Users\dcsdcr\AppData\Roaming\npm\node_modules\markbind-cli\node_modules\@markbind\core\src\html\NodeProcessor.js:324:22
    at Array.forEach (<anonymous>)
    at NodeProcessor.traverse (C:\Users\dcsdcr\AppData\Roaming\npm\node_modules\markbind-cli\node_modules\@markbind\core\src\html\NodeProcessor.js:323:27)
    at C:\Users\dcsdcr\AppData\Roaming\npm\node_modules\markbind-cli\node_modules\@markbind\core\src\html\NodeProcessor.js:324:22
    at Array.forEach (<anonymous>)
    at NodeProcessor.traverse (C:\Users\dcsdcr\AppData\Roaming\npm\node_modules\markbind-cli\node_modules\@markbind\core\src\html\NodeProcessor.js:323:27)
    at C:\Users\dcsdcr\AppData\Roaming\npm\node_modules\markbind-cli\node_modules\@markbind\core\src\html\NodeProcessor.js:324:22
    at Array.forEach (<anonymous>)
    at NodeProcessor.traverse (C:\Users\dcsdcr\AppData\Roaming\npm\node_modules\markbind-cli\node_modules\@markbind\core\src\html\NodeProcessor.js:323:27)
    at C:\Users\dcsdcr\AppData\Roaming\npm\node_modules\markbind-cli\node_modules\@markbind\core\src\html\NodeProcessor.js:324:22
    at Array.forEach (<anonymous>)
    at NodeProcessor.traverse (C:\Users\dcsdcr\AppData\Roaming\npm\node_modules\markbind-cli\node_modules\@markbind\core\src\html\NodeProcessor.js:323:27)
    at C:\Users\dcsdcr\AppData\Roaming\npm\node_modules\markbind-cli\node_modules\@markbind\core\src\html\NodeProcessor.js:324:22
2022-11-12T09:27:08.948Z - info: Site data built
2022-11-12T09:27:08.949Z - info: Pages rebuilt
2022-11-12T09:27:08.949Z - info: Website regeneration complete! Total build time: 1.461s
2022-11-12T09:27:27.909Z - info: [5:27:27 pm] Reload for file change: C:\repos\nus-cs2103\cs2103-website-base\admin\exam-doubts-fragment.md
2022-11-12T09:27:27.910Z - info: Synchronizing opened pages list before reload
2022-11-12T09:27:27.910Z - info: Current opened pages, from most-to-least recent:
2022-11-12T09:27:27.910Z - info: 1. admin/index
2022-11-12T09:27:28.929Z - info: Rebuilding 1 pages
2022-11-12T09:27:29.805Z - error:  Error: No such segment '#submitting-feedback' in file: C:\repos\nus-cs2103\cs2103-website-base\admin\exams-f2f.md
Missing reference in C:\repos\nus-cs2103\cs2103-website-base\admin\exams-f2f.md
    at processInclude (C:\Users\dcsdcr\AppData\Roaming\npm\node_modules\markbind-cli\node_modules\@markbind\core\src\html\includePanelProcessor.js:226:23)
    at NodeProcessor.processNode (C:\Users\dcsdcr\AppData\Roaming\npm\node_modules\markbind-cli\node_modules\@markbind\core\src\html\NodeProcessor.js:176:28)
    at NodeProcessor.traverse (C:\Users\dcsdcr\AppData\Roaming\npm\node_modules\markbind-cli\node_modules\@markbind\core\src\html\NodeProcessor.js:320:24)
    at C:\Users\dcsdcr\AppData\Roaming\npm\node_modules\markbind-cli\node_modules\@markbind\core\src\html\NodeProcessor.js:324:22
    at Array.forEach (<anonymous>)
    at NodeProcessor.traverse (C:\Users\dcsdcr\AppData\Roaming\npm\node_modules\markbind-cli\node_modules\@markbind\core\src\html\NodeProcessor.js:323:27)
    at C:\Users\dcsdcr\AppData\Roaming\npm\node_modules\markbind-cli\node_modules\@markbind\core\src\html\NodeProcessor.js:324:22
    at Array.forEach (<anonymous>)
    at NodeProcessor.traverse (C:\Users\dcsdcr\AppData\Roaming\npm\node_modules\markbind-cli\node_modules\@markbind\core\src\html\NodeProcessor.js:323:27)
    at C:\Users\dcsdcr\AppData\Roaming\npm\node_modules\markbind-cli\node_modules\@markbind\core\src\html\NodeProcessor.js:324:22
    at Array.forEach (<anonymous>)
    at NodeProcessor.traverse (C:\Users\dcsdcr\AppData\Roaming\npm\node_modules\markbind-cli\node_modules\@markbind\core\src\html\NodeProcessor.js:323:27)
    at C:\Users\dcsdcr\AppData\Roaming\npm\node_modules\markbind-cli\node_modules\@markbind\core\src\html\NodeProcessor.js:324:22
    at Array.forEach (<anonymous>)
    at NodeProcessor.traverse (C:\Users\dcsdcr\AppData\Roaming\npm\node_modules\markbind-cli\node_modules\@markbind\core\src\html\NodeProcessor.js:323:27)
    at C:\Users\dcsdcr\AppData\Roaming\npm\node_modules\markbind-cli\node_modules\@markbind\core\src\html\NodeProcessor.js:324:22
2022-11-12T09:27:30.358Z - info: Site data built
2022-11-12T09:27:30.358Z - info: Pages rebuilt
2022-11-12T09:27:30.358Z - info: Website regeneration complete! Total build time: 1.43s
2022-11-12T09:27:38.510Z - info: [5:27:38 pm] Reload for file change: C:\repos\nus-cs2103\cs2103-website-base\admin\exam-doubts-fragment.md
2022-11-12T09:27:38.510Z - info: Synchronizing opened pages list before reload
2022-11-12T09:27:38.511Z - info: Current opened pages, from most-to-least recent:
2022-11-12T09:27:38.511Z - info: 1. admin/index
2022-11-12T09:27:39.529Z - info: Rebuilding 1 pages
2022-11-12T09:27:40.199Z - error:  Error: No such segment '#submitting-feedback' in file: C:\repos\nus-cs2103\cs2103-website-base\admin\exams-f2f.md
Missing reference in C:\repos\nus-cs2103\cs2103-website-base\admin\exams-f2f.md
    at processInclude (C:\Users\dcsdcr\AppData\Roaming\npm\node_modules\markbind-cli\node_modules\@markbind\core\src\html\includePanelProcessor.js:226:23)
    at NodeProcessor.processNode (C:\Users\dcsdcr\AppData\Roaming\npm\node_modules\markbind-cli\node_modules\@markbind\core\src\html\NodeProcessor.js:176:28)
    at NodeProcessor.traverse (C:\Users\dcsdcr\AppData\Roaming\npm\node_modules\markbind-cli\node_modules\@markbind\core\src\html\NodeProcessor.js:320:24)
    at C:\Users\dcsdcr\AppData\Roaming\npm\node_modules\markbind-cli\node_modules\@markbind\core\src\html\NodeProcessor.js:324:22
    at Array.forEach (<anonymous>)
    at NodeProcessor.traverse (C:\Users\dcsdcr\AppData\Roaming\npm\node_modules\markbind-cli\node_modules\@markbind\core\src\html\NodeProcessor.js:323:27)
    at C:\Users\dcsdcr\AppData\Roaming\npm\node_modules\markbind-cli\node_modules\@markbind\core\src\html\NodeProcessor.js:324:22
    at Array.forEach (<anonymous>)
    at NodeProcessor.traverse (C:\Users\dcsdcr\AppData\Roaming\npm\node_modules\markbind-cli\node_modules\@markbind\core\src\html\NodeProcessor.js:323:27)
    at C:\Users\dcsdcr\AppData\Roaming\npm\node_modules\markbind-cli\node_modules\@markbind\core\src\html\NodeProcessor.js:324:22
    at Array.forEach (<anonymous>)
    at NodeProcessor.traverse (C:\Users\dcsdcr\AppData\Roaming\npm\node_modules\markbind-cli\node_modules\@markbind\core\src\html\NodeProcessor.js:323:27)
    at C:\Users\dcsdcr\AppData\Roaming\npm\node_modules\markbind-cli\node_modules\@markbind\core\src\html\NodeProcessor.js:324:22
    at Array.forEach (<anonymous>)
    at NodeProcessor.traverse (C:\Users\dcsdcr\AppData\Roaming\npm\node_modules\markbind-cli\node_modules\@markbind\core\src\html\NodeProcessor.js:323:27)
    at C:\Users\dcsdcr\AppData\Roaming\npm\node_modules\markbind-cli\node_modules\@markbind\core\src\html\NodeProcessor.js:324:22
2022-11-12T09:27:40.718Z - info: Site data built
2022-11-12T09:27:40.718Z - info: Pages rebuilt
2022-11-12T09:27:40.718Z - info: Website regeneration complete! Total build time: 1.19s
2022-11-12T09:28:40.225Z - info: [5:28:40 pm] Reload for file add: C:\repos\nus-cs2103\cs2103-website-base\admin\exam-follow-up-questions-fragment.md
2022-11-12T09:28:40.226Z - info: Synchronizing opened pages list before reload
2022-11-12T09:28:40.226Z - info: Current opened pages, from most-to-least recent:
2022-11-12T09:28:40.226Z - info: 1. admin/index
2022-11-12T09:28:45.895Z - info: Assets built
2022-11-12T09:30:02.200Z - info: [5:30:02 pm] Reload for file change: C:\repos\nus-cs2103\cs2103-website-base\admin\exams-f2f.md
2022-11-12T09:30:02.201Z - info: Synchronizing opened pages list before reload
2022-11-12T09:30:02.201Z - info: Current opened pages, from most-to-least recent:
2022-11-12T09:30:02.201Z - info: 1. admin/index
2022-11-12T09:30:02.237Z - info: [5:30:02 pm] Reload for file change: C:\repos\nus-cs2103\cs2103-website-base\admin\exams.md
2022-11-12T09:30:02.237Z - info: Synchronizing opened pages list before reload
2022-11-12T09:30:02.237Z - info: Current opened pages, from most-to-least recent:
2022-11-12T09:30:02.237Z - info: 1. admin/index
2022-11-12T09:30:02.254Z - info: [5:30:02 pm] Reload for file change: C:\repos\nus-cs2103\cs2103-website-base\admin\exam-follow-up-questions-fragment.md
2022-11-12T09:30:02.254Z - info: Synchronizing opened pages list before reload
2022-11-12T09:30:02.254Z - info: Current opened pages, from most-to-least recent:
2022-11-12T09:30:02.254Z - info: 1. admin/index
2022-11-12T09:30:02.266Z - info: [5:30:02 pm] Reload for file change: C:\repos\nus-cs2103\cs2103-website-base\admin\exam-doubts-fragment.md
2022-11-12T09:30:02.266Z - info: Synchronizing opened pages list before reload
2022-11-12T09:30:02.266Z - info: Current opened pages, from most-to-least recent:
2022-11-12T09:30:02.267Z - info: 1. admin/index
2022-11-12T09:30:03.218Z - info: Rebuilding 1 pages
2022-11-12T09:30:04.554Z - info: Assets built
2022-11-12T09:30:04.661Z - info: Site data built
2022-11-12T09:30:04.661Z - info: Pages rebuilt
2022-11-12T09:30:04.661Z - info: Website regeneration complete! Total build time: 1.443s
2022-11-12T09:30:23.634Z - info: [5:30:23 pm] Reload for file change: C:\repos\nus-cs2103\cs2103-website-base\admin\exam-follow-up-questions-fragment.md
2022-11-12T09:30:23.635Z - info: Synchronizing opened pages list before reload
2022-11-12T09:30:23.635Z - info: Current opened pages, from most-to-least recent:
2022-11-12T09:30:23.635Z - info: 1. admin/index
2022-11-12T09:30:24.653Z - info: Rebuilding 1 pages
2022-11-12T09:30:26.074Z - info: Site data built
2022-11-12T09:30:26.074Z - info: Pages rebuilt
2022-11-12T09:30:26.074Z - info: Website regeneration complete! Total build time: 1.422s
2022-11-12T09:30:59.449Z - info: [5:30:59 pm] Reload for file change: C:\repos\nus-cs2103\cs2103-website-base\admin\exams.md
2022-11-12T09:30:59.450Z - info: Synchronizing opened pages list before reload
2022-11-12T09:30:59.450Z - info: Current opened pages, from most-to-least recent:
2022-11-12T09:30:59.450Z - info: 1. admin/index
2022-11-12T09:30:59.477Z - info: [5:30:59 pm] Reload for file change: C:\repos\nus-cs2103\cs2103-website-base\admin\exam-doubts-fragment.md
2022-11-12T09:30:59.477Z - info: Synchronizing opened pages list before reload
2022-11-12T09:30:59.478Z - info: Current opened pages, from most-to-least recent:
2022-11-12T09:30:59.478Z - info: 1. admin/index
2022-11-12T09:31:00.469Z - info: Assets built
2022-11-12T09:31:00.484Z - info: Rebuilding 1 pages
2022-11-12T09:31:01.885Z - info: Site data built
2022-11-12T09:31:01.885Z - info: Pages rebuilt
2022-11-12T09:31:01.886Z - info: Website regeneration complete! Total build time: 1.402s
2022-11-12T09:31:11.187Z - info: [5:31:11 pm] Reload for file change: C:\repos\nus-cs2103\cs2103-website-base\admin\exam-follow-up-questions-fragment.md
2022-11-12T09:31:11.187Z - info: Synchronizing opened pages list before reload
2022-11-12T09:31:11.187Z - info: Current opened pages, from most-to-least recent:
2022-11-12T09:31:11.188Z - info: 1. admin/index
2022-11-12T09:31:12.197Z - info: Rebuilding 1 pages
2022-11-12T09:31:13.313Z - info: Site data built
2022-11-12T09:31:13.313Z - info: Pages rebuilt
2022-11-12T09:31:13.313Z - info: Website regeneration complete! Total build time: 1.117s
2022-11-12T09:32:26.673Z - info: Website generation started at 5:32:24 pm
2022-11-12T09:32:38.263Z - info: Building assets...
