2022-09-22T16:03:49.538Z - info: [12:03:49 am] Reload for file change: C:\repos\nus-cs2103\cs2103-website-base\admin\overview-for-teachers.md
2022-09-22T16:03:49.551Z - info: Synchronizing opened pages list before reload
2022-09-22T16:03:49.552Z - info: No pages are currently opened
2022-09-22T16:03:50.562Z - info: No pages needed to be rebuilt
2022-09-22T16:04:08.379Z - info: Building C:\repos\nus-cs2103\cs2103-website-base\admin\overview-for-teachers as some of its dependencies were changed since the last visit
2022-09-22T16:04:08.455Z - info: Site data built
2022-09-22T16:04:08.455Z - info: Lazy website regeneration complete! Total build time: 0.076s
2022-09-22T16:11:01.260Z - info: [12:11:01 am] Reload for file change: C:\repos\nus-cs2103\cs2103-website-base\admin\overview-for-teachers.md
2022-09-22T16:11:01.260Z - info: Synchronizing opened pages list before reload
2022-09-22T16:11:01.261Z - info: Current opened pages, from most-to-least recent:
2022-09-22T16:11:01.261Z - info: 1. admin/overview-for-teachers
2022-09-22T16:11:02.267Z - info: Rebuilding 1 pages
2022-09-22T16:11:02.339Z - info: Site data built
2022-09-22T16:11:02.340Z - info: Pages rebuilt
2022-09-22T16:11:02.340Z - info: Website regeneration complete! Total build time: 0.073s
2022-09-22T16:18:33.795Z - info: [12:18:33 am] Reload for file change: C:\repos\nus-cs2103\cs2103-website-base\admin\overview-for-teachers.md
2022-09-22T16:18:33.795Z - info: Synchronizing opened pages list before reload
2022-09-22T16:18:33.796Z - info: Current opened pages, from most-to-least recent:
2022-09-22T16:18:33.796Z - info: 1. admin/overview-for-teachers
2022-09-22T16:18:34.815Z - info: Rebuilding 1 pages
2022-09-22T16:18:34.889Z - info: Site data built
2022-09-22T16:18:34.889Z - info: Pages rebuilt
2022-09-22T16:18:34.889Z - info: Website regeneration complete! Total build time: 0.075s
2022-09-22T16:31:01.788Z - info: [12:31:01 am] Reload for file change: C:\repos\nus-cs2103\cs2103-website-base\admin\overview-for-teachers.md
2022-09-22T16:31:01.788Z - info: Synchronizing opened pages list before reload
2022-09-22T16:31:01.789Z - info: Current opened pages, from most-to-least recent:
2022-09-22T16:31:01.789Z - info: 1. admin/overview-for-teachers
2022-09-22T16:31:02.799Z - info: Rebuilding 1 pages
2022-09-22T16:31:02.912Z - info: Site data built
2022-09-22T16:31:02.912Z - info: Pages rebuilt
2022-09-22T16:31:02.912Z - info: Website regeneration complete! Total build time: 0.114s
2022-09-22T16:35:51.674Z - info: [12:35:51 am] Reload for file change: C:\repos\nus-cs2103\cs2103-website-base\admin\overview-for-teachers.md
2022-09-22T16:35:51.674Z - info: Synchronizing opened pages list before reload
2022-09-22T16:35:51.674Z - info: Current opened pages, from most-to-least recent:
2022-09-22T16:35:51.675Z - info: 1. admin/overview-for-teachers
2022-09-22T16:35:52.684Z - info: Rebuilding 1 pages
2022-09-22T16:35:52.756Z - info: Site data built
2022-09-22T16:35:52.756Z - info: Pages rebuilt
2022-09-22T16:35:52.756Z - info: Website regeneration complete! Total build time: 0.073s
2022-09-22T16:35:58.513Z - info: Building C:\repos\nus-cs2103\cs2103-website-base\schedule\week8\topics as some of its dependencies were changed since the last visit
2022-09-22T16:36:16.657Z - debug:  
2022-09-22T16:36:16.658Z - debug:  
2022-09-22T16:36:16.658Z - debug:  
2022-09-22T16:36:16.659Z - debug:  
2022-09-22T16:36:16.660Z - debug:  
2022-09-22T16:36:16.660Z - debug:  
2022-09-22T16:36:16.661Z - debug:  
2022-09-22T16:36:16.665Z - debug:  
2022-09-22T16:36:16.666Z - debug:  
2022-09-22T16:36:16.668Z - debug:  
2022-09-22T16:36:17.482Z - info: Site data built
2022-09-22T16:36:17.483Z - info: Lazy website regeneration complete! Total build time: 18.97s
2022-09-22T16:37:08.395Z - info: Building C:\repos\nus-cs2103\cs2103-website-base\schedule\week7\topics as some of its dependencies were changed since the last visit
2022-09-22T16:37:21.045Z - info: Site data built
2022-09-22T16:37:21.046Z - info: Lazy website regeneration complete! Total build time: 12.652s
2022-09-22T16:39:25.975Z - info: [12:39:25 am] Reload for file change: C:\repos\nus-cs2103\cs2103-website-base\admin\overview-for-teachers.md
2022-09-22T16:39:25.976Z - info: Synchronizing opened pages list before reload
2022-09-22T16:39:25.976Z - info: Current opened pages, from most-to-least recent:
2022-09-22T16:39:25.977Z - info: 1. schedule/week7/topics
2022-09-22T16:39:25.977Z - info: 2. admin/overview-for-teachers
2022-09-22T16:39:27.005Z - info: Rebuilding 1 pages
2022-09-22T16:39:27.368Z - info: Site data built
2022-09-22T16:39:27.368Z - info: Pages rebuilt
2022-09-22T16:39:27.369Z - info: Website regeneration complete! Total build time: 0.367s
2022-09-22T16:41:07.265Z - info: [12:41:07 am] Reload for file change: C:\repos\nus-cs2103\cs2103-website-base\admin\overview-for-teachers.md
2022-09-22T16:41:07.265Z - info: Synchronizing opened pages list before reload
2022-09-22T16:41:07.265Z - info: Current opened pages, from most-to-least recent:
2022-09-22T16:41:07.266Z - info: 1. schedule/week7/topics
2022-09-22T16:41:07.266Z - info: 2. admin/overview-for-teachers
2022-09-22T16:41:08.274Z - info: Rebuilding 1 pages
2022-09-22T16:41:08.340Z - info: Site data built
2022-09-22T16:41:08.341Z - info: Pages rebuilt
2022-09-22T16:41:08.341Z - info: Website regeneration complete! Total build time: 0.068s
2022-09-22T16:47:23.715Z - info: [12:47:23 am] Reload for file change: C:\repos\nus-cs2103\cs2103-website-base\admin\overview-for-teachers.md
2022-09-22T16:47:23.715Z - info: Synchronizing opened pages list before reload
2022-09-22T16:47:23.716Z - info: Current opened pages, from most-to-least recent:
2022-09-22T16:47:23.716Z - info: 1. schedule/week7/topics
2022-09-22T16:47:23.716Z - info: 2. admin/overview-for-teachers
2022-09-22T16:47:24.732Z - info: Rebuilding 1 pages
2022-09-22T16:47:24.827Z - info: Site data built
2022-09-22T16:47:24.827Z - info: Pages rebuilt
2022-09-22T16:47:24.827Z - info: Website regeneration complete! Total build time: 0.096s
2022-09-22T16:49:08.587Z - info: [12:49:08 am] Reload for file change: C:\repos\nus-cs2103\cs2103-website-base\admin\overview-for-teachers.md
2022-09-22T16:49:08.587Z - info: Synchronizing opened pages list before reload
2022-09-22T16:49:08.588Z - info: Current opened pages, from most-to-least recent:
2022-09-22T16:49:08.588Z - info: 1. schedule/week7/topics
2022-09-22T16:49:08.588Z - info: 2. admin/overview-for-teachers
2022-09-22T16:49:09.606Z - info: Rebuilding 1 pages
2022-09-22T16:49:09.675Z - info: Site data built
2022-09-22T16:49:09.675Z - info: Pages rebuilt
2022-09-22T16:49:09.675Z - info: Website regeneration complete! Total build time: 0.069s
2022-09-22T16:52:44.221Z - info: [12:52:44 am] Reload for file change: C:\repos\nus-cs2103\cs2103-website-base\admin\overview-for-teachers.md
2022-09-22T16:52:44.221Z - info: Synchronizing opened pages list before reload
2022-09-22T16:52:44.221Z - info: Current opened pages, from most-to-least recent:
2022-09-22T16:52:44.221Z - info: 1. schedule/week7/topics
2022-09-22T16:52:44.221Z - info: 2. admin/overview-for-teachers
2022-09-22T16:52:45.229Z - info: Rebuilding 1 pages
2022-09-22T16:52:45.319Z - info: Site data built
2022-09-22T16:52:45.319Z - info: Pages rebuilt
2022-09-22T16:52:45.319Z - info: Website regeneration complete! Total build time: 0.09s
2022-09-22T16:55:32.457Z - info: [12:55:32 am] Reload for file change: C:\repos\nus-cs2103\cs2103-website-base\admin\overview-for-teachers.md
2022-09-22T16:55:32.457Z - info: Synchronizing opened pages list before reload
2022-09-22T16:55:32.458Z - info: Current opened pages, from most-to-least recent:
2022-09-22T16:55:32.458Z - info: 1. schedule/week7/topics
2022-09-22T16:55:32.458Z - info: 2. admin/overview-for-teachers
2022-09-22T16:55:33.468Z - info: Rebuilding 1 pages
2022-09-22T16:55:33.563Z - info: Site data built
2022-09-22T16:55:33.563Z - info: Pages rebuilt
2022-09-22T16:55:33.563Z - info: Website regeneration complete! Total build time: 0.096s
2022-09-22T16:57:07.659Z - info: [12:57:07 am] Reload for file change: C:\repos\nus-cs2103\cs2103-website-base\admin\overview-for-teachers.md
2022-09-22T16:57:07.659Z - info: Synchronizing opened pages list before reload
2022-09-22T16:57:07.659Z - info: Current opened pages, from most-to-least recent:
2022-09-22T16:57:07.659Z - info: 1. schedule/week7/topics
2022-09-22T16:57:07.659Z - info: 2. admin/overview-for-teachers
2022-09-22T16:57:08.672Z - info: Rebuilding 1 pages
2022-09-22T16:57:08.741Z - info: Site data built
2022-09-22T16:57:08.741Z - info: Pages rebuilt
2022-09-22T16:57:08.742Z - info: Website regeneration complete! Total build time: 0.07s
2022-09-22T16:57:19.971Z - info: [12:57:19 am] Reload for file change: C:\repos\nus-cs2103\cs2103-website-base\admin\overview-for-teachers.md
2022-09-22T16:57:19.971Z - info: Synchronizing opened pages list before reload
2022-09-22T16:57:19.971Z - info: Current opened pages, from most-to-least recent:
2022-09-22T16:57:19.972Z - info: 1. schedule/week7/topics
2022-09-22T16:57:19.972Z - info: 2. admin/overview-for-teachers
2022-09-22T16:57:20.980Z - info: Rebuilding 1 pages
2022-09-22T16:57:21.053Z - info: Site data built
2022-09-22T16:57:21.053Z - info: Pages rebuilt
2022-09-22T16:57:21.053Z - info: Website regeneration complete! Total build time: 0.074s
2022-09-22T16:58:01.454Z - info: [12:58:01 am] Reload for file change: C:\repos\nus-cs2103\cs2103-website-base\admin\overview-for-teachers.md
2022-09-22T16:58:01.454Z - info: Synchronizing opened pages list before reload
2022-09-22T16:58:01.455Z - info: Current opened pages, from most-to-least recent:
2022-09-22T16:58:01.455Z - info: 1. schedule/week7/topics
2022-09-22T16:58:01.455Z - info: 2. admin/overview-for-teachers
2022-09-22T16:58:02.462Z - info: Rebuilding 1 pages
2022-09-22T16:58:02.536Z - info: Site data built
2022-09-22T16:58:02.536Z - info: Pages rebuilt
2022-09-22T16:58:02.536Z - info: Website regeneration complete! Total build time: 0.075s
2022-09-22T16:59:51.768Z - info: [12:59:51 am] Reload for file change: C:\repos\nus-cs2103\cs2103-website-base\admin\overview-for-teachers.md
2022-09-22T16:59:51.769Z - info: Synchronizing opened pages list before reload
2022-09-22T16:59:51.769Z - info: Current opened pages, from most-to-least recent:
2022-09-22T16:59:51.769Z - info: 1. schedule/week7/topics
2022-09-22T16:59:51.769Z - info: 2. admin/overview-for-teachers
2022-09-22T16:59:52.780Z - info: Rebuilding 1 pages
2022-09-22T16:59:52.863Z - info: Site data built
2022-09-22T16:59:52.864Z - info: Pages rebuilt
2022-09-22T16:59:52.864Z - info: Website regeneration complete! Total build time: 0.085s
2022-09-22T17:01:07.776Z - info: [1:01:07 am] Reload for file change: C:\repos\nus-cs2103\cs2103-website-base\admin\overview-for-teachers.md
2022-09-22T17:01:07.776Z - info: Synchronizing opened pages list before reload
2022-09-22T17:01:07.776Z - info: Current opened pages, from most-to-least recent:
2022-09-22T17:01:07.776Z - info: 1. schedule/week7/topics
2022-09-22T17:01:07.776Z - info: 2. admin/overview-for-teachers
2022-09-22T17:01:08.785Z - info: Rebuilding 1 pages
2022-09-22T17:01:08.857Z - info: Site data built
2022-09-22T17:01:08.858Z - info: Pages rebuilt
2022-09-22T17:01:08.858Z - info: Website regeneration complete! Total build time: 0.074s
2022-09-22T17:03:27.088Z - info: [1:03:27 am] Reload for file change: C:\repos\nus-cs2103\cs2103-website-base\admin\overview-for-teachers.md
2022-09-22T17:03:27.088Z - info: Synchronizing opened pages list before reload
2022-09-22T17:03:27.088Z - info: Current opened pages, from most-to-least recent:
2022-09-22T17:03:27.088Z - info: 1. schedule/week7/topics
2022-09-22T17:03:27.088Z - info: 2. admin/overview-for-teachers
2022-09-22T17:03:28.098Z - info: Rebuilding 1 pages
2022-09-22T17:03:28.173Z - info: Site data built
2022-09-22T17:03:28.173Z - info: Pages rebuilt
2022-09-22T17:03:28.173Z - info: Website regeneration complete! Total build time: 0.076s
2022-09-22T17:06:21.974Z - info: [1:06:21 am] Reload for file change: C:\repos\nus-cs2103\cs2103-website-base\admin\overview-for-teachers.md
2022-09-22T17:06:21.974Z - info: Synchronizing opened pages list before reload
2022-09-22T17:06:21.974Z - info: Current opened pages, from most-to-least recent:
2022-09-22T17:06:21.975Z - info: 1. schedule/week7/topics
2022-09-22T17:06:21.975Z - info: 2. admin/overview-for-teachers
2022-09-22T17:06:22.992Z - info: Rebuilding 1 pages
2022-09-22T17:06:23.092Z - info: Site data built
2022-09-22T17:06:23.092Z - info: Pages rebuilt
2022-09-22T17:06:23.092Z - info: Website regeneration complete! Total build time: 0.102s
2022-09-22T17:08:17.458Z - info: [1:08:17 am] Reload for file change: C:\repos\nus-cs2103\cs2103-website-base\admin\overview-for-teachers.md
2022-09-22T17:08:17.458Z - info: Synchronizing opened pages list before reload
2022-09-22T17:08:17.459Z - info: Current opened pages, from most-to-least recent:
2022-09-22T17:08:17.459Z - info: 1. schedule/week7/topics
2022-09-22T17:08:17.459Z - info: 2. admin/overview-for-teachers
2022-09-22T17:08:18.462Z - info: Rebuilding 1 pages
2022-09-22T17:08:18.542Z - info: Site data built
2022-09-22T17:08:18.542Z - info: Pages rebuilt
2022-09-22T17:08:18.542Z - info: Website regeneration complete! Total build time: 0.08s
2022-09-22T17:11:01.853Z - info: [1:11:01 am] Reload for file change: C:\repos\nus-cs2103\cs2103-website-base\admin\overview-for-teachers.md
2022-09-22T17:11:01.853Z - info: Synchronizing opened pages list before reload
2022-09-22T17:11:01.854Z - info: Current opened pages, from most-to-least recent:
2022-09-22T17:11:01.854Z - info: 1. schedule/week7/topics
2022-09-22T17:11:01.854Z - info: 2. admin/overview-for-teachers
2022-09-22T17:11:02.870Z - info: Rebuilding 1 pages
2022-09-22T17:11:02.945Z - info: Site data built
2022-09-22T17:11:02.946Z - info: Pages rebuilt
2022-09-22T17:11:02.946Z - info: Website regeneration complete! Total build time: 0.077s
2022-09-22T17:11:08.702Z - info: Building C:\repos\nus-cs2103\cs2103-website-base\admin\ip-overview as some of its dependencies were changed since the last visit
2022-09-22T17:11:09.376Z - info: Site data built
2022-09-22T17:11:09.377Z - info: Lazy website regeneration complete! Total build time: 0.675s
2022-09-22T17:13:11.174Z - info: [1:13:11 am] Reload for file change: C:\repos\nus-cs2103\cs2103-website-base\admin\overview-for-teachers.md
2022-09-22T17:13:11.174Z - info: Synchronizing opened pages list before reload
2022-09-22T17:13:11.174Z - info: Current opened pages, from most-to-least recent:
2022-09-22T17:13:11.174Z - info: 1. admin/overview-for-teachers
2022-09-22T17:13:11.174Z - info: 2. schedule/week7/topics
2022-09-22T17:13:12.192Z - info: Rebuilding 1 pages
2022-09-22T17:13:12.260Z - info: Site data built
2022-09-22T17:13:12.260Z - info: Pages rebuilt
2022-09-22T17:13:12.260Z - info: Website regeneration complete! Total build time: 0.069s
2022-09-22T17:15:42.510Z - info: [1:15:42 am] Reload for file change: C:\repos\nus-cs2103\cs2103-website-base\admin\overview-for-teachers.md
2022-09-22T17:15:42.510Z - info: Synchronizing opened pages list before reload
2022-09-22T17:15:42.510Z - info: Current opened pages, from most-to-least recent:
2022-09-22T17:15:42.510Z - info: 1. admin/overview-for-teachers
2022-09-22T17:15:42.510Z - info: 2. schedule/week7/topics
2022-09-22T17:15:43.516Z - info: Rebuilding 1 pages
2022-09-22T17:15:43.612Z - info: Site data built
2022-09-22T17:15:43.613Z - info: Pages rebuilt
2022-09-22T17:15:43.613Z - info: Website regeneration complete! Total build time: 0.098s
2022-09-22T17:16:34.265Z - info: [1:16:34 am] Reload for file change: C:\repos\nus-cs2103\cs2103-website-base\admin\overview-for-teachers.md
2022-09-22T17:16:34.265Z - info: Synchronizing opened pages list before reload
2022-09-22T17:16:34.265Z - info: Current opened pages, from most-to-least recent:
2022-09-22T17:16:34.265Z - info: 1. admin/overview-for-teachers
2022-09-22T17:16:34.265Z - info: 2. schedule/week7/topics
2022-09-22T17:16:35.283Z - info: Rebuilding 1 pages
2022-09-22T17:16:35.355Z - info: Site data built
2022-09-22T17:16:35.355Z - info: Pages rebuilt
2022-09-22T17:16:35.355Z - info: Website regeneration complete! Total build time: 0.073s
2022-09-22T17:18:13.820Z - info: [1:18:13 am] Reload for file change: C:\repos\nus-cs2103\cs2103-website-base\admin\overview-for-teachers.md
2022-09-22T17:18:13.820Z - info: Synchronizing opened pages list before reload
2022-09-22T17:18:13.820Z - info: Current opened pages, from most-to-least recent:
2022-09-22T17:18:13.820Z - info: 1. admin/overview-for-teachers
2022-09-22T17:18:13.820Z - info: 2. schedule/week7/topics
2022-09-22T17:18:14.829Z - info: Rebuilding 1 pages
2022-09-22T17:18:14.899Z - info: Site data built
2022-09-22T17:18:14.899Z - info: Pages rebuilt
2022-09-22T17:18:14.899Z - info: Website regeneration complete! Total build time: 0.071s
2022-09-22T17:26:21.494Z - info: [1:26:21 am] Reload for file change: C:\repos\nus-cs2103\cs2103-website-base\admin\overview-for-teachers.md
2022-09-22T17:26:21.495Z - info: Synchronizing opened pages list before reload
2022-09-22T17:26:21.495Z - info: Current opened pages, from most-to-least recent:
2022-09-22T17:26:21.495Z - info: 1. admin/overview-for-teachers
2022-09-22T17:26:21.496Z - info: 2. schedule/week7/topics
2022-09-22T17:26:22.502Z - info: Rebuilding 1 pages
2022-09-22T17:26:22.583Z - info: Site data built
2022-09-22T17:26:22.583Z - info: Pages rebuilt
2022-09-22T17:26:22.583Z - info: Website regeneration complete! Total build time: 0.081s
2022-09-22T17:29:46.774Z - info: [1:29:46 am] Reload for file change: C:\repos\nus-cs2103\cs2103-website-base\admin\overview-for-teachers.md
2022-09-22T17:29:46.775Z - info: Synchronizing opened pages list before reload
2022-09-22T17:29:46.775Z - info: Current opened pages, from most-to-least recent:
2022-09-22T17:29:46.775Z - info: 1. admin/overview-for-teachers
2022-09-22T17:29:46.775Z - info: 2. schedule/week7/topics
2022-09-22T17:29:47.786Z - info: Rebuilding 1 pages
2022-09-22T17:29:47.855Z - info: Site data built
2022-09-22T17:29:47.856Z - info: Pages rebuilt
2022-09-22T17:29:47.856Z - info: Website regeneration complete! Total build time: 0.071s
2022-09-22T17:31:29.251Z - info: [1:31:29 am] Reload for file change: C:\repos\nus-cs2103\cs2103-website-base\admin\overview-for-teachers.md
2022-09-22T17:31:29.251Z - info: Synchronizing opened pages list before reload
2022-09-22T17:31:29.251Z - info: Current opened pages, from most-to-least recent:
2022-09-22T17:31:29.252Z - info: 1. admin/overview-for-teachers
2022-09-22T17:31:29.252Z - info: 2. schedule/week7/topics
2022-09-22T17:31:30.267Z - info: Rebuilding 1 pages
2022-09-22T17:31:30.350Z - info: Site data built
2022-09-22T17:31:30.350Z - info: Pages rebuilt
2022-09-22T17:31:30.350Z - info: Website regeneration complete! Total build time: 0.083s
2022-09-22T17:35:51.363Z - info: [1:35:51 am] Reload for file change: C:\repos\nus-cs2103\cs2103-website-base\admin\overview-for-teachers.md
2022-09-22T17:35:51.363Z - info: Synchronizing opened pages list before reload
2022-09-22T17:35:51.363Z - info: Current opened pages, from most-to-least recent:
2022-09-22T17:35:51.364Z - info: 1. admin/overview-for-teachers
2022-09-22T17:35:51.364Z - info: 2. schedule/week7/topics
2022-09-22T17:35:52.377Z - info: Rebuilding 1 pages
2022-09-22T17:35:52.448Z - info: Site data built
2022-09-22T17:35:52.449Z - info: Pages rebuilt
2022-09-22T17:35:52.449Z - info: Website regeneration complete! Total build time: 0.073s
2022-09-22T17:37:31.904Z - info: [1:37:31 am] Reload for file change: C:\repos\nus-cs2103\cs2103-website-base\admin\overview-for-teachers.md
2022-09-22T17:37:31.905Z - info: Synchronizing opened pages list before reload
2022-09-22T17:37:31.905Z - info: Current opened pages, from most-to-least recent:
2022-09-22T17:37:31.905Z - info: 1. admin/overview-for-teachers
2022-09-22T17:37:31.905Z - info: 2. schedule/week7/topics
2022-09-22T17:37:32.913Z - info: Rebuilding 1 pages
2022-09-22T17:37:33.015Z - info: Site data built
2022-09-22T17:37:33.015Z - info: Pages rebuilt
2022-09-22T17:37:33.015Z - info: Website regeneration complete! Total build time: 0.103s
2022-09-22T17:38:57.563Z - info: [1:38:57 am] Reload for file change: C:\repos\nus-cs2103\cs2103-website-base\admin\overview-for-teachers.md
2022-09-22T17:38:57.564Z - info: Synchronizing opened pages list before reload
2022-09-22T17:38:57.564Z - info: Current opened pages, from most-to-least recent:
2022-09-22T17:38:57.564Z - info: 1. admin/overview-for-teachers
2022-09-22T17:38:57.564Z - info: 2. schedule/week7/topics
2022-09-22T17:38:58.578Z - info: Rebuilding 1 pages
2022-09-22T17:38:58.650Z - info: Site data built
2022-09-22T17:38:58.650Z - info: Pages rebuilt
2022-09-22T17:38:58.650Z - info: Website regeneration complete! Total build time: 0.073s
2022-09-22T17:41:04.909Z - info: [1:41:04 am] Reload for file change: C:\repos\nus-cs2103\cs2103-website-base\admin\overview-for-teachers.md
2022-09-22T17:41:04.909Z - info: Synchronizing opened pages list before reload
2022-09-22T17:41:04.909Z - info: Current opened pages, from most-to-least recent:
2022-09-22T17:41:04.909Z - info: 1. admin/overview-for-teachers
2022-09-22T17:41:04.909Z - info: 2. schedule/week7/topics
2022-09-22T17:41:05.912Z - info: Rebuilding 1 pages
2022-09-22T17:41:05.982Z - info: Site data built
2022-09-22T17:41:05.982Z - info: Pages rebuilt
2022-09-22T17:41:05.982Z - info: Website regeneration complete! Total build time: 0.071s
2022-09-22T17:43:36.646Z - info: [1:43:36 am] Reload for file change: C:\repos\nus-cs2103\cs2103-website-base\admin\overview-for-teachers.md
2022-09-22T17:43:36.646Z - info: Synchronizing opened pages list before reload
2022-09-22T17:43:36.646Z - info: Current opened pages, from most-to-least recent:
2022-09-22T17:43:36.647Z - info: 1. admin/overview-for-teachers
2022-09-22T17:43:36.647Z - info: 2. schedule/week7/topics
2022-09-22T17:43:37.652Z - info: Rebuilding 1 pages
2022-09-22T17:43:37.733Z - info: Site data built
2022-09-22T17:43:37.733Z - info: Pages rebuilt
2022-09-22T17:43:37.734Z - info: Website regeneration complete! Total build time: 0.081s
2022-09-22T17:44:29.207Z - info: [1:44:29 am] Reload for file change: C:\repos\nus-cs2103\cs2103-website-base\admin\overview-for-teachers.md
2022-09-22T17:44:29.207Z - info: Synchronizing opened pages list before reload
2022-09-22T17:44:29.207Z - info: Current opened pages, from most-to-least recent:
2022-09-22T17:44:29.207Z - info: 1. admin/overview-for-teachers
2022-09-22T17:44:29.207Z - info: 2. schedule/week7/topics
2022-09-22T17:44:30.220Z - info: Rebuilding 1 pages
2022-09-22T17:44:30.288Z - info: Site data built
2022-09-22T17:44:30.289Z - info: Pages rebuilt
2022-09-22T17:44:30.289Z - info: Website regeneration complete! Total build time: 0.069s
2022-09-22T17:45:33.087Z - info: [1:45:33 am] Reload for file change: C:\repos\nus-cs2103\cs2103-website-base\admin\overview-for-teachers.md
2022-09-22T17:45:33.088Z - info: Synchronizing opened pages list before reload
2022-09-22T17:45:33.088Z - info: Current opened pages, from most-to-least recent:
2022-09-22T17:45:33.088Z - info: 1. admin/overview-for-teachers
2022-09-22T17:45:33.088Z - info: 2. schedule/week7/topics
2022-09-22T17:45:34.103Z - info: Rebuilding 1 pages
2022-09-22T17:45:34.176Z - info: Site data built
2022-09-22T17:45:34.176Z - info: Pages rebuilt
2022-09-22T17:45:34.176Z - info: Website regeneration complete! Total build time: 0.073s
2022-09-22T17:47:01.641Z - info: [1:47:01 am] Reload for file change: C:\repos\nus-cs2103\cs2103-website-base\admin\overview-for-teachers.md
2022-09-22T17:47:01.642Z - info: Synchronizing opened pages list before reload
2022-09-22T17:47:01.642Z - info: Current opened pages, from most-to-least recent:
2022-09-22T17:47:01.642Z - info: 1. admin/overview-for-teachers
2022-09-22T17:47:01.642Z - info: 2. schedule/week7/topics
2022-09-22T17:47:02.651Z - info: Rebuilding 1 pages
2022-09-22T17:47:02.721Z - info: Site data built
2022-09-22T17:47:02.722Z - info: Pages rebuilt
2022-09-22T17:47:02.722Z - info: Website regeneration complete! Total build time: 0.072s
2022-09-22T17:47:27.891Z - info: Building C:\repos\nus-cs2103\cs2103-website-base\admin\index as some of its dependencies were changed since the last visit
2022-09-22T17:47:28.334Z - info: Site data built
2022-09-22T17:47:28.335Z - info: Lazy website regeneration complete! Total build time: 0.445s
2022-09-22T17:47:34.024Z - info: Building C:\repos\nus-cs2103\cs2103-website-base\admin\tp-timeline as some of its dependencies were changed since the last visit
2022-09-22T17:47:34.375Z - info: Site data built
2022-09-22T17:47:34.376Z - info: Lazy website regeneration complete! Total build time: 0.351s
2022-09-22T17:47:38.380Z - debug:  
2022-09-22T17:47:38.395Z - debug:  
2022-09-22T17:48:31.392Z - info: [1:48:31 am] Reload for file change: C:\repos\nus-cs2103\cs2103-website-base\admin\overview-for-teachers.md
2022-09-22T17:48:31.392Z - info: Synchronizing opened pages list before reload
2022-09-22T17:48:31.392Z - info: Current opened pages, from most-to-least recent:
2022-09-22T17:48:31.392Z - info: 1. admin/overview-for-teachers
2022-09-22T17:48:31.393Z - info: 2. admin/tp-timeline
2022-09-22T17:48:32.405Z - info: Rebuilding 1 pages
2022-09-22T17:48:32.488Z - info: Site data built
2022-09-22T17:48:32.488Z - info: Pages rebuilt
2022-09-22T17:48:32.488Z - info: Website regeneration complete! Total build time: 0.084s
2022-09-22T17:49:47.903Z - info: [1:49:47 am] Reload for file change: C:\repos\nus-cs2103\cs2103-website-base\admin\overview-for-teachers.md
2022-09-22T17:49:47.903Z - info: Synchronizing opened pages list before reload
2022-09-22T17:49:47.903Z - info: Current opened pages, from most-to-least recent:
2022-09-22T17:49:47.904Z - info: 1. admin/overview-for-teachers
2022-09-22T17:49:47.904Z - info: 2. admin/tp-timeline
2022-09-22T17:49:48.915Z - info: Rebuilding 1 pages
2022-09-22T17:49:48.996Z - info: Site data built
2022-09-22T17:49:48.996Z - info: Pages rebuilt
2022-09-22T17:49:48.996Z - info: Website regeneration complete! Total build time: 0.081s
2022-09-22T17:50:25.548Z - info: [1:50:25 am] Reload for file change: C:\repos\nus-cs2103\cs2103-website-base\admin\overview-for-teachers.md
2022-09-22T17:50:25.548Z - info: Synchronizing opened pages list before reload
2022-09-22T17:50:25.548Z - info: Current opened pages, from most-to-least recent:
2022-09-22T17:50:25.549Z - info: 1. admin/overview-for-teachers
2022-09-22T17:50:25.549Z - info: 2. admin/tp-timeline
2022-09-22T17:50:26.554Z - info: Rebuilding 1 pages
2022-09-22T17:50:26.626Z - info: Site data built
2022-09-22T17:50:26.627Z - info: Pages rebuilt
2022-09-22T17:50:26.627Z - info: Website regeneration complete! Total build time: 0.073s
2022-09-23T08:08:28.107Z - info: Website generation (lazy) started at 4:08:25 pm
2022-09-23T08:08:41.183Z - info: Building assets...
2022-09-23T08:08:48.898Z - info: Assets built
2022-09-23T08:08:48.899Z - info: Generating landing page...
2022-09-23T08:08:50.806Z - info: Landing page built, other pages will be built as you navigate to them!
2022-09-23T08:08:51.910Z - info: Site data built
2022-09-23T08:08:51.911Z - info: Website generation (lazy) complete! Total build time: 26.505s
2022-09-23T08:08:52.877Z - info: Serving "C:\repos\nus-cs2103\cs2103-website-base\_site" at http://127.0.0.1:8080
2022-09-23T08:08:52.878Z - info: Press CTRL+C to stop ...
2022-09-23T08:08:54.773Z - info: [4:08:54 pm] Reload for file change: C:\repos\nus-cs2103\cs2103-website-base\admin\overview-for-teachers.md
2022-09-23T08:08:54.774Z - info: Synchronizing opened pages list before reload
2022-09-23T08:08:54.774Z - info: No pages are currently opened
2022-09-23T08:08:56.868Z - info: Assets built
2022-09-23T08:09:47.836Z - info: [4:09:47 pm] Reload for file change: C:\repos\nus-cs2103\cs2103-website-base\admin\overview-for-teachers.md
2022-09-23T08:09:47.837Z - info: Synchronizing opened pages list before reload
2022-09-23T08:09:47.837Z - info: Current opened pages, from most-to-least recent:
2022-09-23T08:09:47.838Z - info: 1. index
2022-09-23T08:09:48.851Z - info: Assets built
2022-09-23T08:10:11.070Z - info: Building C:\repos\nus-cs2103\cs2103-website-base\admin\overview-for-teachers as some of its dependencies were changed since the last visit
2022-09-23T08:10:11.589Z - info: Site data built
2022-09-23T08:10:11.590Z - info: Lazy website regeneration complete! Total build time: 0.519s
2022-09-23T08:10:12.495Z - info: Building C:\repos\nus-cs2103\cs2103-website-base\admin\overview-for-teachers as some of its dependencies were changed since the last visit
2022-09-23T08:10:12.582Z - info: Site data built
2022-09-23T08:10:12.583Z - info: Lazy website regeneration complete! Total build time: 0.088s
2022-09-23T08:11:58.377Z - info: [4:11:58 pm] Reload for file change: C:\repos\nus-cs2103\cs2103-website-base\admin\overview-for-teachers.md
2022-09-23T08:11:58.377Z - info: Synchronizing opened pages list before reload
2022-09-23T08:11:58.377Z - info: Current opened pages, from most-to-least recent:
2022-09-23T08:11:58.377Z - info: 1. admin/overview-for-teachers
2022-09-23T08:11:59.379Z - info: Rebuilding 1 pages
2022-09-23T08:11:59.477Z - info: Site data built
2022-09-23T08:11:59.477Z - info: Pages rebuilt
2022-09-23T08:11:59.478Z - info: Website regeneration complete! Total build time: 0.099s
2022-09-23T08:30:15.629Z - info: Building C:\repos\nus-cs2103\cs2103-website-base\admin\index as some of its dependencies were changed since the last visit
2022-09-23T08:30:16.435Z - info: Site data built
2022-09-23T08:30:16.436Z - info: Lazy website regeneration complete! Total build time: 0.807s
2022-09-23T08:30:37.089Z - info: Building C:\repos\nus-cs2103\cs2103-website-base\admin\tp-timeline as some of its dependencies were changed since the last visit
2022-09-23T08:30:37.529Z - info: Site data built
2022-09-23T08:30:37.530Z - info: Lazy website regeneration complete! Total build time: 0.442s
2022-09-23T08:30:41.535Z - debug:  
2022-09-23T08:30:41.570Z - debug:  
2022-09-23T09:56:29.160Z - info: [5:56:29 pm] Reload for file change: C:\repos\nus-cs2103\cs2103-website-base\admin\overview-for-teachers.md
2022-09-23T09:56:29.165Z - info: Synchronizing opened pages list before reload
2022-09-23T09:56:29.168Z - info: Current opened pages, from most-to-least recent:
2022-09-23T09:56:29.169Z - info: 1. admin/overview-for-teachers
2022-09-23T09:56:30.196Z - info: Rebuilding 1 pages
2022-09-23T09:56:30.361Z - info: Site data built
2022-09-23T09:56:30.361Z - info: Pages rebuilt
2022-09-23T09:56:30.361Z - info: Website regeneration complete! Total build time: 0.171s
2022-09-23T09:58:48.747Z - info: [5:58:48 pm] Reload for file change: C:\repos\nus-cs2103\cs2103-website-base\admin\overview-for-teachers.md
2022-09-23T09:58:48.748Z - info: Synchronizing opened pages list before reload
2022-09-23T09:58:48.748Z - info: Current opened pages, from most-to-least recent:
2022-09-23T09:58:48.748Z - info: 1. admin/overview-for-teachers
2022-09-23T09:58:49.760Z - info: Rebuilding 1 pages
2022-09-23T09:58:49.877Z - info: Site data built
2022-09-23T09:58:49.877Z - info: Pages rebuilt
2022-09-23T09:58:49.878Z - info: Website regeneration complete! Total build time: 0.118s
2022-09-23T12:32:15.694Z - info: Website generation (lazy) started at 8:32:12 pm
2022-09-23T12:32:29.032Z - info: Building assets...
2022-09-23T12:32:38.394Z - info: Assets built
2022-09-23T12:32:38.395Z - info: Generating landing page...
2022-09-23T12:32:40.072Z - info: Landing page built, other pages will be built as you navigate to them!
2022-09-23T12:32:41.637Z - info: Site data built
2022-09-23T12:32:41.638Z - info: Website generation (lazy) complete! Total build time: 28.973s
2022-09-23T12:32:42.827Z - info: Serving "C:\repos\nus-cs2103\cs2103-website-base\_site" at http://127.0.0.1:8080
2022-09-23T12:32:42.828Z - info: Press CTRL+C to stop ...
2022-09-23T13:46:35.934Z - info: Building C:\repos\nus-cs2103\cs2103-website-base\admin\overview-for-teachers as some of its dependencies were changed since the last visit
2022-09-23T13:46:36.641Z - info: Site data built
2022-09-23T13:46:36.641Z - info: Lazy website regeneration complete! Total build time: 0.709s
2022-09-23T13:48:08.757Z - info: [9:48:08 pm] Reload for file change: C:\repos\nus-cs2103\cs2103-website-base\admin\overview-for-teachers.md
2022-09-23T13:48:08.758Z - info: Synchronizing opened pages list before reload
2022-09-23T13:48:08.758Z - info: Current opened pages, from most-to-least recent:
2022-09-23T13:48:08.758Z - info: 1. admin/overview-for-teachers
2022-09-23T13:48:09.770Z - info: Rebuilding 1 pages
2022-09-23T13:48:09.893Z - info: Site data built
2022-09-23T13:48:09.894Z - info: Pages rebuilt
2022-09-23T13:48:09.894Z - info: Website regeneration complete! Total build time: 0.125s
2022-09-23T13:48:21.454Z - info: [9:48:21 pm] Reload for file change: C:\repos\nus-cs2103\cs2103-website-base\admin\overview-for-teachers.md
2022-09-23T13:48:21.455Z - info: Synchronizing opened pages list before reload
2022-09-23T13:48:21.455Z - info: Current opened pages, from most-to-least recent:
2022-09-23T13:48:21.455Z - info: 1. admin/overview-for-teachers
2022-09-23T13:48:22.473Z - info: Rebuilding 1 pages
2022-09-23T13:48:22.568Z - info: Site data built
2022-09-23T13:48:22.568Z - info: Pages rebuilt
2022-09-23T13:48:22.569Z - info: Website regeneration complete! Total build time: 0.097s
2022-09-23T13:48:59.105Z - info: [9:48:59 pm] Reload for file change: C:\repos\nus-cs2103\cs2103-website-base\admin\overview-for-teachers.md
2022-09-23T13:48:59.106Z - info: Synchronizing opened pages list before reload
2022-09-23T13:48:59.106Z - info: Current opened pages, from most-to-least recent:
2022-09-23T13:48:59.106Z - info: 1. admin/overview-for-teachers
2022-09-23T13:49:00.117Z - info: Rebuilding 1 pages
2022-09-23T13:49:00.225Z - info: Site data built
2022-09-23T13:49:00.225Z - info: Pages rebuilt
2022-09-23T13:49:00.226Z - info: Website regeneration complete! Total build time: 0.109s
2022-09-23T13:49:23.815Z - info: [9:49:23 pm] Reload for file change: C:\repos\nus-cs2103\cs2103-website-base\admin\overview-for-teachers.md
2022-09-23T13:49:23.815Z - info: Synchronizing opened pages list before reload
2022-09-23T13:49:23.816Z - info: Current opened pages, from most-to-least recent:
2022-09-23T13:49:23.816Z - info: 1. admin/overview-for-teachers
2022-09-23T13:49:24.830Z - info: Rebuilding 1 pages
2022-09-23T13:49:24.910Z - info: Site data built
2022-09-23T13:49:24.910Z - info: Pages rebuilt
2022-09-23T13:49:24.910Z - info: Website regeneration complete! Total build time: 0.081s
2022-09-23T13:50:43.561Z - info: [9:50:43 pm] Reload for file change: C:\repos\nus-cs2103\cs2103-website-base\admin\overview-for-teachers.md
2022-09-23T13:50:43.562Z - info: Synchronizing opened pages list before reload
2022-09-23T13:50:43.562Z - info: Current opened pages, from most-to-least recent:
2022-09-23T13:50:43.563Z - info: 1. admin/overview-for-teachers
2022-09-23T13:50:44.586Z - info: Rebuilding 1 pages
2022-09-23T13:50:44.672Z - info: Site data built
2022-09-23T13:50:44.672Z - info: Pages rebuilt
2022-09-23T13:50:44.672Z - info: Website regeneration complete! Total build time: 0.087s
2022-09-23T13:55:28.029Z - info: [9:55:28 pm] Reload for file change: C:\repos\nus-cs2103\cs2103-website-base\admin\overview-for-teachers.md
2022-09-23T13:55:28.029Z - info: Synchronizing opened pages list before reload
2022-09-23T13:55:28.029Z - info: Current opened pages, from most-to-least recent:
2022-09-23T13:55:28.030Z - info: 1. admin/overview-for-teachers
2022-09-23T13:55:29.036Z - info: Rebuilding 1 pages
2022-09-23T13:55:29.143Z - info: Site data built
2022-09-23T13:55:29.143Z - info: Pages rebuilt
2022-09-23T13:55:29.144Z - info: Website regeneration complete! Total build time: 0.107s
2022-09-23T14:02:37.580Z - info: [10:02:37 pm] Reload for file change: C:\repos\nus-cs2103\cs2103-website-base\admin\overview-for-teachers.md
2022-09-23T14:02:37.581Z - info: Synchronizing opened pages list before reload
2022-09-23T14:02:37.581Z - info: Current opened pages, from most-to-least recent:
2022-09-23T14:02:37.581Z - info: 1. admin/overview-for-teachers
2022-09-23T14:02:38.602Z - info: Rebuilding 1 pages
2022-09-23T14:02:38.691Z - info: Site data built
2022-09-23T14:02:38.691Z - info: Pages rebuilt
2022-09-23T14:02:38.691Z - info: Website regeneration complete! Total build time: 0.09s
2022-09-23T14:06:10.143Z - info: [10:06:10 pm] Reload for file change: C:\repos\nus-cs2103\cs2103-website-base\admin\overview-for-teachers.md
2022-09-23T14:06:10.143Z - info: Synchronizing opened pages list before reload
2022-09-23T14:06:10.143Z - info: Current opened pages, from most-to-least recent:
2022-09-23T14:06:10.143Z - info: 1. admin/overview-for-teachers
2022-09-23T14:06:11.165Z - info: Rebuilding 1 pages
2022-09-23T14:06:11.252Z - info: Site data built
2022-09-23T14:06:11.252Z - info: Pages rebuilt
2022-09-23T14:06:11.252Z - info: Website regeneration complete! Total build time: 0.088s
2022-09-23T14:10:04.464Z - info: [10:10:04 pm] Reload for file change: C:\repos\nus-cs2103\cs2103-website-base\admin\overview-for-teachers.md
2022-09-23T14:10:04.464Z - info: Synchronizing opened pages list before reload
2022-09-23T14:10:04.465Z - info: Current opened pages, from most-to-least recent:
2022-09-23T14:10:04.465Z - info: 1. admin/overview-for-teachers
2022-09-23T14:10:05.481Z - info: Rebuilding 1 pages
2022-09-23T14:10:05.570Z - info: Site data built
2022-09-23T14:10:05.570Z - info: Pages rebuilt
2022-09-23T14:10:05.570Z - info: Website regeneration complete! Total build time: 0.09s
2022-09-23T14:11:58.470Z - info: [10:11:58 pm] Reload for file change: C:\repos\nus-cs2103\cs2103-website-base\admin\overview-for-teachers.md
2022-09-23T14:11:58.471Z - info: Synchronizing opened pages list before reload
2022-09-23T14:11:58.471Z - info: Current opened pages, from most-to-least recent:
2022-09-23T14:11:58.471Z - info: 1. admin/overview-for-teachers
2022-09-23T14:11:59.491Z - info: Rebuilding 1 pages
2022-09-23T14:11:59.575Z - info: Site data built
2022-09-23T14:11:59.575Z - info: Pages rebuilt
2022-09-23T14:11:59.575Z - info: Website regeneration complete! Total build time: 0.085s
2022-09-23T14:14:13.560Z - info: [10:14:13 pm] Reload for file change: C:\repos\nus-cs2103\cs2103-website-base\admin\overview-for-teachers.md
2022-09-23T14:14:13.561Z - info: Synchronizing opened pages list before reload
2022-09-23T14:14:13.561Z - info: Current opened pages, from most-to-least recent:
2022-09-23T14:14:13.561Z - info: 1. admin/overview-for-teachers
2022-09-23T14:14:14.580Z - info: Rebuilding 1 pages
2022-09-23T14:14:14.669Z - info: Site data built
2022-09-23T14:14:14.669Z - info: Pages rebuilt
2022-09-23T14:14:14.669Z - info: Website regeneration complete! Total build time: 0.09s
2022-09-23T14:15:00.876Z - info: [10:15:00 pm] Reload for file change: C:\repos\nus-cs2103\cs2103-website-base\admin\overview-for-teachers.md
2022-09-23T14:15:00.877Z - info: Synchronizing opened pages list before reload
2022-09-23T14:15:00.877Z - info: Current opened pages, from most-to-least recent:
2022-09-23T14:15:00.877Z - info: 1. admin/overview-for-teachers
2022-09-23T14:15:01.883Z - info: Rebuilding 1 pages
2022-09-23T14:15:01.980Z - info: Site data built
2022-09-23T14:15:01.981Z - info: Pages rebuilt
2022-09-23T14:15:01.981Z - info: Website regeneration complete! Total build time: 0.099s
2022-09-23T14:22:08.023Z - info: [10:22:08 pm] Reload for file change: C:\repos\nus-cs2103\cs2103-website-base\admin\overview-for-teachers.md
2022-09-23T14:22:08.024Z - info: Synchronizing opened pages list before reload
2022-09-23T14:22:08.024Z - info: Current opened pages, from most-to-least recent:
2022-09-23T14:22:08.024Z - info: 1. admin/overview-for-teachers
2022-09-23T14:22:09.036Z - info: Rebuilding 1 pages
2022-09-23T14:22:09.120Z - info: Site data built
2022-09-23T14:22:09.120Z - info: Pages rebuilt
2022-09-23T14:22:09.120Z - info: Website regeneration complete! Total build time: 0.086s
2022-09-23T14:24:48.274Z - info: [10:24:48 pm] Reload for file change: C:\repos\nus-cs2103\cs2103-website-base\admin\overview-for-teachers.md
2022-09-23T14:24:48.275Z - info: Synchronizing opened pages list before reload
2022-09-23T14:24:48.275Z - info: Current opened pages, from most-to-least recent:
2022-09-23T14:24:48.276Z - info: 1. admin/overview-for-teachers
2022-09-23T14:24:49.297Z - info: Rebuilding 1 pages
2022-09-23T14:24:49.373Z - info: Site data built
2022-09-23T14:24:49.373Z - info: Pages rebuilt
2022-09-23T14:24:49.373Z - info: Website regeneration complete! Total build time: 0.077s
2022-09-23T14:30:50.489Z - info: [10:30:50 pm] Reload for file change: C:\repos\nus-cs2103\cs2103-website-base\admin\overview-for-teachers.md
2022-09-23T14:30:50.489Z - info: Synchronizing opened pages list before reload
2022-09-23T14:30:50.489Z - info: Current opened pages, from most-to-least recent:
2022-09-23T14:30:50.490Z - info: 1. admin/overview-for-teachers
2022-09-23T14:30:51.511Z - info: Rebuilding 1 pages
2022-09-23T14:30:51.590Z - info: Site data built
2022-09-23T14:30:51.590Z - info: Pages rebuilt
2022-09-23T14:30:51.590Z - info: Website regeneration complete! Total build time: 0.08s
2022-09-23T14:33:42.698Z - info: [10:33:42 pm] Reload for file change: C:\repos\nus-cs2103\cs2103-website-base\admin\overview-for-teachers.md
2022-09-23T14:33:42.698Z - info: Synchronizing opened pages list before reload
2022-09-23T14:33:42.698Z - info: Current opened pages, from most-to-least recent:
2022-09-23T14:33:42.698Z - info: 1. admin/overview-for-teachers
2022-09-23T14:33:43.707Z - info: Rebuilding 1 pages
2022-09-23T14:33:43.818Z - info: Site data built
2022-09-23T14:33:43.818Z - info: Pages rebuilt
2022-09-23T14:33:43.818Z - info: Website regeneration complete! Total build time: 0.112s
2022-09-23T14:37:09.914Z - info: [10:37:09 pm] Reload for file change: C:\repos\nus-cs2103\cs2103-website-base\admin\overview-for-teachers.md
2022-09-23T14:37:09.915Z - info: Synchronizing opened pages list before reload
2022-09-23T14:37:09.915Z - info: Current opened pages, from most-to-least recent:
2022-09-23T14:37:09.915Z - info: 1. admin/overview-for-teachers
2022-09-23T14:37:10.918Z - info: Rebuilding 1 pages
2022-09-23T14:37:11.062Z - info: Site data built
2022-09-23T14:37:11.062Z - info: Pages rebuilt
2022-09-23T14:37:11.062Z - info: Website regeneration complete! Total build time: 0.145s
2022-09-23T14:38:44.702Z - info: [10:38:44 pm] Reload for file change: C:\repos\nus-cs2103\cs2103-website-base\admin\overview-for-teachers.md
2022-09-23T14:38:44.702Z - info: Synchronizing opened pages list before reload
2022-09-23T14:38:44.702Z - info: Current opened pages, from most-to-least recent:
2022-09-23T14:38:44.702Z - info: 1. admin/overview-for-teachers
2022-09-23T14:38:45.719Z - info: Rebuilding 1 pages
2022-09-23T14:38:45.803Z - info: Site data built
2022-09-23T14:38:45.803Z - info: Pages rebuilt
2022-09-23T14:38:45.803Z - info: Website regeneration complete! Total build time: 0.084s
2022-09-23T14:40:57.130Z - info: [10:40:57 pm] Reload for file change: C:\repos\nus-cs2103\cs2103-website-base\admin\overview-for-teachers.md
2022-09-23T14:40:57.130Z - info: Synchronizing opened pages list before reload
2022-09-23T14:40:57.130Z - info: Current opened pages, from most-to-least recent:
2022-09-23T14:40:57.130Z - info: 1. admin/overview-for-teachers
2022-09-23T14:40:58.144Z - info: Rebuilding 1 pages
2022-09-23T14:40:58.227Z - info: Site data built
2022-09-23T14:40:58.227Z - info: Pages rebuilt
2022-09-23T14:40:58.228Z - info: Website regeneration complete! Total build time: 0.084s
2022-09-23T14:41:32.008Z - info: [10:41:32 pm] Reload for file change: C:\repos\nus-cs2103\cs2103-website-base\admin\overview-for-teachers.md
2022-09-23T14:41:32.008Z - info: Synchronizing opened pages list before reload
2022-09-23T14:41:32.008Z - info: Current opened pages, from most-to-least recent:
2022-09-23T14:41:32.009Z - info: 1. admin/overview-for-teachers
2022-09-23T14:41:33.017Z - info: Rebuilding 1 pages
2022-09-23T14:41:33.105Z - info: Site data built
2022-09-23T14:41:33.105Z - info: Pages rebuilt
2022-09-23T14:41:33.105Z - info: Website regeneration complete! Total build time: 0.089s
2022-09-23T14:43:08.326Z - info: [10:43:08 pm] Reload for file change: C:\repos\nus-cs2103\cs2103-website-base\admin\overview-for-teachers.md
2022-09-23T14:43:08.326Z - info: Synchronizing opened pages list before reload
2022-09-23T14:43:08.326Z - info: Current opened pages, from most-to-least recent:
2022-09-23T14:43:08.327Z - info: 1. admin/overview-for-teachers
2022-09-23T14:43:09.336Z - info: Rebuilding 1 pages
2022-09-23T14:43:09.427Z - info: Site data built
2022-09-23T14:43:09.427Z - info: Pages rebuilt
2022-09-23T14:43:09.427Z - info: Website regeneration complete! Total build time: 0.092s
2022-09-23T14:43:56.380Z - info: [10:43:56 pm] Reload for file change: C:\repos\nus-cs2103\cs2103-website-base\admin\overview-for-teachers.md
2022-09-23T14:43:56.380Z - info: Synchronizing opened pages list before reload
2022-09-23T14:43:56.380Z - info: Current opened pages, from most-to-least recent:
2022-09-23T14:43:56.381Z - info: 1. admin/overview-for-teachers
2022-09-23T14:43:57.392Z - info: Rebuilding 1 pages
2022-09-23T14:43:57.504Z - info: Site data built
2022-09-23T14:43:57.504Z - info: Pages rebuilt
2022-09-23T14:43:57.504Z - info: Website regeneration complete! Total build time: 0.113s
2022-09-23T14:45:02.357Z - info: [10:45:02 pm] Reload for file change: C:\repos\nus-cs2103\cs2103-website-base\admin\overview-for-teachers.md
2022-09-23T14:45:02.358Z - info: Synchronizing opened pages list before reload
2022-09-23T14:45:02.358Z - info: Current opened pages, from most-to-least recent:
2022-09-23T14:45:02.359Z - info: 1. admin/overview-for-teachers
2022-09-23T14:45:03.364Z - info: Rebuilding 1 pages
2022-09-23T14:45:03.450Z - info: Site data built
2022-09-23T14:45:03.450Z - info: Pages rebuilt
2022-09-23T14:45:03.450Z - info: Website regeneration complete! Total build time: 0.086s
2022-09-23T14:49:29.064Z - info: [10:49:29 pm] Reload for file change: C:\repos\nus-cs2103\cs2103-website-base\admin\overview-for-teachers.md
2022-09-23T14:49:29.064Z - info: Synchronizing opened pages list before reload
2022-09-23T14:49:29.065Z - info: Current opened pages, from most-to-least recent:
2022-09-23T14:49:29.065Z - info: 1. admin/overview-for-teachers
2022-09-23T14:49:30.075Z - info: Rebuilding 1 pages
2022-09-23T14:49:30.188Z - info: Site data built
2022-09-23T14:49:30.188Z - info: Pages rebuilt
2022-09-23T14:49:30.188Z - info: Website regeneration complete! Total build time: 0.114s
2022-09-23T14:55:03.197Z - info: [10:55:03 pm] Reload for file change: C:\repos\nus-cs2103\cs2103-website-base\admin\overview-for-teachers.md
2022-09-23T14:55:03.197Z - info: Synchronizing opened pages list before reload
2022-09-23T14:55:03.197Z - info: Current opened pages, from most-to-least recent:
2022-09-23T14:55:03.197Z - info: 1. admin/overview-for-teachers
2022-09-23T14:55:04.204Z - info: Rebuilding 1 pages
2022-09-23T14:55:04.294Z - info: Site data built
2022-09-23T14:55:04.294Z - info: Pages rebuilt
2022-09-23T14:55:04.294Z - info: Website regeneration complete! Total build time: 0.09s
2022-09-23T15:00:05.722Z - info: [11:00:05 pm] Reload for file change: C:\repos\nus-cs2103\cs2103-website-base\admin\overview-for-teachers.md
2022-09-23T15:00:05.722Z - info: Synchronizing opened pages list before reload
2022-09-23T15:00:05.722Z - info: Current opened pages, from most-to-least recent:
2022-09-23T15:00:05.722Z - info: 1. admin/overview-for-teachers
2022-09-23T15:00:06.730Z - info: Rebuilding 1 pages
2022-09-23T15:00:06.825Z - info: Site data built
2022-09-23T15:00:06.825Z - info: Pages rebuilt
2022-09-23T15:00:06.825Z - info: Website regeneration complete! Total build time: 0.096s
2022-09-23T15:01:02.795Z - info: [11:01:02 pm] Reload for file change: C:\repos\nus-cs2103\cs2103-website-base\admin\overview-for-teachers.md
2022-09-23T15:01:02.795Z - info: Synchronizing opened pages list before reload
2022-09-23T15:01:02.795Z - info: Current opened pages, from most-to-least recent:
2022-09-23T15:01:02.795Z - info: 1. admin/overview-for-teachers
2022-09-23T15:01:03.813Z - info: Rebuilding 1 pages
2022-09-23T15:01:03.896Z - info: Site data built
2022-09-23T15:01:03.896Z - info: Pages rebuilt
2022-09-23T15:01:03.896Z - info: Website regeneration complete! Total build time: 0.084s
2022-09-23T15:01:29.616Z - info: [11:01:29 pm] Reload for file change: C:\repos\nus-cs2103\cs2103-website-base\admin\overview-for-teachers.md
2022-09-23T15:01:29.616Z - info: Synchronizing opened pages list before reload
2022-09-23T15:01:29.616Z - info: Current opened pages, from most-to-least recent:
2022-09-23T15:01:29.616Z - info: 1. admin/overview-for-teachers
2022-09-23T15:01:30.630Z - info: Rebuilding 1 pages
2022-09-23T15:01:30.710Z - info: Site data built
2022-09-23T15:01:30.710Z - info: Pages rebuilt
2022-09-23T15:01:30.710Z - info: Website regeneration complete! Total build time: 0.081s
2022-09-23T15:01:47.475Z - info: [11:01:47 pm] Reload for file change: C:\repos\nus-cs2103\cs2103-website-base\admin\overview-for-teachers.md
2022-09-23T15:01:47.475Z - info: Synchronizing opened pages list before reload
2022-09-23T15:01:47.475Z - info: Current opened pages, from most-to-least recent:
2022-09-23T15:01:47.475Z - info: 1. admin/overview-for-teachers
2022-09-23T15:01:48.484Z - info: Rebuilding 1 pages
2022-09-23T15:01:48.563Z - info: Site data built
2022-09-23T15:01:48.563Z - info: Pages rebuilt
2022-09-23T15:01:48.563Z - info: Website regeneration complete! Total build time: 0.079s
2022-09-23T15:02:19.264Z - info: [11:02:19 pm] Reload for file change: C:\repos\nus-cs2103\cs2103-website-base\admin\overview-for-teachers.md
2022-09-23T15:02:19.265Z - info: Synchronizing opened pages list before reload
2022-09-23T15:02:19.265Z - info: Current opened pages, from most-to-least recent:
2022-09-23T15:02:19.265Z - info: 1. admin/overview-for-teachers
2022-09-23T15:02:20.280Z - info: Rebuilding 1 pages
2022-09-23T15:02:20.380Z - info: Site data built
2022-09-23T15:02:20.381Z - info: Pages rebuilt
2022-09-23T15:02:20.381Z - info: Website regeneration complete! Total build time: 0.102s
2022-09-23T15:07:24.512Z - info: [11:07:24 pm] Reload for file change: C:\repos\nus-cs2103\cs2103-website-base\admin\overview-for-teachers.md
2022-09-23T15:07:24.512Z - info: Synchronizing opened pages list before reload
2022-09-23T15:07:24.513Z - info: Current opened pages, from most-to-least recent:
2022-09-23T15:07:24.513Z - info: 1. admin/overview-for-teachers
2022-09-23T15:07:25.528Z - info: Rebuilding 1 pages
2022-09-23T15:07:25.679Z - info: Site data built
2022-09-23T15:07:25.679Z - info: Pages rebuilt
2022-09-23T15:07:25.679Z - info: Website regeneration complete! Total build time: 0.152s
2022-09-23T15:07:54.675Z - info: [11:07:54 pm] Reload for file change: C:\repos\nus-cs2103\cs2103-website-base\admin\overview-for-teachers.md
2022-09-23T15:07:54.676Z - info: Synchronizing opened pages list before reload
2022-09-23T15:07:54.676Z - info: Current opened pages, from most-to-least recent:
2022-09-23T15:07:54.676Z - info: 1. admin/overview-for-teachers
2022-09-23T15:07:55.684Z - info: Rebuilding 1 pages
2022-09-23T15:07:55.774Z - info: Site data built
2022-09-23T15:07:55.775Z - info: Pages rebuilt
2022-09-23T15:07:55.775Z - info: Website regeneration complete! Total build time: 0.092s
2022-09-23T15:08:09.956Z - info: [11:08:09 pm] Reload for file change: C:\repos\nus-cs2103\cs2103-website-base\admin\overview-for-teachers.md
2022-09-23T15:08:09.956Z - info: Synchronizing opened pages list before reload
2022-09-23T15:08:09.957Z - info: Current opened pages, from most-to-least recent:
2022-09-23T15:08:09.957Z - info: 1. admin/overview-for-teachers
2022-09-23T15:08:10.980Z - info: Rebuilding 1 pages
2022-09-23T15:08:11.067Z - info: Site data built
2022-09-23T15:08:11.067Z - info: Pages rebuilt
2022-09-23T15:08:11.067Z - info: Website regeneration complete! Total build time: 0.087s
2022-09-23T15:09:12.374Z - info: [11:09:12 pm] Reload for file change: C:\repos\nus-cs2103\cs2103-website-base\admin\overview-for-teachers.md
2022-09-23T15:09:12.374Z - info: Synchronizing opened pages list before reload
2022-09-23T15:09:12.374Z - info: Current opened pages, from most-to-least recent:
2022-09-23T15:09:12.374Z - info: 1. admin/overview-for-teachers
2022-09-23T15:09:13.387Z - info: Rebuilding 1 pages
2022-09-23T15:09:13.486Z - info: Site data built
2022-09-23T15:09:13.487Z - info: Pages rebuilt
2022-09-23T15:09:13.487Z - info: Website regeneration complete! Total build time: 0.101s
2022-09-23T15:10:31.910Z - info: [11:10:31 pm] Reload for file change: C:\repos\nus-cs2103\cs2103-website-base\admin\overview-for-teachers.md
2022-09-23T15:10:31.910Z - info: Synchronizing opened pages list before reload
2022-09-23T15:10:31.910Z - info: Current opened pages, from most-to-least recent:
2022-09-23T15:10:31.910Z - info: 1. admin/overview-for-teachers
2022-09-23T15:10:32.930Z - info: Rebuilding 1 pages
2022-09-23T15:10:33.015Z - info: Site data built
2022-09-23T15:10:33.015Z - info: Pages rebuilt
2022-09-23T15:10:33.015Z - info: Website regeneration complete! Total build time: 0.086s
2022-09-23T15:13:14.574Z - info: [11:13:14 pm] Reload for file change: C:\repos\nus-cs2103\cs2103-website-base\admin\overview-for-teachers.md
2022-09-23T15:13:14.574Z - info: Synchronizing opened pages list before reload
2022-09-23T15:13:14.574Z - info: Current opened pages, from most-to-least recent:
2022-09-23T15:13:14.574Z - info: 1. admin/overview-for-teachers
2022-09-23T15:13:15.581Z - info: Rebuilding 1 pages
2022-09-23T15:13:15.710Z - info: Site data built
2022-09-23T15:13:15.710Z - info: Pages rebuilt
2022-09-23T15:13:15.710Z - info: Website regeneration complete! Total build time: 0.13s
2022-09-23T15:13:32.383Z - info: [11:13:32 pm] Reload for file change: C:\repos\nus-cs2103\cs2103-website-base\admin\overview-for-teachers.md
2022-09-23T15:13:32.384Z - info: Synchronizing opened pages list before reload
2022-09-23T15:13:32.384Z - info: Current opened pages, from most-to-least recent:
2022-09-23T15:13:32.384Z - info: 1. admin/overview-for-teachers
2022-09-23T15:13:33.396Z - info: Rebuilding 1 pages
2022-09-23T15:13:33.487Z - info: Site data built
2022-09-23T15:13:33.487Z - info: Pages rebuilt
2022-09-23T15:13:33.487Z - info: Website regeneration complete! Total build time: 0.092s
2022-09-23T15:14:03.277Z - info: [11:14:03 pm] Reload for file change: C:\repos\nus-cs2103\cs2103-website-base\admin\overview-for-teachers.md
2022-09-23T15:14:03.277Z - info: Synchronizing opened pages list before reload
2022-09-23T15:14:03.277Z - info: Current opened pages, from most-to-least recent:
2022-09-23T15:14:03.277Z - info: 1. admin/overview-for-teachers
2022-09-23T15:14:04.290Z - info: Rebuilding 1 pages
2022-09-23T15:14:04.391Z - info: Site data built
2022-09-23T15:14:04.392Z - info: Pages rebuilt
2022-09-23T15:14:04.392Z - info: Website regeneration complete! Total build time: 0.104s
2022-09-23T15:14:35.968Z - info: [11:14:35 pm] Reload for file change: C:\repos\nus-cs2103\cs2103-website-base\admin\overview-for-teachers.md
2022-09-23T15:14:35.968Z - info: Synchronizing opened pages list before reload
2022-09-23T15:14:35.968Z - info: Current opened pages, from most-to-least recent:
2022-09-23T15:14:35.968Z - info: 1. admin/overview-for-teachers
2022-09-23T15:14:36.972Z - info: Rebuilding 1 pages
2022-09-23T15:14:37.067Z - info: Site data built
2022-09-23T15:14:37.067Z - info: Pages rebuilt
2022-09-23T15:14:37.067Z - info: Website regeneration complete! Total build time: 0.096s
2022-09-23T15:15:03.485Z - info: [11:15:03 pm] Reload for file change: C:\repos\nus-cs2103\cs2103-website-base\admin\overview-for-teachers.md
2022-09-23T15:15:03.485Z - info: Synchronizing opened pages list before reload
2022-09-23T15:15:03.485Z - info: Current opened pages, from most-to-least recent:
2022-09-23T15:15:03.485Z - info: 1. admin/overview-for-teachers
2022-09-23T15:15:04.491Z - info: Rebuilding 1 pages
2022-09-23T15:15:04.602Z - info: Site data built
2022-09-23T15:15:04.602Z - info: Pages rebuilt
2022-09-23T15:15:04.602Z - info: Website regeneration complete! Total build time: 0.112s
2022-09-23T15:16:22.138Z - info: [11:16:22 pm] Reload for file change: C:\repos\nus-cs2103\cs2103-website-base\admin\overview-for-teachers.md
2022-09-23T15:16:22.138Z - info: Synchronizing opened pages list before reload
2022-09-23T15:16:22.138Z - info: Current opened pages, from most-to-least recent:
2022-09-23T15:16:22.138Z - info: 1. admin/overview-for-teachers
2022-09-23T15:16:23.156Z - info: Rebuilding 1 pages
2022-09-23T15:16:23.280Z - info: Site data built
2022-09-23T15:16:23.280Z - info: Pages rebuilt
2022-09-23T15:16:23.280Z - info: Website regeneration complete! Total build time: 0.125s
2022-09-23T15:18:04.033Z - info: [11:18:04 pm] Reload for file change: C:\repos\nus-cs2103\cs2103-website-base\admin\overview-for-teachers.md
2022-09-23T15:18:04.034Z - info: Synchronizing opened pages list before reload
2022-09-23T15:18:04.034Z - info: Current opened pages, from most-to-least recent:
2022-09-23T15:18:04.034Z - info: 1. admin/overview-for-teachers
2022-09-23T15:18:05.044Z - info: Rebuilding 1 pages
2022-09-23T15:18:05.145Z - info: Site data built
2022-09-23T15:18:05.145Z - info: Pages rebuilt
2022-09-23T15:18:05.145Z - info: Website regeneration complete! Total build time: 0.102s
2022-09-23T15:18:20.011Z - info: [11:18:20 pm] Reload for file change: C:\repos\nus-cs2103\cs2103-website-base\admin\overview-for-teachers.md
2022-09-23T15:18:20.012Z - info: Synchronizing opened pages list before reload
2022-09-23T15:18:20.012Z - info: Current opened pages, from most-to-least recent:
2022-09-23T15:18:20.012Z - info: 1. admin/overview-for-teachers
2022-09-23T15:18:21.016Z - info: Rebuilding 1 pages
2022-09-23T15:18:21.122Z - info: Site data built
2022-09-23T15:18:21.122Z - info: Pages rebuilt
2022-09-23T15:18:21.123Z - info: Website regeneration complete! Total build time: 0.107s
2022-09-23T15:20:02.162Z - info: [11:20:02 pm] Reload for file change: C:\repos\nus-cs2103\cs2103-website-base\admin\overview-for-teachers.md
2022-09-23T15:20:02.162Z - info: Synchronizing opened pages list before reload
2022-09-23T15:20:02.163Z - info: Current opened pages, from most-to-least recent:
2022-09-23T15:20:02.163Z - info: 1. admin/overview-for-teachers
2022-09-23T15:20:03.171Z - info: Rebuilding 1 pages
2022-09-23T15:20:03.262Z - info: Site data built
2022-09-23T15:20:03.262Z - info: Pages rebuilt
2022-09-23T15:20:03.263Z - info: Website regeneration complete! Total build time: 0.091s
2022-09-23T15:21:07.929Z - info: [11:21:07 pm] Reload for file change: C:\repos\nus-cs2103\cs2103-website-base\admin\overview-for-teachers.md
2022-09-23T15:21:07.930Z - info: Synchronizing opened pages list before reload
2022-09-23T15:21:07.930Z - info: Current opened pages, from most-to-least recent:
2022-09-23T15:21:07.930Z - info: 1. admin/overview-for-teachers
2022-09-23T15:21:08.950Z - info: Rebuilding 1 pages
2022-09-23T15:21:09.037Z - info: Site data built
2022-09-23T15:21:09.037Z - info: Pages rebuilt
2022-09-23T15:21:09.037Z - info: Website regeneration complete! Total build time: 0.088s
2022-09-23T15:21:17.494Z - info: Building C:\repos\nus-cs2103\cs2103-website-base\admin\index as some of its dependencies were changed since the last visit
2022-09-23T15:21:18.030Z - info: Site data built
2022-09-23T15:21:18.030Z - info: Lazy website regeneration complete! Total build time: 0.537s
2022-09-23T15:21:39.237Z - info: Building C:\repos\nus-cs2103\cs2103-website-base\admin\tp-timeline as some of its dependencies were changed since the last visit
2022-09-23T15:21:39.659Z - info: Site data built
2022-09-23T15:21:39.660Z - info: Lazy website regeneration complete! Total build time: 0.423s
2022-09-23T15:21:43.248Z - debug:  
2022-09-23T15:21:43.274Z - debug:  
2022-09-23T15:22:46.555Z - info: Building C:\repos\nus-cs2103\cs2103-website-base\schedule\week7\topics as some of its dependencies were changed since the last visit
2022-09-23T15:22:49.426Z - info: Site data built
2022-09-23T15:22:49.427Z - info: Lazy website regeneration complete! Total build time: 2.872s
2022-09-23T15:23:20.493Z - info: Building C:\repos\nus-cs2103\cs2103-website-base\admin\ip-overview as some of its dependencies were changed since the last visit
2022-09-23T15:23:21.001Z - info: Site data built
2022-09-23T15:23:21.002Z - info: Lazy website regeneration complete! Total build time: 0.508s
2022-09-23T15:23:21.964Z - info: Building C:\repos\nus-cs2103\cs2103-website-base\admin\ip-overview as some of its dependencies were changed since the last visit
2022-09-23T15:23:22.140Z - info: Site data built
2022-09-23T15:23:22.140Z - info: Lazy website regeneration complete! Total build time: 0.176s
2022-09-23T15:23:25.605Z - info: Building C:\repos\nus-cs2103\cs2103-website-base\admin\ip-showcase as some of its dependencies were changed since the last visit
2022-09-23T15:23:27.564Z - info: Site data built
2022-09-23T15:23:27.565Z - info: Lazy website regeneration complete! Total build time: 1.96s
2022-09-23T15:23:55.223Z - info: Building C:\repos\nus-cs2103\cs2103-website-base\admin\ip-w2 as some of its dependencies were changed since the last visit
2022-09-23T15:23:57.365Z - info: Site data built
2022-09-23T15:23:57.366Z - info: Lazy website regeneration complete! Total build time: 2.143s
2022-09-23T15:25:48.110Z - info: [11:25:48 pm] Reload for file change: C:\repos\nus-cs2103\cs2103-website-base\admin\overview-for-teachers.md
2022-09-23T15:25:48.110Z - info: Synchronizing opened pages list before reload
2022-09-23T15:25:48.110Z - info: Current opened pages, from most-to-least recent:
2022-09-23T15:25:48.110Z - info: 1. admin/ip-w2
2022-09-23T15:25:48.111Z - info: 2. admin/ip-showcase
2022-09-23T15:25:48.111Z - info: 3. admin/overview-for-teachers
2022-09-23T15:25:49.128Z - info: Rebuilding 1 pages
2022-09-23T15:25:49.388Z - info: Site data built
2022-09-23T15:25:49.388Z - info: Pages rebuilt
2022-09-23T15:25:49.389Z - info: Website regeneration complete! Total build time: 0.262s
2022-09-23T15:27:56.029Z - info: [11:27:56 pm] Reload for file change: C:\repos\nus-cs2103\cs2103-website-base\admin\overview-for-teachers.md
2022-09-23T15:27:56.029Z - info: Synchronizing opened pages list before reload
2022-09-23T15:27:56.029Z - info: Current opened pages, from most-to-least recent:
2022-09-23T15:27:56.029Z - info: 1. admin/ip-w2
2022-09-23T15:27:56.030Z - info: 2. admin/ip-showcase
2022-09-23T15:27:56.030Z - info: 3. admin/overview-for-teachers
2022-09-23T15:27:57.038Z - info: Rebuilding 1 pages
2022-09-23T15:27:57.183Z - info: Site data built
2022-09-23T15:27:57.183Z - info: Pages rebuilt
2022-09-23T15:27:57.183Z - info: Website regeneration complete! Total build time: 0.147s
2022-09-23T15:29:37.922Z - info: [11:29:37 pm] Reload for file change: C:\repos\nus-cs2103\cs2103-website-base\admin\overview-for-teachers.md
2022-09-23T15:29:37.922Z - info: Synchronizing opened pages list before reload
2022-09-23T15:29:37.922Z - info: Current opened pages, from most-to-least recent:
2022-09-23T15:29:37.922Z - info: 1. admin/ip-w2
2022-09-23T15:29:37.922Z - info: 2. admin/ip-showcase
2022-09-23T15:29:37.922Z - info: 3. admin/overview-for-teachers
2022-09-23T15:29:38.932Z - info: Rebuilding 1 pages
2022-09-23T15:29:39.049Z - info: Site data built
2022-09-23T15:29:39.049Z - info: Pages rebuilt
2022-09-23T15:29:39.050Z - info: Website regeneration complete! Total build time: 0.118s
2022-09-23T15:29:59.204Z - info: [11:29:59 pm] Reload for file change: C:\repos\nus-cs2103\cs2103-website-base\admin\overview-for-teachers.md
2022-09-23T15:29:59.205Z - info: Synchronizing opened pages list before reload
2022-09-23T15:29:59.205Z - info: Current opened pages, from most-to-least recent:
2022-09-23T15:29:59.205Z - info: 1. admin/ip-w2
2022-09-23T15:29:59.205Z - info: 2. admin/ip-showcase
2022-09-23T15:29:59.206Z - info: 3. admin/overview-for-teachers
2022-09-23T15:30:00.220Z - info: Rebuilding 1 pages
2022-09-23T15:30:00.386Z - info: Site data built
2022-09-23T15:30:00.386Z - info: Pages rebuilt
2022-09-23T15:30:00.387Z - info: Website regeneration complete! Total build time: 0.166s
2022-09-23T15:31:08.294Z - info: [11:31:08 pm] Reload for file change: C:\repos\nus-cs2103\cs2103-website-base\admin\overview-for-teachers.md
2022-09-23T15:31:08.295Z - info: Synchronizing opened pages list before reload
2022-09-23T15:31:08.295Z - info: Current opened pages, from most-to-least recent:
2022-09-23T15:31:08.295Z - info: 1. admin/ip-w2
2022-09-23T15:31:08.295Z - info: 2. admin/overview-for-teachers
2022-09-23T15:31:09.301Z - info: Rebuilding 1 pages
2022-09-23T15:31:09.435Z - info: Site data built
2022-09-23T15:31:09.435Z - info: Pages rebuilt
2022-09-23T15:31:09.435Z - info: Website regeneration complete! Total build time: 0.134s
2022-09-23T15:31:37.871Z - info: [11:31:37 pm] Reload for file change: C:\repos\nus-cs2103\cs2103-website-base\admin\overview-for-teachers.md
2022-09-23T15:31:37.872Z - info: Synchronizing opened pages list before reload
2022-09-23T15:31:37.872Z - info: Current opened pages, from most-to-least recent:
2022-09-23T15:31:37.872Z - info: 1. admin/ip-w2
2022-09-23T15:31:37.872Z - info: 2. admin/overview-for-teachers
2022-09-23T15:31:38.887Z - info: Rebuilding 1 pages
2022-09-23T15:31:39.055Z - info: Site data built
2022-09-23T15:31:39.055Z - info: Pages rebuilt
2022-09-23T15:31:39.056Z - info: Website regeneration complete! Total build time: 0.169s
2022-09-23T15:32:25.665Z - info: [11:32:25 pm] Reload for file change: C:\repos\nus-cs2103\cs2103-website-base\admin\overview-for-teachers.md
2022-09-23T15:32:25.665Z - info: Synchronizing opened pages list before reload
2022-09-23T15:32:25.665Z - info: Current opened pages, from most-to-least recent:
2022-09-23T15:32:25.665Z - info: 1. admin/ip-w2
2022-09-23T15:32:25.665Z - info: 2. admin/overview-for-teachers
2022-09-23T15:32:26.669Z - info: Rebuilding 1 pages
2022-09-23T15:32:26.794Z - info: Site data built
2022-09-23T15:32:26.794Z - info: Pages rebuilt
2022-09-23T15:32:26.794Z - info: Website regeneration complete! Total build time: 0.126s
2022-09-23T15:35:59.586Z - info: [11:35:59 pm] Reload for file change: C:\repos\nus-cs2103\cs2103-website-base\admin\overview-for-teachers.md
2022-09-23T15:35:59.586Z - info: Synchronizing opened pages list before reload
2022-09-23T15:35:59.587Z - info: Current opened pages, from most-to-least recent:
2022-09-23T15:35:59.587Z - info: 1. admin/ip-w2
2022-09-23T15:35:59.587Z - info: 2. admin/overview-for-teachers
2022-09-23T15:36:00.603Z - info: Rebuilding 1 pages
2022-09-23T15:36:00.707Z - info: Site data built
2022-09-23T15:36:00.707Z - info: Pages rebuilt
2022-09-23T15:36:00.707Z - info: Website regeneration complete! Total build time: 0.105s
2022-09-23T15:39:19.322Z - info: [11:39:19 pm] Reload for file change: C:\repos\nus-cs2103\cs2103-website-base\admin\overview-for-teachers.md
2022-09-23T15:39:19.322Z - info: Synchronizing opened pages list before reload
2022-09-23T15:39:19.323Z - info: Current opened pages, from most-to-least recent:
2022-09-23T15:39:19.323Z - info: 1. admin/ip-w2
2022-09-23T15:39:19.323Z - info: 2. admin/overview-for-teachers
2022-09-23T15:39:20.329Z - info: Rebuilding 1 pages
2022-09-23T15:39:20.490Z - info: Site data built
2022-09-23T15:39:20.491Z - info: Pages rebuilt
2022-09-23T15:39:20.491Z - info: Website regeneration complete! Total build time: 0.163s
2022-09-23T15:40:49.237Z - info: [11:40:49 pm] Reload for file change: C:\repos\nus-cs2103\cs2103-website-base\admin\overview-for-teachers.md
2022-09-23T15:40:49.237Z - info: Synchronizing opened pages list before reload
2022-09-23T15:40:49.237Z - info: Current opened pages, from most-to-least recent:
2022-09-23T15:40:49.237Z - info: 1. admin/ip-w2
2022-09-23T15:40:49.237Z - info: 2. admin/overview-for-teachers
2022-09-23T15:40:50.259Z - info: Rebuilding 1 pages
2022-09-23T15:40:50.367Z - info: Site data built
2022-09-23T15:40:50.367Z - info: Pages rebuilt
2022-09-23T15:40:50.368Z - info: Website regeneration complete! Total build time: 0.109s
2022-09-23T15:45:05.022Z - info: [11:45:05 pm] Reload for file change: C:\repos\nus-cs2103\cs2103-website-base\admin\overview-for-teachers.md
2022-09-23T15:45:05.022Z - info: Synchronizing opened pages list before reload
2022-09-23T15:45:05.022Z - info: Current opened pages, from most-to-least recent:
2022-09-23T15:45:05.022Z - info: 1. admin/ip-w2
2022-09-23T15:45:05.023Z - info: 2. admin/overview-for-teachers
2022-09-23T15:45:06.034Z - info: Rebuilding 1 pages
2022-09-23T15:45:06.203Z - info: Site data built
2022-09-23T15:45:06.203Z - info: Pages rebuilt
2022-09-23T15:45:06.203Z - info: Website regeneration complete! Total build time: 0.17s
2022-09-23T15:45:17.086Z - info: [11:45:17 pm] Reload for file change: C:\repos\nus-cs2103\cs2103-website-base\admin\overview-for-teachers.md
2022-09-23T15:45:17.087Z - info: Synchronizing opened pages list before reload
2022-09-23T15:45:17.087Z - info: Current opened pages, from most-to-least recent:
2022-09-23T15:45:17.087Z - info: 1. admin/ip-w2
2022-09-23T15:45:17.087Z - info: 2. admin/overview-for-teachers
2022-09-23T15:45:18.094Z - info: Rebuilding 1 pages
2022-09-23T15:45:18.183Z - info: Site data built
2022-09-23T15:45:18.183Z - info: Pages rebuilt
2022-09-23T15:45:18.183Z - info: Website regeneration complete! Total build time: 0.09s
2022-09-23T15:46:47.639Z - info: [11:46:47 pm] Reload for file change: C:\repos\nus-cs2103\cs2103-website-base\admin\overview-for-teachers.md
2022-09-23T15:46:47.640Z - info: Synchronizing opened pages list before reload
2022-09-23T15:46:47.640Z - info: Current opened pages, from most-to-least recent:
2022-09-23T15:46:47.640Z - info: 1. admin/ip-w2
2022-09-23T15:46:47.640Z - info: 2. admin/overview-for-teachers
2022-09-23T15:46:48.652Z - info: Rebuilding 1 pages
2022-09-23T15:46:48.746Z - info: Site data built
2022-09-23T15:46:48.746Z - info: Pages rebuilt
2022-09-23T15:46:48.746Z - info: Website regeneration complete! Total build time: 0.095s
2022-09-23T15:47:11.801Z - info: [11:47:11 pm] Reload for file change: C:\repos\nus-cs2103\cs2103-website-base\admin\overview-for-teachers.md
2022-09-23T15:47:11.802Z - info: Synchronizing opened pages list before reload
2022-09-23T15:47:11.802Z - info: Current opened pages, from most-to-least recent:
2022-09-23T15:47:11.802Z - info: 1. admin/ip-w2
2022-09-23T15:47:11.802Z - info: 2. admin/overview-for-teachers
2022-09-23T15:47:12.811Z - info: Rebuilding 1 pages
2022-09-23T15:47:12.924Z - info: Site data built
2022-09-23T15:47:12.924Z - info: Pages rebuilt
2022-09-23T15:47:12.925Z - info: Website regeneration complete! Total build time: 0.115s
2022-09-23T15:47:29.433Z - info: [11:47:29 pm] Reload for file change: C:\repos\nus-cs2103\cs2103-website-base\admin\overview-for-teachers.md
2022-09-23T15:47:29.433Z - info: Synchronizing opened pages list before reload
2022-09-23T15:47:29.434Z - info: Current opened pages, from most-to-least recent:
2022-09-23T15:47:29.434Z - info: 1. admin/ip-w2
2022-09-23T15:47:29.434Z - info: 2. admin/overview-for-teachers
2022-09-23T15:47:30.441Z - info: Rebuilding 1 pages
2022-09-23T15:47:30.550Z - info: Site data built
2022-09-23T15:47:30.550Z - info: Pages rebuilt
2022-09-23T15:47:30.550Z - info: Website regeneration complete! Total build time: 0.109s
2022-09-23T15:47:45.967Z - info: [11:47:45 pm] Reload for file change: C:\repos\nus-cs2103\cs2103-website-base\admin\overview-for-teachers.md
2022-09-23T15:47:45.968Z - info: Synchronizing opened pages list before reload
2022-09-23T15:47:45.968Z - info: Current opened pages, from most-to-least recent:
2022-09-23T15:47:45.968Z - info: 1. admin/ip-w2
2022-09-23T15:47:45.968Z - info: 2. admin/overview-for-teachers
2022-09-23T15:47:46.987Z - info: Rebuilding 1 pages
2022-09-23T15:47:47.094Z - info: Site data built
2022-09-23T15:47:47.094Z - info: Pages rebuilt
2022-09-23T15:47:47.094Z - info: Website regeneration complete! Total build time: 0.108s
2022-09-23T15:49:16.287Z - info: [11:49:16 pm] Reload for file change: C:\repos\nus-cs2103\cs2103-website-base\admin\overview-for-teachers.md
2022-09-23T15:49:16.288Z - info: Synchronizing opened pages list before reload
2022-09-23T15:49:16.288Z - info: Current opened pages, from most-to-least recent:
2022-09-23T15:49:16.288Z - info: 1. admin/ip-w2
2022-09-23T15:49:16.288Z - info: 2. admin/overview-for-teachers
2022-09-23T15:49:17.310Z - info: Rebuilding 1 pages
2022-09-23T15:49:17.413Z - info: Site data built
2022-09-23T15:49:17.413Z - info: Pages rebuilt
2022-09-23T15:49:17.414Z - info: Website regeneration complete! Total build time: 0.105s
2022-09-23T15:49:37.162Z - info: [11:49:37 pm] Reload for file change: C:\repos\nus-cs2103\cs2103-website-base\admin\overview-for-teachers.md
2022-09-23T15:49:37.162Z - info: Synchronizing opened pages list before reload
2022-09-23T15:49:37.162Z - info: Current opened pages, from most-to-least recent:
2022-09-23T15:49:37.163Z - info: 1. admin/overview-for-teachers
2022-09-23T15:49:37.163Z - info: 2. admin/ip-w2
2022-09-23T15:49:38.184Z - info: Rebuilding 1 pages
2022-09-23T15:49:38.289Z - info: Site data built
2022-09-23T15:49:38.289Z - info: Pages rebuilt
2022-09-23T15:49:38.289Z - info: Website regeneration complete! Total build time: 0.106s
2022-09-23T15:50:20.939Z - info: [11:50:20 pm] Reload for file change: C:\repos\nus-cs2103\cs2103-website-base\admin\overview-for-teachers.md
2022-09-23T15:50:20.939Z - info: Synchronizing opened pages list before reload
2022-09-23T15:50:20.939Z - info: Current opened pages, from most-to-least recent:
2022-09-23T15:50:20.939Z - info: 1. admin/overview-for-teachers
2022-09-23T15:50:20.939Z - info: 2. admin/ip-w2
2022-09-23T15:50:21.952Z - info: Rebuilding 1 pages
2022-09-23T15:50:22.074Z - info: Site data built
2022-09-23T15:50:22.074Z - info: Pages rebuilt
2022-09-23T15:50:22.074Z - info: Website regeneration complete! Total build time: 0.122s
2022-09-23T15:50:39.838Z - info: [11:50:39 pm] Reload for file change: C:\repos\nus-cs2103\cs2103-website-base\admin\overview-for-teachers.md
2022-09-23T15:50:39.839Z - info: Synchronizing opened pages list before reload
2022-09-23T15:50:39.839Z - info: Current opened pages, from most-to-least recent:
2022-09-23T15:50:39.839Z - info: 1. admin/overview-for-teachers
2022-09-23T15:50:39.839Z - info: 2. admin/ip-w2
2022-09-23T15:50:40.849Z - info: Rebuilding 1 pages
2022-09-23T15:50:40.965Z - info: Site data built
2022-09-23T15:50:40.965Z - info: Pages rebuilt
2022-09-23T15:50:40.965Z - info: Website regeneration complete! Total build time: 0.116s
2022-09-23T15:51:22.772Z - info: [11:51:22 pm] Reload for file change: C:\repos\nus-cs2103\cs2103-website-base\admin\overview-for-teachers.md
2022-09-23T15:51:22.772Z - info: Synchronizing opened pages list before reload
2022-09-23T15:51:22.772Z - info: Current opened pages, from most-to-least recent:
2022-09-23T15:51:22.772Z - info: 1. admin/overview-for-teachers
2022-09-23T15:51:22.772Z - info: 2. admin/ip-w2
2022-09-23T15:51:23.789Z - info: Rebuilding 1 pages
2022-09-23T15:51:23.889Z - info: Site data built
2022-09-23T15:51:23.889Z - info: Pages rebuilt
2022-09-23T15:51:23.889Z - info: Website regeneration complete! Total build time: 0.101s
2022-09-23T15:53:15.783Z - info: Building C:\repos\nus-cs2103\cs2103-website-base\admin\tp-expectations as some of its dependencies were changed since the last visit
2022-09-23T15:53:16.263Z - info: Site data built
2022-09-23T15:53:16.264Z - info: Lazy website regeneration complete! Total build time: 0.48s
2022-09-23T15:55:07.898Z - info: [11:55:07 pm] Reload for file change: C:\repos\nus-cs2103\cs2103-website-base\admin\overview-for-teachers.md
2022-09-23T15:55:07.898Z - info: Synchronizing opened pages list before reload
2022-09-23T15:55:07.899Z - info: Current opened pages, from most-to-least recent:
2022-09-23T15:55:07.899Z - info: 1. admin/overview-for-teachers
2022-09-23T15:55:07.899Z - info: 2. admin/ip-w2
2022-09-23T15:55:08.915Z - info: Rebuilding 1 pages
2022-09-23T15:55:09.147Z - info: Site data built
2022-09-23T15:55:09.147Z - info: Pages rebuilt
2022-09-23T15:55:09.147Z - info: Website regeneration complete! Total build time: 0.233s
2022-09-23T15:56:11.277Z - info: [11:56:11 pm] Reload for file change: C:\repos\nus-cs2103\cs2103-website-base\admin\overview-for-teachers.md
2022-09-23T15:56:11.278Z - info: Synchronizing opened pages list before reload
2022-09-23T15:56:11.280Z - info: Current opened pages, from most-to-least recent:
2022-09-23T15:56:11.280Z - info: 1. admin/overview-for-teachers
2022-09-23T15:56:11.280Z - info: 2. admin/ip-w2
2022-09-23T15:56:12.288Z - info: Rebuilding 1 pages
2022-09-23T15:56:12.456Z - info: Site data built
2022-09-23T15:56:12.456Z - info: Pages rebuilt
2022-09-23T15:56:12.456Z - info: Website regeneration complete! Total build time: 0.17s
2022-09-23T15:57:09.638Z - info: [11:57:09 pm] Reload for file change: C:\repos\nus-cs2103\cs2103-website-base\admin\overview-for-teachers.md
2022-09-23T15:57:09.638Z - info: Synchronizing opened pages list before reload
2022-09-23T15:57:09.639Z - info: Current opened pages, from most-to-least recent:
2022-09-23T15:57:09.639Z - info: 1. admin/overview-for-teachers
2022-09-23T15:57:09.639Z - info: 2. admin/ip-w2
2022-09-23T15:57:10.666Z - info: Rebuilding 1 pages
2022-09-23T15:57:10.769Z - info: Site data built
2022-09-23T15:57:10.769Z - info: Pages rebuilt
2022-09-23T15:57:10.770Z - info: Website regeneration complete! Total build time: 0.104s
2022-09-23T15:59:52.068Z - info: [11:59:52 pm] Reload for file change: C:\repos\nus-cs2103\cs2103-website-base\admin\overview-for-teachers.md
2022-09-23T15:59:52.068Z - info: Synchronizing opened pages list before reload
2022-09-23T15:59:52.069Z - info: Current opened pages, from most-to-least recent:
2022-09-23T15:59:52.069Z - info: 1. admin/overview-for-teachers
2022-09-23T15:59:52.069Z - info: 2. admin/ip-w2
2022-09-23T15:59:53.073Z - info: Rebuilding 1 pages
2022-09-23T15:59:53.304Z - info: Site data built
2022-09-23T15:59:53.304Z - info: Pages rebuilt
2022-09-23T15:59:53.304Z - info: Website regeneration complete! Total build time: 0.231s
