2022-07-13T18:00:24.095Z - info: Website generation (lazy) started at 2:00:17 am
2022-07-13T18:00:30.334Z - info: Building assets...
2022-07-13T18:00:36.184Z - info: Assets built
2022-07-13T18:00:36.186Z - info: Generating landing page...
2022-07-13T18:00:37.040Z - info: Landing page built, other pages will be built as you navigate to them!
2022-07-13T18:00:38.355Z - info: Site data built
2022-07-13T18:00:38.355Z - info: Website generation (lazy) complete! Total build time: 20.77s
2022-07-13T18:00:39.435Z - info: Serving "C:\repos\nus-cs2103\cs2103-website-base\_site" at http://127.0.0.1:8080
2022-07-13T18:00:39.435Z - info: Press CTRL+C to stop ...
2022-07-13T18:04:36.213Z - info: [2:04:36 am] Reload for file change: C:\repos\nus-cs2103\cs2103-website-base\_markbind\variables.md
2022-07-13T18:04:36.214Z - info: Synchronizing opened pages list before reload
2022-07-13T18:04:36.214Z - info: Current opened pages, from most-to-least recent:
2022-07-13T18:04:36.215Z - info: 1. index
2022-07-13T18:04:37.294Z - warn: Rebuilding all pages as variables file was changed, or the --force-reload flag was set
2022-07-13T18:04:37.297Z - info: Rebuilding 1 pages
2022-07-13T18:04:37.525Z - info: Site data built
2022-07-13T18:04:37.525Z - info: Pages rebuilt
2022-07-13T18:04:37.525Z - info: Website regeneration complete! Total build time: 0.306s
2022-07-13T18:04:47.766Z - info: Building C:\repos\nus-cs2103\cs2103-website-base\admin\instructors as some of its dependencies were changed since the last visit
2022-07-13T18:04:47.951Z - info: Site data built
2022-07-13T18:04:47.951Z - info: Lazy website regeneration complete! Total build time: 0.186s
2022-07-13T18:08:41.777Z - info: Website generation started at 2:08:38 am
2022-07-13T18:08:49.479Z - info: Building assets...
2022-07-13T18:08:55.096Z - info: Assets built
2022-07-13T18:08:55.098Z - info: Generating pages...
2022-07-13T18:09:06.435Z - debug:  
2022-07-13T18:09:06.437Z - debug:  
2022-07-13T18:09:06.439Z - debug:  
2022-07-13T18:09:09.246Z - debug:  
2022-07-13T18:09:09.247Z - debug:  
2022-07-13T18:09:09.248Z - debug:  
2022-07-13T18:10:44.047Z - debug:  
2022-07-13T18:10:52.507Z - debug:  
2022-07-13T18:10:52.508Z - debug:  
2022-07-13T18:10:56.262Z - info: Pages built
2022-07-13T18:10:57.571Z - info: Site data built
2022-07-13T18:10:57.571Z - info: Website generation complete! Total build time: 138.643s
2022-07-13T18:10:57.571Z - info: Build success!
2022-07-13T18:13:12.455Z - info: The website has been deployed at: https://nus-tic4001-ay2223s1.github.io/website
2022-07-13T18:23:09.812Z - info: Website generation (lazy) started at 2:23:02 am
2022-07-13T18:23:17.793Z - info: Building assets...
2022-07-13T18:23:23.597Z - info: Assets built
2022-07-13T18:23:23.598Z - info: Generating landing page...
2022-07-13T18:23:25.482Z - info: Landing page built, other pages will be built as you navigate to them!
2022-07-13T18:23:26.521Z - info: Site data built
2022-07-13T18:23:26.521Z - info: Website generation (lazy) complete! Total build time: 24.173s
2022-07-13T18:23:27.454Z - info: Serving "C:\repos\nus-cs2103\cs2103-website-base\_site" at http://127.0.0.1:8080
2022-07-13T18:23:27.454Z - info: Press CTRL+C to stop ...
2022-07-13T18:40:57.551Z - info: Website generation (lazy) started at 2:40:54 am
2022-07-13T18:41:05.019Z - info: Building assets...
2022-07-13T18:41:11.033Z - info: Assets built
2022-07-13T18:41:11.033Z - info: Generating landing page...
2022-07-13T18:41:11.866Z - info: Landing page built, other pages will be built as you navigate to them!
2022-07-13T18:41:13.461Z - info: Site data built
2022-07-13T18:41:13.461Z - info: Website generation (lazy) complete! Total build time: 19.089s
2022-07-13T18:41:14.464Z - info: Serving "C:\repos\nus-cs2103\cs2103-website-base\_site" at http://127.0.0.1:8080
2022-07-13T18:41:14.464Z - info: Press CTRL+C to stop ...
2022-07-13T18:41:43.107Z - info: Building C:\repos\nus-cs2103\cs2103-website-base\admin\weeklySchedule as some of its dependencies were changed since the last visit
2022-07-13T18:41:43.513Z - info: Site data built
2022-07-13T18:41:43.514Z - info: Lazy website regeneration complete! Total build time: 0.412s
2022-07-13T18:52:11.148Z - info: Website generation (lazy) started at 2:52:08 am
2022-07-13T18:52:17.313Z - info: Building assets...
2022-07-13T18:52:22.136Z - info: Assets built
2022-07-13T18:52:22.137Z - info: Generating landing page...
2022-07-13T18:52:24.019Z - info: Landing page built, other pages will be built as you navigate to them!
2022-07-13T18:52:25.096Z - info: Site data built
2022-07-13T18:52:25.096Z - info: Website generation (lazy) complete! Total build time: 16.097s
2022-07-13T18:52:26.023Z - info: Serving "C:\repos\nus-cs2103\cs2103-website-base\_site" at http://127.0.0.1:8080
2022-07-13T18:52:26.023Z - info: Press CTRL+C to stop ...
2022-07-13T18:52:58.026Z - info: Building C:\repos\nus-cs2103\cs2103-website-base\schedule\index as some of its dependencies were changed since the last visit
2022-07-13T18:52:58.669Z - info: Site data built
2022-07-13T18:52:58.669Z - info: Lazy website regeneration complete! Total build time: 0.644s
2022-07-13T18:58:22.261Z - info: Website generation started at 2:58:19 am
2022-07-13T18:58:28.383Z - info: Building assets...
