2022-08-15T16:48:13.285Z - info: Website generation (lazy) started at 12:48:10 am
2022-08-15T16:48:23.942Z - info: Building assets...
2022-08-15T16:48:31.123Z - info: Assets built
2022-08-15T16:48:31.124Z - info: Generating landing page...
2022-08-15T16:48:32.435Z - info: Landing page built, other pages will be built as you navigate to them!
2022-08-15T16:48:33.326Z - info: Site data built
2022-08-15T16:48:33.327Z - info: Website generation (lazy) complete! Total build time: 23.161s
2022-08-15T16:48:34.280Z - info: Serving "C:\repos\nus-cs2103\cs2103-website-base\_site" at http://127.0.0.1:8080
2022-08-15T16:48:34.280Z - info: Press CTRL+C to stop ...
2022-08-15T16:49:00.586Z - info: Building C:\repos\nus-cs2103\cs2103-website-base\schedule\week2\index as some of its dependencies were changed since the last visit
2022-08-15T16:49:01.672Z - info: Site data built
2022-08-15T16:49:01.672Z - info: Lazy website regeneration complete! Total build time: 1.088s
2022-08-15T16:49:14.680Z - info: Building C:\repos\nus-cs2103\cs2103-website-base\schedule\week2\admin as some of its dependencies were changed since the last visit
2022-08-15T16:49:14.964Z - info: Site data built
2022-08-15T16:49:14.965Z - info: Lazy website regeneration complete! Total build time: 0.285s
2022-08-15T16:50:33.094Z - info: [12:50:33 am] Reload for file change: C:\repos\nus-cs2103\cs2103-website-base\admin\index-tic2002-fragment.md
2022-08-15T16:50:33.095Z - info: Synchronizing opened pages list before reload
2022-08-15T16:50:33.096Z - info: Current opened pages, from most-to-least recent:
2022-08-15T16:50:33.097Z - info: 1. schedule/week2/admin
2022-08-15T16:50:34.116Z - info: Rebuilding 1 pages
2022-08-15T16:50:34.413Z - info: Site data built
2022-08-15T16:50:34.414Z - info: Pages rebuilt
2022-08-15T16:50:34.414Z - info: Website regeneration complete! Total build time: 0.299s
2022-08-15T16:51:42.294Z - info: [12:51:42 am] Reload for file change: C:\repos\nus-cs2103\cs2103-website-base\admin\index-tic2002-fragment.md
2022-08-15T16:51:42.294Z - info: Synchronizing opened pages list before reload
2022-08-15T16:51:42.295Z - info: Current opened pages, from most-to-least recent:
2022-08-15T16:51:42.295Z - info: 1. schedule/week2/admin
2022-08-15T16:51:43.302Z - info: Rebuilding 1 pages
2022-08-15T16:51:43.553Z - info: Site data built
2022-08-15T16:51:43.553Z - info: Pages rebuilt
2022-08-15T16:51:43.554Z - info: Website regeneration complete! Total build time: 0.252s
2022-08-15T16:52:17.018Z - info: [12:52:17 am] Reload for file change: C:\repos\nus-cs2103\cs2103-website-base\admin\index-tic2002-fragment.md
2022-08-15T16:52:17.019Z - info: Synchronizing opened pages list before reload
2022-08-15T16:52:17.019Z - info: Current opened pages, from most-to-least recent:
2022-08-15T16:52:17.020Z - info: 1. schedule/week2/admin
2022-08-15T16:52:18.032Z - info: Rebuilding 1 pages
2022-08-15T16:52:18.307Z - info: Site data built
2022-08-15T16:52:18.307Z - info: Pages rebuilt
2022-08-15T16:52:18.308Z - info: Website regeneration complete! Total build time: 0.276s
2022-08-15T16:53:06.134Z - info: Website generation started at 12:53:04 am
2022-08-15T16:53:18.135Z - info: Building assets...
2022-08-15T16:53:25.754Z - info: Assets built
2022-08-15T16:53:25.755Z - info: Generating pages...
2022-08-15T16:53:43.422Z - debug:  
2022-08-15T16:53:43.423Z - debug:  
2022-08-15T16:53:43.423Z - debug:  
2022-08-15T16:53:43.423Z - debug:  
2022-08-15T16:53:43.424Z - debug:  
2022-08-15T16:53:43.424Z - debug:  
2022-08-15T16:53:43.573Z - debug:  
2022-08-15T16:53:43.877Z - debug:  
2022-08-15T16:53:43.950Z - debug:  
2022-08-15T16:53:44.156Z - debug:  
2022-08-15T16:53:44.156Z - debug:  
2022-08-15T16:54:20.091Z - debug:  
2022-08-15T16:55:15.383Z - info: Pages built
2022-08-15T16:55:16.460Z - info: Site data built
2022-08-15T16:55:16.460Z - info: Website generation complete! Total build time: 132.056s
2022-08-15T16:55:16.460Z - info: Build success!
2022-08-15T16:57:00.551Z - error: remote: Permission to nus-tic2002-AY2223S1/website.git denied to damithc.
fatal: unable to access 'https://github.com/nus-tic2002-AY2223S1/website.git/': The requested URL returned error: 403

2022-08-15T17:04:35.517Z - info: Website generation started at 1:04:32 am
2022-08-15T17:04:46.301Z - info: Building assets...
